#
# A fatal error has been detected by the Java Runtime Environment:
#
#  EXCEPTION_ACCESS_VIOLATION (0xc0000005) at pc=0x00000000742d48c9, pid=30828, tid=20736
#
# JRE version: Java(TM) SE Runtime Environment (8.0_91-b15) (build 1.8.0_91-b15)
# Java VM: Java HotSpot(TM) 64-Bit Server VM (25.91-b15 mixed mode windows-amd64 compressed oops)
# Problematic frame:
# C  [jfxwebkit.dll+0xb948c9]
#
# Failed to write core dump. Minidumps are not enabled by default on client versions of Windows
#
# If you would like to submit a bug report, please visit:
#   http://bugreport.java.com/bugreport/crash.jsp
# The crash happened outside the Java Virtual Machine in native code.
# See problematic frame for where to report the bug.
#

---------------  T H R E A D  ---------------

Current thread (0x000000001760c000):  JavaThread "JavaFX Application Thread" [_thread_in_native, id=20736, stack(0x000000001aaa0000,0x000000001aba0000)]

siginfo: ExceptionCode=0xc0000005, writing address 0x00000000bbadbeef

Registers:
RAX=0x0000000000000000, RBX=0x0000000000000000, RCX=0x6c0c7cddd09f0000, RDX=0x0000000000000002
RSP=0x000000001ab9d1f0, RBP=0x000000001ab9d2f9, RSI=0x000000034245cc10, RDI=0x000000026f825040
R8 =0x000000001ab9ccf0, R9 =0x00007ffe71820000, R10=0x0000000000000000, R11=0x0000000000000200
R12=0x000000000d2c37bd, R13=0x000000000d2c37bd, R14=0x00000000107745ad, R15=0x000000026f825040
RIP=0x00000000742d48c9, EFLAGS=0x0000000000010246

Top of Stack: (sp=0x000000001ab9d1f0)
0x000000001ab9d1f0:   0000000000000000 000000026f81b340
0x000000001ab9d200:   000000004ac84000 0000000000000000
0x000000001ab9d210:   0000000000000000 000000007419a422
0x000000001ab9d220:   000000004b3d3877 000000004aae7800
0x000000001ab9d230:   0000000000000000 0000000000000000
0x000000001ab9d240:   000000000d2c37be 0000000000000010
0x000000001ab9d250:   0000000000000000 0000000000000000
0x000000001ab9d260:   0000000000000000 00000000107745ad
0x000000001ab9d270:   0000000000000000 000000026f825040
0x000000001ab9d280:   0d2c37bd0d2c37bd 0000000000000000
0x000000001ab9d290:   4aae74004ac84000 4400000044000000
0x000000001ab9d2a0:   0000000000000000 4b3d38774b1aa066
0x000000001ab9d2b0:   0000000000000000 00007ffe8cb60abd
0x000000001ab9d2c0:   000000001ab9d738 000000002224fca0
0x000000001ab9d2d0:   fffffffffffffffe 0000000000000000
0x000000001ab9d2e0:   0000000000000000 0000000000000000 

Instructions: (pc=0x00000000742d48c9)
0x00000000742d48a9:   83 c4 20 5b c3 cc cc 48 83 ec 28 48 8b 05 f5 bb
0x00000000742d48b9:   8c 01 48 85 c0 74 02 ff d0 e8 a9 07 00 00 33 c0
0x00000000742d48c9:   a3 ef be ad bb 00 00 00 00 48 83 c4 28 48 ff e0
0x00000000742d48d9:   cc cc cc cc cc cc cc 48 83 ec 28 48 8b 05 c5 bb 


Register to memory mapping:

RAX=0x0000000000000000 is an unknown value
RBX=0x0000000000000000 is an unknown value
RCX=0x6c0c7cddd09f0000 is an unknown value
RDX=0x0000000000000002 is an unknown value
RSP=0x000000001ab9d1f0 is pointing into the stack for thread: 0x000000001760c000
RBP=0x000000001ab9d2f9 is pointing into the stack for thread: 0x000000001760c000
RSI=0x000000034245cc10 is an unknown value
RDI=0x000000026f825040 is an unknown value
R8 =0x000000001ab9ccf0 is pointing into the stack for thread: 0x000000001760c000
R9 =0x00007ffe71820000 is an unknown value
R10=0x0000000000000000 is an unknown value
R11=0x0000000000000200 is an unknown value
R12=0x000000000d2c37bd is an unknown value
R13=0x000000000d2c37bd is an unknown value
R14=0x00000000107745ad is an unknown value
R15=0x000000026f825040 is an unknown value


Stack: [0x000000001aaa0000,0x000000001aba0000],  sp=0x000000001ab9d1f0,  free space=1012k
Native frames: (J=compiled Java code, j=interpreted, Vv=VM code, C=native code)
C  [jfxwebkit.dll+0xb948c9]
C  [jfxwebkit.dll+0xa5a422]
C  [jfxwebkit.dll+0xa5b326]
C  [jfxwebkit.dll+0xa549a2]
C  [jfxwebkit.dll+0xa53aa6]
C  [jfxwebkit.dll+0xa53b07]
C  [jfxwebkit.dll+0xa53b07]
C  [jfxwebkit.dll+0xa53b07]
C  [jfxwebkit.dll+0xa53b07]
C  [jfxwebkit.dll+0xa53b07]
C  [jfxwebkit.dll+0xa53b07]
C  [jfxwebkit.dll+0x9a3713]
C  [jfxwebkit.dll+0x827a74]
C  [jfxwebkit.dll+0x829fad]
C  [jfxwebkit.dll+0x8c773f]
C  [jfxwebkit.dll+0x8aa6e6]
C  [jfxwebkit.dll+0x86ed96]
C  [jfxwebkit.dll+0xa56ba8]
C  [jfxwebkit.dll+0xa59dd0]
C  [jfxwebkit.dll+0xa5b376]
C  [jfxwebkit.dll+0xa549a2]
C  [jfxwebkit.dll+0x8aa9f0]
C  0x0000000002857f54

Java frames: (J=compiled Java code, j=interpreted, Vv=VM code)
j  com.sun.webkit.WebPage.twkPrePaint(J)V+0
j  com.sun.webkit.WebPage.updateDirty(Lcom/sun/webkit/graphics/WCRectangle;)V+117
j  com.sun.webkit.WebPage.updateContent(Lcom/sun/webkit/graphics/WCRectangle;)V+48
j  com.sun.javafx.sg.prism.web.NGWebView.update()V+68
j  javafx.scene.web.WebView.handleStagePulse()V+78
j  javafx.scene.web.WebView.lambda$new$29()V+1
j  javafx.scene.web.WebView$$Lambda$106.pulse()V+4
J 2485 C1 com.sun.javafx.tk.Toolkit$$Lambda$153.run()Ljava/lang/Object; (8 bytes) @ 0x0000000002f2d90c [0x0000000002f2d7c0+0x14c]
v  ~StubRoutines::call_stub
J 2223  java.security.AccessController.doPrivileged(Ljava/security/PrivilegedAction;Ljava/security/AccessControlContext;)Ljava/lang/Object; (0 bytes) @ 0x0000000002a56c66 [0x0000000002a56c00+0x66]
J 2483 C1 com.sun.javafx.tk.Toolkit.runPulse(Lcom/sun/javafx/tk/TKPulseListener;Ljava/security/AccessControlContext;)V (26 bytes) @ 0x0000000002f2cc14 [0x0000000002f2c7a0+0x474]
j  com.sun.javafx.tk.Toolkit.firePulse()V+129
j  com.sun.javafx.tk.quantum.QuantumToolkit.pulse(Z)V+97
j  com.sun.javafx.tk.quantum.QuantumToolkit.pulse()V+2
j  com.sun.javafx.tk.quantum.QuantumToolkit.lambda$runToolkit$404()V+1
j  com.sun.javafx.tk.quantum.QuantumToolkit$$Lambda$60.run()V+4
J 3371 C1 com.sun.glass.ui.InvokeLaterDispatcher$Future.run()V (91 bytes) @ 0x0000000003135f0c [0x0000000003135e00+0x10c]
v  ~StubRoutines::call_stub
j  com.sun.glass.ui.win.WinApplication._runLoop(Ljava/lang/Runnable;)V+0
j  com.sun.glass.ui.win.WinApplication.lambda$null$148(ILjava/lang/Runnable;)V+8
j  com.sun.glass.ui.win.WinApplication$$Lambda$56.run()V+12
j  java.lang.Thread.run()V+11
v  ~StubRoutines::call_stub

---------------  P R O C E S S  ---------------

Java Threads: ( => current thread )
  0x000000001722e000 JavaThread "Prism Font Disposer" daemon [_thread_blocked, id=5044, stack(0x0000000023b30000,0x0000000023c30000)]
  0x0000000017232800 JavaThread "Watchdog-Timer-1" daemon [_thread_blocked, id=34328, stack(0x0000000021260000,0x0000000021360000)]
  0x000000001760f000 JavaThread "Timer-0" [_thread_blocked, id=30324, stack(0x0000000020510000,0x0000000020610000)]
  0x0000000017610000 JavaThread "Disposer" daemon [_thread_blocked, id=29328, stack(0x000000001ff10000,0x0000000020010000)]
  0x000000001760d800 JavaThread "invokeAndBlock1" [_thread_blocked, id=18768, stack(0x000000001f660000,0x000000001f760000)]
  0x000000001760e800 JavaThread "Network Thread" [_thread_blocked, id=23236, stack(0x000000001f560000,0x000000001f660000)]
  0x000000001760d000 JavaThread "Thread-7" daemon [_thread_in_native, id=20444, stack(0x000000001f460000,0x000000001f560000)]
=>0x000000001760c000 JavaThread "JavaFX Application Thread" [_thread_in_native, id=20736, stack(0x000000001aaa0000,0x000000001aba0000)]
  0x000000001760b800 JavaThread "Thread-6" daemon [_thread_blocked, id=37624, stack(0x000000001a9a0000,0x000000001aaa0000)]
  0x0000000019499800 JavaThread "QuantumRenderer-0" daemon [_thread_blocked, id=36256, stack(0x000000001a7a0000,0x000000001a8a0000)]
  0x0000000017436000 JavaThread "EDT" [_thread_blocked, id=34948, stack(0x0000000019250000,0x0000000019350000)]
  0x0000000002740800 JavaThread "DestroyJavaVM" [_thread_blocked, id=22220, stack(0x0000000001050000,0x0000000001150000)]
  0x0000000016f70800 JavaThread "Thread-1" [_thread_blocked, id=22040, stack(0x0000000017d00000,0x0000000017e00000)]
  0x0000000016f65800 JavaThread "AWT-EventQueue-0" [_thread_blocked, id=31844, stack(0x0000000017c00000,0x0000000017d00000)]
  0x00000000169a6000 JavaThread "AWT-Windows" daemon [_thread_in_native, id=9428, stack(0x0000000017950000,0x0000000017a50000)]
  0x00000000169a5000 JavaThread "AWT-Shutdown" [_thread_blocked, id=23180, stack(0x0000000017850000,0x0000000017950000)]
  0x00000000169a3800 JavaThread "Java2D Disposer" daemon [_thread_blocked, id=36168, stack(0x0000000017750000,0x0000000017850000)]
  0x00000000166ce000 JavaThread "Monitor Ctrl-Break" daemon [_thread_in_native, id=29048, stack(0x0000000016d70000,0x0000000016e70000)]
  0x000000001666b000 JavaThread "Service Thread" daemon [_thread_blocked, id=36260, stack(0x0000000016ae0000,0x0000000016be0000)]
  0x0000000016628800 JavaThread "C1 CompilerThread2" daemon [_thread_blocked, id=17592, stack(0x00000000169e0000,0x0000000016ae0000)]
  0x00000000155d8800 JavaThread "C2 CompilerThread1" daemon [_thread_blocked, id=35320, stack(0x00000000164e0000,0x00000000165e0000)]
  0x00000000155d1800 JavaThread "C2 CompilerThread0" daemon [_thread_blocked, id=24116, stack(0x00000000163e0000,0x00000000164e0000)]
  0x00000000155ce800 JavaThread "Attach Listener" daemon [_thread_blocked, id=37184, stack(0x00000000162e0000,0x00000000163e0000)]
  0x00000000155cd000 JavaThread "Signal Dispatcher" daemon [_thread_blocked, id=20900, stack(0x00000000161e0000,0x00000000162e0000)]
  0x00000000155cb800 JavaThread "Surrogate Locker Thread (Concurrent GC)" daemon [_thread_blocked, id=29296, stack(0x00000000160e0000,0x00000000161e0000)]
  0x00000000155b5800 JavaThread "Finalizer" daemon [_thread_blocked, id=18500, stack(0x0000000015fe0000,0x00000000160e0000)]
  0x000000001558d000 JavaThread "Reference Handler" daemon [_thread_blocked, id=26084, stack(0x0000000015ee0000,0x0000000015fe0000)]

Other Threads:
  0x0000000015582800 VMThread [stack: 0x0000000015de0000,0x0000000015ee0000] [id=30604]
  0x0000000016672800 WatcherThread [stack: 0x0000000016be0000,0x0000000016ce0000] [id=35028]

VM state:not at safepoint (normal execution)

VM Mutex/Monitor currently owned by a thread: None

Heap:
 par new generation   total 39296K, used 11310K [0x00000000d1200000, 0x00000000d3ca0000, 0x00000000e0c00000)
  eden space 34944K,  19% used [0x00000000d1200000, 0x00000000d18cb908, 0x00000000d3420000)
  from space 4352K, 100% used [0x00000000d3860000, 0x00000000d3ca0000, 0x00000000d3ca0000)
  to   space 4352K,   0% used [0x00000000d3420000, 0x00000000d3420000, 0x00000000d3860000)
 concurrent mark-sweep generation total 87424K, used 25795K [0x00000000e0c00000, 0x00000000e6160000, 0x0000000100000000)
 Metaspace       used 31175K, capacity 32157K, committed 32400K, reserved 1077248K
  class space    used 3933K, capacity 4153K, committed 4248K, reserved 1048576K

Card table byte_map: [0x0000000012000000,0x0000000012180000] byte_map_base: 0x0000000011977000

Marking Bits: (CMSBitMap*) 0x0000000002798d28
 Bits: [0x00000000126c0000, 0x0000000012e90000)

Mod Union Table: (CMSBitMap*) 0x0000000002798de8
 Bits: [0x0000000000e00000, 0x0000000000e1f400)

Polling page: 0x0000000000dd0000

CodeCache: size=245760Kb used=12576Kb max_used=12576Kb free=233183Kb
 bounds [0x0000000002840000, 0x00000000034a0000, 0x0000000011840000]
 total_blobs=4867 nmethods=3980 adapters=798
 compilation: enabled

Compilation events (10 events):
Event: 18.973 Thread 0x0000000016628800 4463       3       java.awt.event.InputEvent::getModifiers (8 bytes)
Event: 18.974 Thread 0x0000000016628800 nmethod 4463 0x0000000003494f50 code [0x00000000034950a0, 0x00000000034951f0]
Event: 18.993 Thread 0x0000000016628800 4464       3       sun.reflect.UnsafeFieldAccessorImpl::ensureObj (23 bytes)
Event: 19.002 Thread 0x0000000016628800 nmethod 4464 0x0000000003495250 code [0x0000000003495420, 0x0000000003495d78]
Event: 19.052 Thread 0x0000000016628800 4465       1       java.awt.Component::getWidth (5 bytes)
Event: 19.053 Thread 0x0000000016628800 nmethod 4465 0x0000000003496090 code [0x00000000034961e0, 0x00000000034962f0]
Event: 19.053 Thread 0x0000000016628800 4466       1       java.awt.Component::getHeight (5 bytes)
Event: 19.053 Thread 0x0000000016628800 nmethod 4466 0x0000000003496350 code [0x00000000034964a0, 0x00000000034965b0]
Event: 19.133 Thread 0x0000000016628800 4467       3       sun.java2d.SunGraphics2D::setColor (108 bytes)
Event: 19.133 Thread 0x0000000016628800 nmethod 4467 0x0000000003496610 code [0x00000000034967a0, 0x0000000003496cb8]

GC Heap History (10 events):
Event: 4.090 GC heap before
{Heap before GC invocations=4 (full 0):
 par new generation   total 39296K, used 36105K [0x00000000d1200000, 0x00000000d3ca0000, 0x00000000e0c00000)
  eden space 34944K, 100% used [0x00000000d1200000, 0x00000000d3420000, 0x00000000d3420000)
  from space 4352K,  26% used [0x00000000d3420000, 0x00000000d35427c0, 0x00000000d3860000)
  to   space 4352K,   0% used [0x00000000d3860000, 0x00000000d3860000, 0x00000000d3ca0000)
 concurrent mark-sweep generation total 87424K, used 6666K [0x00000000e0c00000, 0x00000000e6160000, 0x0000000100000000)
 Metaspace       used 14821K, capacity 15102K, committed 15488K, reserved 1062912K
  class space    used 1771K, capacity 1873K, committed 1920K, reserved 1048576K
Event: 4.094 GC heap after
Heap after GC invocations=5 (full 0):
 par new generation   total 39296K, used 3848K [0x00000000d1200000, 0x00000000d3ca0000, 0x00000000e0c00000)
  eden space 34944K,   0% used [0x00000000d1200000, 0x00000000d1200000, 0x00000000d3420000)
  from space 4352K,  88% used [0x00000000d3860000, 0x00000000d3c22080, 0x00000000d3ca0000)
  to   space 4352K,   0% used [0x00000000d3420000, 0x00000000d3420000, 0x00000000d3860000)
 concurrent mark-sweep generation total 87424K, used 6666K [0x00000000e0c00000, 0x00000000e6160000, 0x0000000100000000)
 Metaspace       used 14821K, capacity 15102K, committed 15488K, reserved 1062912K
  class space    used 1771K, capacity 1873K, committed 1920K, reserved 1048576K
}
Event: 4.995 GC heap before
{Heap before GC invocations=5 (full 0):
 par new generation   total 39296K, used 38792K [0x00000000d1200000, 0x00000000d3ca0000, 0x00000000e0c00000)
  eden space 34944K, 100% used [0x00000000d1200000, 0x00000000d3420000, 0x00000000d3420000)
  from space 4352K,  88% used [0x00000000d3860000, 0x00000000d3c22080, 0x00000000d3ca0000)
  to   space 4352K,   0% used [0x00000000d3420000, 0x00000000d3420000, 0x00000000d3860000)
 concurrent mark-sweep generation total 87424K, used 6666K [0x00000000e0c00000, 0x00000000e6160000, 0x0000000100000000)
 Metaspace       used 24566K, capacity 25085K, committed 25204K, reserved 1071104K
  class space    used 3141K, capacity 3247K, committed 3276K, reserved 1048576K
Event: 5.003 GC heap after
Heap after GC invocations=6 (full 0):
 par new generation   total 39296K, used 4343K [0x00000000d1200000, 0x00000000d3ca0000, 0x00000000e0c00000)
  eden space 34944K,   0% used [0x00000000d1200000, 0x00000000d1200000, 0x00000000d3420000)
  from space 4352K,  99% used [0x00000000d3420000, 0x00000000d385dde8, 0x00000000d3860000)
  to   space 4352K,   0% used [0x00000000d3860000, 0x00000000d3860000, 0x00000000d3ca0000)
 concurrent mark-sweep generation total 87424K, used 10578K [0x00000000e0c00000, 0x00000000e6160000, 0x0000000100000000)
 Metaspace       used 24566K, capacity 25085K, committed 25204K, reserved 1071104K
  class space    used 3141K, capacity 3247K, committed 3276K, reserved 1048576K
}
Event: 6.965 GC heap before
{Heap before GC invocations=6 (full 1):
 par new generation   total 39296K, used 39287K [0x00000000d1200000, 0x00000000d3ca0000, 0x00000000e0c00000)
  eden space 34944K, 100% used [0x00000000d1200000, 0x00000000d3420000, 0x00000000d3420000)
  from space 4352K,  99% used [0x00000000d3420000, 0x00000000d385dde8, 0x00000000d3860000)
  to   space 4352K,   0% used [0x00000000d3860000, 0x00000000d3860000, 0x00000000d3ca0000)
 concurrent mark-sweep generation total 87424K, used 8277K [0x00000000e0c00000, 0x00000000e6160000, 0x0000000100000000)
 Metaspace       used 28628K, capacity 29441K, committed 29584K, reserved 1075200K
  class space    used 3707K, capacity 3913K, committed 3992K, reserved 1048576K
Event: 6.976 GC heap after
Heap after GC invocations=7 (full 1):
 par new generation   total 39296K, used 4351K [0x00000000d1200000, 0x00000000d3ca0000, 0x00000000e0c00000)
  eden space 34944K,   0% used [0x00000000d1200000, 0x00000000d1200000, 0x00000000d3420000)
  from space 4352K,  99% used [0x00000000d3860000, 0x00000000d3c9fff8, 0x00000000d3ca0000)
  to   space 4352K,   0% used [0x00000000d3420000, 0x00000000d3420000, 0x00000000d3860000)
 concurrent mark-sweep generation total 87424K, used 12516K [0x00000000e0c00000, 0x00000000e6160000, 0x0000000100000000)
 Metaspace       used 28628K, capacity 29441K, committed 29584K, reserved 1075200K
  class space    used 3707K, capacity 3913K, committed 3992K, reserved 1048576K
}
Event: 8.129 GC heap before
{Heap before GC invocations=7 (full 1):
 par new generation   total 39296K, used 39295K [0x00000000d1200000, 0x00000000d3ca0000, 0x00000000e0c00000)
  eden space 34944K, 100% used [0x00000000d1200000, 0x00000000d3420000, 0x00000000d3420000)
  from space 4352K,  99% used [0x00000000d3860000, 0x00000000d3c9fff8, 0x00000000d3ca0000)
  to   space 4352K,   0% used [0x00000000d3420000, 0x00000000d3420000, 0x00000000d3860000)
 concurrent mark-sweep generation total 87424K, used 12516K [0x00000000e0c00000, 0x00000000e6160000, 0x0000000100000000)
 Metaspace       used 30163K, capacity 31059K, committed 31248K, reserved 1077248K
  class space    used 3850K, capacity 4074K, committed 4120K, reserved 1048576K
Event: 8.136 GC heap after
Heap after GC invocations=8 (full 1):
 par new generation   total 39296K, used 4352K [0x00000000d1200000, 0x00000000d3ca0000, 0x00000000e0c00000)
  eden space 34944K,   0% used [0x00000000d1200000, 0x00000000d1200000, 0x00000000d3420000)
  from space 4352K, 100% used [0x00000000d3420000, 0x00000000d3860000, 0x00000000d3860000)
  to   space 4352K,   0% used [0x00000000d3860000, 0x00000000d3860000, 0x00000000d3ca0000)
 concurrent mark-sweep generation total 87424K, used 18611K [0x00000000e0c00000, 0x00000000e6160000, 0x0000000100000000)
 Metaspace       used 30163K, capacity 31059K, committed 31248K, reserved 1077248K
  class space    used 3850K, capacity 4074K, committed 4120K, reserved 1048576K
}
Event: 9.373 GC heap before
{Heap before GC invocations=8 (full 1):
 par new generation   total 39296K, used 39296K [0x00000000d1200000, 0x00000000d3ca0000, 0x00000000e0c00000)
  eden space 34944K, 100% used [0x00000000d1200000, 0x00000000d3420000, 0x00000000d3420000)
  from space 4352K, 100% used [0x00000000d3420000, 0x00000000d3860000, 0x00000000d3860000)
  to   space 4352K,   0% used [0x00000000d3860000, 0x00000000d3860000, 0x00000000d3ca0000)
 concurrent mark-sweep generation total 87424K, used 18611K [0x00000000e0c00000, 0x00000000e6160000, 0x0000000100000000)
 Metaspace       used 30944K, capacity 31869K, committed 32144K, reserved 1077248K
  class space    used 3914K, capacity 4121K, committed 4248K, reserved 1048576K
Event: 9.401 GC heap after
Heap after GC invocations=9 (full 1):
 par new generation   total 39296K, used 4352K [0x00000000d1200000, 0x00000000d3ca0000, 0x00000000e0c00000)
  eden space 34944K,   0% used [0x00000000d1200000, 0x00000000d1200000, 0x00000000d3420000)
  from space 4352K, 100% used [0x00000000d3860000, 0x00000000d3ca0000, 0x00000000d3ca0000)
  to   space 4352K,   0% used [0x00000000d3420000, 0x00000000d3420000, 0x00000000d3860000)
 concurrent mark-sweep generation total 87424K, used 25795K [0x00000000e0c00000, 0x00000000e6160000, 0x0000000100000000)
 Metaspace       used 30944K, capacity 31869K, committed 32144K, reserved 1077248K
  class space    used 3914K, capacity 4121K, committed 4248K, reserved 1048576K
}

Deoptimization events (10 events):
Event: 16.545 Thread 0x0000000017436000 Uncommon trap: reason=unstable_if action=reinterpret pc=0x0000000003442f98 method=com.codename1.ui.EncodedImage.getInternalImpl()Lcom/codename1/ui/Image; @ 70
Event: 16.545 Thread 0x0000000017436000 Uncommon trap: reason=unstable_if action=reinterpret pc=0x00000000033a2a10 method=com.codename1.ui.EncodedImage.getWidth()I @ 5
Event: 16.549 Thread 0x0000000017436000 Uncommon trap: reason=unstable_if action=reinterpret pc=0x00000000033d36d0 method=com.codename1.ui.EncodedImage.getHeight()I @ 5
Event: 19.053 Thread 0x0000000016f65800 Uncommon trap: reason=unstable_if action=reinterpret pc=0x0000000003460920 method=java.awt.Rectangle.translate(II)V @ 109
Event: 19.053 Thread 0x0000000016f65800 Uncommon trap: reason=unstable_if action=reinterpret pc=0x0000000003021f90 method=sun.java2d.SunGraphics2D.setColor(Ljava/awt/Color;)V @ 9
Event: 19.053 Thread 0x0000000016f65800 Uncommon trap: reason=class_check action=maybe_recompile pc=0x00000000034189b0 method=sun.java2d.SurfaceData.getSourceSurfaceData(Ljava/awt/Image;ILsun/java2d/loops/CompositeType;Ljava/awt/Color;)Lsun/java2d/SurfaceData; @ 8
Event: 19.053 Thread 0x0000000016f65800 Uncommon trap: reason=class_check action=maybe_recompile pc=0x00000000034189b0 method=sun.java2d.SurfaceData.getSourceSurfaceData(Ljava/awt/Image;ILsun/java2d/loops/CompositeType;Ljava/awt/Color;)Lsun/java2d/SurfaceData; @ 8
Event: 19.133 Thread 0x0000000016f65800 Uncommon trap: reason=unstable_if action=reinterpret pc=0x00000000033a259c method=java.awt.Rectangle.translate(II)V @ 109
Event: 19.133 Thread 0x0000000016f65800 Uncommon trap: reason=class_check action=maybe_recompile pc=0x00000000034189b0 method=sun.java2d.SurfaceData.getSourceSurfaceData(Ljava/awt/Image;ILsun/java2d/loops/CompositeType;Ljava/awt/Color;)Lsun/java2d/SurfaceData; @ 8
Event: 19.133 Thread 0x0000000016f65800 Uncommon trap: reason=class_check action=maybe_recompile pc=0x00000000034189b0 method=sun.java2d.SurfaceData.getSourceSurfaceData(Ljava/awt/Image;ILsun/java2d/loops/CompositeType;Ljava/awt/Color;)Lsun/java2d/SurfaceData; @ 8

Internal exceptions (10 events):
Event: 7.916 Thread 0x0000000019499800 Exception <a 'java/lang/NullPointerException'> (0x00000000d3058298) thrown at [C:\re\workspace\8-2-build-windows-amd64-cygwin\jdk8u91\7017\hotspot\src\share\vm\runtime\sharedRuntime.cpp, line 605]
Event: 8.085 Thread 0x0000000019499800 Implicit null exception at 0x0000000003072a6d to 0x00000000030746b3
Event: 8.085 Thread 0x0000000019499800 Exception <a 'java/lang/NullPointerException'> (0x00000000d3363278) thrown at [C:\re\workspace\8-2-build-windows-amd64-cygwin\jdk8u91\7017\hotspot\src\share\vm\runtime\sharedRuntime.cpp, line 605]
Event: 8.085 Thread 0x0000000019499800 Implicit null exception at 0x0000000003072a6d to 0x00000000030746b3
Event: 8.085 Thread 0x0000000019499800 Exception <a 'java/lang/NullPointerException'> (0x00000000d3363a30) thrown at [C:\re\workspace\8-2-build-windows-amd64-cygwin\jdk8u91\7017\hotspot\src\share\vm\runtime\sharedRuntime.cpp, line 605]
Event: 8.575 Thread 0x000000001760c000 Exception <a 'sun/nio/fs/WindowsException'> (0x00000000d1bf9e80) thrown at [C:\re\workspace\8-2-build-windows-amd64-cygwin\jdk8u91\7017\hotspot\src\share\vm\prims\jni.cpp, line 709]
Event: 8.577 Thread 0x000000001760c000 Exception <a 'sun/nio/fs/WindowsException'> (0x00000000d1bfabd8) thrown at [C:\re\workspace\8-2-build-windows-amd64-cygwin\jdk8u91\7017\hotspot\src\share\vm\prims\jni.cpp, line 709]
Event: 8.630 Thread 0x0000000019499800 Implicit null exception at 0x0000000003072a6d to 0x00000000030746b3
Event: 8.630 Thread 0x0000000019499800 Exception <a 'java/lang/NullPointerException'> (0x00000000d1d28538) thrown at [C:\re\workspace\8-2-build-windows-amd64-cygwin\jdk8u91\7017\hotspot\src\share\vm\runtime\sharedRuntime.cpp, line 605]
Event: 8.739 Thread 0x000000001760c000 Exception <a 'java/lang/ClassNotFoundException': sun/net/www/protocol/about/Handler> (0x00000000d1d62fc8) thrown at [C:\re\workspace\8-2-build-windows-amd64-cygwin\jdk8u91\7017\hotspot\src\share\vm\classfile\systemDictionary.cpp, line 210]

Events (10 events):
Event: 19.369 Thread 0x0000000017237000 Thread exited: 0x0000000017237000
Event: 19.403 Thread 0x000000001723a000 Thread exited: 0x000000001723a000
Event: 19.412 Thread 0x000000001722d000 Thread exited: 0x000000001722d000
Event: 19.420 Thread 0x00000000198ce000 Thread exited: 0x00000000198ce000
Event: 19.426 Thread 0x0000000017237800 Thread exited: 0x0000000017237800
Event: 19.458 Thread 0x000000001723b800 Thread exited: 0x000000001723b800
Event: 19.468 Thread 0x000000001722f800 Thread exited: 0x000000001722f800
Event: 19.477 Thread 0x0000000017611800 Thread exited: 0x0000000017611800
Event: 19.537 Thread 0x00000000198ca000 Thread exited: 0x00000000198ca000
Event: 20.059 Thread 0x000000001722e800 Thread exited: 0x000000001722e800


Dynamic libraries:
0x00007ff7cb250000 - 0x00007ff7cb287000 	C:\Program Files\Java\jdk1.8.0_91\bin\java.exe
0x00007ffe8cb40000 - 0x00007ffe8cd01000 	C:\Windows\SYSTEM32\ntdll.dll
0x00007ffe8af30000 - 0x00007ffe8afdd000 	C:\Windows\system32\KERNEL32.DLL
0x00007ffe89bd0000 - 0x00007ffe89db8000 	C:\Windows\system32\KERNELBASE.dll
0x00000000770c0000 - 0x0000000077149000 	C:\Windows\System32\SYSFER.DLL
0x00007ffe8ae80000 - 0x00007ffe8af27000 	C:\Windows\system32\ADVAPI32.dll
0x00007ffe8a2c0000 - 0x00007ffe8a35d000 	C:\Windows\system32\msvcrt.dll
0x00007ffe8a0a0000 - 0x00007ffe8a0fb000 	C:\Windows\system32\sechost.dll
0x00007ffe8ac80000 - 0x00007ffe8ad9c000 	C:\Windows\system32\RPCRT4.dll
0x00007ffe8c930000 - 0x00007ffe8ca86000 	C:\Windows\system32\USER32.dll
0x00007ffe8aae0000 - 0x00007ffe8ac66000 	C:\Windows\system32\GDI32.dll
0x00007ffe78b00000 - 0x00007ffe78d74000 	C:\Windows\WinSxS\amd64_microsoft.windows.common-controls_6595b64144ccf1df_6.0.10586.672_none_a2d6b3cea53ff843\COMCTL32.dll
0x00007ffe8b040000 - 0x00007ffe8b2bd000 	C:\Windows\system32\combase.dll
0x00007ffe89dc0000 - 0x00007ffe89e2a000 	C:\Windows\system32\bcryptPrimitives.dll
0x00007ffe8aa10000 - 0x00007ffe8aa4b000 	C:\Windows\system32\IMM32.DLL
0x0000000076920000 - 0x00000000769f2000 	C:\Program Files\Java\jdk1.8.0_91\jre\bin\msvcr100.dll
0x0000000075fb0000 - 0x0000000076843000 	C:\Program Files\Java\jdk1.8.0_91\jre\bin\server\jvm.dll
0x00007ffe89f40000 - 0x00007ffe89f48000 	C:\Windows\system32\PSAPI.DLL
0x00007ffe87020000 - 0x00007ffe87029000 	C:\Windows\SYSTEM32\WSOCK32.dll
0x00007ffe8aa50000 - 0x00007ffe8aabb000 	C:\Windows\system32\WS2_32.dll
0x00007ffe87680000 - 0x00007ffe876a3000 	C:\Windows\SYSTEM32\WINMM.dll
0x00007ffe88540000 - 0x00007ffe8854a000 	C:\Windows\SYSTEM32\VERSION.dll
0x00007ffe87620000 - 0x00007ffe8764c000 	C:\Windows\SYSTEM32\WINMMBASE.dll
0x00007ffe89ef0000 - 0x00007ffe89f33000 	C:\Windows\system32\cfgmgr32.dll
0x0000000076b20000 - 0x0000000076b2f000 	C:\Program Files\Java\jdk1.8.0_91\jre\bin\verify.dll
0x0000000076af0000 - 0x0000000076b19000 	C:\Program Files\Java\jdk1.8.0_91\jre\bin\java.dll
0x0000000076ad0000 - 0x0000000076ae6000 	C:\Program Files\Java\jdk1.8.0_91\jre\bin\zip.dll
0x00007ffe8b2c0000 - 0x00007ffe8c81c000 	C:\Windows\system32\SHELL32.dll
0x00007ffe892e0000 - 0x00007ffe89925000 	C:\Windows\system32\windows.storage.dll
0x00007ffe8a100000 - 0x00007ffe8a152000 	C:\Windows\system32\shlwapi.dll
0x00007ffe891e0000 - 0x00007ffe891ef000 	C:\Windows\system32\kernel.appcore.dll
0x00007ffe89e30000 - 0x00007ffe89ee5000 	C:\Windows\system32\shcore.dll
0x00007ffe89160000 - 0x00007ffe891ab000 	C:\Windows\system32\powrprof.dll
0x00007ffe891b0000 - 0x00007ffe891c4000 	C:\Windows\system32\profapi.dll
0x00007ffe86750000 - 0x00007ffe86760000 	C:\Program Files (x86)\JetBrains\IntelliJ IDEA 2016.3.3\INTELAJ\IntelliJ IDEA 2016.3.3\bin\breakgen64.dll
0x0000000075da0000 - 0x0000000075dba000 	C:\Program Files\Java\jdk1.8.0_91\jre\bin\net.dll
0x00007ffe88a90000 - 0x00007ffe88aec000 	C:\Windows\system32\mswsock.dll
0x0000000075e10000 - 0x0000000075fa8000 	C:\Program Files\Java\jdk1.8.0_91\jre\bin\awt.dll
0x00007ffe8a790000 - 0x00007ffe8a856000 	C:\Windows\system32\OLEAUT32.dll
0x00007ffe87550000 - 0x00007ffe875c9000 	C:\Windows\system32\apphelp.dll
0x00007ffe87850000 - 0x00007ffe878e6000 	C:\Windows\system32\uxtheme.dll
0x00007ffe8a160000 - 0x00007ffe8a2ba000 	C:\Windows\system32\MSCTF.dll
0x00007ffe7f570000 - 0x00007ffe7f613000 	C:\Program Files\Common Files\microsoft shared\ink\tiptsf.dll
0x00007ffe873d0000 - 0x00007ffe873f2000 	C:\Windows\system32\dwmapi.dll
0x00007ffe89f50000 - 0x00007ffe8a093000 	C:\Windows\system32\ole32.dll
0x00007ffe88b40000 - 0x00007ffe88b57000 	C:\Windows\SYSTEM32\CRYPTSP.dll
0x00007ffe887d0000 - 0x00007ffe88804000 	C:\Windows\system32\rsaenh.dll
0x00007ffe88d60000 - 0x00007ffe88d89000 	C:\Windows\SYSTEM32\bcrypt.dll
0x00007ffe88920000 - 0x00007ffe8893f000 	C:\Windows\SYSTEM32\USERENV.dll
0x00007ffe88c60000 - 0x00007ffe88c6b000 	C:\Windows\SYSTEM32\CRYPTBASE.dll
0x00007ffe85620000 - 0x00007ffe85658000 	C:\Windows\SYSTEM32\IPHLPAPI.DLL
0x00007ffe8ae00000 - 0x00007ffe8ae08000 	C:\Windows\system32\NSI.dll
0x00007ffe855c0000 - 0x00007ffe855d6000 	C:\Windows\SYSTEM32\dhcpcsvc6.DLL
0x00007ffe85560000 - 0x00007ffe8557a000 	C:\Windows\SYSTEM32\dhcpcsvc.DLL
0x0000000075d80000 - 0x0000000075d91000 	C:\Program Files\Java\jdk1.8.0_91\jre\bin\nio.dll
0x0000000075dc0000 - 0x0000000075e07000 	C:\Program Files\Java\jdk1.8.0_91\jre\bin\fontmanager.dll
0x0000000075ce0000 - 0x0000000075d22000 	C:\Program Files\Java\jdk1.8.0_91\jre\bin\t2k.dll
0x00007ffe8ca90000 - 0x00007ffe8cb37000 	C:\Windows\system32\clbcatq.dll
0x00007ffe82e50000 - 0x00007ffe82fac000 	C:\Windows\System32\uiautomationcore.dll
0x00007ffe89020000 - 0x00007ffe890b9000 	C:\Windows\SYSTEM32\sxs.dll
0x00007ffe7f8d0000 - 0x00007ffe7f93a000 	C:\Windows\System32\OLEACC.dll
0x00007ffe80c90000 - 0x00007ffe80d41000 	C:\Windows\SYSTEM32\twinapi.dll
0x00007ffe879f0000 - 0x00007ffe87af0000 	C:\Windows\SYSTEM32\twinapi.appcore.dll
0x0000000076c80000 - 0x0000000076cb1000 	C:\Program Files\Java\jdk1.8.0_91\jre\bin\jpeg.dll
0x00007ffe85cc0000 - 0x00007ffe85e71000 	C:\Windows\SYSTEM32\WindowsCodecs.dll
0x00007ffe833e0000 - 0x00007ffe8342a000 	C:\Windows\system32\dataexchange.dll
0x00007ffe83d30000 - 0x00007ffe83fd8000 	C:\Windows\system32\d3d11.dll
0x00007ffe86900000 - 0x00007ffe869e3000 	C:\Windows\system32\dcomp.dll
0x00007ffe86850000 - 0x00007ffe868f2000 	C:\Windows\system32\dxgi.dll
0x00007ffe71820000 - 0x00007ffe7190f000 	C:\Program Files\Java\jdk1.8.0_91\jre\bin\msvcr120.dll
0x00007ffe712d0000 - 0x00007ffe71376000 	C:\Program Files\Java\jdk1.8.0_91\jre\bin\msvcp120.dll
0x0000000076c50000 - 0x0000000076c73000 	C:\Program Files\Java\jdk1.8.0_91\jre\bin\prism_d3d.dll
0x00007ffe67070000 - 0x00007ffe67280000 	C:\Windows\system32\d3d9.dll
0x00007ffe5de00000 - 0x00007ffe5fc93000 	C:\Windows\SYSTEM32\igdumdim64.dll
0x00007ffe8a360000 - 0x00007ffe8a789000 	C:\Windows\system32\SETUPAPI.dll
0x00000000768d0000 - 0x0000000076913000 	C:\Program Files\Java\jdk1.8.0_91\jre\bin\glass.dll
0x00007ffe8c820000 - 0x00007ffe8c92b000 	C:\Windows\system32\COMDLG32.dll
0x00007ffe89250000 - 0x00007ffe892d6000 	C:\Windows\system32\FirewallAPI.dll
0x00007ffe89930000 - 0x00007ffe89947000 	C:\Windows\system32\NETAPI32.dll
0x00007ffe86360000 - 0x00007ffe8636c000 	C:\Windows\SYSTEM32\DAVHLPR.DLL
0x00007ffe87c50000 - 0x00007ffe87c82000 	C:\Windows\SYSTEM32\fwbase.dll
0x00007ffe7cc30000 - 0x00007ffe7daa0000 	C:\Windows\SYSTEM32\igc64.dll
0x0000000073740000 - 0x0000000075cce000 	C:\Program Files\Java\jdk1.8.0_91\jre\bin\jfxwebkit.dll
0x0000000076cf0000 - 0x0000000076d14000 	C:\Program Files\Java\jdk1.8.0_91\jre\bin\sunec.dll
0x0000000076c30000 - 0x0000000076c44000 	C:\Program Files\Java\jdk1.8.0_91\jre\bin\javafx_font.dll
0x00007ffe81410000 - 0x00007ffe8166f000 	C:\Windows\SYSTEM32\dwrite.dll
0x00007ffe733e0000 - 0x00007ffe733f6000 	C:\Windows\system32\napinsp.dll
0x00007ffe73400000 - 0x00007ffe7341a000 	C:\Windows\system32\pnrpnsp.dll
0x00007ffe86dc0000 - 0x00007ffe86dd8000 	C:\Windows\system32\NLAapi.dll
0x00007ffe87940000 - 0x00007ffe879ea000 	C:\Windows\SYSTEM32\DNSAPI.dll
0x00007ffe73420000 - 0x00007ffe7342d000 	C:\Windows\System32\winrnr.dll
0x00007ffe73430000 - 0x00007ffe73445000 	C:\Windows\System32\wshbth.dll
0x00007ffe86230000 - 0x00007ffe86297000 	C:\Windows\System32\fwpuclnt.dll
0x00007ffe84ac0000 - 0x00007ffe84aca000 	C:\Windows\System32\rasadhlp.dll
0x0000000076c10000 - 0x0000000076c21000 	C:\Program Files\Java\jdk1.8.0_91\jre\bin\prism_common.dll
0x0000000076890000 - 0x00000000768cc000 	C:\Program Files\Java\jdk1.8.0_91\jre\bin\lcms.dll
0x00007ffe85b30000 - 0x00007ffe85cbc000 	C:\Windows\SYSTEM32\dbghelp.dll

VM Arguments:
jvm_args: -Xms128m -Xmx750m -XX:ReservedCodeCacheSize=240m -XX:+UseConcMarkSweepGC -XX:SoftRefLRUPolicyMSPerMB=50 -ea -Dsun.io.useCanonCaches=false -Djava.net.preferIPv4Stack=true -XX:+HeapDumpOnOutOfMemoryError -XX:-OmitStackTraceInFastThrow -Didea.launcher.port=7541 -Didea.launcher.bin.path=C:\Program Files (x86)\JetBrains\IntelliJ IDEA 2016.3.3\INTELAJ\IntelliJ IDEA 2016.3.3\bin -Dfile.encoding=UTF-8 
java_command: com.intellij.rt.execution.application.AppMain com.codename1.impl.javase.Simulator com.hales.os.MyApplication
java_class_path (initial): C:/Users/chales/Desktop/os2\out\production\os2;C:/Users/chales/Desktop/os2\src;C:/Users/chales/Desktop/os2\lib\CodenameOne.jar;C:/Users/chales/Desktop/os2\JavaSE.jar;native/internal_tmp;lib/impl/cls;C:\Program Files (x86)\JetBrains\IntelliJ IDEA 2016.3.3\INTELAJ\IntelliJ IDEA 2016.3.3\lib\idea_rt.jar
Launcher Type: SUN_STANDARD

Environment Variables:
PATH=C:\ProgramData\Oracle\Java\javapath;C:\Windows\system32;C:\Windows;C:\Windows\System32\Wbem;C:\Windows\System32\WindowsPowerShell\v1.0\
USERNAME=chales
OS=Windows_NT
PROCESSOR_IDENTIFIER=Intel64 Family 6 Model 78 Stepping 3, GenuineIntel



---------------  S Y S T E M  ---------------

OS: Windows 10.0 , 64 bit Build 10586 (10.0.10586.589)

CPU:total 4 (2 cores per cpu, 2 threads per core) family 6 model 78 stepping 3, cmov, cx8, fxsr, mmx, sse, sse2, sse3, ssse3, sse4.1, sse4.2, popcnt, avx, avx2, aes, clmul, erms, 3dnowpref, lzcnt, ht, tsc, tscinvbit, bmi1, bmi2, adx

Memory: 4k page, physical 7802196k(2253096k free), swap 13925380k(6549220k free)

vm_info: Java HotSpot(TM) 64-Bit Server VM (25.91-b15) for windows-amd64 JRE (1.8.0_91-b15), built on May 20 2016 17:43:15 by "java_re" with MS VC++ 10.0 (VS2010)

time: Fri Apr 28 12:31:46 2017
elapsed time: 21 seconds (0d 0h 0m 21s)

