#
# A fatal error has been detected by the Java Runtime Environment:
#
#  EXCEPTION_ACCESS_VIOLATION (0xc0000005) at pc=0x0000000073f9554b, pid=37272, tid=35912
#
# JRE version: Java(TM) SE Runtime Environment (8.0_91-b15) (build 1.8.0_91-b15)
# Java VM: Java HotSpot(TM) 64-Bit Server VM (25.91-b15 mixed mode windows-amd64 compressed oops)
# Problematic frame:
# C  [jfxwebkit.dll+0x85554b]
#
# Failed to write core dump. Minidumps are not enabled by default on client versions of Windows
#
# If you would like to submit a bug report, please visit:
#   http://bugreport.java.com/bugreport/crash.jsp
# The crash happened outside the Java Virtual Machine in native code.
# See problematic frame for where to report the bug.
#

---------------  T H R E A D  ---------------

Current thread (0x0000000019921800):  JavaThread "JavaFX Application Thread" [_thread_in_native, id=35912, stack(0x000000001aef0000,0x000000001aff0000)]

siginfo: ExceptionCode=0xc0000005, reading address 0x0000000000000000

Registers:
RAX=0x0000000000000000, RBX=0x0000000001078170, RCX=0x0000000000000000, RDX=0x0000000000000000
RSP=0x000000001afe85f0, RBP=0x000000001afe8720, RSI=0x0000000000000000, RDI=0x0000000000000000
R8 =0x0000000000010002, R9 =0x000000002464ff00, R10=0x0000000015a8bc48, R11=0x000000001afe82c0
R12=0x000000002463d0f0, R13=0x00000000010a28f0, R14=0x000000002463d240, R15=0x0000000000000003
RIP=0x0000000073f9554b, EFLAGS=0x0000000000010202

Top of Stack: (sp=0x000000001afe85f0)
0x000000001afe85f0:   0000000000000000 0000000001078170
0x000000001afe8600:   0000000000000000 0000000000000000
0x000000001afe8610:   00000000ffffff00 000000007412b492
0x000000001afe8620:   0000000001078170 0000000024482f08
0x000000001afe8630:   0000000000000008 000000002463d0f0
0x000000001afe8640:   0000000000000000 0000000000000000
0x000000001afe8650:   0000000000000000 0000f8130000008a
0x000000001afe8660:   000000001afe8670 0000000000000040
0x000000001afe8670:   0100010000200000 0000010000000003
0x000000001afe8680:   0000000000000000 000000088cb60001
0x000000001afe8690:   0000000000000000 000000001afe8878
0x000000001afe86a0:   ffffffff00000000 0000000000000003
0x000000001afe86b0:   0000000000ff39de 000000001afe8828
0x000000001afe86c0:   0000000000000000 000000001f752b00
0x000000001afe86d0:   000000002464eac0 000000002464eab0
0x000000001afe86e0:   7f7fffff00000000 0000000000000000 

Instructions: (pc=0x0000000073f9554b)
0x0000000073f9552b:   cc cc cc cc cc 48 89 5c 24 08 57 48 83 ec 20 45
0x0000000073f9553b:   33 c0 48 8b d9 e8 9b 08 00 00 48 8b c8 48 8b f8
0x0000000073f9554b:   48 8b 10 ff 52 28 84 c0 75 28 0f b6 87 68 04 00
0x0000000073f9555b:   00 f6 d8 1b c9 83 c1 02 33 8b 94 00 00 00 83 e1 


Register to memory mapping:

RAX=0x0000000000000000 is an unknown value
RBX=0x0000000001078170 is an unknown value
RCX=0x0000000000000000 is an unknown value
RDX=0x0000000000000000 is an unknown value
RSP=0x000000001afe85f0 is pointing into the stack for thread: 0x0000000019921800
RBP=0x000000001afe8720 is pointing into the stack for thread: 0x0000000019921800
RSI=0x0000000000000000 is an unknown value
RDI=0x0000000000000000 is an unknown value
R8 =0x0000000000010002 is an unknown value
R9 =0x000000002464ff00 is an unknown value
R10={method} {0x0000000015a8bc50} 'printStackTrace' '()V' in 'java/lang/Throwable'
R11=0x000000001afe82c0 is pointing into the stack for thread: 0x0000000019921800
R12=0x000000002463d0f0 is an unknown value
R13=0x00000000010a28f0 is an unknown value
R14=0x000000002463d240 is an unknown value
R15=0x0000000000000003 is an unknown value


Stack: [0x000000001aef0000,0x000000001aff0000],  sp=0x000000001afe85f0,  free space=993k
Native frames: (J=compiled Java code, j=interpreted, Vv=VM code, C=native code)
C  [jfxwebkit.dll+0x85554b]
C  [jfxwebkit.dll+0x9eb492]
C  [jfxwebkit.dll+0x9ec1d9]
C  [jfxwebkit.dll+0x9eeeba]
C  [jfxwebkit.dll+0x90b5fb]
C  [jfxwebkit.dll+0x90b9d1]
C  [jfxwebkit.dll+0x90bf0b]
C  [jfxwebkit.dll+0x93b843]
C  [jfxwebkit.dll+0x90b18f]
C  [jfxwebkit.dll+0x90b9d1]
C  [jfxwebkit.dll+0x90bf0b]
C  [jfxwebkit.dll+0x93b843]
C  [jfxwebkit.dll+0x90a65d]
C  [jfxwebkit.dll+0x90b9d8]
C  [jfxwebkit.dll+0x90bf0b]
C  [jfxwebkit.dll+0x93b803]
C  [jfxwebkit.dll+0x9373cc]
C  [jfxwebkit.dll+0x936306]
C  [jfxwebkit.dll+0x933d6f]
C  [jfxwebkit.dll+0x940e6a]
C  [jfxwebkit.dll+0x9189a6]
C  [jfxwebkit.dll+0x91ff44]
C  [jfxwebkit.dll+0x90fb9e]
C  [jfxwebkit.dll+0x90fe96]
C  [jfxwebkit.dll+0x920550]
C  [jfxwebkit.dll+0x90fb9e]
C  [jfxwebkit.dll+0x90fe96]
C  [jfxwebkit.dll+0x917114]
C  [jfxwebkit.dll+0x91fef4]
C  [jfxwebkit.dll+0x90fb9e]
C  [jfxwebkit.dll+0x90fe96]
C  [jfxwebkit.dll+0x917114]
C  [jfxwebkit.dll+0x91fef4]
C  [jfxwebkit.dll+0x90fb9e]
C  [jfxwebkit.dll+0x9174d4]
C  [jfxwebkit.dll+0x91707f]
C  [jfxwebkit.dll+0x91fef4]
C  [jfxwebkit.dll+0x90fb9e]
C  [jfxwebkit.dll+0x9174d4]
C  [jfxwebkit.dll+0x91707f]
C  [jfxwebkit.dll+0x91fef4]
C  [jfxwebkit.dll+0x90fb9e]
C  [jfxwebkit.dll+0x9174d4]
C  [jfxwebkit.dll+0x91707f]
C  [jfxwebkit.dll+0x91fef4]
C  [jfxwebkit.dll+0x90fb9e]
C  [jfxwebkit.dll+0x9fdca1]
C  [jfxwebkit.dll+0x829223]
C  [jfxwebkit.dll+0x5a5eb2]
C  [jfxwebkit.dll+0x5a5f8c]
C  [jfxwebkit.dll+0x5bc2b6]
C  [jfxwebkit.dll+0x171113]
C  [jfxwebkit.dll+0x466a47]
C  [jfxwebkit.dll+0xd8a7ed]
C  [jfxwebkit.dll+0xd7ca33]
C  [jfxwebkit.dll+0xd4b423]
C  [jfxwebkit.dll+0xc5127e]
C  [jfxwebkit.dll+0xc4ea76]
C  [jfxwebkit.dll+0xbe1f15]
C  [jfxwebkit.dll+0xc93020]
C  [jfxwebkit.dll+0xd81a7d]
C  [jfxwebkit.dll+0xd4b423]
C  [jfxwebkit.dll+0xc5127e]
C  [jfxwebkit.dll+0xc4e7b3]
C  [jfxwebkit.dll+0xbea9fe]
C  [jfxwebkit.dll+0x461951]
C  [jfxwebkit.dll+0x46e824]
C  [jfxwebkit.dll+0x46e746]
C  [jfxwebkit.dll+0x5ede23]
C  [jfxwebkit.dll+0x5edbe6]
C  [jfxwebkit.dll+0x5f211d]
C  [jfxwebkit.dll+0x8d8543]
C  0x0000000002cb7f54

Java frames: (J=compiled Java code, j=interpreted, Vv=VM code)
j  com.sun.webkit.Timer.twkFireTimerEvent()V+0
j  com.sun.webkit.Timer.fireTimerEvent(J)V+45
j  com.sun.webkit.Timer.notifyTick()V+25
j  javafx.scene.web.WebEngine$PulseTimer.lambda$static$45()V+3
j  javafx.scene.web.WebEngine$PulseTimer$$Lambda$91.pulse()V+0
j  com.sun.javafx.tk.Toolkit.lambda$runPulse$30(Lcom/sun/javafx/tk/TKPulseListener;)Ljava/lang/Void;+1
j  com.sun.javafx.tk.Toolkit$$Lambda$152.run()Ljava/lang/Object;+4
v  ~StubRoutines::call_stub
J 1652  java.security.AccessController.doPrivileged(Ljava/security/PrivilegedAction;Ljava/security/AccessControlContext;)Ljava/lang/Object; (0 bytes) @ 0x00000000031edca6 [0x00000000031edc40+0x66]
j  com.sun.javafx.tk.Toolkit.runPulse(Lcom/sun/javafx/tk/TKPulseListener;Ljava/security/AccessControlContext;)V+21
j  com.sun.javafx.tk.Toolkit.firePulse()V+191
j  com.sun.javafx.tk.quantum.QuantumToolkit.pulse(Z)V+97
j  com.sun.javafx.tk.quantum.QuantumToolkit.pulse()V+2
j  com.sun.javafx.tk.quantum.QuantumToolkit.lambda$runToolkit$404()V+1
j  com.sun.javafx.tk.quantum.QuantumToolkit$$Lambda$60.run()V+4
j  com.sun.glass.ui.InvokeLaterDispatcher$Future.run()V+4
v  ~StubRoutines::call_stub
j  com.sun.glass.ui.win.WinApplication._runLoop(Ljava/lang/Runnable;)V+0
j  com.sun.glass.ui.win.WinApplication.lambda$null$148(ILjava/lang/Runnable;)V+8
j  com.sun.glass.ui.win.WinApplication$$Lambda$56.run()V+12
j  java.lang.Thread.run()V+11
v  ~StubRoutines::call_stub

---------------  P R O C E S S  ---------------

Java Threads: ( => current thread )
  0x0000000019a6a000 JavaThread "URL-Loader-15" daemon [_thread_blocked, id=33992, stack(0x00000000257a0000,0x00000000258a0000)]
  0x0000000019a68800 JavaThread "URL-Loader-14" daemon [_thread_blocked, id=8272, stack(0x0000000024de0000,0x0000000024ee0000)]
  0x0000000019a6b800 JavaThread "URL-Loader-13" daemon [_thread_blocked, id=31968, stack(0x0000000024c80000,0x0000000024d80000)]
  0x0000000019a65800 JavaThread "URL-Loader-12" daemon [_thread_blocked, id=18568, stack(0x0000000024b80000,0x0000000024c80000)]
  0x0000000019a6c800 JavaThread "URL-Loader-11" daemon [_thread_blocked, id=24500, stack(0x0000000024a80000,0x0000000024b80000)]
  0x0000000019a5e000 JavaThread "URL-Loader-10" daemon [_thread_blocked, id=37624, stack(0x0000000024120000,0x0000000024220000)]
  0x0000000019a65000 JavaThread "URL-Loader-9" daemon [_thread_blocked, id=22264, stack(0x0000000023fc0000,0x00000000240c0000)]
  0x0000000019a5d000 JavaThread "Prism Font Disposer" daemon [_thread_blocked, id=35060, stack(0x0000000023660000,0x0000000023760000)]
  0x0000000019a64000 JavaThread "URL-Loader-8" daemon [_thread_blocked, id=37476, stack(0x00000000222f0000,0x00000000223f0000)]
  0x0000000019a62000 JavaThread "URL-Loader-7" daemon [_thread_blocked, id=25856, stack(0x00000000221f0000,0x00000000222f0000)]
  0x0000000019a62800 JavaThread "URL-Loader-6" daemon [_thread_blocked, id=36336, stack(0x00000000220f0000,0x00000000221f0000)]
  0x0000000019a5e800 JavaThread "URL-Loader-5" daemon [_thread_blocked, id=20112, stack(0x0000000021ff0000,0x00000000220f0000)]
  0x0000000019a63800 JavaThread "URL-Loader-4" daemon [_thread_blocked, id=22948, stack(0x0000000021ef0000,0x0000000021ff0000)]
  0x0000000019a61000 JavaThread "URL-Loader-3" daemon [_thread_blocked, id=11792, stack(0x0000000021df0000,0x0000000021ef0000)]
  0x0000000019a60800 JavaThread "URL-Loader-2" daemon [_thread_blocked, id=24372, stack(0x0000000021bf0000,0x0000000021cf0000)]
  0x0000000019a5f800 JavaThread "Watchdog-Timer-1" daemon [_thread_blocked, id=23704, stack(0x00000000216b0000,0x00000000217b0000)]
  0x000000001991f800 JavaThread "Keep-Alive-Timer" daemon [_thread_blocked, id=18364, stack(0x00000000215b0000,0x00000000216b0000)]
  0x000000001991e800 JavaThread "URL-Loader-1" daemon [_thread_blocked, id=30940, stack(0x0000000020a70000,0x0000000020b70000)]
  0x000000001991b000 JavaThread "Timer-0" [_thread_blocked, id=35776, stack(0x0000000020970000,0x0000000020a70000)]
  0x0000000019921000 JavaThread "Image Fetcher 1" daemon [_thread_blocked, id=32304, stack(0x0000000020870000,0x0000000020970000)]
  0x000000001991c800 JavaThread "Disposer" daemon [_thread_blocked, id=24472, stack(0x0000000020370000,0x0000000020470000)]
  0x0000000019920000 JavaThread "invokeAndBlock1" [_thread_blocked, id=13572, stack(0x000000001fac0000,0x000000001fbc0000)]
  0x000000001991b800 JavaThread "Network Thread" [_thread_blocked, id=17680, stack(0x000000001f9c0000,0x000000001fac0000)]
  0x000000001991e000 JavaThread "Thread-7" daemon [_thread_in_native, id=24232, stack(0x000000001f8c0000,0x000000001f9c0000)]
=>0x0000000019921800 JavaThread "JavaFX Application Thread" [_thread_in_native, id=35912, stack(0x000000001aef0000,0x000000001aff0000)]
  0x0000000019908000 JavaThread "Thread-6" daemon [_thread_blocked, id=29952, stack(0x000000001adf0000,0x000000001aef0000)]
  0x00000000178f0800 JavaThread "EDT" [_thread_blocked, id=16008, stack(0x0000000019650000,0x0000000019750000)]
  0x0000000017536000 JavaThread "Image Fetcher 0" daemon [_thread_blocked, id=37104, stack(0x0000000018d50000,0x0000000018e50000)]
  0x0000000002ad0800 JavaThread "DestroyJavaVM" [_thread_blocked, id=36072, stack(0x0000000002990000,0x0000000002a90000)]
  0x0000000017476800 JavaThread "Thread-1" [_thread_blocked, id=32864, stack(0x0000000018100000,0x0000000018200000)]
  0x0000000017474000 JavaThread "AWT-EventQueue-0" [_thread_blocked, id=22136, stack(0x0000000017f60000,0x0000000018060000)]
  0x000000001704b000 JavaThread "AWT-Shutdown" [_thread_blocked, id=35944, stack(0x0000000017d60000,0x0000000017e60000)]
  0x0000000017049800 JavaThread "Java2D Disposer" daemon [_thread_blocked, id=21008, stack(0x0000000017c60000,0x0000000017d60000)]
  0x0000000016d49000 JavaThread "Monitor Ctrl-Break" daemon [_thread_in_native, id=19768, stack(0x0000000017250000,0x0000000017350000)]
  0x0000000016cdb000 JavaThread "Service Thread" daemon [_thread_blocked, id=36032, stack(0x0000000017050000,0x0000000017150000)]
  0x0000000015a6a000 JavaThread "C1 CompilerThread2" daemon [_thread_blocked, id=37460, stack(0x0000000016b50000,0x0000000016c50000)]
  0x0000000015a68800 JavaThread "C2 CompilerThread1" daemon [_thread_blocked, id=29328, stack(0x0000000016a50000,0x0000000016b50000)]
  0x0000000015a62800 JavaThread "C2 CompilerThread0" daemon [_thread_blocked, id=28016, stack(0x0000000016950000,0x0000000016a50000)]
  0x0000000015a5f000 JavaThread "Attach Listener" daemon [_thread_blocked, id=17824, stack(0x0000000016850000,0x0000000016950000)]
  0x0000000015a5e000 JavaThread "Signal Dispatcher" daemon [_thread_blocked, id=5488, stack(0x0000000016750000,0x0000000016850000)]
  0x0000000015a5d000 JavaThread "Surrogate Locker Thread (Concurrent GC)" daemon [_thread_blocked, id=31220, stack(0x0000000016650000,0x0000000016750000)]
  0x0000000015a47000 JavaThread "Finalizer" daemon [_thread_blocked, id=34976, stack(0x0000000016470000,0x0000000016570000)]
  0x0000000015a1f000 JavaThread "Reference Handler" daemon [_thread_blocked, id=19568, stack(0x0000000016370000,0x0000000016470000)]

Other Threads:
  0x0000000015a12800 VMThread [stack: 0x0000000016270000,0x0000000016370000] [id=37484]
  0x0000000016ce1800 WatcherThread [stack: 0x0000000017150000,0x0000000017250000] [id=35348]

VM state:not at safepoint (normal execution)

VM Mutex/Monitor currently owned by a thread: None

Heap:
 par new generation   total 39296K, used 5991K [0x00000000d1200000, 0x00000000d3ca0000, 0x00000000e0c00000)
  eden space 34944K,   4% used [0x00000000d1200000, 0x00000000d1399e98, 0x00000000d3420000)
  from space 4352K, 100% used [0x00000000d3860000, 0x00000000d3ca0000, 0x00000000d3ca0000)
  to   space 4352K,   0% used [0x00000000d3420000, 0x00000000d3420000, 0x00000000d3860000)
 concurrent mark-sweep generation total 87424K, used 14021K [0x00000000e0c00000, 0x00000000e6160000, 0x0000000100000000)
 Metaspace       used 28863K, capacity 29654K, committed 29864K, reserved 1075200K
  class space    used 3736K, capacity 3915K, committed 4016K, reserved 1048576K

Card table byte_map: [0x0000000012460000,0x00000000125e0000] byte_map_base: 0x0000000011dd7000

Marking Bits: (CMSBitMap*) 0x0000000002b28d78
 Bits: [0x0000000012b30000, 0x0000000013300000)

Mod Union Table: (CMSBitMap*) 0x0000000002b28e38
 Bits: [0x0000000001240000, 0x000000000125f400)

Polling page: 0x0000000000f70000

CodeCache: size=245760Kb used=7539Kb max_used=7568Kb free=238221Kb
 bounds [0x0000000002ca0000, 0x0000000003410000, 0x0000000011ca0000]
 total_blobs=3226 nmethods=2377 adapters=761
 compilation: enabled

Compilation events (10 events):
Event: 6.328 Thread 0x0000000015a6a000 2689       3       java.util.logging.LogManager$LoggerContext::ensureDefaultLogger (70 bytes)
Event: 6.328 Thread 0x0000000015a6a000 nmethod 2689 0x0000000002e65690 code [0x0000000002e65840, 0x0000000002e660c8]
Event: 6.329 Thread 0x0000000015a6a000 2690       3       java.util.logging.LogManager$LoggerContext::getRootLogger (8 bytes)
Event: 6.329 Thread 0x0000000015a6a000 nmethod 2690 0x0000000002df3b50 code [0x0000000002df3ca0, 0x0000000002df3eb0]
Event: 6.329 Thread 0x0000000015a6a000 2691       3       java.util.logging.LogManager$LoggerContext::getGlobalLogger (6 bytes)
Event: 6.329 Thread 0x0000000015a6a000 nmethod 2691 0x0000000002e65350 code [0x0000000002e654a0, 0x0000000002e655f0]
Event: 6.343 Thread 0x0000000015a6a000 2692       3       java.util.HashMap::clear (50 bytes)
Event: 6.344 Thread 0x0000000015a6a000 nmethod 2692 0x0000000002f6bf10 code [0x0000000002f6c080, 0x0000000002f6c450]
Event: 6.344 Thread 0x0000000015a6a000 2693       3       java.util.TreeSet::add (22 bytes)
Event: 6.344 Thread 0x0000000015a6a000 nmethod 2693 0x0000000002e89510 code [0x0000000002e89680, 0x0000000002e89908]

GC Heap History (10 events):
Event: 2.651 GC heap before
{Heap before GC invocations=2 (full 0):
 par new generation   total 39296K, used 38787K [0x00000000d1200000, 0x00000000d3ca0000, 0x00000000e0c00000)
  eden space 34944K, 100% used [0x00000000d1200000, 0x00000000d3420000, 0x00000000d3420000)
  from space 4352K,  88% used [0x00000000d3420000, 0x00000000d37e0d98, 0x00000000d3860000)
  to   space 4352K,   0% used [0x00000000d3860000, 0x00000000d3860000, 0x00000000d3ca0000)
 concurrent mark-sweep generation total 87424K, used 5470K [0x00000000e0c00000, 0x00000000e6160000, 0x0000000100000000)
 Metaspace       used 11517K, capacity 11780K, committed 12032K, reserved 1060864K
  class space    used 1370K, capacity 1452K, committed 1536K, reserved 1048576K
Event: 2.652 GC heap after
Heap after GC invocations=3 (full 0):
 par new generation   total 39296K, used 1338K [0x00000000d1200000, 0x00000000d3ca0000, 0x00000000e0c00000)
  eden space 34944K,   0% used [0x00000000d1200000, 0x00000000d1200000, 0x00000000d3420000)
  from space 4352K,  30% used [0x00000000d3860000, 0x00000000d39ae838, 0x00000000d3ca0000)
  to   space 4352K,   0% used [0x00000000d3420000, 0x00000000d3420000, 0x00000000d3860000)
 concurrent mark-sweep generation total 87424K, used 6666K [0x00000000e0c00000, 0x00000000e6160000, 0x0000000100000000)
 Metaspace       used 11517K, capacity 11780K, committed 12032K, reserved 1060864K
  class space    used 1370K, capacity 1452K, committed 1536K, reserved 1048576K
}
Event: 2.687 GC heap before
{Heap before GC invocations=3 (full 0):
 par new generation   total 39296K, used 36282K [0x00000000d1200000, 0x00000000d3ca0000, 0x00000000e0c00000)
  eden space 34944K, 100% used [0x00000000d1200000, 0x00000000d3420000, 0x00000000d3420000)
  from space 4352K,  30% used [0x00000000d3860000, 0x00000000d39ae838, 0x00000000d3ca0000)
  to   space 4352K,   0% used [0x00000000d3420000, 0x00000000d3420000, 0x00000000d3860000)
 concurrent mark-sweep generation total 87424K, used 6666K [0x00000000e0c00000, 0x00000000e6160000, 0x0000000100000000)
 Metaspace       used 11517K, capacity 11780K, committed 12032K, reserved 1060864K
  class space    used 1370K, capacity 1452K, committed 1536K, reserved 1048576K
Event: 2.687 GC heap after
Heap after GC invocations=4 (full 0):
 par new generation   total 39296K, used 1187K [0x00000000d1200000, 0x00000000d3ca0000, 0x00000000e0c00000)
  eden space 34944K,   0% used [0x00000000d1200000, 0x00000000d1200000, 0x00000000d3420000)
  from space 4352K,  27% used [0x00000000d3420000, 0x00000000d3548c48, 0x00000000d3860000)
  to   space 4352K,   0% used [0x00000000d3860000, 0x00000000d3860000, 0x00000000d3ca0000)
 concurrent mark-sweep generation total 87424K, used 6666K [0x00000000e0c00000, 0x00000000e6160000, 0x0000000100000000)
 Metaspace       used 11517K, capacity 11780K, committed 12032K, reserved 1060864K
  class space    used 1370K, capacity 1452K, committed 1536K, reserved 1048576K
}
Event: 4.081 GC heap before
{Heap before GC invocations=4 (full 0):
 par new generation   total 39296K, used 36131K [0x00000000d1200000, 0x00000000d3ca0000, 0x00000000e0c00000)
  eden space 34944K, 100% used [0x00000000d1200000, 0x00000000d3420000, 0x00000000d3420000)
  from space 4352K,  27% used [0x00000000d3420000, 0x00000000d3548c48, 0x00000000d3860000)
  to   space 4352K,   0% used [0x00000000d3860000, 0x00000000d3860000, 0x00000000d3ca0000)
 concurrent mark-sweep generation total 87424K, used 6666K [0x00000000e0c00000, 0x00000000e6160000, 0x0000000100000000)
 Metaspace       used 14820K, capacity 15102K, committed 15488K, reserved 1062912K
  class space    used 1771K, capacity 1873K, committed 1920K, reserved 1048576K
Event: 4.084 GC heap after
Heap after GC invocations=5 (full 0):
 par new generation   total 39296K, used 3846K [0x00000000d1200000, 0x00000000d3ca0000, 0x00000000e0c00000)
  eden space 34944K,   0% used [0x00000000d1200000, 0x00000000d1200000, 0x00000000d3420000)
  from space 4352K,  88% used [0x00000000d3860000, 0x00000000d3c21a38, 0x00000000d3ca0000)
  to   space 4352K,   0% used [0x00000000d3420000, 0x00000000d3420000, 0x00000000d3860000)
 concurrent mark-sweep generation total 87424K, used 6666K [0x00000000e0c00000, 0x00000000e6160000, 0x0000000100000000)
 Metaspace       used 14820K, capacity 15102K, committed 15488K, reserved 1062912K
  class space    used 1771K, capacity 1873K, committed 1920K, reserved 1048576K
}
Event: 4.943 GC heap before
{Heap before GC invocations=5 (full 0):
 par new generation   total 39296K, used 38790K [0x00000000d1200000, 0x00000000d3ca0000, 0x00000000e0c00000)
  eden space 34944K, 100% used [0x00000000d1200000, 0x00000000d3420000, 0x00000000d3420000)
  from space 4352K,  88% used [0x00000000d3860000, 0x00000000d3c21a38, 0x00000000d3ca0000)
  to   space 4352K,   0% used [0x00000000d3420000, 0x00000000d3420000, 0x00000000d3860000)
 concurrent mark-sweep generation total 87424K, used 6666K [0x00000000e0c00000, 0x00000000e6160000, 0x0000000100000000)
 Metaspace       used 24599K, capacity 25176K, committed 25204K, reserved 1071104K
  class space    used 3145K, capacity 3278K, committed 3300K, reserved 1048576K
Event: 4.953 GC heap after
Heap after GC invocations=6 (full 0):
 par new generation   total 39296K, used 4352K [0x00000000d1200000, 0x00000000d3ca0000, 0x00000000e0c00000)
  eden space 34944K,   0% used [0x00000000d1200000, 0x00000000d1200000, 0x00000000d3420000)
  from space 4352K, 100% used [0x00000000d3420000, 0x00000000d3860000, 0x00000000d3860000)
  to   space 4352K,   0% used [0x00000000d3860000, 0x00000000d3860000, 0x00000000d3ca0000)
 concurrent mark-sweep generation total 87424K, used 11980K [0x00000000e0c00000, 0x00000000e6160000, 0x0000000100000000)
 Metaspace       used 24599K, capacity 25176K, committed 25204K, reserved 1071104K
  class space    used 3145K, capacity 3278K, committed 3300K, reserved 1048576K
}
Event: 6.300 GC heap before
{Heap before GC invocations=6 (full 1):
 par new generation   total 39296K, used 39296K [0x00000000d1200000, 0x00000000d3ca0000, 0x00000000e0c00000)
  eden space 34944K, 100% used [0x00000000d1200000, 0x00000000d3420000, 0x00000000d3420000)
  from space 4352K, 100% used [0x00000000d3420000, 0x00000000d3860000, 0x00000000d3860000)
  to   space 4352K,   0% used [0x00000000d3860000, 0x00000000d3860000, 0x00000000d3ca0000)
 concurrent mark-sweep generation total 87424K, used 9678K [0x00000000e0c00000, 0x00000000e6160000, 0x0000000100000000)
 Metaspace       used 28786K, capacity 29578K, committed 29864K, reserved 1075200K
  class space    used 3724K, capacity 3913K, committed 4016K, reserved 1048576K
Event: 6.311 GC heap after
Heap after GC invocations=7 (full 1):
 par new generation   total 39296K, used 4352K [0x00000000d1200000, 0x00000000d3ca0000, 0x00000000e0c00000)
  eden space 34944K,   0% used [0x00000000d1200000, 0x00000000d1200000, 0x00000000d3420000)
  from space 4352K, 100% used [0x00000000d3860000, 0x00000000d3ca0000, 0x00000000d3ca0000)
  to   space 4352K,   0% used [0x00000000d3420000, 0x00000000d3420000, 0x00000000d3860000)
 concurrent mark-sweep generation total 87424K, used 14021K [0x00000000e0c00000, 0x00000000e6160000, 0x0000000100000000)
 Metaspace       used 28786K, capacity 29578K, committed 29864K, reserved 1075200K
  class space    used 3724K, capacity 3913K, committed 4016K, reserved 1048576K
}

Deoptimization events (10 events):
Event: 5.212 Thread 0x000000001991e800 Uncommon trap: reason=unstable_if action=reinterpret pc=0x00000000031cc014 method=java.lang.CharacterDataLatin1.digit(II)I @ 82
Event: 5.277 Thread 0x000000001991e800 Uncommon trap: reason=unstable_if action=reinterpret pc=0x0000000002df179c method=java.util.Arrays.equals([B[B)Z @ 41
Event: 5.277 Thread 0x000000001991b800 Uncommon trap: reason=unstable_if action=reinterpret pc=0x0000000002df179c method=java.util.Arrays.equals([B[B)Z @ 41
Event: 5.277 Thread 0x000000001991b800 Uncommon trap: reason=unstable_if action=reinterpret pc=0x0000000002f8bf04 method=java.lang.String.indexOf([CII[CIII)I @ 27
Event: 5.277 Thread 0x000000001991e800 Uncommon trap: reason=unstable_if action=reinterpret pc=0x0000000002f8bf04 method=java.lang.String.indexOf([CII[CIII)I @ 27
Event: 5.302 Thread 0x000000001991b800 Uncommon trap: reason=unstable_if action=reinterpret pc=0x00000000032fbe8c method=java.util.concurrent.ConcurrentHashMap.putVal(Ljava/lang/Object;Ljava/lang/Object;Z)Ljava/lang/Object; @ 98
Event: 5.879 Thread 0x00000000178f0800 Uncommon trap: reason=unstable_if action=reinterpret pc=0x0000000003326734 method=com.codename1.io.JSONParser$ReaderClass.read(Ljava/io/Reader;)I @ 6
Event: 6.025 Thread 0x0000000019a62800 Uncommon trap: reason=predicate action=maybe_recompile pc=0x0000000003201a34 method=java.util.regex.Pattern$SliceI.match(Ljava/util/regex/Matcher;ILjava/lang/CharSequence;)Z @ 21
Event: 6.139 Thread 0x0000000019921800 Uncommon trap: reason=unstable_if action=reinterpret pc=0x0000000002f2b584 method=java.io.WinNTFileSystem.normalize(Ljava/lang/String;)Ljava/lang/String; @ 74
Event: 6.169 Thread 0x000000001991b800 Uncommon trap: reason=unstable_if action=reinterpret pc=0x00000000033a2e00 method=java.io.BufferedInputStream.read1([BII)I @ 29

Internal exceptions (10 events):
Event: 4.642 Thread 0x00000000178f0800 Exception <a 'java/lang/NullPointerException'> (0x00000000d21fbf48) thrown at [C:\re\workspace\8-2-build-windows-amd64-cygwin\jdk8u91\7017\hotspot\src\share\vm\interpreter\linkResolver.cpp, line 1178]
Event: 4.680 Thread 0x0000000019921800 Exception <a 'java/lang/NullPointerException'> (0x00000000d25f8478) thrown at [C:\re\workspace\8-2-build-windows-amd64-cygwin\jdk8u91\7017\hotspot\src\share\vm\interpreter\linkResolver.cpp, line 1178]
Event: 4.680 Thread 0x0000000019921800 Exception <a 'java/lang/NullPointerException'> (0x00000000d25f8478) thrown at [C:\re\workspace\8-2-build-windows-amd64-cygwin\jdk8u91\7017\hotspot\src\share\vm\prims\jvm.cpp, line 1390]
Event: 4.755 Thread 0x00000000178f0800 Implicit null exception at 0x00000000030805d9 to 0x00000000030806ad
Event: 5.124 Thread 0x0000000019921800 Exception <a 'sun/nio/fs/WindowsException'> (0x00000000d1e8aa08) thrown at [C:\re\workspace\8-2-build-windows-amd64-cygwin\jdk8u91\7017\hotspot\src\share\vm\prims\jni.cpp, line 709]
Event: 5.127 Thread 0x0000000019921800 Exception <a 'sun/nio/fs/WindowsException'> (0x00000000d1e8c380) thrown at [C:\re\workspace\8-2-build-windows-amd64-cygwin\jdk8u91\7017\hotspot\src\share\vm\prims\jni.cpp, line 709]
Event: 5.879 Thread 0x00000000178f0800 Implicit null exception at 0x0000000003326653 to 0x000000000332671d
Event: 6.102 Thread 0x0000000019921800 Exception <a 'java/lang/ClassNotFoundException': sun/net/www/protocol/about/Handler> (0x00000000d2aeea10) thrown at [C:\re\workspace\8-2-build-windows-amd64-cygwin\jdk8u91\7017\hotspot\src\share\vm\classfile\systemDictionary.cpp, line 210]
Event: 6.326 Thread 0x00000000178f0800 Exception <a 'java/lang/reflect/InvocationTargetException'> (0x00000000d121b838) thrown at [C:\re\workspace\8-2-build-windows-amd64-cygwin\jdk8u91\7017\hotspot\src\share\vm\runtime\reflection.cpp, line 1092]
Event: 6.329 Thread 0x0000000019a6a000 Exception <a 'java/lang/IllegalStateException'> (0x00000000d129e378) thrown at [C:\re\workspace\8-2-build-windows-amd64-cygwin\jdk8u91\7017\hotspot\src\share\vm\prims\jvm.cpp, line 1390]

Events (10 events):
Event: 6.338 loading class com/sun/javafx/webkit/prism/WCImageDecoderImpl$1
Event: 6.338 loading class com/sun/javafx/webkit/prism/WCImageDecoderImpl$1 done
Event: 6.338 loading class com/sun/javafx/webkit/prism/WCImageDecoderImpl$2
Event: 6.338 loading class com/sun/javafx/webkit/prism/WCImageDecoderImpl$2 done
Event: 6.340 Thread 0x0000000019a6a000 Thread added: 0x0000000019a6a000
Event: 6.342 Thread 0x0000000019a69800 Thread exited: 0x0000000019a69800
Event: 6.344 Thread 0x0000000015a6a000 flushing nmethod 0x0000000002fa4750
Event: 6.350 Executing VM operation: RevokeBias
Event: 6.350 Executing VM operation: RevokeBias done
Event: 6.350 Thread 0x0000000017c4a000 Thread exited: 0x0000000017c4a000


Dynamic libraries:
0x00007ff73dd00000 - 0x00007ff73dd37000 	C:\Program Files\Java\jdk1.8.0_91\bin\java.exe
0x00007ffe8cb40000 - 0x00007ffe8cd01000 	C:\Windows\SYSTEM32\ntdll.dll
0x00007ffe8af30000 - 0x00007ffe8afdd000 	C:\Windows\system32\KERNEL32.DLL
0x00007ffe89bd0000 - 0x00007ffe89db8000 	C:\Windows\system32\KERNELBASE.dll
0x00000000770c0000 - 0x0000000077149000 	C:\Windows\System32\SYSFER.DLL
0x00007ffe8ae80000 - 0x00007ffe8af27000 	C:\Windows\system32\ADVAPI32.dll
0x00007ffe8a2c0000 - 0x00007ffe8a35d000 	C:\Windows\system32\msvcrt.dll
0x00007ffe8a0a0000 - 0x00007ffe8a0fb000 	C:\Windows\system32\sechost.dll
0x00007ffe8ac80000 - 0x00007ffe8ad9c000 	C:\Windows\system32\RPCRT4.dll
0x00007ffe8c930000 - 0x00007ffe8ca86000 	C:\Windows\system32\USER32.dll
0x00007ffe8aae0000 - 0x00007ffe8ac66000 	C:\Windows\system32\GDI32.dll
0x00007ffe78b00000 - 0x00007ffe78d74000 	C:\Windows\WinSxS\amd64_microsoft.windows.common-controls_6595b64144ccf1df_6.0.10586.672_none_a2d6b3cea53ff843\COMCTL32.dll
0x00007ffe8b040000 - 0x00007ffe8b2bd000 	C:\Windows\system32\combase.dll
0x00007ffe89dc0000 - 0x00007ffe89e2a000 	C:\Windows\system32\bcryptPrimitives.dll
0x00007ffe8aa10000 - 0x00007ffe8aa4b000 	C:\Windows\system32\IMM32.DLL
0x0000000076920000 - 0x00000000769f2000 	C:\Program Files\Java\jdk1.8.0_91\jre\bin\msvcr100.dll
0x0000000075fb0000 - 0x0000000076843000 	C:\Program Files\Java\jdk1.8.0_91\jre\bin\server\jvm.dll
0x00007ffe89f40000 - 0x00007ffe89f48000 	C:\Windows\system32\PSAPI.DLL
0x00007ffe87020000 - 0x00007ffe87029000 	C:\Windows\SYSTEM32\WSOCK32.dll
0x00007ffe8aa50000 - 0x00007ffe8aabb000 	C:\Windows\system32\WS2_32.dll
0x00007ffe87680000 - 0x00007ffe876a3000 	C:\Windows\SYSTEM32\WINMM.dll
0x00007ffe88540000 - 0x00007ffe8854a000 	C:\Windows\SYSTEM32\VERSION.dll
0x00007ffe87620000 - 0x00007ffe8764c000 	C:\Windows\SYSTEM32\WINMMBASE.dll
0x00007ffe89ef0000 - 0x00007ffe89f33000 	C:\Windows\system32\cfgmgr32.dll
0x0000000076b20000 - 0x0000000076b2f000 	C:\Program Files\Java\jdk1.8.0_91\jre\bin\verify.dll
0x0000000076af0000 - 0x0000000076b19000 	C:\Program Files\Java\jdk1.8.0_91\jre\bin\java.dll
0x0000000076ad0000 - 0x0000000076ae6000 	C:\Program Files\Java\jdk1.8.0_91\jre\bin\zip.dll
0x00007ffe8b2c0000 - 0x00007ffe8c81c000 	C:\Windows\system32\SHELL32.dll
0x00007ffe892e0000 - 0x00007ffe89925000 	C:\Windows\system32\windows.storage.dll
0x00007ffe8a100000 - 0x00007ffe8a152000 	C:\Windows\system32\shlwapi.dll
0x00007ffe891e0000 - 0x00007ffe891ef000 	C:\Windows\system32\kernel.appcore.dll
0x00007ffe89e30000 - 0x00007ffe89ee5000 	C:\Windows\system32\shcore.dll
0x00007ffe89160000 - 0x00007ffe891ab000 	C:\Windows\system32\powrprof.dll
0x00007ffe891b0000 - 0x00007ffe891c4000 	C:\Windows\system32\profapi.dll
0x00007ffe873b0000 - 0x00007ffe873c0000 	C:\Program Files (x86)\JetBrains\IntelliJ IDEA 2016.3.3\INTELAJ\IntelliJ IDEA 2016.3.3\bin\breakgen64.dll
0x0000000075da0000 - 0x0000000075dba000 	C:\Program Files\Java\jdk1.8.0_91\jre\bin\net.dll
0x00007ffe88a90000 - 0x00007ffe88aec000 	C:\Windows\system32\mswsock.dll
0x0000000075e10000 - 0x0000000075fa8000 	C:\Program Files\Java\jdk1.8.0_91\jre\bin\awt.dll
0x00007ffe8a790000 - 0x00007ffe8a856000 	C:\Windows\system32\OLEAUT32.dll
0x00007ffe87550000 - 0x00007ffe875c9000 	C:\Windows\system32\apphelp.dll
0x00007ffe87850000 - 0x00007ffe878e6000 	C:\Windows\system32\uxtheme.dll
0x00007ffe8a160000 - 0x00007ffe8a2ba000 	C:\Windows\system32\MSCTF.dll
0x00007ffe7f570000 - 0x00007ffe7f613000 	C:\Program Files\Common Files\microsoft shared\ink\tiptsf.dll
0x00007ffe873d0000 - 0x00007ffe873f2000 	C:\Windows\system32\dwmapi.dll
0x00007ffe89f50000 - 0x00007ffe8a093000 	C:\Windows\system32\ole32.dll
0x00007ffe88b40000 - 0x00007ffe88b57000 	C:\Windows\SYSTEM32\CRYPTSP.dll
0x00007ffe887d0000 - 0x00007ffe88804000 	C:\Windows\system32\rsaenh.dll
0x00007ffe88d60000 - 0x00007ffe88d89000 	C:\Windows\SYSTEM32\bcrypt.dll
0x00007ffe88920000 - 0x00007ffe8893f000 	C:\Windows\SYSTEM32\USERENV.dll
0x00007ffe88c60000 - 0x00007ffe88c6b000 	C:\Windows\SYSTEM32\CRYPTBASE.dll
0x00007ffe85620000 - 0x00007ffe85658000 	C:\Windows\SYSTEM32\IPHLPAPI.DLL
0x00007ffe8ae00000 - 0x00007ffe8ae08000 	C:\Windows\system32\NSI.dll
0x00007ffe855c0000 - 0x00007ffe855d6000 	C:\Windows\SYSTEM32\dhcpcsvc6.DLL
0x00007ffe85560000 - 0x00007ffe8557a000 	C:\Windows\SYSTEM32\dhcpcsvc.DLL
0x0000000075d80000 - 0x0000000075d91000 	C:\Program Files\Java\jdk1.8.0_91\jre\bin\nio.dll
0x0000000075dc0000 - 0x0000000075e07000 	C:\Program Files\Java\jdk1.8.0_91\jre\bin\fontmanager.dll
0x0000000075ce0000 - 0x0000000075d22000 	C:\Program Files\Java\jdk1.8.0_91\jre\bin\t2k.dll
0x00007ffe8ca90000 - 0x00007ffe8cb37000 	C:\Windows\system32\clbcatq.dll
0x00007ffe82e50000 - 0x00007ffe82fac000 	C:\Windows\System32\uiautomationcore.dll
0x00007ffe89020000 - 0x00007ffe890b9000 	C:\Windows\SYSTEM32\sxs.dll
0x00007ffe7f8d0000 - 0x00007ffe7f93a000 	C:\Windows\System32\OLEACC.dll
0x00007ffe80c90000 - 0x00007ffe80d41000 	C:\Windows\SYSTEM32\twinapi.dll
0x00007ffe879f0000 - 0x00007ffe87af0000 	C:\Windows\SYSTEM32\twinapi.appcore.dll
0x0000000076c80000 - 0x0000000076cb1000 	C:\Program Files\Java\jdk1.8.0_91\jre\bin\jpeg.dll
0x00007ffe85cc0000 - 0x00007ffe85e71000 	C:\Windows\SYSTEM32\WindowsCodecs.dll
0x00007ffe833e0000 - 0x00007ffe8342a000 	C:\Windows\system32\dataexchange.dll
0x00007ffe83d30000 - 0x00007ffe83fd8000 	C:\Windows\system32\d3d11.dll
0x00007ffe86900000 - 0x00007ffe869e3000 	C:\Windows\system32\dcomp.dll
0x00007ffe86850000 - 0x00007ffe868f2000 	C:\Windows\system32\dxgi.dll
0x00007ffe71820000 - 0x00007ffe7190f000 	C:\Program Files\Java\jdk1.8.0_91\jre\bin\msvcr120.dll
0x00007ffe7e660000 - 0x00007ffe7e706000 	C:\Program Files\Java\jdk1.8.0_91\jre\bin\msvcp120.dll
0x0000000076c50000 - 0x0000000076c73000 	C:\Program Files\Java\jdk1.8.0_91\jre\bin\prism_d3d.dll
0x00007ffe63cc0000 - 0x00007ffe63ed0000 	C:\Windows\system32\d3d9.dll
0x00000000768d0000 - 0x0000000076913000 	C:\Program Files\Java\jdk1.8.0_91\jre\bin\glass.dll
0x00007ffe8c820000 - 0x00007ffe8c92b000 	C:\Windows\system32\COMDLG32.dll
0x00007ffe89250000 - 0x00007ffe892d6000 	C:\Windows\system32\FirewallAPI.dll
0x00007ffe89930000 - 0x00007ffe89947000 	C:\Windows\system32\NETAPI32.dll
0x00007ffe86360000 - 0x00007ffe8636c000 	C:\Windows\SYSTEM32\DAVHLPR.DLL
0x00007ffe87c50000 - 0x00007ffe87c82000 	C:\Windows\SYSTEM32\fwbase.dll
0x0000000073740000 - 0x0000000075cce000 	C:\Program Files\Java\jdk1.8.0_91\jre\bin\jfxwebkit.dll
0x0000000076cf0000 - 0x0000000076d14000 	C:\Program Files\Java\jdk1.8.0_91\jre\bin\sunec.dll
0x0000000076c30000 - 0x0000000076c44000 	C:\Program Files\Java\jdk1.8.0_91\jre\bin\javafx_font.dll
0x00007ffe81410000 - 0x00007ffe8166f000 	C:\Windows\SYSTEM32\dwrite.dll
0x00007ffe733e0000 - 0x00007ffe733f6000 	C:\Windows\system32\napinsp.dll
0x00007ffe73400000 - 0x00007ffe7341a000 	C:\Windows\system32\pnrpnsp.dll
0x00007ffe86dc0000 - 0x00007ffe86dd8000 	C:\Windows\system32\NLAapi.dll
0x00007ffe87940000 - 0x00007ffe879ea000 	C:\Windows\SYSTEM32\DNSAPI.dll
0x00007ffe73420000 - 0x00007ffe7342d000 	C:\Windows\System32\winrnr.dll
0x00007ffe73430000 - 0x00007ffe73445000 	C:\Windows\System32\wshbth.dll
0x00007ffe86230000 - 0x00007ffe86297000 	C:\Windows\System32\fwpuclnt.dll
0x00007ffe84ac0000 - 0x00007ffe84aca000 	C:\Windows\System32\rasadhlp.dll
0x00007ffe85b30000 - 0x00007ffe85cbc000 	C:\Windows\SYSTEM32\dbghelp.dll

VM Arguments:
jvm_args: -Xms128m -Xmx750m -XX:ReservedCodeCacheSize=240m -XX:+UseConcMarkSweepGC -XX:SoftRefLRUPolicyMSPerMB=50 -ea -Dsun.io.useCanonCaches=false -Djava.net.preferIPv4Stack=true -XX:+HeapDumpOnOutOfMemoryError -XX:-OmitStackTraceInFastThrow -Didea.launcher.port=7535 -Didea.launcher.bin.path=C:\Program Files (x86)\JetBrains\IntelliJ IDEA 2016.3.3\INTELAJ\IntelliJ IDEA 2016.3.3\bin -Dfile.encoding=UTF-8 
java_command: com.intellij.rt.execution.application.AppMain com.codename1.impl.javase.Simulator com.hales.os.MyApplication
java_class_path (initial): C:/Users/chales/Desktop/os2\out\production\os2;C:/Users/chales/Desktop/os2\src;C:/Users/chales/Desktop/os2\lib\CodenameOne.jar;C:/Users/chales/Desktop/os2\JavaSE.jar;native/internal_tmp;lib/impl/cls;C:\Program Files (x86)\JetBrains\IntelliJ IDEA 2016.3.3\INTELAJ\IntelliJ IDEA 2016.3.3\lib\idea_rt.jar
Launcher Type: SUN_STANDARD

Environment Variables:
PATH=C:\ProgramData\Oracle\Java\javapath;C:\Windows\system32;C:\Windows;C:\Windows\System32\Wbem;C:\Windows\System32\WindowsPowerShell\v1.0\
USERNAME=chales
OS=Windows_NT
PROCESSOR_IDENTIFIER=Intel64 Family 6 Model 78 Stepping 3, GenuineIntel



---------------  S Y S T E M  ---------------

OS: Windows 10.0 , 64 bit Build 10586 (10.0.10586.589)

CPU:total 4 (2 cores per cpu, 2 threads per core) family 6 model 78 stepping 3, cmov, cx8, fxsr, mmx, sse, sse2, sse3, ssse3, sse4.1, sse4.2, popcnt, avx, avx2, aes, clmul, erms, 3dnowpref, lzcnt, ht, tsc, tscinvbit, bmi1, bmi2, adx

Memory: 4k page, physical 7802196k(3970280k free), swap 13925380k(9483328k free)

vm_info: Java HotSpot(TM) 64-Bit Server VM (25.91-b15) for windows-amd64 JRE (1.8.0_91-b15), built on May 20 2016 17:43:15 by "java_re" with MS VC++ 10.0 (VS2010)

time: Fri Apr 28 01:18:24 2017
elapsed time: 6 seconds (0d 0h 0m 6s)

