#
# A fatal error has been detected by the Java Runtime Environment:
#
#  EXCEPTION_ACCESS_VIOLATION (0xc0000005) at pc=0x0000000074154c9f, pid=31452, tid=37164
#
# JRE version: Java(TM) SE Runtime Environment (8.0_91-b15) (build 1.8.0_91-b15)
# Java VM: Java HotSpot(TM) 64-Bit Server VM (25.91-b15 mixed mode windows-amd64 compressed oops)
# Problematic frame:
# C  [jfxwebkit.dll+0xa14c9f]
#
# Failed to write core dump. Minidumps are not enabled by default on client versions of Windows
#
# If you would like to submit a bug report, please visit:
#   http://bugreport.java.com/bugreport/crash.jsp
# The crash happened outside the Java Virtual Machine in native code.
# See problematic frame for where to report the bug.
#

---------------  T H R E A D  ---------------

Current thread (0x0000000018fe5800):  JavaThread "JavaFX Application Thread" [_thread_in_native, id=37164, stack(0x000000001a5f0000,0x000000001a6f0000)]

siginfo: ExceptionCode=0xc0000005, reading address 0x0000000000000000

Registers:
RAX=0x0000000000000000, RBX=0x0000000020f31700, RCX=0x000000001a6e7ad8, RDX=0x0000000000000000
RSP=0x000000001a6e7ac0, RBP=0x000000001a6e7ce0, RSI=0x0000000000000001, RDI=0x000000001ee9d410
R8 =0x0000000000010002, R9 =0x0000000021bc9320, R10=0x00000000150dbc48, R11=0x000000001a6e7790
R12=0x000000001a6e8f50, R13=0x0000000000000000, R14=0x000000001a6e7f08, R15=0x000000001a6e7c58
RIP=0x0000000074154c9f, EFLAGS=0x0000000000010206

Top of Stack: (sp=0x000000001a6e7ac0)
0x000000001a6e7ac0:   0000000000000000 0000000020f31700
0x000000001a6e7ad0:   0000000000000000 0000000000000000
0x000000001a6e7ae0:   0000000000000000 0000000000000000
0x000000001a6e7af0:   fffffffffffffffe 0000000073fbce4c
0x000000001a6e7b00:   000000001a6e7bb0 00000000740517ed
0x000000001a6e7b10:   0000000021297e90 000000001a3fcc60
0x000000001a6e7b20:   0000000000000000 00010200c2c80000
0x000000001a6e7b30:   0000000000000000 00000000741630af
0x000000001a6e7b40:   000000001a6e7bc0 000000001a6e7c58
0x000000001a6e7b50:   000000001a6e8d30 00007ffe00000000
0x000000001a6e7b60:   0000000000000000 000000001ee80ec8
0x000000001a6e7b70:   00000000006fd43c 0000000073fa2565
0x000000001a6e7b80:   000000001a6e7ef8 000000001a6e7f08
0x000000001a6e7b90:   000000001a6e7ed8 000000001a6e8d30
0x000000001a6e7ba0:   000000001a6e7c58 0000000074162a7b
0x000000001a6e7bb0:   0000000000000000 0000000074084f39 

Instructions: (pc=0x0000000074154c9f)
0x0000000074154c7f:   76 44 48 8b 53 38 48 83 c2 10 48 8b 5a 20 48 83
0x0000000074154c8f:   7b 40 00 75 1e 45 33 c0 48 8b cb e8 41 11 e4 ff
0x0000000074154c9f:   4c 8b 00 ba 20 00 00 00 48 8b c8 41 ff 50 08 48
0x0000000074154caf:   89 43 40 48 8b 43 40 f3 0f 10 40 20 ff 15 4f 9b 


Register to memory mapping:

RAX=0x0000000000000000 is an unknown value
RBX=0x0000000020f31700 is an unknown value
RCX=0x000000001a6e7ad8 is pointing into the stack for thread: 0x0000000018fe5800
RDX=0x0000000000000000 is an unknown value
RSP=0x000000001a6e7ac0 is pointing into the stack for thread: 0x0000000018fe5800
RBP=0x000000001a6e7ce0 is pointing into the stack for thread: 0x0000000018fe5800
RSI=0x0000000000000001 is an unknown value
RDI=0x000000001ee9d410 is an unknown value
R8 =0x0000000000010002 is an unknown value
R9 =0x0000000021bc9320 is an unknown value
R10={method} {0x00000000150dbc50} 'printStackTrace' '()V' in 'java/lang/Throwable'
R11=0x000000001a6e7790 is pointing into the stack for thread: 0x0000000018fe5800
R12=0x000000001a6e8f50 is pointing into the stack for thread: 0x0000000018fe5800
R13=0x0000000000000000 is an unknown value
R14=0x000000001a6e7f08 is pointing into the stack for thread: 0x0000000018fe5800
R15=0x000000001a6e7c58 is pointing into the stack for thread: 0x0000000018fe5800


Stack: [0x000000001a5f0000,0x000000001a6f0000],  sp=0x000000001a6e7ac0,  free space=990k
Native frames: (J=compiled Java code, j=interpreted, Vv=VM code, C=native code)
C  [jfxwebkit.dll+0xa14c9f]
C  [jfxwebkit.dll+0x9117ed]
C  [jfxwebkit.dll+0xa230af]
C  [jfxwebkit.dll+0xa22a7b]
C  [jfxwebkit.dll+0xa21c3b]
C  [jfxwebkit.dll+0xa21b5a]
C  [jfxwebkit.dll+0x92c501]
C  [jfxwebkit.dll+0x92c259]
C  [jfxwebkit.dll+0x92bd6f]
C  [jfxwebkit.dll+0x920200]
C  [jfxwebkit.dll+0x90fb9e]
C  [jfxwebkit.dll+0x90fe96]
C  [jfxwebkit.dll+0x920550]
C  [jfxwebkit.dll+0x90fb9e]
C  [jfxwebkit.dll+0x90fe96]
C  [jfxwebkit.dll+0x920550]
C  [jfxwebkit.dll+0x90fb9e]
C  [jfxwebkit.dll+0x920b5a]
C  [jfxwebkit.dll+0x92119a]
C  [jfxwebkit.dll+0x920212]
C  [jfxwebkit.dll+0x90fb9e]
C  [jfxwebkit.dll+0x920b5a]
C  [jfxwebkit.dll+0x92119a]
C  [jfxwebkit.dll+0x920212]
C  [jfxwebkit.dll+0x90fb9e]
C  [jfxwebkit.dll+0x920b5a]
C  [jfxwebkit.dll+0x92119a]
C  [jfxwebkit.dll+0x920212]
C  [jfxwebkit.dll+0x90fb9e]
C  [jfxwebkit.dll+0x9fdca1]
C  [jfxwebkit.dll+0x829223]
C  [jfxwebkit.dll+0x5a5eb2]
C  [jfxwebkit.dll+0x5a5f8c]
C  [jfxwebkit.dll+0x5b7666]
C  [jfxwebkit.dll+0x1717b3]
C  [jfxwebkit.dll+0x466a47]
C  [jfxwebkit.dll+0xd8a7ed]
C  [jfxwebkit.dll+0xd7ca33]
C  [jfxwebkit.dll+0xd4b423]
C  [jfxwebkit.dll+0xc5127e]
C  [jfxwebkit.dll+0xc4ea76]
C  [jfxwebkit.dll+0xbe1f15]
C  [jfxwebkit.dll+0xc93020]
C  [jfxwebkit.dll+0xd81a7d]
C  [jfxwebkit.dll+0xd4b423]
C  [jfxwebkit.dll+0xc5127e]
C  [jfxwebkit.dll+0xc4e7b3]
C  [jfxwebkit.dll+0xbea9fe]
C  [jfxwebkit.dll+0x461951]
C  [jfxwebkit.dll+0x46e824]
C  [jfxwebkit.dll+0x46e746]
C  [jfxwebkit.dll+0x5ede23]
C  [jfxwebkit.dll+0x5edbe6]
C  [jfxwebkit.dll+0x5f211d]
C  [jfxwebkit.dll+0x8d8543]
C  0x0000000002327f54

Java frames: (J=compiled Java code, j=interpreted, Vv=VM code)
j  com.sun.webkit.Timer.twkFireTimerEvent()V+0
j  com.sun.webkit.Timer.fireTimerEvent(J)V+45
j  com.sun.webkit.Timer.notifyTick()V+25
j  javafx.scene.web.WebEngine$PulseTimer.lambda$static$45()V+3
j  javafx.scene.web.WebEngine$PulseTimer$$Lambda$91.pulse()V+0
j  com.sun.javafx.tk.Toolkit.lambda$runPulse$30(Lcom/sun/javafx/tk/TKPulseListener;)Ljava/lang/Void;+1
j  com.sun.javafx.tk.Toolkit$$Lambda$152.run()Ljava/lang/Object;+4
v  ~StubRoutines::call_stub
J 2152  java.security.AccessController.doPrivileged(Ljava/security/PrivilegedAction;Ljava/security/AccessControlContext;)Ljava/lang/Object; (0 bytes) @ 0x0000000002947b66 [0x0000000002947b00+0x66]
j  com.sun.javafx.tk.Toolkit.runPulse(Lcom/sun/javafx/tk/TKPulseListener;Ljava/security/AccessControlContext;)V+21
j  com.sun.javafx.tk.Toolkit.firePulse()V+191
j  com.sun.javafx.tk.quantum.QuantumToolkit.pulse(Z)V+97
j  com.sun.javafx.tk.quantum.QuantumToolkit.pulse()V+2
j  com.sun.javafx.tk.quantum.QuantumToolkit.lambda$runToolkit$404()V+1
j  com.sun.javafx.tk.quantum.QuantumToolkit$$Lambda$60.run()V+4
j  com.sun.glass.ui.InvokeLaterDispatcher$Future.run()V+4
v  ~StubRoutines::call_stub
j  com.sun.glass.ui.win.WinApplication._runLoop(Ljava/lang/Runnable;)V+0
j  com.sun.glass.ui.win.WinApplication.lambda$null$148(ILjava/lang/Runnable;)V+8
j  com.sun.glass.ui.win.WinApplication$$Lambda$56.run()V+12
j  java.lang.Thread.run()V+11
v  ~StubRoutines::call_stub

---------------  P R O C E S S  ---------------

Java Threads: ( => current thread )
  0x00000000190c8800 JavaThread "Prism Font Disposer" daemon [_thread_blocked, id=36752, stack(0x0000000023770000,0x0000000023870000)]
  0x00000000190c5000 JavaThread "URL-Loader-8" daemon [_thread_blocked, id=32536, stack(0x00000000219f0000,0x0000000021af0000)]
  0x00000000190c8000 JavaThread "URL-Loader-7" daemon [_thread_blocked, id=14180, stack(0x00000000218f0000,0x00000000219f0000)]
  0x00000000190c9800 JavaThread "URL-Loader-6" daemon [_thread_blocked, id=26176, stack(0x00000000217f0000,0x00000000218f0000)]
  0x00000000190c5800 JavaThread "URL-Loader-5" daemon [_thread_blocked, id=35000, stack(0x00000000216f0000,0x00000000217f0000)]
  0x00000000190cb800 JavaThread "URL-Loader-4" daemon [_thread_blocked, id=20444, stack(0x00000000215f0000,0x00000000216f0000)]
  0x00000000190ca000 JavaThread "URL-Loader-3" daemon [_thread_blocked, id=3416, stack(0x00000000214f0000,0x00000000215f0000)]
  0x00000000190c7000 JavaThread "URL-Loader-2" daemon [_thread_blocked, id=14428, stack(0x00000000212f0000,0x00000000213f0000)]
  0x00000000190cb000 JavaThread "Watchdog-Timer-1" daemon [_thread_blocked, id=33456, stack(0x0000000020db0000,0x0000000020eb0000)]
  0x0000000018fe3800 JavaThread "Keep-Alive-Timer" daemon [_thread_blocked, id=37196, stack(0x0000000020cb0000,0x0000000020db0000)]
  0x0000000018fea000 JavaThread "URL-Loader-1" daemon [_thread_blocked, id=34392, stack(0x0000000020170000,0x0000000020270000)]
  0x0000000018fe8800 JavaThread "Timer-0" [_thread_blocked, id=33060, stack(0x0000000020070000,0x0000000020170000)]
  0x0000000018fe7000 JavaThread "Image Fetcher 1" daemon [_thread_blocked, id=15764, stack(0x000000001ff70000,0x0000000020070000)]
  0x0000000018fe9800 JavaThread "Disposer" daemon [_thread_blocked, id=34836, stack(0x000000001fa70000,0x000000001fb70000)]
  0x0000000018fe6800 JavaThread "invokeAndBlock1" [_thread_blocked, id=30596, stack(0x000000001f1c0000,0x000000001f2c0000)]
  0x0000000018fe8000 JavaThread "Network Thread" [_thread_blocked, id=33796, stack(0x000000001f0c0000,0x000000001f1c0000)]
  0x0000000018fe4000 JavaThread "Thread-7" daemon [_thread_in_native, id=36236, stack(0x000000001efc0000,0x000000001f0c0000)]
=>0x0000000018fe5800 JavaThread "JavaFX Application Thread" [_thread_in_native, id=37164, stack(0x000000001a5f0000,0x000000001a6f0000)]
  0x0000000017207800 JavaThread "Thread-6" daemon [_thread_blocked, id=9428, stack(0x000000001a4f0000,0x000000001a5f0000)]
  0x0000000016e0a800 JavaThread "EDT" [_thread_blocked, id=20072, stack(0x0000000018de0000,0x0000000018ee0000)]
  0x0000000016d5c000 JavaThread "Image Fetcher 0" daemon [_thread_blocked, id=32728, stack(0x00000000184e0000,0x00000000185e0000)]
  0x0000000002210800 JavaThread "DestroyJavaVM" [_thread_blocked, id=37780, stack(0x0000000002110000,0x0000000002210000)]
  0x0000000016ba4800 JavaThread "Thread-1" [_thread_blocked, id=35956, stack(0x0000000017890000,0x0000000017990000)]
  0x00000000165c6800 JavaThread "AWT-EventQueue-0" [_thread_blocked, id=36824, stack(0x0000000017790000,0x0000000017890000)]
  0x00000000165c3800 JavaThread "AWT-Shutdown" [_thread_blocked, id=36540, stack(0x0000000017400000,0x0000000017500000)]
  0x00000000165c3000 JavaThread "Java2D Disposer" daemon [_thread_blocked, id=6696, stack(0x0000000017300000,0x0000000017400000)]
  0x00000000163b7000 JavaThread "Monitor Ctrl-Break" daemon [_thread_in_native, id=36576, stack(0x00000000168a0000,0x00000000169a0000)]
  0x00000000150be800 JavaThread "Service Thread" daemon [_thread_blocked, id=36848, stack(0x00000000166a0000,0x00000000167a0000)]
  0x00000000150ba000 JavaThread "C1 CompilerThread2" daemon [_thread_blocked, id=32236, stack(0x00000000161a0000,0x00000000162a0000)]
  0x00000000150b9000 JavaThread "C2 CompilerThread1" daemon [_thread_blocked, id=31604, stack(0x00000000160a0000,0x00000000161a0000)]
  0x00000000150b2800 JavaThread "C2 CompilerThread0" daemon [_thread_blocked, id=22300, stack(0x0000000015fa0000,0x00000000160a0000)]
  0x00000000150af000 JavaThread "Attach Listener" daemon [_thread_blocked, id=35632, stack(0x0000000015ea0000,0x0000000015fa0000)]
  0x00000000150ae000 JavaThread "Signal Dispatcher" daemon [_thread_blocked, id=34808, stack(0x0000000015da0000,0x0000000015ea0000)]
  0x00000000150ad000 JavaThread "Surrogate Locker Thread (Concurrent GC)" daemon [_thread_blocked, id=24948, stack(0x0000000015ca0000,0x0000000015da0000)]
  0x0000000015097000 JavaThread "Finalizer" daemon [_thread_blocked, id=36080, stack(0x0000000015ac0000,0x0000000015bc0000)]
  0x000000001506f000 JavaThread "Reference Handler" daemon [_thread_blocked, id=13508, stack(0x00000000159c0000,0x0000000015ac0000)]

Other Threads:
  0x0000000015062800 VMThread [stack: 0x00000000158c0000,0x00000000159c0000] [id=22264]
  0x0000000016359800 WatcherThread [stack: 0x00000000167a0000,0x00000000168a0000] [id=23644]

VM state:not at safepoint (normal execution)

VM Mutex/Monitor currently owned by a thread: None

Heap:
 par new generation   total 39296K, used 35741K [0x00000000d1200000, 0x00000000d3ca0000, 0x00000000e0c00000)
  eden space 34944K,  89% used [0x00000000d1200000, 0x00000000d30a7510, 0x00000000d3420000)
  from space 4352K, 100% used [0x00000000d3420000, 0x00000000d3860000, 0x00000000d3860000)
  to   space 4352K,   0% used [0x00000000d3860000, 0x00000000d3860000, 0x00000000d3ca0000)
 concurrent mark-sweep generation total 87424K, used 8485K [0x00000000e0c00000, 0x00000000e6160000, 0x0000000100000000)
 Metaspace       used 28603K, capacity 29406K, committed 29584K, reserved 1075200K
  class space    used 3720K, capacity 3919K, committed 3984K, reserved 1048576K

Card table byte_map: [0x0000000011ad0000,0x0000000011c50000] byte_map_base: 0x0000000011447000

Marking Bits: (CMSBitMap*) 0x0000000002268e18
 Bits: [0x00000000121a0000, 0x0000000012970000)

Mod Union Table: (CMSBitMap*) 0x0000000002268ed8
 Bits: [0x0000000002000000, 0x000000000201f400)

Polling page: 0x0000000000920000

CodeCache: size=245760Kb used=7214Kb max_used=7214Kb free=238546Kb
 bounds [0x0000000002310000, 0x0000000002a30000, 0x0000000011310000]
 total_blobs=3157 nmethods=2317 adapters=752
 compilation: enabled

Compilation events (10 events):
Event: 6.227 Thread 0x00000000150ba000 nmethod 2619 0x0000000002a1fb50 code [0x0000000002a1fca0, 0x0000000002a1fe70]
Event: 6.227 Thread 0x00000000150b2800 2620       4       com.sun.javafx.font.FontFileReader$Buffer::getChar (45 bytes)
Event: 6.227 Thread 0x00000000150ba000 2617       3       com.sun.javafx.font.CompositeGlyphMapper::getGlyphCode (42 bytes)
Event: 6.228 Thread 0x00000000150ba000 nmethod 2617 0x0000000002a1bf90 code [0x0000000002a1c160, 0x0000000002a1c888]
Event: 6.228 Thread 0x00000000150ba000 2621   !   3       java.nio.charset.CharsetEncoder::encode (285 bytes)
Event: 6.228 Thread 0x00000000150b2800 nmethod 2620 0x0000000002a1ded0 code [0x0000000002a1e000, 0x0000000002a1e0d8]
Event: 6.229 Thread 0x00000000150b9000 nmethod 2615 0x0000000002a24410 code [0x0000000002a24580, 0x0000000002a24a98]
Event: 6.229 Thread 0x00000000150ba000 nmethod 2621 0x0000000002a222d0 code [0x0000000002a225a0, 0x0000000002a23b78]
Event: 6.229 Thread 0x00000000150ba000 2622   !   3       java.io.PrintStream::newLine (73 bytes)
Event: 6.230 Thread 0x00000000150ba000 nmethod 2622 0x0000000002a20f90 code [0x0000000002a211a0, 0x0000000002a21bb8]

GC Heap History (10 events):
Event: 2.627 GC heap before
{Heap before GC invocations=1 (full 0):
 par new generation   total 39296K, used 37252K [0x00000000d1200000, 0x00000000d3ca0000, 0x00000000e0c00000)
  eden space 34944K, 100% used [0x00000000d1200000, 0x00000000d3420000, 0x00000000d3420000)
  from space 4352K,  53% used [0x00000000d3860000, 0x00000000d3aa1368, 0x00000000d3ca0000)
  to   space 4352K,   0% used [0x00000000d3420000, 0x00000000d3420000, 0x00000000d3860000)
 concurrent mark-sweep generation total 87424K, used 0K [0x00000000e0c00000, 0x00000000e6160000, 0x0000000100000000)
 Metaspace       used 11519K, capacity 11780K, committed 12032K, reserved 1060864K
  class space    used 1374K, capacity 1452K, committed 1536K, reserved 1048576K
Event: 2.635 GC heap after
Heap after GC invocations=2 (full 0):
 par new generation   total 39296K, used 3839K [0x00000000d1200000, 0x00000000d3ca0000, 0x00000000e0c00000)
  eden space 34944K,   0% used [0x00000000d1200000, 0x00000000d1200000, 0x00000000d3420000)
  from space 4352K,  88% used [0x00000000d3420000, 0x00000000d37dff38, 0x00000000d3860000)
  to   space 4352K,   0% used [0x00000000d3860000, 0x00000000d3860000, 0x00000000d3ca0000)
 concurrent mark-sweep generation total 87424K, used 5470K [0x00000000e0c00000, 0x00000000e6160000, 0x0000000100000000)
 Metaspace       used 11519K, capacity 11780K, committed 12032K, reserved 1060864K
  class space    used 1374K, capacity 1452K, committed 1536K, reserved 1048576K
}
Event: 2.671 GC heap before
{Heap before GC invocations=2 (full 0):
 par new generation   total 39296K, used 38783K [0x00000000d1200000, 0x00000000d3ca0000, 0x00000000e0c00000)
  eden space 34944K, 100% used [0x00000000d1200000, 0x00000000d3420000, 0x00000000d3420000)
  from space 4352K,  88% used [0x00000000d3420000, 0x00000000d37dff38, 0x00000000d3860000)
  to   space 4352K,   0% used [0x00000000d3860000, 0x00000000d3860000, 0x00000000d3ca0000)
 concurrent mark-sweep generation total 87424K, used 5470K [0x00000000e0c00000, 0x00000000e6160000, 0x0000000100000000)
 Metaspace       used 11519K, capacity 11780K, committed 12032K, reserved 1060864K
  class space    used 1374K, capacity 1452K, committed 1536K, reserved 1048576K
Event: 2.673 GC heap after
Heap after GC invocations=3 (full 0):
 par new generation   total 39296K, used 1237K [0x00000000d1200000, 0x00000000d3ca0000, 0x00000000e0c00000)
  eden space 34944K,   0% used [0x00000000d1200000, 0x00000000d1200000, 0x00000000d3420000)
  from space 4352K,  28% used [0x00000000d3860000, 0x00000000d39954b0, 0x00000000d3ca0000)
  to   space 4352K,   0% used [0x00000000d3420000, 0x00000000d3420000, 0x00000000d3860000)
 concurrent mark-sweep generation total 87424K, used 6666K [0x00000000e0c00000, 0x00000000e6160000, 0x0000000100000000)
 Metaspace       used 11519K, capacity 11780K, committed 12032K, reserved 1060864K
  class space    used 1374K, capacity 1452K, committed 1536K, reserved 1048576K
}
Event: 2.706 GC heap before
{Heap before GC invocations=3 (full 0):
 par new generation   total 39296K, used 36181K [0x00000000d1200000, 0x00000000d3ca0000, 0x00000000e0c00000)
  eden space 34944K, 100% used [0x00000000d1200000, 0x00000000d3420000, 0x00000000d3420000)
  from space 4352K,  28% used [0x00000000d3860000, 0x00000000d39954b0, 0x00000000d3ca0000)
  to   space 4352K,   0% used [0x00000000d3420000, 0x00000000d3420000, 0x00000000d3860000)
 concurrent mark-sweep generation total 87424K, used 6666K [0x00000000e0c00000, 0x00000000e6160000, 0x0000000100000000)
 Metaspace       used 11519K, capacity 11780K, committed 12032K, reserved 1060864K
  class space    used 1374K, capacity 1452K, committed 1536K, reserved 1048576K
Event: 2.707 GC heap after
Heap after GC invocations=4 (full 0):
 par new generation   total 39296K, used 1161K [0x00000000d1200000, 0x00000000d3ca0000, 0x00000000e0c00000)
  eden space 34944K,   0% used [0x00000000d1200000, 0x00000000d1200000, 0x00000000d3420000)
  from space 4352K,  26% used [0x00000000d3420000, 0x00000000d3542760, 0x00000000d3860000)
  to   space 4352K,   0% used [0x00000000d3860000, 0x00000000d3860000, 0x00000000d3ca0000)
 concurrent mark-sweep generation total 87424K, used 6666K [0x00000000e0c00000, 0x00000000e6160000, 0x0000000100000000)
 Metaspace       used 11519K, capacity 11780K, committed 12032K, reserved 1060864K
  class space    used 1374K, capacity 1452K, committed 1536K, reserved 1048576K
}
Event: 4.106 GC heap before
{Heap before GC invocations=4 (full 0):
 par new generation   total 39296K, used 36105K [0x00000000d1200000, 0x00000000d3ca0000, 0x00000000e0c00000)
  eden space 34944K, 100% used [0x00000000d1200000, 0x00000000d3420000, 0x00000000d3420000)
  from space 4352K,  26% used [0x00000000d3420000, 0x00000000d3542760, 0x00000000d3860000)
  to   space 4352K,   0% used [0x00000000d3860000, 0x00000000d3860000, 0x00000000d3ca0000)
 concurrent mark-sweep generation total 87424K, used 6666K [0x00000000e0c00000, 0x00000000e6160000, 0x0000000100000000)
 Metaspace       used 14813K, capacity 15102K, committed 15488K, reserved 1062912K
  class space    used 1771K, capacity 1873K, committed 1920K, reserved 1048576K
Event: 4.109 GC heap after
Heap after GC invocations=5 (full 0):
 par new generation   total 39296K, used 3843K [0x00000000d1200000, 0x00000000d3ca0000, 0x00000000e0c00000)
  eden space 34944K,   0% used [0x00000000d1200000, 0x00000000d1200000, 0x00000000d3420000)
  from space 4352K,  88% used [0x00000000d3860000, 0x00000000d3c20dc0, 0x00000000d3ca0000)
  to   space 4352K,   0% used [0x00000000d3420000, 0x00000000d3420000, 0x00000000d3860000)
 concurrent mark-sweep generation total 87424K, used 6666K [0x00000000e0c00000, 0x00000000e6160000, 0x0000000100000000)
 Metaspace       used 14813K, capacity 15102K, committed 15488K, reserved 1062912K
  class space    used 1771K, capacity 1873K, committed 1920K, reserved 1048576K
}
Event: 4.973 GC heap before
{Heap before GC invocations=5 (full 0):
 par new generation   total 39296K, used 38787K [0x00000000d1200000, 0x00000000d3ca0000, 0x00000000e0c00000)
  eden space 34944K, 100% used [0x00000000d1200000, 0x00000000d3420000, 0x00000000d3420000)
  from space 4352K,  88% used [0x00000000d3860000, 0x00000000d3c20dc0, 0x00000000d3ca0000)
  to   space 4352K,   0% used [0x00000000d3420000, 0x00000000d3420000, 0x00000000d3860000)
 concurrent mark-sweep generation total 87424K, used 6666K [0x00000000e0c00000, 0x00000000e6160000, 0x0000000100000000)
 Metaspace       used 24634K, capacity 25212K, committed 25280K, reserved 1071104K
  class space    used 3150K, capacity 3310K, committed 3344K, reserved 1048576K
Event: 4.984 GC heap after
Heap after GC invocations=6 (full 0):
 par new generation   total 39296K, used 4352K [0x00000000d1200000, 0x00000000d3ca0000, 0x00000000e0c00000)
  eden space 34944K,   0% used [0x00000000d1200000, 0x00000000d1200000, 0x00000000d3420000)
  from space 4352K, 100% used [0x00000000d3420000, 0x00000000d3860000, 0x00000000d3860000)
  to   space 4352K,   0% used [0x00000000d3860000, 0x00000000d3860000, 0x00000000d3ca0000)
 concurrent mark-sweep generation total 87424K, used 10787K [0x00000000e0c00000, 0x00000000e6160000, 0x0000000100000000)
 Metaspace       used 24634K, capacity 25212K, committed 25280K, reserved 1071104K
  class space    used 3150K, capacity 3310K, committed 3344K, reserved 1048576K
}

Deoptimization events (10 events):
Event: 5.338 Thread 0x0000000018fe8000 Uncommon trap: reason=unstable_if action=reinterpret pc=0x000000000247265c method=java.util.Arrays.equals([B[B)Z @ 41
Event: 5.338 Thread 0x0000000018fea000 Uncommon trap: reason=unstable_if action=reinterpret pc=0x000000000247265c method=java.util.Arrays.equals([B[B)Z @ 41
Event: 5.338 Thread 0x0000000018fe8000 Uncommon trap: reason=unstable_if action=reinterpret pc=0x00000000025fab80 method=java.lang.String.indexOf([CII[CIII)I @ 27
Event: 5.338 Thread 0x0000000018fea000 Uncommon trap: reason=unstable_if action=reinterpret pc=0x00000000025fab80 method=java.lang.String.indexOf([CII[CIII)I @ 27
Event: 5.360 Thread 0x0000000018fe8000 Uncommon trap: reason=unstable_if action=reinterpret pc=0x000000000281840c method=java.util.regex.Pattern$Start.match(Ljava/util/regex/Matcher;ILjava/lang/CharSequence;)Z @ 10
Event: 5.360 Thread 0x0000000018fea000 Uncommon trap: reason=unstable_if action=reinterpret pc=0x000000000281840c method=java.util.regex.Pattern$Start.match(Ljava/util/regex/Matcher;ILjava/lang/CharSequence;)Z @ 10
Event: 5.670 Thread 0x0000000016e0a800 Uncommon trap: reason=unstable_if action=reinterpret pc=0x000000000263425c method=java.lang.CharacterDataLatin1.digit(II)I @ 60
Event: 6.041 Thread 0x00000000190c9800 Uncommon trap: reason=predicate action=maybe_recompile pc=0x0000000002821cf4 method=java.util.regex.Pattern$SliceI.match(Ljava/util/regex/Matcher;ILjava/lang/CharSequence;)Z @ 21
Event: 6.125 Thread 0x0000000016e0a800 Uncommon trap: reason=unstable_if action=reinterpret pc=0x0000000002988774 method=com.codename1.io.JSONParser$ReaderClass.read(Ljava/io/Reader;)I @ 6
Event: 6.210 Thread 0x0000000018fe5800 Uncommon trap: reason=unstable_if action=reinterpret pc=0x000000000259d684 method=java.io.WinNTFileSystem.normalize(Ljava/lang/String;)Ljava/lang/String; @ 74

Internal exceptions (10 events):
Event: 4.663 Thread 0x0000000016e0a800 Exception <a 'java/lang/NullPointerException'> (0x00000000d23e8d88) thrown at [C:\re\workspace\8-2-build-windows-amd64-cygwin\jdk8u91\7017\hotspot\src\share\vm\interpreter\linkResolver.cpp, line 1178]
Event: 4.701 Thread 0x0000000018fe5800 Exception <a 'java/lang/NullPointerException'> (0x00000000d25f6910) thrown at [C:\re\workspace\8-2-build-windows-amd64-cygwin\jdk8u91\7017\hotspot\src\share\vm\interpreter\linkResolver.cpp, line 1178]
Event: 4.701 Thread 0x0000000018fe5800 Exception <a 'java/lang/NullPointerException'> (0x00000000d25f6910) thrown at [C:\re\workspace\8-2-build-windows-amd64-cygwin\jdk8u91\7017\hotspot\src\share\vm\prims\jvm.cpp, line 1390]
Event: 4.788 Thread 0x0000000016e0a800 Implicit null exception at 0x00000000026e74d9 to 0x00000000026e75ad
Event: 5.139 Thread 0x0000000018fe5800 Exception <a 'sun/nio/fs/WindowsException'> (0x00000000d1d09ae0) thrown at [C:\re\workspace\8-2-build-windows-amd64-cygwin\jdk8u91\7017\hotspot\src\share\vm\prims\jni.cpp, line 709]
Event: 5.141 Thread 0x0000000018fe5800 Exception <a 'sun/nio/fs/WindowsException'> (0x00000000d1d0b458) thrown at [C:\re\workspace\8-2-build-windows-amd64-cygwin\jdk8u91\7017\hotspot\src\share\vm\prims\jni.cpp, line 709]
Event: 6.125 Thread 0x0000000016e0a800 Implicit null exception at 0x0000000002988693 to 0x000000000298875d
Event: 6.172 Thread 0x0000000018fe5800 Exception <a 'java/lang/ClassNotFoundException': sun/net/www/protocol/about/Handler> (0x00000000d2b1cbc0) thrown at [C:\re\workspace\8-2-build-windows-amd64-cygwin\jdk8u91\7017\hotspot\src\share\vm\classfile\systemDictionary.cpp, line 210]
Event: 6.173 Thread 0x0000000016e0a800 Exception <a 'java/lang/reflect/InvocationTargetException'> (0x00000000d2eb7878) thrown at [C:\re\workspace\8-2-build-windows-amd64-cygwin\jdk8u91\7017\hotspot\src\share\vm\runtime\reflection.cpp, line 1092]
Event: 6.184 Thread 0x00000000190c6800 Exception <a 'java/lang/IllegalStateException'> (0x00000000d2f812d8) thrown at [C:\re\workspace\8-2-build-windows-amd64-cygwin\jdk8u91\7017\hotspot\src\share\vm\prims\jvm.cpp, line 1390]

Events (10 events):
Event: 6.225 loading class com/sun/javafx/font/directwrite/D2D1_COLOR_F
Event: 6.225 loading class com/sun/javafx/font/directwrite/D2D1_COLOR_F done
Event: 6.225 loading class com/sun/javafx/font/directwrite/D2D1_MATRIX_3X2_F
Event: 6.225 loading class com/sun/javafx/font/directwrite/D2D1_MATRIX_3X2_F done
Event: 6.225 loading class com/sun/javafx/font/directwrite/RECT
Event: 6.225 loading class com/sun/javafx/font/directwrite/RECT done
Event: 6.225 loading class com/sun/javafx/font/directwrite/DWRITE_GLYPH_RUN
Event: 6.225 loading class com/sun/javafx/font/directwrite/DWRITE_GLYPH_RUN done
Event: 6.225 loading class com/sun/javafx/font/directwrite/DWRITE_GLYPH_METRICS
Event: 6.225 loading class com/sun/javafx/font/directwrite/DWRITE_GLYPH_METRICS done


Dynamic libraries:
0x00007ff73dd00000 - 0x00007ff73dd37000 	C:\Program Files\Java\jdk1.8.0_91\bin\java.exe
0x00007ffe8cb40000 - 0x00007ffe8cd01000 	C:\Windows\SYSTEM32\ntdll.dll
0x00007ffe8af30000 - 0x00007ffe8afdd000 	C:\Windows\system32\KERNEL32.DLL
0x00007ffe89bd0000 - 0x00007ffe89db8000 	C:\Windows\system32\KERNELBASE.dll
0x00000000770c0000 - 0x0000000077149000 	C:\Windows\System32\SYSFER.DLL
0x00007ffe8ae80000 - 0x00007ffe8af27000 	C:\Windows\system32\ADVAPI32.dll
0x00007ffe8a2c0000 - 0x00007ffe8a35d000 	C:\Windows\system32\msvcrt.dll
0x00007ffe8a0a0000 - 0x00007ffe8a0fb000 	C:\Windows\system32\sechost.dll
0x00007ffe8ac80000 - 0x00007ffe8ad9c000 	C:\Windows\system32\RPCRT4.dll
0x00007ffe8c930000 - 0x00007ffe8ca86000 	C:\Windows\system32\USER32.dll
0x00007ffe8aae0000 - 0x00007ffe8ac66000 	C:\Windows\system32\GDI32.dll
0x00007ffe78b00000 - 0x00007ffe78d74000 	C:\Windows\WinSxS\amd64_microsoft.windows.common-controls_6595b64144ccf1df_6.0.10586.672_none_a2d6b3cea53ff843\COMCTL32.dll
0x00007ffe8b040000 - 0x00007ffe8b2bd000 	C:\Windows\system32\combase.dll
0x00007ffe89dc0000 - 0x00007ffe89e2a000 	C:\Windows\system32\bcryptPrimitives.dll
0x00007ffe8aa10000 - 0x00007ffe8aa4b000 	C:\Windows\system32\IMM32.DLL
0x0000000076920000 - 0x00000000769f2000 	C:\Program Files\Java\jdk1.8.0_91\jre\bin\msvcr100.dll
0x0000000075fb0000 - 0x0000000076843000 	C:\Program Files\Java\jdk1.8.0_91\jre\bin\server\jvm.dll
0x00007ffe89f40000 - 0x00007ffe89f48000 	C:\Windows\system32\PSAPI.DLL
0x00007ffe87020000 - 0x00007ffe87029000 	C:\Windows\SYSTEM32\WSOCK32.dll
0x00007ffe8aa50000 - 0x00007ffe8aabb000 	C:\Windows\system32\WS2_32.dll
0x00007ffe87680000 - 0x00007ffe876a3000 	C:\Windows\SYSTEM32\WINMM.dll
0x00007ffe88540000 - 0x00007ffe8854a000 	C:\Windows\SYSTEM32\VERSION.dll
0x00007ffe87620000 - 0x00007ffe8764c000 	C:\Windows\SYSTEM32\WINMMBASE.dll
0x00007ffe89ef0000 - 0x00007ffe89f33000 	C:\Windows\system32\cfgmgr32.dll
0x0000000076b20000 - 0x0000000076b2f000 	C:\Program Files\Java\jdk1.8.0_91\jre\bin\verify.dll
0x0000000076af0000 - 0x0000000076b19000 	C:\Program Files\Java\jdk1.8.0_91\jre\bin\java.dll
0x0000000076ad0000 - 0x0000000076ae6000 	C:\Program Files\Java\jdk1.8.0_91\jre\bin\zip.dll
0x00007ffe8b2c0000 - 0x00007ffe8c81c000 	C:\Windows\system32\SHELL32.dll
0x00007ffe892e0000 - 0x00007ffe89925000 	C:\Windows\system32\windows.storage.dll
0x00007ffe8a100000 - 0x00007ffe8a152000 	C:\Windows\system32\shlwapi.dll
0x00007ffe891e0000 - 0x00007ffe891ef000 	C:\Windows\system32\kernel.appcore.dll
0x00007ffe89e30000 - 0x00007ffe89ee5000 	C:\Windows\system32\shcore.dll
0x00007ffe89160000 - 0x00007ffe891ab000 	C:\Windows\system32\powrprof.dll
0x00007ffe891b0000 - 0x00007ffe891c4000 	C:\Windows\system32\profapi.dll
0x00007ffe87430000 - 0x00007ffe87440000 	C:\Program Files (x86)\JetBrains\IntelliJ IDEA 2016.3.3\INTELAJ\IntelliJ IDEA 2016.3.3\bin\breakgen64.dll
0x0000000075da0000 - 0x0000000075dba000 	C:\Program Files\Java\jdk1.8.0_91\jre\bin\net.dll
0x00007ffe88a90000 - 0x00007ffe88aec000 	C:\Windows\system32\mswsock.dll
0x0000000075e10000 - 0x0000000075fa8000 	C:\Program Files\Java\jdk1.8.0_91\jre\bin\awt.dll
0x00007ffe8a790000 - 0x00007ffe8a856000 	C:\Windows\system32\OLEAUT32.dll
0x00007ffe87550000 - 0x00007ffe875c9000 	C:\Windows\system32\apphelp.dll
0x00007ffe87850000 - 0x00007ffe878e6000 	C:\Windows\system32\uxtheme.dll
0x00007ffe8a160000 - 0x00007ffe8a2ba000 	C:\Windows\system32\MSCTF.dll
0x00007ffe7f570000 - 0x00007ffe7f613000 	C:\Program Files\Common Files\microsoft shared\ink\tiptsf.dll
0x00007ffe873d0000 - 0x00007ffe873f2000 	C:\Windows\system32\dwmapi.dll
0x00007ffe89f50000 - 0x00007ffe8a093000 	C:\Windows\system32\ole32.dll
0x00007ffe88b40000 - 0x00007ffe88b57000 	C:\Windows\SYSTEM32\CRYPTSP.dll
0x00007ffe887d0000 - 0x00007ffe88804000 	C:\Windows\system32\rsaenh.dll
0x00007ffe88d60000 - 0x00007ffe88d89000 	C:\Windows\SYSTEM32\bcrypt.dll
0x00007ffe88920000 - 0x00007ffe8893f000 	C:\Windows\SYSTEM32\USERENV.dll
0x00007ffe88c60000 - 0x00007ffe88c6b000 	C:\Windows\SYSTEM32\CRYPTBASE.dll
0x00007ffe85620000 - 0x00007ffe85658000 	C:\Windows\SYSTEM32\IPHLPAPI.DLL
0x00007ffe8ae00000 - 0x00007ffe8ae08000 	C:\Windows\system32\NSI.dll
0x00007ffe855c0000 - 0x00007ffe855d6000 	C:\Windows\SYSTEM32\dhcpcsvc6.DLL
0x00007ffe85560000 - 0x00007ffe8557a000 	C:\Windows\SYSTEM32\dhcpcsvc.DLL
0x0000000075d80000 - 0x0000000075d91000 	C:\Program Files\Java\jdk1.8.0_91\jre\bin\nio.dll
0x0000000075dc0000 - 0x0000000075e07000 	C:\Program Files\Java\jdk1.8.0_91\jre\bin\fontmanager.dll
0x0000000075ce0000 - 0x0000000075d22000 	C:\Program Files\Java\jdk1.8.0_91\jre\bin\t2k.dll
0x00007ffe8ca90000 - 0x00007ffe8cb37000 	C:\Windows\system32\clbcatq.dll
0x00007ffe82e50000 - 0x00007ffe82fac000 	C:\Windows\System32\uiautomationcore.dll
0x00007ffe89020000 - 0x00007ffe890b9000 	C:\Windows\SYSTEM32\sxs.dll
0x00007ffe7f8d0000 - 0x00007ffe7f93a000 	C:\Windows\System32\OLEACC.dll
0x00007ffe80c90000 - 0x00007ffe80d41000 	C:\Windows\SYSTEM32\twinapi.dll
0x00007ffe879f0000 - 0x00007ffe87af0000 	C:\Windows\SYSTEM32\twinapi.appcore.dll
0x0000000076c80000 - 0x0000000076cb1000 	C:\Program Files\Java\jdk1.8.0_91\jre\bin\jpeg.dll
0x00007ffe85cc0000 - 0x00007ffe85e71000 	C:\Windows\SYSTEM32\WindowsCodecs.dll
0x00007ffe833e0000 - 0x00007ffe8342a000 	C:\Windows\system32\dataexchange.dll
0x00007ffe83d30000 - 0x00007ffe83fd8000 	C:\Windows\system32\d3d11.dll
0x00007ffe86900000 - 0x00007ffe869e3000 	C:\Windows\system32\dcomp.dll
0x00007ffe86850000 - 0x00007ffe868f2000 	C:\Windows\system32\dxgi.dll
0x00007ffe71820000 - 0x00007ffe7190f000 	C:\Program Files\Java\jdk1.8.0_91\jre\bin\msvcr120.dll
0x00007ffe7e660000 - 0x00007ffe7e706000 	C:\Program Files\Java\jdk1.8.0_91\jre\bin\msvcp120.dll
0x0000000076c50000 - 0x0000000076c73000 	C:\Program Files\Java\jdk1.8.0_91\jre\bin\prism_d3d.dll
0x00007ffe63cc0000 - 0x00007ffe63ed0000 	C:\Windows\system32\d3d9.dll
0x00000000768d0000 - 0x0000000076913000 	C:\Program Files\Java\jdk1.8.0_91\jre\bin\glass.dll
0x00007ffe8c820000 - 0x00007ffe8c92b000 	C:\Windows\system32\COMDLG32.dll
0x00007ffe89250000 - 0x00007ffe892d6000 	C:\Windows\system32\FirewallAPI.dll
0x00007ffe89930000 - 0x00007ffe89947000 	C:\Windows\system32\NETAPI32.dll
0x00007ffe86360000 - 0x00007ffe8636c000 	C:\Windows\SYSTEM32\DAVHLPR.DLL
0x00007ffe87c50000 - 0x00007ffe87c82000 	C:\Windows\SYSTEM32\fwbase.dll
0x0000000073740000 - 0x0000000075cce000 	C:\Program Files\Java\jdk1.8.0_91\jre\bin\jfxwebkit.dll
0x0000000076cf0000 - 0x0000000076d14000 	C:\Program Files\Java\jdk1.8.0_91\jre\bin\sunec.dll
0x0000000076c30000 - 0x0000000076c44000 	C:\Program Files\Java\jdk1.8.0_91\jre\bin\javafx_font.dll
0x00007ffe81410000 - 0x00007ffe8166f000 	C:\Windows\SYSTEM32\dwrite.dll
0x00007ffe733e0000 - 0x00007ffe733f6000 	C:\Windows\system32\napinsp.dll
0x00007ffe73400000 - 0x00007ffe7341a000 	C:\Windows\system32\pnrpnsp.dll
0x00007ffe86dc0000 - 0x00007ffe86dd8000 	C:\Windows\system32\NLAapi.dll
0x00007ffe87940000 - 0x00007ffe879ea000 	C:\Windows\SYSTEM32\DNSAPI.dll
0x00007ffe73420000 - 0x00007ffe7342d000 	C:\Windows\System32\winrnr.dll
0x00007ffe73430000 - 0x00007ffe73445000 	C:\Windows\System32\wshbth.dll
0x00007ffe86230000 - 0x00007ffe86297000 	C:\Windows\System32\fwpuclnt.dll
0x00007ffe84ac0000 - 0x00007ffe84aca000 	C:\Windows\System32\rasadhlp.dll
0x00007ffe85b30000 - 0x00007ffe85cbc000 	C:\Windows\SYSTEM32\dbghelp.dll

VM Arguments:
jvm_args: -Xms128m -Xmx750m -XX:ReservedCodeCacheSize=240m -XX:+UseConcMarkSweepGC -XX:SoftRefLRUPolicyMSPerMB=50 -ea -Dsun.io.useCanonCaches=false -Djava.net.preferIPv4Stack=true -XX:+HeapDumpOnOutOfMemoryError -XX:-OmitStackTraceInFastThrow -Didea.launcher.port=7532 -Didea.launcher.bin.path=C:\Program Files (x86)\JetBrains\IntelliJ IDEA 2016.3.3\INTELAJ\IntelliJ IDEA 2016.3.3\bin -Dfile.encoding=UTF-8 
java_command: com.intellij.rt.execution.application.AppMain com.codename1.impl.javase.Simulator com.hales.os.MyApplication
java_class_path (initial): C:/Users/chales/Desktop/os2\out\production\os2;C:/Users/chales/Desktop/os2\src;C:/Users/chales/Desktop/os2\lib\CodenameOne.jar;C:/Users/chales/Desktop/os2\JavaSE.jar;native/internal_tmp;lib/impl/cls;C:\Program Files (x86)\JetBrains\IntelliJ IDEA 2016.3.3\INTELAJ\IntelliJ IDEA 2016.3.3\lib\idea_rt.jar
Launcher Type: SUN_STANDARD

Environment Variables:
PATH=C:\ProgramData\Oracle\Java\javapath;C:\Windows\system32;C:\Windows;C:\Windows\System32\Wbem;C:\Windows\System32\WindowsPowerShell\v1.0\
USERNAME=chales
OS=Windows_NT
PROCESSOR_IDENTIFIER=Intel64 Family 6 Model 78 Stepping 3, GenuineIntel



---------------  S Y S T E M  ---------------

OS: Windows 10.0 , 64 bit Build 10586 (10.0.10586.589)

CPU:total 4 (2 cores per cpu, 2 threads per core) family 6 model 78 stepping 3, cmov, cx8, fxsr, mmx, sse, sse2, sse3, ssse3, sse4.1, sse4.2, popcnt, avx, avx2, aes, clmul, erms, 3dnowpref, lzcnt, ht, tsc, tscinvbit, bmi1, bmi2, adx

Memory: 4k page, physical 7802196k(4052336k free), swap 13925380k(9667512k free)

vm_info: Java HotSpot(TM) 64-Bit Server VM (25.91-b15) for windows-amd64 JRE (1.8.0_91-b15), built on May 20 2016 17:43:15 by "java_re" with MS VC++ 10.0 (VS2010)

time: Fri Apr 28 00:49:39 2017
elapsed time: 6 seconds (0d 0h 0m 6s)

