#
# A fatal error has been detected by the Java Runtime Environment:
#
#  EXCEPTION_ACCESS_VIOLATION (0xc0000005) at pc=0x00000000740848c9, pid=28800, tid=34000
#
# JRE version: Java(TM) SE Runtime Environment (8.0_91-b15) (build 1.8.0_91-b15)
# Java VM: Java HotSpot(TM) 64-Bit Server VM (25.91-b15 mixed mode windows-amd64 compressed oops)
# Problematic frame:
# C  [jfxwebkit.dll+0xb948c9]
#
# Failed to write core dump. Minidumps are not enabled by default on client versions of Windows
#
# If you would like to submit a bug report, please visit:
#   http://bugreport.java.com/bugreport/crash.jsp
# The crash happened outside the Java Virtual Machine in native code.
# See problematic frame for where to report the bug.
#

---------------  T H R E A D  ---------------

Current thread (0x0000000019cf6000):  JavaThread "JavaFX Application Thread" [_thread_in_native, id=34000, stack(0x000000001cf80000,0x000000001d080000)]

siginfo: ExceptionCode=0xc0000005, writing address 0x00000000bbadbeef

Registers:
RAX=0x0000000000000000, RBX=0x0000000000000000, RCX=0x6e81217babef0000, RDX=0x0000000000000002
RSP=0x000000001d07d060, RBP=0x000000001d07d169, RSI=0x000000034246fc10, RDI=0x000000026f838040
R8 =0x000000001d07cb60, R9 =0x00007ffe79040000, R10=0x0000000000000000, R11=0x0000000000000200
R12=0x000000000d2c37bd, R13=0x000000000d2c37bd, R14=0x00000000107745ad, R15=0x000000026f838040
RIP=0x00000000740848c9, EFLAGS=0x0000000000010246

Top of Stack: (sp=0x000000001d07d060)
0x000000001d07d060:   0000000000000000 000000026f81f340
0x000000001d07d070:   000000004ac84000 0000000000000000
0x000000001d07d080:   0000000000000000 0000000073f4a422
0x000000001d07d090:   000000004b3d387a 000000004aae7800
0x000000001d07d0a0:   0000000000000000 0000000000000000
0x000000001d07d0b0:   000000000d2c37be 0000000000000010
0x000000001d07d0c0:   0000000000000000 0000000000000000
0x000000001d07d0d0:   0000000000000000 00000000107745ad
0x000000001d07d0e0:   0000000000000000 000000026f838040
0x000000001d07d0f0:   0d2c37bd0d2c37bd 0000000000000000
0x000000001d07d100:   4aae74004ac84000 4400000044000000
0x000000001d07d110:   0000000000000000 4b3d387a4b1aa092
0x000000001d07d120:   0000000000000000 00007ffe8cb60abd
0x000000001d07d130:   000000001d07d5a8 0000000027a69930
0x000000001d07d140:   fffffffffffffffe 0000000000000000
0x000000001d07d150:   0000000000000000 0000000000000000 

Instructions: (pc=0x00000000740848c9)
0x00000000740848a9:   83 c4 20 5b c3 cc cc 48 83 ec 28 48 8b 05 f5 bb
0x00000000740848b9:   8c 01 48 85 c0 74 02 ff d0 e8 a9 07 00 00 33 c0
0x00000000740848c9:   a3 ef be ad bb 00 00 00 00 48 83 c4 28 48 ff e0
0x00000000740848d9:   cc cc cc cc cc cc cc 48 83 ec 28 48 8b 05 c5 bb 


Register to memory mapping:

RAX=0x0000000000000000 is an unknown value
RBX=0x0000000000000000 is an unknown value
RCX=0x6e81217babef0000 is an unknown value
RDX=0x0000000000000002 is an unknown value
RSP=0x000000001d07d060 is pointing into the stack for thread: 0x0000000019cf6000
RBP=0x000000001d07d169 is pointing into the stack for thread: 0x0000000019cf6000
RSI=0x000000034246fc10 is an unknown value
RDI=0x000000026f838040 is an unknown value
R8 =0x000000001d07cb60 is pointing into the stack for thread: 0x0000000019cf6000
R9 =0x00007ffe79040000 is an unknown value
R10=0x0000000000000000 is an unknown value
R11=0x0000000000000200 is an unknown value
R12=0x000000000d2c37bd is an unknown value
R13=0x000000000d2c37bd is an unknown value
R14=0x00000000107745ad is an unknown value
R15=0x000000026f838040 is an unknown value


Stack: [0x000000001cf80000,0x000000001d080000],  sp=0x000000001d07d060,  free space=1012k
Native frames: (J=compiled Java code, j=interpreted, Vv=VM code, C=native code)
C  [jfxwebkit.dll+0xb948c9]
C  [jfxwebkit.dll+0xa5a422]
C  [jfxwebkit.dll+0xa5b326]
C  [jfxwebkit.dll+0xa549a2]
C  [jfxwebkit.dll+0xa53aa6]
C  [jfxwebkit.dll+0xa53b07]
C  [jfxwebkit.dll+0xa53b07]
C  [jfxwebkit.dll+0xa53b07]
C  [jfxwebkit.dll+0xa53b07]
C  [jfxwebkit.dll+0xa53b07]
C  [jfxwebkit.dll+0xa53b07]
C  [jfxwebkit.dll+0x9a3713]
C  [jfxwebkit.dll+0x827a74]
C  [jfxwebkit.dll+0x829fad]
C  [jfxwebkit.dll+0x8c773f]
C  [jfxwebkit.dll+0x8aa6e6]
C  [jfxwebkit.dll+0x86ed96]
C  [jfxwebkit.dll+0xa56ba8]
C  [jfxwebkit.dll+0xa59dd0]
C  [jfxwebkit.dll+0xa5b376]
C  [jfxwebkit.dll+0xa549a2]
C  [jfxwebkit.dll+0x8aa9f0]
C  0x0000000002eb7f54

Java frames: (J=compiled Java code, j=interpreted, Vv=VM code)
j  com.sun.webkit.WebPage.twkPrePaint(J)V+0
j  com.sun.webkit.WebPage.updateDirty(Lcom/sun/webkit/graphics/WCRectangle;)V+117
j  com.sun.webkit.WebPage.updateContent(Lcom/sun/webkit/graphics/WCRectangle;)V+48
j  com.sun.javafx.sg.prism.web.NGWebView.update()V+68
j  javafx.scene.web.WebView.handleStagePulse()V+78
j  javafx.scene.web.WebView.lambda$new$29()V+1
j  javafx.scene.web.WebView$$Lambda$106.pulse()V+4
J 3832 C1 com.sun.javafx.tk.Toolkit$$Lambda$152.run()Ljava/lang/Object; (8 bytes) @ 0x00000000039073cc [0x0000000003907280+0x14c]
v  ~StubRoutines::call_stub
J 2199  java.security.AccessController.doPrivileged(Ljava/security/PrivilegedAction;Ljava/security/AccessControlContext;)Ljava/lang/Object; (0 bytes) @ 0x00000000030e1626 [0x00000000030e15c0+0x66]
J 3575 C1 com.sun.javafx.tk.Toolkit.runPulse(Lcom/sun/javafx/tk/TKPulseListener;Ljava/security/AccessControlContext;)V (26 bytes) @ 0x000000000387bc54 [0x000000000387b7e0+0x474]
j  com.sun.javafx.tk.Toolkit.firePulse()V+129
j  com.sun.javafx.tk.quantum.QuantumToolkit.pulse(Z)V+97
j  com.sun.javafx.tk.quantum.QuantumToolkit.pulse()V+2
j  com.sun.javafx.tk.quantum.QuantumToolkit.lambda$runToolkit$404()V+1
j  com.sun.javafx.tk.quantum.QuantumToolkit$$Lambda$60.run()V+4
J 3155 C1 com.sun.glass.ui.InvokeLaterDispatcher$Future.run()V (91 bytes) @ 0x00000000037669cc [0x00000000037668c0+0x10c]
v  ~StubRoutines::call_stub
j  com.sun.glass.ui.win.WinApplication._runLoop(Ljava/lang/Runnable;)V+0
j  com.sun.glass.ui.win.WinApplication.lambda$null$148(ILjava/lang/Runnable;)V+8
j  com.sun.glass.ui.win.WinApplication$$Lambda$56.run()V+12
j  java.lang.Thread.run()V+11
v  ~StubRoutines::call_stub

---------------  P R O C E S S  ---------------

Java Threads: ( => current thread )
  0x000000001bc4b000 JavaThread "Prism Font Disposer" daemon [_thread_blocked, id=23368, stack(0x0000000026200000,0x0000000026300000)]
  0x000000001bc4e000 JavaThread "Watchdog-Timer-1" daemon [_thread_blocked, id=34592, stack(0x0000000023840000,0x0000000023940000)]
  0x0000000019cf3800 JavaThread "Timer-0" [_thread_blocked, id=24072, stack(0x0000000022af0000,0x0000000022bf0000)]
  0x0000000019cf2000 JavaThread "Disposer" daemon [_thread_blocked, id=29052, stack(0x00000000224f0000,0x00000000225f0000)]
  0x0000000019cf5000 JavaThread "invokeAndBlock1" [_thread_blocked, id=23644, stack(0x0000000021c40000,0x0000000021d40000)]
  0x0000000019cef000 JavaThread "Network Thread" [_thread_blocked, id=29780, stack(0x0000000021b40000,0x0000000021c40000)]
  0x0000000019cf3000 JavaThread "Thread-7" daemon [_thread_in_native, id=32920, stack(0x0000000021a40000,0x0000000021b40000)]
=>0x0000000019cf6000 JavaThread "JavaFX Application Thread" [_thread_in_native, id=34000, stack(0x000000001cf80000,0x000000001d080000)]
  0x0000000019ce9800 JavaThread "Thread-6" daemon [_thread_blocked, id=29160, stack(0x000000001ce80000,0x000000001cf80000)]
  0x0000000019cca800 JavaThread "QuantumRenderer-0" daemon [_thread_blocked, id=33660, stack(0x000000001cd80000,0x000000001ce80000)]
  0x0000000019a9f000 JavaThread "EDT" [_thread_blocked, id=34068, stack(0x000000001b830000,0x000000001b930000)]
  0x0000000002da0800 JavaThread "DestroyJavaVM" [_thread_blocked, id=32408, stack(0x0000000002bd0000,0x0000000002cd0000)]
  0x00000000191e0800 JavaThread "Thread-1" [_thread_blocked, id=3228, stack(0x000000001a2e0000,0x000000001a3e0000)]
  0x000000001965b000 JavaThread "AWT-EventQueue-0" [_thread_blocked, id=28964, stack(0x000000001a110000,0x000000001a210000)]
  0x0000000019659800 JavaThread "AWT-Windows" daemon [_thread_in_native, id=24432, stack(0x000000001a010000,0x000000001a110000)]
  0x0000000019658800 JavaThread "AWT-Shutdown" [_thread_blocked, id=34292, stack(0x0000000019f10000,0x000000001a010000)]
  0x00000000190f1800 JavaThread "Java2D Disposer" daemon [_thread_blocked, id=34036, stack(0x0000000019e10000,0x0000000019f10000)]
  0x0000000018ece800 JavaThread "Monitor Ctrl-Break" daemon [_thread_in_native, id=30140, stack(0x0000000019400000,0x0000000019500000)]
  0x0000000018e25800 JavaThread "Service Thread" daemon [_thread_blocked, id=33416, stack(0x0000000019200000,0x0000000019300000)]
  0x0000000017594800 JavaThread "C1 CompilerThread2" daemon [_thread_blocked, id=34168, stack(0x0000000018d00000,0x0000000018e00000)]
  0x0000000017591000 JavaThread "C2 CompilerThread1" daemon [_thread_blocked, id=32308, stack(0x0000000018c00000,0x0000000018d00000)]
  0x000000001758e000 JavaThread "C2 CompilerThread0" daemon [_thread_blocked, id=33528, stack(0x0000000018b00000,0x0000000018c00000)]
  0x000000001758c000 JavaThread "Attach Listener" daemon [_thread_blocked, id=33064, stack(0x0000000018a00000,0x0000000018b00000)]
  0x0000000017588800 JavaThread "Signal Dispatcher" daemon [_thread_blocked, id=33560, stack(0x0000000018900000,0x0000000018a00000)]
  0x000000001757a800 JavaThread "Finalizer" daemon [_thread_blocked, id=34120, stack(0x0000000018800000,0x0000000018900000)]
  0x0000000002e8f000 JavaThread "Reference Handler" daemon [_thread_blocked, id=31368, stack(0x0000000018700000,0x0000000018800000)]

Other Threads:
  0x0000000017558000 VMThread [stack: 0x0000000018600000,0x0000000018700000] [id=23192]
  0x0000000018e42800 WatcherThread [stack: 0x0000000019300000,0x0000000019400000] [id=28352]

VM state:not at safepoint (normal execution)

VM Mutex/Monitor currently owned by a thread: None

Heap:
 PSYoungGen      total 134144K, used 48482K [0x00000000d8500000, 0x00000000e7900000, 0x0000000100000000)
  eden space 122880K, 30% used [0x00000000d8500000,0x00000000da95c340,0x00000000dfd00000)
  from space 11264K, 99% used [0x00000000dfd00000,0x00000000e07fc4e0,0x00000000e0800000)
  to   space 16896K, 0% used [0x00000000e6880000,0x00000000e6880000,0x00000000e7900000)
 ParOldGen       total 54784K, used 17187K [0x0000000088e00000, 0x000000008c380000, 0x00000000d8500000)
  object space 54784K, 31% used [0x0000000088e00000,0x0000000089ec8fe0,0x000000008c380000)
 Metaspace       used 31325K, capacity 32268K, committed 32384K, reserved 1077248K
  class space    used 3943K, capacity 4186K, committed 4224K, reserved 1048576K

Card table byte_map: [0x0000000012260000,0x0000000012620000] byte_map_base: 0x0000000011e19000

Marking Bits: (ParMarkBitMap*) 0x0000000076972f70
 Begin Bits: [0x0000000012ca0000, 0x0000000014a68000)
 End Bits:   [0x0000000014a68000, 0x0000000016830000)

Polling page: 0x0000000000ff0000

CodeCache: size=245760Kb used=12701Kb max_used=12703Kb free=233058Kb
 bounds [0x0000000002ea0000, 0x0000000003b20000, 0x0000000011ea0000]
 total_blobs=4861 nmethods=3976 adapters=796
 compilation: enabled

Compilation events (10 events):
Event: 24.977 Thread 0x0000000017594800 nmethod 4468 0x0000000003467e90 code [0x0000000003467fe0, 0x00000000034680f0]
Event: 24.977 Thread 0x0000000017594800 4469       3       java.awt.Component::processEvent (220 bytes)
Event: 24.977 Thread 0x0000000017594800 nmethod 4469 0x0000000003b10610 code [0x0000000003b108c0, 0x0000000003b12228]
Event: 24.987 Thread 0x0000000017591000 4470       4       sun.awt.SunHints$Value::hashCode (5 bytes)
Event: 24.987 Thread 0x0000000017591000 nmethod 4470 0x000000000370b2d0 code [0x000000000370b420, 0x000000000370b4c8]
Event: 25.010 Thread 0x000000001758e000 nmethod 4467 0x0000000003b19290 code [0x0000000003b19460, 0x0000000003b1ab70]
Event: 25.017 Thread 0x0000000017594800 4471       3       com.codename1.ui.plaf.LookAndFeel::getVerticalScrollWidth (39 bytes)
Event: 25.018 Thread 0x0000000017594800 nmethod 4471 0x0000000003b0f950 code [0x0000000003b0fb40, 0x0000000003b10138]
Event: 25.050 Thread 0x0000000017594800 4472       3       java.awt.LightweightDispatcher::processMouseEvent (286 bytes)
Event: 25.052 Thread 0x0000000017594800 nmethod 4472 0x0000000003b165d0 code [0x0000000003b16940, 0x0000000003b18738]

GC Heap History (10 events):
Event: 2.756 GC heap before
{Heap before GC invocations=4 (full 0):
 PSYoungGen      total 35840K, used 35825K [0x00000000d8500000, 0x00000000dcb00000, 0x0000000100000000)
  eden space 30720K, 100% used [0x00000000d8500000,0x00000000da300000,0x00000000da300000)
  from space 5120K, 99% used [0x00000000da300000,0x00000000da7fc4a0,0x00000000da800000)
  to   space 5120K, 0% used [0x00000000dc600000,0x00000000dc600000,0x00000000dcb00000)
 ParOldGen       total 81920K, used 5050K [0x0000000088e00000, 0x000000008de00000, 0x00000000d8500000)
  object space 81920K, 6% used [0x0000000088e00000,0x00000000892eebe0,0x000000008de00000)
 Metaspace       used 11478K, capacity 11780K, committed 12032K, reserved 1060864K
  class space    used 1364K, capacity 1452K, committed 1536K, reserved 1048576K
Event: 2.759 GC heap after
Heap after GC invocations=4 (full 0):
 PSYoungGen      total 66560K, used 5105K [0x00000000d8500000, 0x00000000dcb00000, 0x0000000100000000)
  eden space 61440K, 0% used [0x00000000d8500000,0x00000000d8500000,0x00000000dc100000)
  from space 5120K, 99% used [0x00000000dc600000,0x00000000dcafc4a0,0x00000000dcb00000)
  to   space 5120K, 0% used [0x00000000dc100000,0x00000000dc100000,0x00000000dc600000)
 ParOldGen       total 81920K, used 5058K [0x0000000088e00000, 0x000000008de00000, 0x00000000d8500000)
  object space 81920K, 6% used [0x0000000088e00000,0x00000000892f0be0,0x000000008de00000)
 Metaspace       used 11478K, capacity 11780K, committed 12032K, reserved 1060864K
  class space    used 1364K, capacity 1452K, committed 1536K, reserved 1048576K
}
Event: 4.575 GC heap before
{Heap before GC invocations=5 (full 0):
 PSYoungGen      total 66560K, used 66545K [0x00000000d8500000, 0x00000000dcb00000, 0x0000000100000000)
  eden space 61440K, 100% used [0x00000000d8500000,0x00000000dc100000,0x00000000dc100000)
  from space 5120K, 99% used [0x00000000dc600000,0x00000000dcafc4a0,0x00000000dcb00000)
  to   space 5120K, 0% used [0x00000000dc100000,0x00000000dc100000,0x00000000dc600000)
 ParOldGen       total 81920K, used 5058K [0x0000000088e00000, 0x000000008de00000, 0x00000000d8500000)
  object space 81920K, 6% used [0x0000000088e00000,0x00000000892f0be0,0x000000008de00000)
 Metaspace       used 15355K, capacity 15582K, committed 15744K, reserved 1062912K
  class space    used 1822K, capacity 1905K, committed 1920K, reserved 1048576K
Event: 4.581 GC heap after
Heap after GC invocations=5 (full 0):
 PSYoungGen      total 66560K, used 5118K [0x00000000d8500000, 0x00000000e1500000, 0x0000000100000000)
  eden space 61440K, 0% used [0x00000000d8500000,0x00000000d8500000,0x00000000dc100000)
  from space 5120K, 99% used [0x00000000dc100000,0x00000000dc5ff8d8,0x00000000dc600000)
  to   space 12288K, 0% used [0x00000000e0900000,0x00000000e0900000,0x00000000e1500000)
 ParOldGen       total 81920K, used 10735K [0x0000000088e00000, 0x000000008de00000, 0x00000000d8500000)
  object space 81920K, 13% used [0x0000000088e00000,0x000000008987bc60,0x000000008de00000)
 Metaspace       used 15355K, capacity 15582K, committed 15744K, reserved 1062912K
  class space    used 1822K, capacity 1905K, committed 1920K, reserved 1048576K
}
Event: 4.957 GC heap before
{Heap before GC invocations=6 (full 0):
 PSYoungGen      total 66560K, used 22010K [0x00000000d8500000, 0x00000000e1500000, 0x0000000100000000)
  eden space 61440K, 27% used [0x00000000d8500000,0x00000000d957f1a8,0x00000000dc100000)
  from space 5120K, 99% used [0x00000000dc100000,0x00000000dc5ff8d8,0x00000000dc600000)
  to   space 12288K, 0% used [0x00000000e0900000,0x00000000e0900000,0x00000000e1500000)
 ParOldGen       total 81920K, used 10735K [0x0000000088e00000, 0x000000008de00000, 0x00000000d8500000)
  object space 81920K, 13% used [0x0000000088e00000,0x000000008987bc60,0x000000008de00000)
 Metaspace       used 20639K, capacity 21088K, committed 21248K, reserved 1067008K
  class space    used 2594K, capacity 2724K, committed 2816K, reserved 1048576K
Event: 4.962 GC heap after
Heap after GC invocations=6 (full 0):
 PSYoungGen      total 133120K, used 6510K [0x00000000d8500000, 0x00000000e1300000, 0x0000000100000000)
  eden space 122880K, 0% used [0x00000000d8500000,0x00000000d8500000,0x00000000dfd00000)
  from space 10240K, 63% used [0x00000000e0900000,0x00000000e0f5b908,0x00000000e1300000)
  to   space 11264K, 0% used [0x00000000dfd00000,0x00000000dfd00000,0x00000000e0800000)
 ParOldGen       total 81920K, used 10743K [0x0000000088e00000, 0x000000008de00000, 0x00000000d8500000)
  object space 81920K, 13% used [0x0000000088e00000,0x000000008987dc60,0x000000008de00000)
 Metaspace       used 20639K, capacity 21088K, committed 21248K, reserved 1067008K
  class space    used 2594K, capacity 2724K, committed 2816K, reserved 1048576K
}
Event: 4.962 GC heap before
{Heap before GC invocations=7 (full 1):
 PSYoungGen      total 133120K, used 6510K [0x00000000d8500000, 0x00000000e1300000, 0x0000000100000000)
  eden space 122880K, 0% used [0x00000000d8500000,0x00000000d8500000,0x00000000dfd00000)
  from space 10240K, 63% used [0x00000000e0900000,0x00000000e0f5b908,0x00000000e1300000)
  to   space 11264K, 0% used [0x00000000dfd00000,0x00000000dfd00000,0x00000000e0800000)
 ParOldGen       total 81920K, used 10743K [0x0000000088e00000, 0x000000008de00000, 0x00000000d8500000)
  object space 81920K, 13% used [0x0000000088e00000,0x000000008987dc60,0x000000008de00000)
 Metaspace       used 20639K, capacity 21088K, committed 21248K, reserved 1067008K
  class space    used 2594K, capacity 2724K, committed 2816K, reserved 1048576K
Event: 4.992 GC heap after
Heap after GC invocations=7 (full 1):
 PSYoungGen      total 133120K, used 0K [0x00000000d8500000, 0x00000000e1300000, 0x0000000100000000)
  eden space 122880K, 0% used [0x00000000d8500000,0x00000000d8500000,0x00000000dfd00000)
  from space 10240K, 0% used [0x00000000e0900000,0x00000000e0900000,0x00000000e1300000)
  to   space 11264K, 0% used [0x00000000dfd00000,0x00000000dfd00000,0x00000000e0800000)
 ParOldGen       total 54784K, used 9952K [0x0000000088e00000, 0x000000008c380000, 0x00000000d8500000)
  object space 54784K, 18% used [0x0000000088e00000,0x00000000897b8170,0x000000008c380000)
 Metaspace       used 20639K, capacity 21088K, committed 21248K, reserved 1067008K
  class space    used 2594K, capacity 2724K, committed 2816K, reserved 1048576K
}
Event: 7.757 GC heap before
{Heap before GC invocations=8 (full 1):
 PSYoungGen      total 133120K, used 122880K [0x00000000d8500000, 0x00000000e1300000, 0x0000000100000000)
  eden space 122880K, 100% used [0x00000000d8500000,0x00000000dfd00000,0x00000000dfd00000)
  from space 10240K, 0% used [0x00000000e0900000,0x00000000e0900000,0x00000000e1300000)
  to   space 11264K, 0% used [0x00000000dfd00000,0x00000000dfd00000,0x00000000e0800000)
 ParOldGen       total 54784K, used 9952K [0x0000000088e00000, 0x000000008c380000, 0x00000000d8500000)
  object space 54784K, 18% used [0x0000000088e00000,0x00000000897b8180,0x000000008c380000)
 Metaspace       used 30604K, capacity 31558K, committed 31872K, reserved 1077248K
  class space    used 3922K, capacity 4121K, committed 4224K, reserved 1048576K
Event: 7.770 GC heap after
Heap after GC invocations=8 (full 1):
 PSYoungGen      total 134144K, used 11249K [0x00000000d8500000, 0x00000000e7900000, 0x0000000100000000)
  eden space 122880K, 0% used [0x00000000d8500000,0x00000000d8500000,0x00000000dfd00000)
  from space 11264K, 99% used [0x00000000dfd00000,0x00000000e07fc4e0,0x00000000e0800000)
  to   space 16896K, 0% used [0x00000000e6880000,0x00000000e6880000,0x00000000e7900000)
 ParOldGen       total 54784K, used 17187K [0x0000000088e00000, 0x000000008c380000, 0x00000000d8500000)
  object space 54784K, 31% used [0x0000000088e00000,0x0000000089ec8fe0,0x000000008c380000)
 Metaspace       used 30604K, capacity 31558K, committed 31872K, reserved 1077248K
  class space    used 3922K, capacity 4121K, committed 4224K, reserved 1048576K
}

Deoptimization events (10 events):
Event: 6.767 Thread 0x0000000019cef000 Uncommon trap: reason=unstable_if action=reinterpret pc=0x000000000306584c method=com.sun.crypto.provider.GaloisCounterMode.increment32([B)V @ 39
Event: 6.880 Thread 0x0000000019a9f000 Uncommon trap: reason=unstable_if action=reinterpret pc=0x0000000003554370 method=sun.nio.cs.UTF_8$Encoder.encodeArrayLoop(Ljava/nio/CharBuffer;Ljava/nio/ByteBuffer;)Ljava/nio/charset/CoderResult; @ 134
Event: 7.078 Thread 0x0000000019a9f000 Uncommon trap: reason=unstable_if action=reinterpret pc=0x00000000037bddd8 method=com.codename1.ui.Container.setShouldCalcPreferredSize(Z)V @ 15
Event: 7.278 Thread 0x0000000019cf6000 Uncommon trap: reason=predicate action=maybe_recompile pc=0x0000000003663748 method=java.util.AbstractCollection.addAll(Ljava/util/Collection;)Z @ 18
Event: 9.216 Thread 0x0000000019a9f000 Uncommon trap: reason=unstable_if action=reinterpret pc=0x000000000396de08 method=com.codename1.ui.Component.getStyle()Lcom/codename1/ui/plaf/Style; @ 111
Event: 9.322 Thread 0x0000000019a9f000 Uncommon trap: reason=unstable_if action=reinterpret pc=0x00000000039f0de8 method=sun.font.CMap.getControlCodeGlyph(IZ)I @ 64
Event: 9.371 Thread 0x0000000019a9f000 Uncommon trap: reason=unstable_if action=reinterpret pc=0x000000000390b850 method=com.codename1.ui.EncodedImage.getWidth()I @ 5
Event: 9.374 Thread 0x0000000019a9f000 Uncommon trap: reason=unstable_if action=reinterpret pc=0x00000000039c8910 method=com.codename1.ui.EncodedImage.getHeight()I @ 5
Event: 12.451 Thread 0x0000000019a9f000 Uncommon trap: reason=unstable_if action=reinterpret pc=0x0000000003a5ead0 method=com.codename1.ui.Component.getStyle()Lcom/codename1/ui/plaf/Style; @ 67
Event: 15.637 Thread 0x0000000019cf4800 Uncommon trap: reason=unstable_if action=reinterpret pc=0x0000000003a27848 method=com.sun.crypto.provider.GaloisCounterMode.decryptFinal([BII[BI)I @ 5

Internal exceptions (10 events):
Event: 4.903 Thread 0x0000000019cf6000 Exception <a 'java/lang/NullPointerException'> (0x00000000d9295d00) thrown at [C:\re\workspace\8-2-build-windows-amd64-cygwin\jdk8u91\7017\hotspot\src\share\vm\interpreter\linkResolver.cpp, line 1178]
Event: 4.903 Thread 0x0000000019cf6000 Exception <a 'java/lang/NullPointerException'> (0x00000000d9295d00) thrown at [C:\re\workspace\8-2-build-windows-amd64-cygwin\jdk8u91\7017\hotspot\src\share\vm\prims\jvm.cpp, line 1390]
Event: 5.029 Thread 0x0000000019a9f000 Implicit null exception at 0x0000000003293d19 to 0x0000000003293ded
Event: 5.397 Thread 0x0000000019cf6000 Exception <a 'sun/nio/fs/WindowsException'> (0x00000000da06b998) thrown at [C:\re\workspace\8-2-build-windows-amd64-cygwin\jdk8u91\7017\hotspot\src\share\vm\prims\jni.cpp, line 709]
Event: 5.399 Thread 0x0000000019cf6000 Exception <a 'sun/nio/fs/WindowsException'> (0x00000000da06d310) thrown at [C:\re\workspace\8-2-build-windows-amd64-cygwin\jdk8u91\7017\hotspot\src\share\vm\prims\jni.cpp, line 709]
Event: 6.226 Thread 0x0000000019cf6000 Exception <a 'java/lang/ClassNotFoundException': sun/net/www/protocol/about/Handler> (0x00000000da2ba280) thrown at [C:\re\workspace\8-2-build-windows-amd64-cygwin\jdk8u91\7017\hotspot\src\share\vm\classfile\systemDictionary.cpp, line 210]
Event: 6.462 Thread 0x0000000019a9f000 Implicit null exception at 0x00000000033a6553 to 0x00000000033a661d
Event: 7.374 Thread 0x0000000019cf6000 Exception <a 'sun/nio/fs/WindowsException'> (0x00000000de6c2d90) thrown at [C:\re\workspace\8-2-build-windows-amd64-cygwin\jdk8u91\7017\hotspot\src\share\vm\prims\jni.cpp, line 709]
Event: 7.376 Thread 0x0000000019cf6000 Exception <a 'sun/nio/fs/WindowsException'> (0x00000000de6c3ae8) thrown at [C:\re\workspace\8-2-build-windows-amd64-cygwin\jdk8u91\7017\hotspot\src\share\vm\prims\jni.cpp, line 709]
Event: 7.477 Thread 0x0000000019cf6000 Exception <a 'java/lang/ClassNotFoundException': sun/net/www/protocol/about/Handler> (0x00000000de6f76f8) thrown at [C:\re\workspace\8-2-build-windows-amd64-cygwin\jdk8u91\7017\hotspot\src\share\vm\classfile\systemDictionary.cpp, line 210]

Events (10 events):
Event: 17.957 Thread 0x000000001bc4a800 Thread exited: 0x000000001bc4a800
Event: 17.969 Thread 0x000000001bcd3800 Thread exited: 0x000000001bcd3800
Event: 17.973 Thread 0x000000001bc53800 Thread exited: 0x000000001bc53800
Event: 17.977 Thread 0x000000001bc4d800 Thread exited: 0x000000001bc4d800
Event: 17.986 Thread 0x000000001bc52000 Thread exited: 0x000000001bc52000
Event: 17.993 Thread 0x000000001bc59800 Thread exited: 0x000000001bc59800
Event: 17.997 Thread 0x000000001bc4c000 Thread exited: 0x000000001bc4c000
Event: 17.997 Thread 0x000000001bc51000 Thread exited: 0x000000001bc51000
Event: 17.999 Thread 0x000000001bc54000 Thread exited: 0x000000001bc54000
Event: 18.064 Thread 0x0000000019cf0000 Thread exited: 0x0000000019cf0000


Dynamic libraries:
0x00007ff721010000 - 0x00007ff721047000 	C:\Program Files\Java\jdk1.8.0_91\bin\java.exe
0x00007ffe8cb40000 - 0x00007ffe8cd01000 	C:\Windows\SYSTEM32\ntdll.dll
0x00007ffe8af30000 - 0x00007ffe8afdd000 	C:\Windows\system32\KERNEL32.DLL
0x00007ffe89bd0000 - 0x00007ffe89db8000 	C:\Windows\system32\KERNELBASE.dll
0x00000000770c0000 - 0x0000000077149000 	C:\Windows\System32\SYSFER.DLL
0x00007ffe8ae80000 - 0x00007ffe8af27000 	C:\Windows\system32\ADVAPI32.dll
0x00007ffe8a2c0000 - 0x00007ffe8a35d000 	C:\Windows\system32\msvcrt.dll
0x00007ffe8a0a0000 - 0x00007ffe8a0fb000 	C:\Windows\system32\sechost.dll
0x00007ffe8ac80000 - 0x00007ffe8ad9c000 	C:\Windows\system32\RPCRT4.dll
0x00007ffe8c930000 - 0x00007ffe8ca86000 	C:\Windows\system32\USER32.dll
0x00007ffe8aae0000 - 0x00007ffe8ac66000 	C:\Windows\system32\GDI32.dll
0x00007ffe78b00000 - 0x00007ffe78d74000 	C:\Windows\WinSxS\amd64_microsoft.windows.common-controls_6595b64144ccf1df_6.0.10586.672_none_a2d6b3cea53ff843\COMCTL32.dll
0x00007ffe8b040000 - 0x00007ffe8b2bd000 	C:\Windows\system32\combase.dll
0x00007ffe89dc0000 - 0x00007ffe89e2a000 	C:\Windows\system32\bcryptPrimitives.dll
0x00007ffe8aa10000 - 0x00007ffe8aa4b000 	C:\Windows\system32\IMM32.DLL
0x0000000076c40000 - 0x0000000076d12000 	C:\Program Files\Java\jdk1.8.0_91\jre\bin\msvcr100.dll
0x0000000076160000 - 0x00000000769f3000 	C:\Program Files\Java\jdk1.8.0_91\jre\bin\server\jvm.dll
0x00007ffe89f40000 - 0x00007ffe89f48000 	C:\Windows\system32\PSAPI.DLL
0x00007ffe876c0000 - 0x00007ffe876c9000 	C:\Windows\SYSTEM32\WSOCK32.dll
0x00007ffe8aa50000 - 0x00007ffe8aabb000 	C:\Windows\system32\WS2_32.dll
0x00007ffe87680000 - 0x00007ffe876a3000 	C:\Windows\SYSTEM32\WINMM.dll
0x00007ffe88540000 - 0x00007ffe8854a000 	C:\Windows\SYSTEM32\VERSION.dll
0x00007ffe87620000 - 0x00007ffe8764c000 	C:\Windows\SYSTEM32\WINMMBASE.dll
0x00007ffe89ef0000 - 0x00007ffe89f33000 	C:\Windows\system32\cfgmgr32.dll
0x0000000076c30000 - 0x0000000076c3f000 	C:\Program Files\Java\jdk1.8.0_91\jre\bin\verify.dll
0x0000000076c00000 - 0x0000000076c29000 	C:\Program Files\Java\jdk1.8.0_91\jre\bin\java.dll
0x0000000076be0000 - 0x0000000076bf6000 	C:\Program Files\Java\jdk1.8.0_91\jre\bin\zip.dll
0x00007ffe8b2c0000 - 0x00007ffe8c81c000 	C:\Windows\system32\SHELL32.dll
0x00007ffe892e0000 - 0x00007ffe89925000 	C:\Windows\system32\windows.storage.dll
0x00007ffe8a100000 - 0x00007ffe8a152000 	C:\Windows\system32\shlwapi.dll
0x00007ffe891e0000 - 0x00007ffe891ef000 	C:\Windows\system32\kernel.appcore.dll
0x00007ffe89e30000 - 0x00007ffe89ee5000 	C:\Windows\system32\shcore.dll
0x00007ffe89160000 - 0x00007ffe891ab000 	C:\Windows\system32\powrprof.dll
0x00007ffe891b0000 - 0x00007ffe891c4000 	C:\Windows\system32\profapi.dll
0x00007ffe874b0000 - 0x00007ffe874c0000 	C:\Program Files (x86)\JetBrains\IntelliJ IDEA 2016.3.3\INTELAJ\IntelliJ IDEA 2016.3.3\bin\breakgen64.dll
0x0000000076bc0000 - 0x0000000076bda000 	C:\Program Files\Java\jdk1.8.0_91\jre\bin\net.dll
0x00007ffe88a90000 - 0x00007ffe88aec000 	C:\Windows\system32\mswsock.dll
0x0000000075fc0000 - 0x0000000076158000 	C:\Program Files\Java\jdk1.8.0_91\jre\bin\awt.dll
0x00007ffe8a790000 - 0x00007ffe8a856000 	C:\Windows\system32\OLEAUT32.dll
0x00007ffe87550000 - 0x00007ffe875c9000 	C:\Windows\system32\apphelp.dll
0x00007ffe87850000 - 0x00007ffe878e6000 	C:\Windows\system32\uxtheme.dll
0x00007ffe8a160000 - 0x00007ffe8a2ba000 	C:\Windows\system32\MSCTF.dll
0x00007ffe7f690000 - 0x00007ffe7f733000 	C:\Program Files\Common Files\microsoft shared\ink\tiptsf.dll
0x00007ffe873d0000 - 0x00007ffe873f2000 	C:\Windows\system32\dwmapi.dll
0x00007ffe89f50000 - 0x00007ffe8a093000 	C:\Windows\system32\ole32.dll
0x00007ffe88b40000 - 0x00007ffe88b57000 	C:\Windows\SYSTEM32\CRYPTSP.dll
0x00007ffe887d0000 - 0x00007ffe88804000 	C:\Windows\system32\rsaenh.dll
0x00007ffe88d60000 - 0x00007ffe88d89000 	C:\Windows\SYSTEM32\bcrypt.dll
0x00007ffe88920000 - 0x00007ffe8893f000 	C:\Windows\SYSTEM32\USERENV.dll
0x00007ffe88c60000 - 0x00007ffe88c6b000 	C:\Windows\SYSTEM32\CRYPTBASE.dll
0x00007ffe85620000 - 0x00007ffe85658000 	C:\Windows\SYSTEM32\IPHLPAPI.DLL
0x00007ffe8ae00000 - 0x00007ffe8ae08000 	C:\Windows\system32\NSI.dll
0x00007ffe855c0000 - 0x00007ffe855d6000 	C:\Windows\SYSTEM32\dhcpcsvc6.DLL
0x00007ffe85560000 - 0x00007ffe8557a000 	C:\Windows\SYSTEM32\dhcpcsvc.DLL
0x0000000076ba0000 - 0x0000000076bb1000 	C:\Program Files\Java\jdk1.8.0_91\jre\bin\nio.dll
0x0000000076b50000 - 0x0000000076b97000 	C:\Program Files\Java\jdk1.8.0_91\jre\bin\fontmanager.dll
0x0000000076b00000 - 0x0000000076b42000 	C:\Program Files\Java\jdk1.8.0_91\jre\bin\t2k.dll
0x00007ffe8ca90000 - 0x00007ffe8cb37000 	C:\Windows\system32\clbcatq.dll
0x00007ffe82f20000 - 0x00007ffe8307c000 	C:\Windows\System32\uiautomationcore.dll
0x00007ffe89020000 - 0x00007ffe890b9000 	C:\Windows\SYSTEM32\sxs.dll
0x00007ffe7f8d0000 - 0x00007ffe7f93a000 	C:\Windows\System32\OLEACC.dll
0x00007ffe80c30000 - 0x00007ffe80ce1000 	C:\Windows\SYSTEM32\twinapi.dll
0x00007ffe879f0000 - 0x00007ffe87af0000 	C:\Windows\SYSTEM32\twinapi.appcore.dll
0x0000000075f80000 - 0x0000000075fb1000 	C:\Program Files\Java\jdk1.8.0_91\jre\bin\jpeg.dll
0x00007ffe85cc0000 - 0x00007ffe85e71000 	C:\Windows\SYSTEM32\WindowsCodecs.dll
0x00007ffe7cab0000 - 0x00007ffe7cafa000 	C:\Windows\system32\dataexchange.dll
0x00007ffe83d30000 - 0x00007ffe83fd8000 	C:\Windows\system32\d3d11.dll
0x00007ffe86900000 - 0x00007ffe869e3000 	C:\Windows\system32\dcomp.dll
0x00007ffe86850000 - 0x00007ffe868f2000 	C:\Windows\system32\dxgi.dll
0x00007ffe79040000 - 0x00007ffe7912f000 	C:\Program Files\Java\jdk1.8.0_91\jre\bin\msvcr120.dll
0x00007ffe78f90000 - 0x00007ffe79036000 	C:\Program Files\Java\jdk1.8.0_91\jre\bin\msvcp120.dll
0x0000000076ad0000 - 0x0000000076af3000 	C:\Program Files\Java\jdk1.8.0_91\jre\bin\prism_d3d.dll
0x00007ffe6e110000 - 0x00007ffe6e320000 	C:\Windows\system32\d3d9.dll
0x00007ffe5de00000 - 0x00007ffe5fc93000 	C:\Windows\SYSTEM32\igdumdim64.dll
0x00007ffe8a360000 - 0x00007ffe8a789000 	C:\Windows\system32\SETUPAPI.dll
0x0000000075f30000 - 0x0000000075f73000 	C:\Program Files\Java\jdk1.8.0_91\jre\bin\glass.dll
0x00007ffe8c820000 - 0x00007ffe8c92b000 	C:\Windows\system32\COMDLG32.dll
0x00007ffe89250000 - 0x00007ffe892d6000 	C:\Windows\system32\FirewallAPI.dll
0x00007ffe89930000 - 0x00007ffe89947000 	C:\Windows\system32\NETAPI32.dll
0x00007ffe87020000 - 0x00007ffe8702c000 	C:\Windows\SYSTEM32\DAVHLPR.DLL
0x00007ffe87c50000 - 0x00007ffe87c82000 	C:\Windows\SYSTEM32\fwbase.dll
0x00007ffe7cc30000 - 0x00007ffe7daa0000 	C:\Windows\SYSTEM32\igc64.dll
0x00000000734f0000 - 0x0000000075a7e000 	C:\Program Files\Java\jdk1.8.0_91\jre\bin\jfxwebkit.dll
0x0000000075f00000 - 0x0000000075f24000 	C:\Program Files\Java\jdk1.8.0_91\jre\bin\sunec.dll
0x00007ffe733e0000 - 0x00007ffe733f6000 	C:\Windows\system32\napinsp.dll
0x00007ffe73400000 - 0x00007ffe7341a000 	C:\Windows\system32\pnrpnsp.dll
0x00007ffe86dc0000 - 0x00007ffe86dd8000 	C:\Windows\system32\NLAapi.dll
0x00007ffe87940000 - 0x00007ffe879ea000 	C:\Windows\SYSTEM32\DNSAPI.dll
0x00007ffe73420000 - 0x00007ffe7342d000 	C:\Windows\System32\winrnr.dll
0x00007ffe73430000 - 0x00007ffe73445000 	C:\Windows\System32\wshbth.dll
0x00007ffe84ac0000 - 0x00007ffe84aca000 	C:\Windows\System32\rasadhlp.dll
0x00007ffe86230000 - 0x00007ffe86297000 	C:\Windows\System32\fwpuclnt.dll
0x0000000075ee0000 - 0x0000000075ef4000 	C:\Program Files\Java\jdk1.8.0_91\jre\bin\javafx_font.dll
0x00007ffe82b80000 - 0x00007ffe82ddf000 	C:\Windows\SYSTEM32\dwrite.dll
0x0000000075ec0000 - 0x0000000075ed1000 	C:\Program Files\Java\jdk1.8.0_91\jre\bin\prism_common.dll
0x0000000075e80000 - 0x0000000075ebc000 	C:\Program Files\Java\jdk1.8.0_91\jre\bin\lcms.dll
0x00007ffe85b30000 - 0x00007ffe85cbc000 	C:\Windows\SYSTEM32\dbghelp.dll

VM Arguments:
jvm_args: -Didea.launcher.port=7543 -Didea.launcher.bin.path=C:\Program Files (x86)\JetBrains\IntelliJ IDEA 2016.3.3\INTELAJ\IntelliJ IDEA 2016.3.3\bin -Dfile.encoding=UTF-8 
java_command: com.intellij.rt.execution.application.AppMain com.codename1.impl.javase.Simulator com.hales.os.MyApplication
java_class_path (initial): C:/Users/chales/Desktop/os2\out\production\os2;C:/Users/chales/Desktop/os2\src;C:/Users/chales/Desktop/os2\lib\CodenameOne.jar;C:/Users/chales/Desktop/os2\JavaSE.jar;native/internal_tmp;lib/impl/cls;C:\Program Files (x86)\JetBrains\IntelliJ IDEA 2016.3.3\INTELAJ\IntelliJ IDEA 2016.3.3\lib\idea_rt.jar
Launcher Type: SUN_STANDARD

Environment Variables:
PATH=C:\ProgramData\Oracle\Java\javapath;C:\Windows\system32;C:\Windows;C:\Windows\System32\Wbem;C:\Windows\System32\WindowsPowerShell\v1.0\
USERNAME=chales
OS=Windows_NT
PROCESSOR_IDENTIFIER=Intel64 Family 6 Model 78 Stepping 3, GenuineIntel



---------------  S Y S T E M  ---------------

OS: Windows 10.0 , 64 bit Build 10586 (10.0.10586.589)

CPU:total 4 (2 cores per cpu, 2 threads per core) family 6 model 78 stepping 3, cmov, cx8, fxsr, mmx, sse, sse2, sse3, ssse3, sse4.1, sse4.2, popcnt, avx, avx2, aes, clmul, erms, 3dnowpref, lzcnt, ht, tsc, tscinvbit, bmi1, bmi2, adx

Memory: 4k page, physical 7802196k(2056908k free), swap 19119480k(4979320k free)

vm_info: Java HotSpot(TM) 64-Bit Server VM (25.91-b15) for windows-amd64 JRE (1.8.0_91-b15), built on May 20 2016 17:43:15 by "java_re" with MS VC++ 10.0 (VS2010)

time: Tue Apr 25 16:51:04 2017
elapsed time: 25 seconds (0d 0h 0m 25s)

