#
# A fatal error has been detected by the Java Runtime Environment:
#
#  EXCEPTION_ACCESS_VIOLATION (0xc0000005) at pc=0x00000000743748c9, pid=19176, tid=14060
#
# JRE version: Java(TM) SE Runtime Environment (8.0_91-b15) (build 1.8.0_91-b15)
# Java VM: Java HotSpot(TM) 64-Bit Server VM (25.91-b15 mixed mode windows-amd64 compressed oops)
# Problematic frame:
# C  [jfxwebkit.dll+0xb948c9]
#
# Failed to write core dump. Minidumps are not enabled by default on client versions of Windows
#
# If you would like to submit a bug report, please visit:
#   http://bugreport.java.com/bugreport/crash.jsp
# The crash happened outside the Java Virtual Machine in native code.
# See problematic frame for where to report the bug.
#

---------------  T H R E A D  ---------------

Current thread (0x00000000179eb800):  JavaThread "JavaFX Application Thread" [_thread_in_native, id=14060, stack(0x000000001ae30000,0x000000001af30000)]

siginfo: ExceptionCode=0xc0000005, writing address 0x00000000bbadbeef

Registers:
RAX=0x0000000000000000, RBX=0x0000000000000000, RCX=0x67dd9bf06eb40000, RDX=0x0000000000000002
RSP=0x000000001af2d250, RBP=0x000000001af2d359, RSI=0x00000002bb61bc10, RDI=0x00000001e89e4040
R8 =0x000000001af2cd50, R9 =0x00007ffe6a500000, R10=0x0000000000000000, R11=0x0000000000000200
R12=0x000000000d2c37bd, R13=0x000000000d2c37bd, R14=0x00000000107745ad, R15=0x00000001e89e4040
RIP=0x00000000743748c9, EFLAGS=0x0000000000010246

Top of Stack: (sp=0x000000001af2d250)
0x000000001af2d250:   0000000000000000 00000001e89d1340
0x000000001af2d260:   000000004ac84000 0000000000000000
0x000000001af2d270:   0000000000000000 000000007423a422
0x000000001af2d280:   000000004b3d387a 000000004aae7800
0x000000001af2d290:   00000000269f2890 0000000000000000
0x000000001af2d2a0:   000000000d2c37be 0000000000000010
0x000000001af2d2b0:   0000000000000000 0000000000000000
0x000000001af2d2c0:   0000000000000000 00000000107745ad
0x000000001af2d2d0:   0000000000000000 00000001e89e4040
0x000000001af2d2e0:   0d2c37bd0d2c37bd 0000000000000000
0x000000001af2d2f0:   4aae74004ac84000 4400000044000000
0x000000001af2d300:   0000000000000000 4b3d387a4b1aa092
0x000000001af2d310:   0000000000000000 00007ffe8cb60abd
0x000000001af2d320:   000000001af2d798 0000000021bc5e50
0x000000001af2d330:   fffffffffffffffe 0000000000000000
0x000000001af2d340:   0000000000000000 0000000000000000 

Instructions: (pc=0x00000000743748c9)
0x00000000743748a9:   83 c4 20 5b c3 cc cc 48 83 ec 28 48 8b 05 f5 bb
0x00000000743748b9:   8c 01 48 85 c0 74 02 ff d0 e8 a9 07 00 00 33 c0
0x00000000743748c9:   a3 ef be ad bb 00 00 00 00 48 83 c4 28 48 ff e0
0x00000000743748d9:   cc cc cc cc cc cc cc 48 83 ec 28 48 8b 05 c5 bb 


Register to memory mapping:

RAX=0x0000000000000000 is an unknown value
RBX=0x0000000000000000 is an unknown value
RCX=0x67dd9bf06eb40000 is an unknown value
RDX=0x0000000000000002 is an unknown value
RSP=0x000000001af2d250 is pointing into the stack for thread: 0x00000000179eb800
RBP=0x000000001af2d359 is pointing into the stack for thread: 0x00000000179eb800
RSI=0x00000002bb61bc10 is an unknown value
RDI=0x00000001e89e4040 is an unknown value
R8 =0x000000001af2cd50 is pointing into the stack for thread: 0x00000000179eb800
R9 =0x00007ffe6a500000 is an unknown value
R10=0x0000000000000000 is an unknown value
R11=0x0000000000000200 is an unknown value
R12=0x000000000d2c37bd is an unknown value
R13=0x000000000d2c37bd is an unknown value
R14=0x00000000107745ad is an unknown value
R15=0x00000001e89e4040 is an unknown value


Stack: [0x000000001ae30000,0x000000001af30000],  sp=0x000000001af2d250,  free space=1012k
Native frames: (J=compiled Java code, j=interpreted, Vv=VM code, C=native code)
C  [jfxwebkit.dll+0xb948c9]
C  [jfxwebkit.dll+0xa5a422]
C  [jfxwebkit.dll+0xa5b326]
C  [jfxwebkit.dll+0xa549a2]
C  [jfxwebkit.dll+0xa53aa6]
C  [jfxwebkit.dll+0xa53b07]
C  [jfxwebkit.dll+0xa53b07]
C  [jfxwebkit.dll+0xa53b07]
C  [jfxwebkit.dll+0xa53b07]
C  [jfxwebkit.dll+0xa53b07]
C  [jfxwebkit.dll+0xa53b07]
C  [jfxwebkit.dll+0x9a3713]
C  [jfxwebkit.dll+0x827a74]
C  [jfxwebkit.dll+0x829fad]
C  [jfxwebkit.dll+0x8c773f]
C  [jfxwebkit.dll+0x8aa6e6]
C  [jfxwebkit.dll+0x86ed96]
C  [jfxwebkit.dll+0xa56ba8]
C  [jfxwebkit.dll+0xa59dd0]
C  [jfxwebkit.dll+0xa5b376]
C  [jfxwebkit.dll+0xa549a2]
C  [jfxwebkit.dll+0x8aa9f0]
C  0x0000000002c67f54

Java frames: (J=compiled Java code, j=interpreted, Vv=VM code)
j  com.sun.webkit.WebPage.twkPrePaint(J)V+0
j  com.sun.webkit.WebPage.updateDirty(Lcom/sun/webkit/graphics/WCRectangle;)V+117
j  com.sun.webkit.WebPage.updateContent(Lcom/sun/webkit/graphics/WCRectangle;)V+48
j  com.sun.javafx.sg.prism.web.NGWebView.update()V+68
j  javafx.scene.web.WebView.handleStagePulse()V+78
j  javafx.scene.web.WebView.lambda$new$29()V+1
j  javafx.scene.web.WebView$$Lambda$106.pulse()V+4
J 4162 C1 com.sun.javafx.tk.Toolkit$$Lambda$152.run()Ljava/lang/Object; (8 bytes) @ 0x000000000376dbcc [0x000000000376da80+0x14c]
v  ~StubRoutines::call_stub
J 1448  java.security.AccessController.doPrivileged(Ljava/security/PrivilegedAction;Ljava/security/AccessControlContext;)Ljava/lang/Object; (0 bytes) @ 0x000000000312c9e6 [0x000000000312c980+0x66]
J 3936 C1 com.sun.javafx.tk.Toolkit.runPulse(Lcom/sun/javafx/tk/TKPulseListener;Ljava/security/AccessControlContext;)V (26 bytes) @ 0x000000000359ef14 [0x000000000359eaa0+0x474]
j  com.sun.javafx.tk.Toolkit.firePulse()V+129
j  com.sun.javafx.tk.quantum.QuantumToolkit.pulse(Z)V+97
j  com.sun.javafx.tk.quantum.QuantumToolkit.pulse()V+2
j  com.sun.javafx.tk.quantum.QuantumToolkit.lambda$runToolkit$404()V+1
j  com.sun.javafx.tk.quantum.QuantumToolkit$$Lambda$60.run()V+4
J 3752 C1 com.sun.glass.ui.InvokeLaterDispatcher$Future.run()V (91 bytes) @ 0x000000000369358c [0x0000000003693480+0x10c]
v  ~StubRoutines::call_stub
j  com.sun.glass.ui.win.WinApplication._runLoop(Ljava/lang/Runnable;)V+0
j  com.sun.glass.ui.win.WinApplication.lambda$null$148(ILjava/lang/Runnable;)V+8
j  com.sun.glass.ui.win.WinApplication$$Lambda$56.run()V+12
j  java.lang.Thread.run()V+11
v  ~StubRoutines::call_stub

---------------  P R O C E S S  ---------------

Java Threads: ( => current thread )
  0x0000000019b6c800 JavaThread "Prism Font Disposer" daemon [_thread_blocked, id=31736, stack(0x0000000023690000,0x0000000023790000)]
  0x0000000019b64800 JavaThread "Watchdog-Timer-1" daemon [_thread_blocked, id=33756, stack(0x00000000216e0000,0x00000000217e0000)]
  0x00000000179ec800 JavaThread "Timer-0" [_thread_blocked, id=13632, stack(0x00000000209a0000,0x0000000020aa0000)]
  0x00000000179e8000 JavaThread "Disposer" daemon [_thread_blocked, id=14396, stack(0x00000000203a0000,0x00000000204a0000)]
  0x00000000179e7000 JavaThread "invokeAndBlock1" [_thread_blocked, id=6452, stack(0x000000001faf0000,0x000000001fbf0000)]
  0x00000000179e6800 JavaThread "Network Thread" [_thread_blocked, id=23512, stack(0x000000001f9f0000,0x000000001faf0000)]
  0x00000000179e9800 JavaThread "Thread-7" daemon [_thread_in_native, id=12592, stack(0x000000001f8f0000,0x000000001f9f0000)]
=>0x00000000179eb800 JavaThread "JavaFX Application Thread" [_thread_in_native, id=14060, stack(0x000000001ae30000,0x000000001af30000)]
  0x0000000017b6b800 JavaThread "Thread-6" daemon [_thread_blocked, id=32472, stack(0x000000001ad30000,0x000000001ae30000)]
  0x0000000017b0f800 JavaThread "QuantumRenderer-0" daemon [_thread_blocked, id=34564, stack(0x000000001ac30000,0x000000001ad30000)]
  0x00000000176cc800 JavaThread "EDT" [_thread_blocked, id=33660, stack(0x0000000019650000,0x0000000019750000)]
  0x0000000002b50800 JavaThread "DestroyJavaVM" [_thread_blocked, id=19724, stack(0x0000000002a00000,0x0000000002b00000)]
  0x0000000016f8c000 JavaThread "Thread-1" [_thread_blocked, id=26500, stack(0x0000000018100000,0x0000000018200000)]
  0x0000000016f86800 JavaThread "AWT-EventQueue-0" [_thread_blocked, id=22984, stack(0x0000000018000000,0x0000000018100000)]
  0x0000000016f7f000 JavaThread "AWT-Windows" daemon [_thread_in_native, id=31920, stack(0x0000000017dd0000,0x0000000017ed0000)]
  0x0000000016f7c000 JavaThread "AWT-Shutdown" [_thread_blocked, id=32732, stack(0x0000000017cd0000,0x0000000017dd0000)]
  0x0000000016f79800 JavaThread "Java2D Disposer" daemon [_thread_blocked, id=31664, stack(0x0000000017bd0000,0x0000000017cd0000)]
  0x0000000016cc3800 JavaThread "Monitor Ctrl-Break" daemon [_thread_in_native, id=34260, stack(0x00000000171e0000,0x00000000172e0000)]
  0x0000000016c55000 JavaThread "Service Thread" daemon [_thread_blocked, id=33984, stack(0x0000000016fe0000,0x00000000170e0000)]
  0x00000000159f6800 JavaThread "C1 CompilerThread2" daemon [_thread_blocked, id=27620, stack(0x0000000016ae0000,0x0000000016be0000)]
  0x00000000159f5000 JavaThread "C2 CompilerThread1" daemon [_thread_blocked, id=33016, stack(0x00000000169e0000,0x0000000016ae0000)]
  0x00000000159f3800 JavaThread "C2 CompilerThread0" daemon [_thread_blocked, id=28668, stack(0x00000000168e0000,0x00000000169e0000)]
  0x00000000159f0000 JavaThread "Attach Listener" daemon [_thread_blocked, id=34692, stack(0x00000000167e0000,0x00000000168e0000)]
  0x00000000159ee800 JavaThread "Signal Dispatcher" daemon [_thread_blocked, id=976, stack(0x00000000166e0000,0x00000000167e0000)]
  0x00000000159ed800 JavaThread "Surrogate Locker Thread (Concurrent GC)" daemon [_thread_blocked, id=29748, stack(0x00000000165e0000,0x00000000166e0000)]
  0x00000000159d7800 JavaThread "Finalizer" daemon [_thread_blocked, id=22848, stack(0x0000000016400000,0x0000000016500000)]
  0x00000000159af000 JavaThread "Reference Handler" daemon [_thread_blocked, id=29632, stack(0x0000000016300000,0x0000000016400000)]

Other Threads:
  0x00000000159a4800 VMThread [stack: 0x0000000016200000,0x0000000016300000] [id=25432]
  0x0000000016c5a800 WatcherThread [stack: 0x00000000170e0000,0x00000000171e0000] [id=33724]

VM state:not at safepoint (normal execution)

VM Mutex/Monitor currently owned by a thread: None

Heap:
 par new generation   total 39296K, used 15613K [0x00000000d1200000, 0x00000000d3ca0000, 0x00000000e0c00000)
  eden space 34944K,  32% used [0x00000000d1200000, 0x00000000d1cff580, 0x00000000d3420000)
  from space 4352K, 100% used [0x00000000d3860000, 0x00000000d3ca0000, 0x00000000d3ca0000)
  to   space 4352K,   0% used [0x00000000d3420000, 0x00000000d3420000, 0x00000000d3860000)
 concurrent mark-sweep generation total 87424K, used 29439K [0x00000000e0c00000, 0x00000000e6160000, 0x0000000100000000)
 Metaspace       used 31443K, capacity 32400K, committed 32680K, reserved 1077248K
  class space    used 3944K, capacity 4186K, committed 4264K, reserved 1048576K

Card table byte_map: [0x0000000012410000,0x0000000012590000] byte_map_base: 0x0000000011d87000

Marking Bits: (CMSBitMap*) 0x0000000002bab018
 Bits: [0x0000000012ae0000, 0x00000000132b0000)

Mod Union Table: (CMSBitMap*) 0x0000000002bab0d8
 Bits: [0x00000000013a0000, 0x00000000013bf400)

Polling page: 0x0000000001370000

CodeCache: size=245760Kb used=13171Kb max_used=13178Kb free=232588Kb
 bounds [0x0000000002c50000, 0x0000000003950000, 0x0000000011c50000]
 total_blobs=5011 nmethods=4124 adapters=797
 compilation: enabled

Compilation events (10 events):
Event: 15.115 Thread 0x00000000159f3800 4620       4       sun.util.logging.PlatformLogger::isLoggable (38 bytes)
Event: 15.121 Thread 0x00000000159f3800 nmethod 4620 0x000000000392b410 code [0x000000000392b560, 0x000000000392b738]
Event: 15.555 Thread 0x00000000159f6800 4622   !   3       java.awt.KeyboardFocusManager::getGlobalFocusOwner (20 bytes)
Event: 15.555 Thread 0x00000000159f6800 nmethod 4622 0x000000000393bb90 code [0x000000000393bd40, 0x000000000393c1c8]
Event: 15.555 Thread 0x00000000159f6800 4621   !   3       java.awt.KeyboardFocusManager::retargetFocusEvent (244 bytes)
Event: 15.558 Thread 0x00000000159f6800 nmethod 4621 0x000000000393c410 code [0x000000000393c880, 0x000000000393f858]
Event: 15.771 Thread 0x00000000159f6800 4623       3       java.awt.Window::eventEnabled (138 bytes)
Event: 15.771 Thread 0x00000000159f6800 nmethod 4623 0x0000000002da11d0 code [0x0000000002da1340, 0x0000000002da1748]
Event: 16.578 Thread 0x00000000159f6800 4624       3       com.codename1.ui.AnimationManager::updateAnimations (91 bytes)
Event: 16.579 Thread 0x00000000159f6800 nmethod 4624 0x000000000393a410 code [0x000000000393a680, 0x000000000393b418]

GC Heap History (10 events):
Event: 4.175 GC heap before
{Heap before GC invocations=4 (full 0):
 par new generation   total 39296K, used 36131K [0x00000000d1200000, 0x00000000d3ca0000, 0x00000000e0c00000)
  eden space 34944K, 100% used [0x00000000d1200000, 0x00000000d3420000, 0x00000000d3420000)
  from space 4352K,  27% used [0x00000000d3420000, 0x00000000d3548c68, 0x00000000d3860000)
  to   space 4352K,   0% used [0x00000000d3860000, 0x00000000d3860000, 0x00000000d3ca0000)
 concurrent mark-sweep generation total 87424K, used 6663K [0x00000000e0c00000, 0x00000000e6160000, 0x0000000100000000)
 Metaspace       used 14833K, capacity 15102K, committed 15488K, reserved 1062912K
  class space    used 1768K, capacity 1873K, committed 1920K, reserved 1048576K
Event: 4.178 GC heap after
Heap after GC invocations=5 (full 0):
 par new generation   total 39296K, used 3859K [0x00000000d1200000, 0x00000000d3ca0000, 0x00000000e0c00000)
  eden space 34944K,   0% used [0x00000000d1200000, 0x00000000d1200000, 0x00000000d3420000)
  from space 4352K,  88% used [0x00000000d3860000, 0x00000000d3c24fe0, 0x00000000d3ca0000)
  to   space 4352K,   0% used [0x00000000d3420000, 0x00000000d3420000, 0x00000000d3860000)
 concurrent mark-sweep generation total 87424K, used 6663K [0x00000000e0c00000, 0x00000000e6160000, 0x0000000100000000)
 Metaspace       used 14833K, capacity 15102K, committed 15488K, reserved 1062912K
  class space    used 1768K, capacity 1873K, committed 1920K, reserved 1048576K
}
Event: 5.029 GC heap before
{Heap before GC invocations=5 (full 0):
 par new generation   total 39296K, used 38803K [0x00000000d1200000, 0x00000000d3ca0000, 0x00000000e0c00000)
  eden space 34944K, 100% used [0x00000000d1200000, 0x00000000d3420000, 0x00000000d3420000)
  from space 4352K,  88% used [0x00000000d3860000, 0x00000000d3c24fe0, 0x00000000d3ca0000)
  to   space 4352K,   0% used [0x00000000d3420000, 0x00000000d3420000, 0x00000000d3860000)
 concurrent mark-sweep generation total 87424K, used 6663K [0x00000000e0c00000, 0x00000000e6160000, 0x0000000100000000)
 Metaspace       used 24519K, capacity 25116K, committed 25204K, reserved 1071104K
  class space    used 3134K, capacity 3278K, committed 3292K, reserved 1048576K
Event: 5.041 GC heap after
Heap after GC invocations=6 (full 0):
 par new generation   total 39296K, used 4352K [0x00000000d1200000, 0x00000000d3ca0000, 0x00000000e0c00000)
  eden space 34944K,   0% used [0x00000000d1200000, 0x00000000d1200000, 0x00000000d3420000)
  from space 4352K, 100% used [0x00000000d3420000, 0x00000000d3860000, 0x00000000d3860000)
  to   space 4352K,   0% used [0x00000000d3860000, 0x00000000d3860000, 0x00000000d3ca0000)
 concurrent mark-sweep generation total 87424K, used 10799K [0x00000000e0c00000, 0x00000000e6160000, 0x0000000100000000)
 Metaspace       used 24519K, capacity 25116K, committed 25204K, reserved 1071104K
  class space    used 3134K, capacity 3278K, committed 3292K, reserved 1048576K
}
Event: 6.483 GC heap before
{Heap before GC invocations=6 (full 1):
 par new generation   total 39296K, used 39296K [0x00000000d1200000, 0x00000000d3ca0000, 0x00000000e0c00000)
  eden space 34944K, 100% used [0x00000000d1200000, 0x00000000d3420000, 0x00000000d3420000)
  from space 4352K, 100% used [0x00000000d3420000, 0x00000000d3860000, 0x00000000d3860000)
  to   space 4352K,   0% used [0x00000000d3860000, 0x00000000d3860000, 0x00000000d3ca0000)
 concurrent mark-sweep generation total 87424K, used 8498K [0x00000000e0c00000, 0x00000000e6160000, 0x0000000100000000)
 Metaspace       used 28644K, capacity 29386K, committed 29480K, reserved 1075200K
  class space    used 3681K, capacity 3877K, committed 3880K, reserved 1048576K
Event: 6.495 GC heap after
Heap after GC invocations=7 (full 1):
 par new generation   total 39296K, used 4352K [0x00000000d1200000, 0x00000000d3ca0000, 0x00000000e0c00000)
  eden space 34944K,   0% used [0x00000000d1200000, 0x00000000d1200000, 0x00000000d3420000)
  from space 4352K, 100% used [0x00000000d3860000, 0x00000000d3ca0000, 0x00000000d3ca0000)
  to   space 4352K,   0% used [0x00000000d3420000, 0x00000000d3420000, 0x00000000d3860000)
 concurrent mark-sweep generation total 87424K, used 13689K [0x00000000e0c00000, 0x00000000e6160000, 0x0000000100000000)
 Metaspace       used 28644K, capacity 29386K, committed 29480K, reserved 1075200K
  class space    used 3681K, capacity 3877K, committed 3880K, reserved 1048576K
}
Event: 7.212 GC heap before
{Heap before GC invocations=7 (full 1):
 par new generation   total 39296K, used 39286K [0x00000000d1200000, 0x00000000d3ca0000, 0x00000000e0c00000)
  eden space 34944K,  99% used [0x00000000d1200000, 0x00000000d341d910, 0x00000000d3420000)
  from space 4352K, 100% used [0x00000000d3860000, 0x00000000d3ca0000, 0x00000000d3ca0000)
  to   space 4352K,   0% used [0x00000000d3420000, 0x00000000d3420000, 0x00000000d3860000)
 concurrent mark-sweep generation total 87424K, used 13689K [0x00000000e0c00000, 0x00000000e6160000, 0x0000000100000000)
 Metaspace       used 30016K, capacity 30914K, committed 31272K, reserved 1077248K
  class space    used 3851K, capacity 4047K, committed 4136K, reserved 1048576K
Event: 7.221 GC heap after
Heap after GC invocations=8 (full 1):
 par new generation   total 39296K, used 4352K [0x00000000d1200000, 0x00000000d3ca0000, 0x00000000e0c00000)
  eden space 34944K,   0% used [0x00000000d1200000, 0x00000000d1200000, 0x00000000d3420000)
  from space 4352K, 100% used [0x00000000d3420000, 0x00000000d3860000, 0x00000000d3860000)
  to   space 4352K,   0% used [0x00000000d3860000, 0x00000000d3860000, 0x00000000d3ca0000)
 concurrent mark-sweep generation total 87424K, used 20768K [0x00000000e0c00000, 0x00000000e6160000, 0x0000000100000000)
 Metaspace       used 30016K, capacity 30914K, committed 31272K, reserved 1077248K
  class space    used 3851K, capacity 4047K, committed 4136K, reserved 1048576K
}
Event: 8.405 GC heap before
{Heap before GC invocations=8 (full 1):
 par new generation   total 39296K, used 39197K [0x00000000d1200000, 0x00000000d3ca0000, 0x00000000e0c00000)
  eden space 34944K,  99% used [0x00000000d1200000, 0x00000000d3407528, 0x00000000d3420000)
  from space 4352K, 100% used [0x00000000d3420000, 0x00000000d3860000, 0x00000000d3860000)
  to   space 4352K,   0% used [0x00000000d3860000, 0x00000000d3860000, 0x00000000d3ca0000)
 concurrent mark-sweep generation total 87424K, used 20768K [0x00000000e0c00000, 0x00000000e6160000, 0x0000000100000000)
 Metaspace       used 31035K, capacity 31976K, committed 32168K, reserved 1077248K
  class space    used 3925K, capacity 4154K, committed 4264K, reserved 1048576K
Event: 8.413 GC heap after
Heap after GC invocations=9 (full 1):
 par new generation   total 39296K, used 4352K [0x00000000d1200000, 0x00000000d3ca0000, 0x00000000e0c00000)
  eden space 34944K,   0% used [0x00000000d1200000, 0x00000000d1200000, 0x00000000d3420000)
  from space 4352K, 100% used [0x00000000d3860000, 0x00000000d3ca0000, 0x00000000d3ca0000)
  to   space 4352K,   0% used [0x00000000d3420000, 0x00000000d3420000, 0x00000000d3860000)
 concurrent mark-sweep generation total 87424K, used 29439K [0x00000000e0c00000, 0x00000000e6160000, 0x0000000100000000)
 Metaspace       used 31035K, capacity 31976K, committed 32168K, reserved 1077248K
  class space    used 3925K, capacity 4154K, committed 4264K, reserved 1048576K
}

Deoptimization events (10 events):
Event: 7.340 Thread 0x00000000179eb800 Uncommon trap: reason=unstable_if action=reinterpret pc=0x00000000035e2984 method=com.sun.javafx.image.impl.ByteBgra$ToByteBgraPreConv.doConvert([BII[BIIII)V @ 31
Event: 7.472 Thread 0x00000000176cc800 Uncommon trap: reason=unstable_if action=reinterpret pc=0x000000000359b918 method=com.codename1.ui.Container.setShouldCalcPreferredSize(Z)V @ 15
Event: 7.666 Thread 0x00000000179eb800 Uncommon trap: reason=predicate action=maybe_recompile pc=0x0000000003512a08 method=java.util.AbstractCollection.addAll(Ljava/util/Collection;)Z @ 18
Event: 8.287 Thread 0x00000000179eb800 Uncommon trap: reason=unstable_if action=reinterpret pc=0x00000000035afe88 method=com.sun.javafx.geom.transform.AffineBase.updateState2D()V @ 24
Event: 8.307 Thread 0x00000000176cc800 Uncommon trap: reason=unstable_if action=reinterpret pc=0x000000000336d844 method=com.codename1.impl.javase.JavaSEPort.getGraphics(Ljava/lang/Object;)Ljava/awt/Graphics2D; @ 4
Event: 8.307 Thread 0x00000000176cc800 Uncommon trap: reason=unstable_if action=reinterpret pc=0x000000000336d12c method=sun.java2d.SunGraphics2D.setRenderingHint(Ljava/awt/RenderingHints$Key;Ljava/lang/Object;)V @ 286
Event: 8.308 Thread 0x00000000176cc800 Uncommon trap: reason=unstable_if action=reinterpret pc=0x0000000003421f88 method=sun.java2d.loops.MaskBlit$General.MaskBlit(Lsun/java2d/SurfaceData;Lsun/java2d/SurfaceData;Ljava/awt/Composite;Lsun/java2d/pipe/Region;IIIIII[BII)V @ 28
Event: 9.731 Thread 0x00000000176cc800 Uncommon trap: reason=unstable_if action=reinterpret pc=0x0000000003290204 method=com.codename1.ui.Component.getStyle()Lcom/codename1/ui/plaf/Style; @ 111
Event: 9.753 Thread 0x00000000176cc800 Uncommon trap: reason=unstable_if action=reinterpret pc=0x000000000385139c method=com.codename1.ui.Container.isEnabled()Z @ 4
Event: 15.491 Thread 0x0000000019b66800 Uncommon trap: reason=unstable_if action=reinterpret pc=0x000000000386fe3c method=com.sun.crypto.provider.GaloisCounterMode.decryptFinal([BII[BI)I @ 5

Internal exceptions (10 events):
Event: 7.576 Thread 0x0000000017b0f800 Implicit null exception at 0x000000000360edad to 0x00000000036109f3
Event: 7.576 Thread 0x0000000017b0f800 Exception <a 'java/lang/NullPointerException'> (0x00000000d1b90288) thrown at [C:\re\workspace\8-2-build-windows-amd64-cygwin\jdk8u91\7017\hotspot\src\share\vm\runtime\sharedRuntime.cpp, line 605]
Event: 7.576 Thread 0x0000000017b0f800 Implicit null exception at 0x000000000360edad to 0x00000000036109f3
Event: 7.576 Thread 0x0000000017b0f800 Exception <a 'java/lang/NullPointerException'> (0x00000000d1b90a40) thrown at [C:\re\workspace\8-2-build-windows-amd64-cygwin\jdk8u91\7017\hotspot\src\share\vm\runtime\sharedRuntime.cpp, line 605]
Event: 7.757 Thread 0x00000000179eb800 Exception <a 'sun/nio/fs/WindowsException'> (0x00000000d1f0fe70) thrown at [C:\re\workspace\8-2-build-windows-amd64-cygwin\jdk8u91\7017\hotspot\src\share\vm\prims\jni.cpp, line 709]
Event: 7.759 Thread 0x00000000179eb800 Exception <a 'sun/nio/fs/WindowsException'> (0x00000000d1f10bc8) thrown at [C:\re\workspace\8-2-build-windows-amd64-cygwin\jdk8u91\7017\hotspot\src\share\vm\prims\jni.cpp, line 709]
Event: 7.905 Thread 0x00000000179eb800 Exception <a 'java/lang/ClassNotFoundException': sun/net/www/protocol/about/Handler> (0x00000000d1f78620) thrown at [C:\re\workspace\8-2-build-windows-amd64-cygwin\jdk8u91\7017\hotspot\src\share\vm\classfile\systemDictionary.cpp, line 210]
Event: 8.232 Thread 0x0000000017b0f800 Implicit null exception at 0x000000000368c529 to 0x000000000368c9cc
Event: 8.232 Thread 0x0000000017b0f800 Exception <a 'java/lang/NullPointerException'> (0x00000000d2938fb8) thrown at [C:\re\workspace\8-2-build-windows-amd64-cygwin\jdk8u91\7017\hotspot\src\share\vm\runtime\sharedRuntime.cpp, line 605]
Event: 8.308 Thread 0x00000000176cc800 Implicit null exception at 0x00000000034216b1 to 0x0000000003421f0d

Events (10 events):
Event: 18.445 Thread 0x0000000019b6f800 Thread exited: 0x0000000019b6f800
Event: 18.457 Thread 0x0000000019b69000 Thread exited: 0x0000000019b69000
Event: 18.466 Thread 0x0000000019b6d800 Thread exited: 0x0000000019b6d800
Event: 18.467 Thread 0x0000000019b69800 Thread exited: 0x0000000019b69800
Event: 18.468 Thread 0x0000000019b67800 Thread exited: 0x0000000019b67800
Event: 18.470 Thread 0x0000000019b6e000 Thread exited: 0x0000000019b6e000
Event: 18.489 Thread 0x00000000199e0000 Thread exited: 0x00000000199e0000
Event: 18.495 Thread 0x0000000019b6c000 Thread exited: 0x0000000019b6c000
Event: 18.667 Thread 0x0000000019b68000 Thread exited: 0x0000000019b68000
Event: 18.737 Thread 0x0000000019b6f000 Thread exited: 0x0000000019b6f000


Dynamic libraries:
0x00007ff6292f0000 - 0x00007ff629327000 	C:\Program Files\Java\jdk1.8.0_91\bin\java.exe
0x00007ffe8cb40000 - 0x00007ffe8cd01000 	C:\Windows\SYSTEM32\ntdll.dll
0x00007ffe8af30000 - 0x00007ffe8afdd000 	C:\Windows\system32\KERNEL32.DLL
0x00007ffe89bd0000 - 0x00007ffe89db8000 	C:\Windows\system32\KERNELBASE.dll
0x00000000770c0000 - 0x0000000077149000 	C:\Windows\System32\SYSFER.DLL
0x00007ffe8ae80000 - 0x00007ffe8af27000 	C:\Windows\system32\ADVAPI32.dll
0x00007ffe8a2c0000 - 0x00007ffe8a35d000 	C:\Windows\system32\msvcrt.dll
0x00007ffe8a0a0000 - 0x00007ffe8a0fb000 	C:\Windows\system32\sechost.dll
0x00007ffe8ac80000 - 0x00007ffe8ad9c000 	C:\Windows\system32\RPCRT4.dll
0x00007ffe8c930000 - 0x00007ffe8ca86000 	C:\Windows\system32\USER32.dll
0x00007ffe8aae0000 - 0x00007ffe8ac66000 	C:\Windows\system32\GDI32.dll
0x00007ffe78b00000 - 0x00007ffe78d74000 	C:\Windows\WinSxS\amd64_microsoft.windows.common-controls_6595b64144ccf1df_6.0.10586.672_none_a2d6b3cea53ff843\COMCTL32.dll
0x00007ffe8b040000 - 0x00007ffe8b2bd000 	C:\Windows\system32\combase.dll
0x00007ffe89dc0000 - 0x00007ffe89e2a000 	C:\Windows\system32\bcryptPrimitives.dll
0x00007ffe8aa10000 - 0x00007ffe8aa4b000 	C:\Windows\system32\IMM32.DLL
0x0000000075df0000 - 0x0000000075ec2000 	C:\Program Files\Java\jdk1.8.0_91\jre\bin\msvcr100.dll
0x0000000076160000 - 0x00000000769f3000 	C:\Program Files\Java\jdk1.8.0_91\jre\bin\server\jvm.dll
0x00007ffe89f40000 - 0x00007ffe89f48000 	C:\Windows\system32\PSAPI.DLL
0x00007ffe876c0000 - 0x00007ffe876c9000 	C:\Windows\SYSTEM32\WSOCK32.dll
0x00007ffe8aa50000 - 0x00007ffe8aabb000 	C:\Windows\system32\WS2_32.dll
0x00007ffe87680000 - 0x00007ffe876a3000 	C:\Windows\SYSTEM32\WINMM.dll
0x00007ffe88540000 - 0x00007ffe8854a000 	C:\Windows\SYSTEM32\VERSION.dll
0x00007ffe87620000 - 0x00007ffe8764c000 	C:\Windows\SYSTEM32\WINMMBASE.dll
0x00007ffe89ef0000 - 0x00007ffe89f33000 	C:\Windows\system32\cfgmgr32.dll
0x0000000076c30000 - 0x0000000076c3f000 	C:\Program Files\Java\jdk1.8.0_91\jre\bin\verify.dll
0x0000000076c00000 - 0x0000000076c29000 	C:\Program Files\Java\jdk1.8.0_91\jre\bin\java.dll
0x0000000076be0000 - 0x0000000076bf6000 	C:\Program Files\Java\jdk1.8.0_91\jre\bin\zip.dll
0x00007ffe8b2c0000 - 0x00007ffe8c81c000 	C:\Windows\system32\SHELL32.dll
0x00007ffe892e0000 - 0x00007ffe89925000 	C:\Windows\system32\windows.storage.dll
0x00007ffe8a100000 - 0x00007ffe8a152000 	C:\Windows\system32\shlwapi.dll
0x00007ffe891e0000 - 0x00007ffe891ef000 	C:\Windows\system32\kernel.appcore.dll
0x00007ffe89e30000 - 0x00007ffe89ee5000 	C:\Windows\system32\shcore.dll
0x00007ffe89160000 - 0x00007ffe891ab000 	C:\Windows\system32\powrprof.dll
0x00007ffe891b0000 - 0x00007ffe891c4000 	C:\Windows\system32\profapi.dll
0x00007ffe87430000 - 0x00007ffe87440000 	C:\Program Files (x86)\JetBrains\IntelliJ IDEA 2016.3.3\INTELAJ\IntelliJ IDEA 2016.3.3\bin\breakgen64.dll
0x0000000076b70000 - 0x0000000076b8a000 	C:\Program Files\Java\jdk1.8.0_91\jre\bin\net.dll
0x00007ffe88a90000 - 0x00007ffe88aec000 	C:\Windows\system32\mswsock.dll
0x0000000075fc0000 - 0x0000000076158000 	C:\Program Files\Java\jdk1.8.0_91\jre\bin\awt.dll
0x00007ffe8a790000 - 0x00007ffe8a856000 	C:\Windows\system32\OLEAUT32.dll
0x00007ffe87550000 - 0x00007ffe875c9000 	C:\Windows\system32\apphelp.dll
0x00007ffe87850000 - 0x00007ffe878e6000 	C:\Windows\system32\uxtheme.dll
0x00007ffe8a160000 - 0x00007ffe8a2ba000 	C:\Windows\system32\MSCTF.dll
0x00007ffe7f690000 - 0x00007ffe7f733000 	C:\Program Files\Common Files\microsoft shared\ink\tiptsf.dll
0x00007ffe873d0000 - 0x00007ffe873f2000 	C:\Windows\system32\dwmapi.dll
0x00007ffe89f50000 - 0x00007ffe8a093000 	C:\Windows\system32\ole32.dll
0x00007ffe88b40000 - 0x00007ffe88b57000 	C:\Windows\SYSTEM32\CRYPTSP.dll
0x00007ffe887d0000 - 0x00007ffe88804000 	C:\Windows\system32\rsaenh.dll
0x00007ffe88d60000 - 0x00007ffe88d89000 	C:\Windows\SYSTEM32\bcrypt.dll
0x00007ffe88920000 - 0x00007ffe8893f000 	C:\Windows\SYSTEM32\USERENV.dll
0x00007ffe88c60000 - 0x00007ffe88c6b000 	C:\Windows\SYSTEM32\CRYPTBASE.dll
0x00007ffe85620000 - 0x00007ffe85658000 	C:\Windows\SYSTEM32\IPHLPAPI.DLL
0x00007ffe8ae00000 - 0x00007ffe8ae08000 	C:\Windows\system32\NSI.dll
0x00007ffe855c0000 - 0x00007ffe855d6000 	C:\Windows\SYSTEM32\dhcpcsvc6.DLL
0x00007ffe85560000 - 0x00007ffe8557a000 	C:\Windows\SYSTEM32\dhcpcsvc.DLL
0x0000000076b50000 - 0x0000000076b61000 	C:\Program Files\Java\jdk1.8.0_91\jre\bin\nio.dll
0x0000000076b90000 - 0x0000000076bd7000 	C:\Program Files\Java\jdk1.8.0_91\jre\bin\fontmanager.dll
0x0000000075f70000 - 0x0000000075fb2000 	C:\Program Files\Java\jdk1.8.0_91\jre\bin\t2k.dll
0x00007ffe8ca90000 - 0x00007ffe8cb37000 	C:\Windows\system32\clbcatq.dll
0x00007ffe82f20000 - 0x00007ffe8307c000 	C:\Windows\System32\uiautomationcore.dll
0x00007ffe89020000 - 0x00007ffe890b9000 	C:\Windows\SYSTEM32\sxs.dll
0x00007ffe7f8d0000 - 0x00007ffe7f93a000 	C:\Windows\System32\OLEACC.dll
0x00007ffe80c30000 - 0x00007ffe80ce1000 	C:\Windows\SYSTEM32\twinapi.dll
0x00007ffe879f0000 - 0x00007ffe87af0000 	C:\Windows\SYSTEM32\twinapi.appcore.dll
0x0000000075ed0000 - 0x0000000075f01000 	C:\Program Files\Java\jdk1.8.0_91\jre\bin\jpeg.dll
0x00007ffe85cc0000 - 0x00007ffe85e71000 	C:\Windows\SYSTEM32\WindowsCodecs.dll
0x00007ffe7cab0000 - 0x00007ffe7cafa000 	C:\Windows\system32\dataexchange.dll
0x00007ffe83d30000 - 0x00007ffe83fd8000 	C:\Windows\system32\d3d11.dll
0x00007ffe86900000 - 0x00007ffe869e3000 	C:\Windows\system32\dcomp.dll
0x00007ffe86850000 - 0x00007ffe868f2000 	C:\Windows\system32\dxgi.dll
0x00007ffe6a500000 - 0x00007ffe6a5ef000 	C:\Program Files\Java\jdk1.8.0_91\jre\bin\msvcr120.dll
0x00007ffe6e120000 - 0x00007ffe6e1c6000 	C:\Program Files\Java\jdk1.8.0_91\jre\bin\msvcp120.dll
0x0000000075dc0000 - 0x0000000075de3000 	C:\Program Files\Java\jdk1.8.0_91\jre\bin\prism_d3d.dll
0x00007ffe67dd0000 - 0x00007ffe67fe0000 	C:\Windows\system32\d3d9.dll
0x00007ffe541f0000 - 0x00007ffe56083000 	C:\Windows\SYSTEM32\igdumdim64.dll
0x00007ffe8a360000 - 0x00007ffe8a789000 	C:\Windows\system32\SETUPAPI.dll
0x0000000075d70000 - 0x0000000075db3000 	C:\Program Files\Java\jdk1.8.0_91\jre\bin\glass.dll
0x00007ffe8c820000 - 0x00007ffe8c92b000 	C:\Windows\system32\COMDLG32.dll
0x00007ffe89250000 - 0x00007ffe892d6000 	C:\Windows\system32\FirewallAPI.dll
0x00007ffe89930000 - 0x00007ffe89947000 	C:\Windows\system32\NETAPI32.dll
0x00007ffe87020000 - 0x00007ffe8702c000 	C:\Windows\SYSTEM32\DAVHLPR.DLL
0x00007ffe87c50000 - 0x00007ffe87c82000 	C:\Windows\SYSTEM32\fwbase.dll
0x00007ffe7cc30000 - 0x00007ffe7daa0000 	C:\Windows\SYSTEM32\igc64.dll
0x00000000737e0000 - 0x0000000075d6e000 	C:\Program Files\Java\jdk1.8.0_91\jre\bin\jfxwebkit.dll
0x0000000075f40000 - 0x0000000075f64000 	C:\Program Files\Java\jdk1.8.0_91\jre\bin\sunec.dll
0x0000000076ad0000 - 0x0000000076ae4000 	C:\Program Files\Java\jdk1.8.0_91\jre\bin\javafx_font.dll
0x00007ffe82b80000 - 0x00007ffe82ddf000 	C:\Windows\SYSTEM32\dwrite.dll
0x00007ffe733e0000 - 0x00007ffe733f6000 	C:\Windows\system32\napinsp.dll
0x00007ffe73400000 - 0x00007ffe7341a000 	C:\Windows\system32\pnrpnsp.dll
0x00007ffe86dc0000 - 0x00007ffe86dd8000 	C:\Windows\system32\NLAapi.dll
0x00007ffe87940000 - 0x00007ffe879ea000 	C:\Windows\SYSTEM32\DNSAPI.dll
0x00007ffe73420000 - 0x00007ffe7342d000 	C:\Windows\System32\winrnr.dll
0x00007ffe73430000 - 0x00007ffe73445000 	C:\Windows\System32\wshbth.dll
0x00007ffe86230000 - 0x00007ffe86297000 	C:\Windows\System32\fwpuclnt.dll
0x00007ffe84ac0000 - 0x00007ffe84aca000 	C:\Windows\System32\rasadhlp.dll
0x00000000737c0000 - 0x00000000737d1000 	C:\Program Files\Java\jdk1.8.0_91\jre\bin\prism_common.dll
0x0000000073780000 - 0x00000000737bc000 	C:\Program Files\Java\jdk1.8.0_91\jre\bin\lcms.dll
0x00007ffe85b30000 - 0x00007ffe85cbc000 	C:\Windows\SYSTEM32\dbghelp.dll

VM Arguments:
jvm_args: -Xms128m -Xmx750m -XX:ReservedCodeCacheSize=240m -XX:+UseConcMarkSweepGC -XX:SoftRefLRUPolicyMSPerMB=50 -ea -Dsun.io.useCanonCaches=false -Djava.net.preferIPv4Stack=true -XX:+HeapDumpOnOutOfMemoryError -XX:-OmitStackTraceInFastThrow -Didea.launcher.port=7540 -Didea.launcher.bin.path=C:\Program Files (x86)\JetBrains\IntelliJ IDEA 2016.3.3\INTELAJ\IntelliJ IDEA 2016.3.3\bin -Dfile.encoding=UTF-8 
java_command: com.intellij.rt.execution.application.AppMain com.codename1.impl.javase.Simulator com.hales.os.MyApplication
java_class_path (initial): C:/Users/chales/Desktop/os2\out\production\os2;C:/Users/chales/Desktop/os2\src;C:/Users/chales/Desktop/os2\lib\CodenameOne.jar;C:/Users/chales/Desktop/os2\JavaSE.jar;native/internal_tmp;lib/impl/cls;C:\Program Files (x86)\JetBrains\IntelliJ IDEA 2016.3.3\INTELAJ\IntelliJ IDEA 2016.3.3\lib\idea_rt.jar
Launcher Type: SUN_STANDARD

Environment Variables:
PATH=C:\ProgramData\Oracle\Java\javapath;C:\Windows\system32;C:\Windows;C:\Windows\System32\Wbem;C:\Windows\System32\WindowsPowerShell\v1.0\
USERNAME=chales
OS=Windows_NT
PROCESSOR_IDENTIFIER=Intel64 Family 6 Model 78 Stepping 3, GenuineIntel



---------------  S Y S T E M  ---------------

OS: Windows 10.0 , 64 bit Build 10586 (10.0.10586.589)

CPU:total 4 (2 cores per cpu, 2 threads per core) family 6 model 78 stepping 3, cmov, cx8, fxsr, mmx, sse, sse2, sse3, ssse3, sse4.1, sse4.2, popcnt, avx, avx2, aes, clmul, erms, 3dnowpref, lzcnt, ht, tsc, tscinvbit, bmi1, bmi2, adx

Memory: 4k page, physical 7802196k(2193828k free), swap 13966328k(4443912k free)

vm_info: Java HotSpot(TM) 64-Bit Server VM (25.91-b15) for windows-amd64 JRE (1.8.0_91-b15), built on May 20 2016 17:43:15 by "java_re" with MS VC++ 10.0 (VS2010)

time: Tue Apr 25 23:36:19 2017
elapsed time: 21 seconds (0d 0h 0m 21s)

