#
# A fatal error has been detected by the Java Runtime Environment:
#
#  EXCEPTION_ACCESS_VIOLATION (0xc0000005) at pc=0x00000000743748c9, pid=28360, tid=28388
#
# JRE version: Java(TM) SE Runtime Environment (8.0_91-b15) (build 1.8.0_91-b15)
# Java VM: Java HotSpot(TM) 64-Bit Server VM (25.91-b15 mixed mode windows-amd64 compressed oops)
# Problematic frame:
# C  [jfxwebkit.dll+0xb948c9]
#
# Failed to write core dump. Minidumps are not enabled by default on client versions of Windows
#
# If you would like to submit a bug report, please visit:
#   http://bugreport.java.com/bugreport/crash.jsp
# The crash happened outside the Java Virtual Machine in native code.
# See problematic frame for where to report the bug.
#

---------------  T H R E A D  ---------------

Current thread (0x000000001a06d000):  JavaThread "JavaFX Application Thread" [_thread_in_native, id=28388, stack(0x000000001db20000,0x000000001dc20000)]

siginfo: ExceptionCode=0xc0000005, writing address 0x00000000bbadbeef

Registers:
RAX=0x0000000000000000, RBX=0x0000000000000000, RCX=0x5c5aef69234a0000, RDX=0x0000000000000002
RSP=0x000000001dc1cc40, RBP=0x000000001dc1cd49, RSI=0x0000000212c44c10, RDI=0x000000014000d040
R8 =0x000000001dc1c740, R9 =0x00007ffe79080000, R10=0x0000000000000000, R11=0x0000000000000200
R12=0x000000000d2c37bd, R13=0x000000000d2c37bd, R14=0x00000000107745ad, R15=0x000000014000d040
RIP=0x00000000743748c9, EFLAGS=0x0000000000010246

Top of Stack: (sp=0x000000001dc1cc40)
0x000000001dc1cc40:   0000000000000000 00000002db6a9340
0x000000001dc1cc50:   000000004ac84000 0000000000000000
0x000000001dc1cc60:   0000000000000000 000000007423a422
0x000000001dc1cc70:   000000004b3d387a 000000004aae7800
0x000000001dc1cc80:   0000000028c95680 0000000000000000
0x000000001dc1cc90:   000000000d2c37be 0000000000000010
0x000000001dc1cca0:   0000000000000000 0000000000000000
0x000000001dc1ccb0:   0000000000000000 00000000107745ad
0x000000001dc1ccc0:   0000000000000000 000000014000d040
0x000000001dc1ccd0:   0d2c37bd0d2c37bd 0000000000000000
0x000000001dc1cce0:   4aae74004ac84000 4400000044000000
0x000000001dc1ccf0:   0000000000000000 4b3d387a4b1aa0be
0x000000001dc1cd00:   0000000000000000 00007ffe8cb60abd
0x000000001dc1cd10:   000000001dc1d188 000000002241a3d0
0x000000001dc1cd20:   fffffffffffffffe 0000000000000000
0x000000001dc1cd30:   0000000000000000 0000000000000000 

Instructions: (pc=0x00000000743748c9)
0x00000000743748a9:   83 c4 20 5b c3 cc cc 48 83 ec 28 48 8b 05 f5 bb
0x00000000743748b9:   8c 01 48 85 c0 74 02 ff d0 e8 a9 07 00 00 33 c0
0x00000000743748c9:   a3 ef be ad bb 00 00 00 00 48 83 c4 28 48 ff e0
0x00000000743748d9:   cc cc cc cc cc cc cc 48 83 ec 28 48 8b 05 c5 bb 


Register to memory mapping:

RAX=0x0000000000000000 is an unknown value
RBX=0x0000000000000000 is an unknown value
RCX=0x5c5aef69234a0000 is an unknown value
RDX=0x0000000000000002 is an unknown value
RSP=0x000000001dc1cc40 is pointing into the stack for thread: 0x000000001a06d000
RBP=0x000000001dc1cd49 is pointing into the stack for thread: 0x000000001a06d000
RSI=0x0000000212c44c10 is an unknown value
RDI=0x000000014000d040 is an unknown value
R8 =0x000000001dc1c740 is pointing into the stack for thread: 0x000000001a06d000
R9 =0x00007ffe79080000 is an unknown value
R10=0x0000000000000000 is an unknown value
R11=0x0000000000000200 is an unknown value
R12=0x000000000d2c37bd is an unknown value
R13=0x000000000d2c37bd is an unknown value
R14=0x00000000107745ad is an unknown value
R15=0x000000014000d040 is an unknown value


Stack: [0x000000001db20000,0x000000001dc20000],  sp=0x000000001dc1cc40,  free space=1011k
Native frames: (J=compiled Java code, j=interpreted, Vv=VM code, C=native code)
C  [jfxwebkit.dll+0xb948c9]
C  [jfxwebkit.dll+0xa5a422]
C  [jfxwebkit.dll+0xa5b326]
C  [jfxwebkit.dll+0xa549a2]
C  [jfxwebkit.dll+0xa53aa6]
C  [jfxwebkit.dll+0xa53b07]
C  [jfxwebkit.dll+0xa53b07]
C  [jfxwebkit.dll+0xa53b07]
C  [jfxwebkit.dll+0xa53b07]
C  [jfxwebkit.dll+0xa53b07]
C  [jfxwebkit.dll+0xa53b07]
C  [jfxwebkit.dll+0x9a3713]
C  [jfxwebkit.dll+0x827a74]
C  [jfxwebkit.dll+0x829fad]
C  [jfxwebkit.dll+0x8c773f]
C  [jfxwebkit.dll+0x8aa6e6]
C  [jfxwebkit.dll+0x86ed96]
C  [jfxwebkit.dll+0xa56ba8]
C  [jfxwebkit.dll+0xa59dd0]
C  [jfxwebkit.dll+0xa5b376]
C  [jfxwebkit.dll+0xa549a2]
C  [jfxwebkit.dll+0x8aa9f0]
C  0x00000000031a7f54

Java frames: (J=compiled Java code, j=interpreted, Vv=VM code)
j  com.sun.webkit.WebPage.twkPrePaint(J)V+0
j  com.sun.webkit.WebPage.updateDirty(Lcom/sun/webkit/graphics/WCRectangle;)V+117
j  com.sun.webkit.WebPage.updateContent(Lcom/sun/webkit/graphics/WCRectangle;)V+48
j  com.sun.javafx.sg.prism.web.NGWebView.update()V+68
j  javafx.scene.web.WebView.handleStagePulse()V+78
j  javafx.scene.web.WebView.lambda$new$29()V+1
j  javafx.scene.web.WebView$$Lambda$110.pulse()V+4
j  com.sun.javafx.tk.Toolkit.lambda$runPulse$30(Lcom/sun/javafx/tk/TKPulseListener;)Ljava/lang/Void;+1
j  com.sun.javafx.tk.Toolkit$$Lambda$155.run()Ljava/lang/Object;+4
v  ~StubRoutines::call_stub
J 2776  java.security.AccessController.doPrivileged(Ljava/security/PrivilegedAction;Ljava/security/AccessControlContext;)Ljava/lang/Object; (0 bytes) @ 0x00000000039661e6 [0x0000000003966180+0x66]
J 3834 C1 com.sun.javafx.tk.Toolkit.runPulse(Lcom/sun/javafx/tk/TKPulseListener;Ljava/security/AccessControlContext;)V (26 bytes) @ 0x0000000003bdd994 [0x0000000003bdd520+0x474]
j  com.sun.javafx.tk.Toolkit.firePulse()V+129
j  com.sun.javafx.tk.quantum.QuantumToolkit.pulse(Z)V+97
j  com.sun.javafx.tk.quantum.QuantumToolkit.pulse()V+2
j  com.sun.javafx.tk.quantum.QuantumToolkit.lambda$runToolkit$404()V+1
j  com.sun.javafx.tk.quantum.QuantumToolkit$$Lambda$67.run()V+4
J 3712 C1 com.sun.glass.ui.InvokeLaterDispatcher$Future.run()V (91 bytes) @ 0x0000000003b7578c [0x0000000003b75680+0x10c]
v  ~StubRoutines::call_stub
j  com.sun.glass.ui.win.WinApplication._runLoop(Ljava/lang/Runnable;)V+0
j  com.sun.glass.ui.win.WinApplication.lambda$null$148(ILjava/lang/Runnable;)V+8
j  com.sun.glass.ui.win.WinApplication$$Lambda$63.run()V+12
j  java.lang.Thread.run()V+11
v  ~StubRoutines::call_stub

---------------  P R O C E S S  ---------------

Java Threads: ( => current thread )
  0x000000001c613800 JavaThread "invokeAndBlock2" [_thread_blocked, id=30508, stack(0x000000002ca40000,0x000000002cb40000)]
  0x000000001c20a800 JavaThread "Prism Font Disposer" daemon [_thread_blocked, id=23356, stack(0x0000000026490000,0x0000000026590000)]
  0x000000001c200000 JavaThread "Watchdog-Timer-1" daemon [_thread_blocked, id=24488, stack(0x0000000023960000,0x0000000023a60000)]
  0x000000001a06a000 JavaThread "Timer-0" [_thread_blocked, id=10960, stack(0x0000000023760000,0x0000000023860000)]
  0x000000001a06b800 JavaThread "Disposer" daemon [_thread_blocked, id=26816, stack(0x0000000022ab0000,0x0000000022bb0000)]
  0x000000001a06a800 JavaThread "Thread-7" daemon [_thread_in_native, id=25916, stack(0x00000000220b0000,0x00000000221b0000)]
=>0x000000001a06d000 JavaThread "JavaFX Application Thread" [_thread_in_native, id=28388, stack(0x000000001db20000,0x000000001dc20000)]
  0x000000001a069000 JavaThread "Thread-6" daemon [_thread_blocked, id=30572, stack(0x000000001da20000,0x000000001db20000)]
  0x000000001a06e800 JavaThread "QuantumRenderer-0" daemon [_thread_blocked, id=31640, stack(0x000000001d720000,0x000000001d820000)]
  0x000000001a0e1000 JavaThread "invokeAndBlock1" [_thread_blocked, id=31480, stack(0x000000001cf20000,0x000000001d020000)]
  0x000000001bd49000 JavaThread "Network Thread" [_thread_blocked, id=30072, stack(0x000000001ce20000,0x000000001cf20000)]
  0x0000000019c08800 JavaThread "EDT" [_thread_blocked, id=31680, stack(0x000000001bc40000,0x000000001bd40000)]
  0x0000000003090800 JavaThread "DestroyJavaVM" [_thread_blocked, id=22048, stack(0x0000000002f90000,0x0000000003090000)]
  0x00000000195a2000 JavaThread "Thread-1" [_thread_blocked, id=28376, stack(0x000000001a6f0000,0x000000001a7f0000)]
  0x0000000019587800 JavaThread "AWT-EventQueue-0" [_thread_blocked, id=28500, stack(0x000000001a5f0000,0x000000001a6f0000)]
  0x0000000019583800 JavaThread "AWT-Windows" daemon [_thread_in_native, id=27980, stack(0x000000001a3a0000,0x000000001a4a0000)]
  0x00000000194d4800 JavaThread "AWT-Shutdown" [_thread_blocked, id=24228, stack(0x000000001a2a0000,0x000000001a3a0000)]
  0x00000000194d3800 JavaThread "Java2D Disposer" daemon [_thread_blocked, id=31548, stack(0x000000001a1a0000,0x000000001a2a0000)]
  0x0000000019274800 JavaThread "Monitor Ctrl-Break" daemon [_thread_in_native, id=31028, stack(0x00000000197c0000,0x00000000198c0000)]
  0x00000000191f0800 JavaThread "Service Thread" daemon [_thread_blocked, id=31116, stack(0x00000000195c0000,0x00000000196c0000)]
  0x0000000017891800 JavaThread "C1 CompilerThread2" daemon [_thread_blocked, id=30672, stack(0x00000000190c0000,0x00000000191c0000)]
  0x0000000017882000 JavaThread "C2 CompilerThread1" daemon [_thread_blocked, id=30432, stack(0x0000000018fc0000,0x00000000190c0000)]
  0x000000001787f000 JavaThread "C2 CompilerThread0" daemon [_thread_blocked, id=29360, stack(0x0000000018ec0000,0x0000000018fc0000)]
  0x000000001787d000 JavaThread "Attach Listener" daemon [_thread_blocked, id=30344, stack(0x0000000018dc0000,0x0000000018ec0000)]
  0x000000001787a000 JavaThread "Signal Dispatcher" daemon [_thread_blocked, id=29128, stack(0x0000000018cc0000,0x0000000018dc0000)]
  0x000000000318b000 JavaThread "Finalizer" daemon [_thread_blocked, id=15104, stack(0x0000000018ae0000,0x0000000018be0000)]
  0x0000000003180000 JavaThread "Reference Handler" daemon [_thread_blocked, id=25096, stack(0x00000000189e0000,0x0000000018ae0000)]

Other Threads:
  0x0000000017848000 VMThread [stack: 0x00000000188e0000,0x00000000189e0000] [id=23504]
  0x00000000178de800 WatcherThread [stack: 0x00000000196c0000,0x00000000197c0000] [id=31344]

VM state:not at safepoint (normal execution)

VM Mutex/Monitor currently owned by a thread: None

Heap:
 PSYoungGen      total 135680K, used 21393K [0x00000000d8500000, 0x00000000e7a80000, 0x0000000100000000)
  eden space 121856K, 6% used [0x00000000d8500000,0x00000000d8c693d8,0x00000000dfc00000)
  from space 13824K, 99% used [0x00000000dfc00000,0x00000000e097b0c0,0x00000000e0980000)
  to   space 17920K, 0% used [0x00000000e6900000,0x00000000e6900000,0x00000000e7a80000)
 ParOldGen       total 58880K, used 17334K [0x0000000088e00000, 0x000000008c780000, 0x00000000d8500000)
  object space 58880K, 29% used [0x0000000088e00000,0x0000000089eedba8,0x000000008c780000)
 Metaspace       used 31350K, capacity 32274K, committed 32384K, reserved 1077248K
  class space    used 3940K, capacity 4167K, committed 4224K, reserved 1048576K

Card table byte_map: [0x0000000012550000,0x0000000012910000] byte_map_base: 0x0000000012109000

Marking Bits: (ParMarkBitMap*) 0x0000000076972f70
 Begin Bits: [0x0000000012f90000, 0x0000000014d58000)
 End Bits:   [0x0000000014d58000, 0x0000000016b20000)

Polling page: 0x0000000001700000

CodeCache: size=245760Kb used=12683Kb max_used=12683Kb free=233076Kb
 bounds [0x0000000003190000, 0x0000000003e10000, 0x0000000012190000]
 total_blobs=4887 nmethods=3997 adapters=800
 compilation: enabled

Compilation events (10 events):
Event: 24.691 Thread 0x0000000017891800 nmethod 4473 0x0000000003dfbcd0 code [0x0000000003dfbe40, 0x0000000003dfc1b8]
Event: 24.738 Thread 0x000000001787f000 nmethod 4462 0x0000000003dfef90 code [0x0000000003dff0e0, 0x0000000003dff1d8]
Event: 27.681 Thread 0x0000000017891800 4474       3       java.util.IdentityHashMap::maskNull (12 bytes)
Event: 27.716 Thread 0x0000000017891800 nmethod 4474 0x0000000003dfec50 code [0x0000000003dfeda0, 0x0000000003dfef30]
Event: 27.716 Thread 0x0000000017891800 4475       3       java.util.IdentityHashMap::hash (18 bytes)
Event: 27.720 Thread 0x0000000017891800 nmethod 4475 0x0000000003dfe8d0 code [0x0000000003dfea40, 0x0000000003dfebc8]
Event: 27.727 Thread 0x0000000017891800 4476   !   3       com.codename1.impl.javase.JavaSEPort$C::blit (46 bytes)
Event: 27.947 Thread 0x0000000017891800 nmethod 4476 0x0000000003dff290 code [0x0000000003dff5e0, 0x0000000003e00ed8]
Event: 27.947 Thread 0x0000000017891800 4477       3       com.codename1.impl.javase.JavaSEPort$C$1::<init> (10 bytes)
Event: 27.948 Thread 0x0000000017891800 nmethod 4477 0x0000000003dfe510 code [0x0000000003dfe660, 0x0000000003dfe830]

GC Heap History (10 events):
Event: 2.754 GC heap before
{Heap before GC invocations=4 (full 0):
 PSYoungGen      total 35840K, used 35825K [0x00000000d8500000, 0x00000000dcb00000, 0x0000000100000000)
  eden space 30720K, 100% used [0x00000000d8500000,0x00000000da300000,0x00000000da300000)
  from space 5120K, 99% used [0x00000000da300000,0x00000000da7fc4a0,0x00000000da800000)
  to   space 5120K, 0% used [0x00000000dc600000,0x00000000dc600000,0x00000000dcb00000)
 ParOldGen       total 81920K, used 5026K [0x0000000088e00000, 0x000000008de00000, 0x00000000d8500000)
  object space 81920K, 6% used [0x0000000088e00000,0x00000000892e8be0,0x000000008de00000)
 Metaspace       used 11463K, capacity 11716K, committed 12032K, reserved 1060864K
  class space    used 1366K, capacity 1452K, committed 1536K, reserved 1048576K
Event: 2.757 GC heap after
Heap after GC invocations=4 (full 0):
 PSYoungGen      total 66560K, used 5105K [0x00000000d8500000, 0x00000000dcb00000, 0x0000000100000000)
  eden space 61440K, 0% used [0x00000000d8500000,0x00000000d8500000,0x00000000dc100000)
  from space 5120K, 99% used [0x00000000dc600000,0x00000000dcafc4a0,0x00000000dcb00000)
  to   space 5120K, 0% used [0x00000000dc100000,0x00000000dc100000,0x00000000dc600000)
 ParOldGen       total 81920K, used 5042K [0x0000000088e00000, 0x000000008de00000, 0x00000000d8500000)
  object space 81920K, 6% used [0x0000000088e00000,0x00000000892ecbe0,0x000000008de00000)
 Metaspace       used 11463K, capacity 11716K, committed 12032K, reserved 1060864K
  class space    used 1366K, capacity 1452K, committed 1536K, reserved 1048576K
}
Event: 4.543 GC heap before
{Heap before GC invocations=5 (full 0):
 PSYoungGen      total 66560K, used 66545K [0x00000000d8500000, 0x00000000dcb00000, 0x0000000100000000)
  eden space 61440K, 100% used [0x00000000d8500000,0x00000000dc100000,0x00000000dc100000)
  from space 5120K, 99% used [0x00000000dc600000,0x00000000dcafc4a0,0x00000000dcb00000)
  to   space 5120K, 0% used [0x00000000dc100000,0x00000000dc100000,0x00000000dc600000)
 ParOldGen       total 81920K, used 5042K [0x0000000088e00000, 0x000000008de00000, 0x00000000d8500000)
  object space 81920K, 6% used [0x0000000088e00000,0x00000000892ecbe0,0x000000008de00000)
 Metaspace       used 15332K, capacity 15582K, committed 15744K, reserved 1062912K
  class space    used 1823K, capacity 1905K, committed 1920K, reserved 1048576K
Event: 4.549 GC heap after
Heap after GC invocations=5 (full 0):
 PSYoungGen      total 66560K, used 5116K [0x00000000d8500000, 0x00000000e1600000, 0x0000000100000000)
  eden space 61440K, 0% used [0x00000000d8500000,0x00000000d8500000,0x00000000dc100000)
  from space 5120K, 99% used [0x00000000dc100000,0x00000000dc5ff188,0x00000000dc600000)
  to   space 12800K, 0% used [0x00000000e0980000,0x00000000e0980000,0x00000000e1600000)
 ParOldGen       total 81920K, used 11034K [0x0000000088e00000, 0x000000008de00000, 0x00000000d8500000)
  object space 81920K, 13% used [0x0000000088e00000,0x00000000898c6b30,0x000000008de00000)
 Metaspace       used 15332K, capacity 15582K, committed 15744K, reserved 1062912K
  class space    used 1823K, capacity 1905K, committed 1920K, reserved 1048576K
}
Event: 8.451 GC heap before
{Heap before GC invocations=6 (full 0):
 PSYoungGen      total 66560K, used 49396K [0x00000000d8500000, 0x00000000e1600000, 0x0000000100000000)
  eden space 61440K, 72% used [0x00000000d8500000,0x00000000db03e118,0x00000000dc100000)
  from space 5120K, 99% used [0x00000000dc100000,0x00000000dc5ff188,0x00000000dc600000)
  to   space 12800K, 0% used [0x00000000e0980000,0x00000000e0980000,0x00000000e1600000)
 ParOldGen       total 81920K, used 11034K [0x0000000088e00000, 0x000000008de00000, 0x00000000d8500000)
  object space 81920K, 13% used [0x0000000088e00000,0x00000000898c6b30,0x000000008de00000)
 Metaspace       used 20613K, capacity 21036K, committed 21248K, reserved 1069056K
  class space    used 2373K, capacity 2494K, committed 2560K, reserved 1048576K
Event: 8.461 GC heap after
Heap after GC invocations=6 (full 0):
 PSYoungGen      total 134656K, used 10674K [0x00000000d8500000, 0x00000000e1800000, 0x0000000100000000)
  eden space 121856K, 0% used [0x00000000d8500000,0x00000000d8500000,0x00000000dfc00000)
  from space 12800K, 83% used [0x00000000e0980000,0x00000000e13ec838,0x00000000e1600000)
  to   space 13824K, 0% used [0x00000000dfc00000,0x00000000dfc00000,0x00000000e0980000)
 ParOldGen       total 81920K, used 11050K [0x0000000088e00000, 0x000000008de00000, 0x00000000d8500000)
  object space 81920K, 13% used [0x0000000088e00000,0x00000000898cab30,0x000000008de00000)
 Metaspace       used 20613K, capacity 21036K, committed 21248K, reserved 1069056K
  class space    used 2373K, capacity 2494K, committed 2560K, reserved 1048576K
}
Event: 8.461 GC heap before
{Heap before GC invocations=7 (full 1):
 PSYoungGen      total 134656K, used 10674K [0x00000000d8500000, 0x00000000e1800000, 0x0000000100000000)
  eden space 121856K, 0% used [0x00000000d8500000,0x00000000d8500000,0x00000000dfc00000)
  from space 12800K, 83% used [0x00000000e0980000,0x00000000e13ec838,0x00000000e1600000)
  to   space 13824K, 0% used [0x00000000dfc00000,0x00000000dfc00000,0x00000000e0980000)
 ParOldGen       total 81920K, used 11050K [0x0000000088e00000, 0x000000008de00000, 0x00000000d8500000)
  object space 81920K, 13% used [0x0000000088e00000,0x00000000898cab30,0x000000008de00000)
 Metaspace       used 20613K, capacity 21036K, committed 21248K, reserved 1069056K
  class space    used 2373K, capacity 2494K, committed 2560K, reserved 1048576K
Event: 8.508 GC heap after
Heap after GC invocations=7 (full 1):
 PSYoungGen      total 134656K, used 0K [0x00000000d8500000, 0x00000000e1800000, 0x0000000100000000)
  eden space 121856K, 0% used [0x00000000d8500000,0x00000000d8500000,0x00000000dfc00000)
  from space 12800K, 0% used [0x00000000e0980000,0x00000000e0980000,0x00000000e1600000)
  to   space 13824K, 0% used [0x00000000dfc00000,0x00000000dfc00000,0x00000000e0980000)
 ParOldGen       total 58880K, used 14218K [0x0000000088e00000, 0x000000008c780000, 0x00000000d8500000)
  object space 58880K, 24% used [0x0000000088e00000,0x0000000089be2a70,0x000000008c780000)
 Metaspace       used 20613K, capacity 21036K, committed 21248K, reserved 1069056K
  class space    used 2373K, capacity 2494K, committed 2560K, reserved 1048576K
}
Event: 17.001 GC heap before
{Heap before GC invocations=8 (full 1):
 PSYoungGen      total 134656K, used 121856K [0x00000000d8500000, 0x00000000e1800000, 0x0000000100000000)
  eden space 121856K, 100% used [0x00000000d8500000,0x00000000dfc00000,0x00000000dfc00000)
  from space 12800K, 0% used [0x00000000e0980000,0x00000000e0980000,0x00000000e1600000)
  to   space 13824K, 0% used [0x00000000dfc00000,0x00000000dfc00000,0x00000000e0980000)
 ParOldGen       total 58880K, used 14218K [0x0000000088e00000, 0x000000008c780000, 0x00000000d8500000)
  object space 58880K, 24% used [0x0000000088e00000,0x0000000089be2a70,0x000000008c780000)
 Metaspace       used 31141K, capacity 32074K, committed 32384K, reserved 1077248K
  class space    used 3924K, capacity 4123K, committed 4224K, reserved 1048576K
Event: 17.016 GC heap after
Heap after GC invocations=8 (full 1):
 PSYoungGen      total 135680K, used 13804K [0x00000000d8500000, 0x00000000e7a80000, 0x0000000100000000)
  eden space 121856K, 0% used [0x00000000d8500000,0x00000000d8500000,0x00000000dfc00000)
  from space 13824K, 99% used [0x00000000dfc00000,0x00000000e097b0c0,0x00000000e0980000)
  to   space 17920K, 0% used [0x00000000e6900000,0x00000000e6900000,0x00000000e7a80000)
 ParOldGen       total 58880K, used 17334K [0x0000000088e00000, 0x000000008c780000, 0x00000000d8500000)
  object space 58880K, 29% used [0x0000000088e00000,0x0000000089eedba8,0x000000008c780000)
 Metaspace       used 31141K, capacity 32074K, committed 32384K, reserved 1077248K
  class space    used 3924K, capacity 4123K, committed 4224K, reserved 1048576K
}

Deoptimization events (10 events):
Event: 16.905 Thread 0x0000000019c08800 Uncommon trap: reason=bimorphic action=maybe_recompile pc=0x0000000003331a58 method=java.io.DataInputStream.readShort()S @ 4
Event: 19.229 Thread 0x0000000019c08800 Uncommon trap: reason=unstable_if action=reinterpret pc=0x0000000003c733c4 method=java.awt.Rectangle.translate(II)V @ 109
Event: 19.229 Thread 0x0000000019c08800 Uncommon trap: reason=unstable_if action=reinterpret pc=0x0000000003d79268 method=sun.java2d.SunGraphics2D.setColor(Ljava/awt/Color;)V @ 9
Event: 19.229 Thread 0x0000000019c08800 Uncommon trap: reason=unstable_if action=reinterpret pc=0x0000000003cebc34 method=sun.awt.image.SurfaceManager.getImageScale(Ljava/awt/Image;)I @ 4
Event: 19.245 Thread 0x0000000019c08800 Uncommon trap: reason=unstable_if action=reinterpret pc=0x0000000003c1e990 method=java.awt.Rectangle.translate(II)V @ 109
Event: 19.245 Thread 0x0000000019c08800 Uncommon trap: reason=unstable_if action=reinterpret pc=0x0000000003829c20 method=java.awt.Rectangle.translate(II)V @ 109
Event: 24.623 Thread 0x0000000019587800 Uncommon trap: reason=unstable_if action=reinterpret pc=0x0000000003d748dc method=java.awt.Rectangle.translate(II)V @ 109
Event: 24.623 Thread 0x0000000019587800 Uncommon trap: reason=unstable_if action=reinterpret pc=0x0000000003d837f8 method=java.awt.Rectangle.translate(II)V @ 109
Event: 24.623 Thread 0x0000000019587800 Uncommon trap: reason=unstable_if action=reinterpret pc=0x0000000003c7759c method=java.awt.Rectangle.translate(II)V @ 109
Event: 24.623 Thread 0x0000000019587800 Uncommon trap: reason=unstable_if action=reinterpret pc=0x0000000003c77dc4 method=java.awt.Rectangle.translate(II)V @ 109

Internal exceptions (10 events):
Event: 7.717 Thread 0x0000000019c08800 Implicit null exception at 0x000000000377a413 to 0x000000000377a4dd
Event: 8.548 Thread 0x0000000019c08800 Exception <a 'java/lang/NullPointerException'> (0x00000000d8728008) thrown at [C:\re\workspace\8-2-build-windows-amd64-cygwin\jdk8u91\7017\hotspot\src\share\vm\interpreter\linkResolver.cpp, line 1178]
Event: 8.578 Thread 0x000000001a06d000 Exception <a 'java/lang/NullPointerException'> (0x00000000d8a9d0a8) thrown at [C:\re\workspace\8-2-build-windows-amd64-cygwin\jdk8u91\7017\hotspot\src\share\vm\interpreter\linkResolver.cpp, line 1178]
Event: 8.578 Thread 0x000000001a06d000 Exception <a 'java/lang/NullPointerException'> (0x00000000d8a9d0a8) thrown at [C:\re\workspace\8-2-build-windows-amd64-cygwin\jdk8u91\7017\hotspot\src\share\vm\prims\jvm.cpp, line 1390]
Event: 9.132 Thread 0x000000001a06d000 Exception <a 'sun/nio/fs/WindowsException'> (0x00000000d992bce0) thrown at [C:\re\workspace\8-2-build-windows-amd64-cygwin\jdk8u91\7017\hotspot\src\share\vm\prims\jni.cpp, line 709]
Event: 9.134 Thread 0x000000001a06d000 Exception <a 'sun/nio/fs/WindowsException'> (0x00000000d992d658) thrown at [C:\re\workspace\8-2-build-windows-amd64-cygwin\jdk8u91\7017\hotspot\src\share\vm\prims\jni.cpp, line 709]
Event: 9.147 Thread 0x000000001a06d000 Exception <a 'sun/nio/fs/WindowsException'> (0x00000000d9f7c8b8) thrown at [C:\re\workspace\8-2-build-windows-amd64-cygwin\jdk8u91\7017\hotspot\src\share\vm\prims\jni.cpp, line 709]
Event: 9.149 Thread 0x000000001a06d000 Exception <a 'sun/nio/fs/WindowsException'> (0x00000000d9f7d610) thrown at [C:\re\workspace\8-2-build-windows-amd64-cygwin\jdk8u91\7017\hotspot\src\share\vm\prims\jni.cpp, line 709]
Event: 9.390 Thread 0x000000001a06d000 Exception <a 'java/lang/ClassNotFoundException': sun/net/www/protocol/about/Handler> (0x00000000da2b7cd8) thrown at [C:\re\workspace\8-2-build-windows-amd64-cygwin\jdk8u91\7017\hotspot\src\share\vm\classfile\systemDictionary.cpp, line 210]
Event: 9.906 Thread 0x000000001a06d000 Exception <a 'java/lang/ClassNotFoundException': sun/net/www/protocol/about/Handler> (0x00000000dd0b7d80) thrown at [C:\re\workspace\8-2-build-windows-amd64-cygwin\jdk8u91\7017\hotspot\src\share\vm\classfile\systemDictionary.cpp, line 210]

Events (10 events):
Event: 24.623 Thread 0x0000000019587800 DEOPT UNPACKING pc=0x00000000031d582a sp=0x000000001a6eccc8 mode 2
Event: 24.623 Thread 0x0000000019587800 Uncommon trap: trap_request=0xffffff65 fr.pc=0x0000000003d837f8
Event: 24.623 Thread 0x0000000019587800 DEOPT PACKING pc=0x0000000003d837f8 sp=0x000000001a6ecc80
Event: 24.623 Thread 0x0000000019587800 DEOPT UNPACKING pc=0x00000000031d582a sp=0x000000001a6ecab0 mode 2
Event: 24.623 Thread 0x0000000019587800 Uncommon trap: trap_request=0xffffff65 fr.pc=0x0000000003c7759c
Event: 24.623 Thread 0x0000000019587800 DEOPT PACKING pc=0x0000000003c7759c sp=0x000000001a6ec9b0
Event: 24.623 Thread 0x0000000019587800 DEOPT UNPACKING pc=0x00000000031d582a sp=0x000000001a6ec870 mode 2
Event: 24.623 Thread 0x0000000019587800 Uncommon trap: trap_request=0xffffff65 fr.pc=0x0000000003c77dc4
Event: 24.623 Thread 0x0000000019587800 DEOPT PACKING pc=0x0000000003c77dc4 sp=0x000000001a6ec740
Event: 24.623 Thread 0x0000000019587800 DEOPT UNPACKING pc=0x00000000031d582a sp=0x000000001a6ec678 mode 2


Dynamic libraries:
0x00007ff781600000 - 0x00007ff781637000 	C:\Program Files\Java\jdk1.8.0_91\bin\java.exe
0x00007ffe8cb40000 - 0x00007ffe8cd01000 	C:\Windows\SYSTEM32\ntdll.dll
0x00007ffe8af30000 - 0x00007ffe8afdd000 	C:\Windows\system32\KERNEL32.DLL
0x00007ffe89bd0000 - 0x00007ffe89db8000 	C:\Windows\system32\KERNELBASE.dll
0x00000000770c0000 - 0x0000000077149000 	C:\Windows\System32\SYSFER.DLL
0x00007ffe8ae80000 - 0x00007ffe8af27000 	C:\Windows\system32\ADVAPI32.dll
0x00007ffe8a2c0000 - 0x00007ffe8a35d000 	C:\Windows\system32\msvcrt.dll
0x00007ffe8a0a0000 - 0x00007ffe8a0fb000 	C:\Windows\system32\sechost.dll
0x00007ffe8ac80000 - 0x00007ffe8ad9c000 	C:\Windows\system32\RPCRT4.dll
0x00007ffe8c930000 - 0x00007ffe8ca86000 	C:\Windows\system32\USER32.dll
0x00007ffe8aae0000 - 0x00007ffe8ac66000 	C:\Windows\system32\GDI32.dll
0x00007ffe78b00000 - 0x00007ffe78d74000 	C:\Windows\WinSxS\amd64_microsoft.windows.common-controls_6595b64144ccf1df_6.0.10586.672_none_a2d6b3cea53ff843\COMCTL32.dll
0x00007ffe8b040000 - 0x00007ffe8b2bd000 	C:\Windows\system32\combase.dll
0x00007ffe89dc0000 - 0x00007ffe89e2a000 	C:\Windows\system32\bcryptPrimitives.dll
0x00007ffe8aa10000 - 0x00007ffe8aa4b000 	C:\Windows\system32\IMM32.DLL
0x0000000075df0000 - 0x0000000075ec2000 	C:\Program Files\Java\jdk1.8.0_91\jre\bin\msvcr100.dll
0x0000000076160000 - 0x00000000769f3000 	C:\Program Files\Java\jdk1.8.0_91\jre\bin\server\jvm.dll
0x00007ffe89f40000 - 0x00007ffe89f48000 	C:\Windows\system32\PSAPI.DLL
0x00007ffe874b0000 - 0x00007ffe874b9000 	C:\Windows\SYSTEM32\WSOCK32.dll
0x00007ffe8aa50000 - 0x00007ffe8aabb000 	C:\Windows\system32\WS2_32.dll
0x00007ffe87680000 - 0x00007ffe876a3000 	C:\Windows\SYSTEM32\WINMM.dll
0x00007ffe88540000 - 0x00007ffe8854a000 	C:\Windows\SYSTEM32\VERSION.dll
0x00007ffe87620000 - 0x00007ffe8764c000 	C:\Windows\SYSTEM32\WINMMBASE.dll
0x00007ffe89ef0000 - 0x00007ffe89f33000 	C:\Windows\system32\cfgmgr32.dll
0x0000000076c30000 - 0x0000000076c3f000 	C:\Program Files\Java\jdk1.8.0_91\jre\bin\verify.dll
0x0000000076c00000 - 0x0000000076c29000 	C:\Program Files\Java\jdk1.8.0_91\jre\bin\java.dll
0x0000000076be0000 - 0x0000000076bf6000 	C:\Program Files\Java\jdk1.8.0_91\jre\bin\zip.dll
0x00007ffe8b2c0000 - 0x00007ffe8c81c000 	C:\Windows\system32\SHELL32.dll
0x00007ffe892e0000 - 0x00007ffe89925000 	C:\Windows\system32\windows.storage.dll
0x00007ffe8a100000 - 0x00007ffe8a152000 	C:\Windows\system32\shlwapi.dll
0x00007ffe891e0000 - 0x00007ffe891ef000 	C:\Windows\system32\kernel.appcore.dll
0x00007ffe89e30000 - 0x00007ffe89ee5000 	C:\Windows\system32\shcore.dll
0x00007ffe89160000 - 0x00007ffe891ab000 	C:\Windows\system32\powrprof.dll
0x00007ffe891b0000 - 0x00007ffe891c4000 	C:\Windows\system32\profapi.dll
0x00007ffe87450000 - 0x00007ffe87460000 	C:\Program Files (x86)\JetBrains\IntelliJ IDEA 2016.3.3\INTELAJ\IntelliJ IDEA 2016.3.3\bin\breakgen64.dll
0x0000000076b70000 - 0x0000000076b8a000 	C:\Program Files\Java\jdk1.8.0_91\jre\bin\net.dll
0x00007ffe88a90000 - 0x00007ffe88aec000 	C:\Windows\system32\mswsock.dll
0x0000000075fc0000 - 0x0000000076158000 	C:\Program Files\Java\jdk1.8.0_91\jre\bin\awt.dll
0x00007ffe8a790000 - 0x00007ffe8a856000 	C:\Windows\system32\OLEAUT32.dll
0x00007ffe87550000 - 0x00007ffe875c9000 	C:\Windows\system32\apphelp.dll
0x00007ffe87850000 - 0x00007ffe878e6000 	C:\Windows\system32\uxtheme.dll
0x00007ffe8a160000 - 0x00007ffe8a2ba000 	C:\Windows\system32\MSCTF.dll
0x00007ffe7f690000 - 0x00007ffe7f733000 	C:\Program Files\Common Files\microsoft shared\ink\tiptsf.dll
0x00007ffe873d0000 - 0x00007ffe873f2000 	C:\Windows\system32\dwmapi.dll
0x00007ffe89f50000 - 0x00007ffe8a093000 	C:\Windows\system32\ole32.dll
0x00007ffe88b40000 - 0x00007ffe88b57000 	C:\Windows\SYSTEM32\CRYPTSP.dll
0x00007ffe887d0000 - 0x00007ffe88804000 	C:\Windows\system32\rsaenh.dll
0x00007ffe88d60000 - 0x00007ffe88d89000 	C:\Windows\SYSTEM32\bcrypt.dll
0x00007ffe88920000 - 0x00007ffe8893f000 	C:\Windows\SYSTEM32\USERENV.dll
0x00007ffe88c60000 - 0x00007ffe88c6b000 	C:\Windows\SYSTEM32\CRYPTBASE.dll
0x00007ffe85620000 - 0x00007ffe85658000 	C:\Windows\SYSTEM32\IPHLPAPI.DLL
0x00007ffe8ae00000 - 0x00007ffe8ae08000 	C:\Windows\system32\NSI.dll
0x00007ffe855c0000 - 0x00007ffe855d6000 	C:\Windows\SYSTEM32\dhcpcsvc6.DLL
0x00007ffe85560000 - 0x00007ffe8557a000 	C:\Windows\SYSTEM32\dhcpcsvc.DLL
0x0000000076b50000 - 0x0000000076b61000 	C:\Program Files\Java\jdk1.8.0_91\jre\bin\nio.dll
0x0000000076b90000 - 0x0000000076bd7000 	C:\Program Files\Java\jdk1.8.0_91\jre\bin\fontmanager.dll
0x0000000075f70000 - 0x0000000075fb2000 	C:\Program Files\Java\jdk1.8.0_91\jre\bin\t2k.dll
0x00007ffe8ca90000 - 0x00007ffe8cb37000 	C:\Windows\system32\clbcatq.dll
0x00007ffe82f20000 - 0x00007ffe8307c000 	C:\Windows\System32\uiautomationcore.dll
0x00007ffe89020000 - 0x00007ffe890b9000 	C:\Windows\SYSTEM32\sxs.dll
0x00007ffe7f8d0000 - 0x00007ffe7f93a000 	C:\Windows\System32\OLEACC.dll
0x00007ffe80c30000 - 0x00007ffe80ce1000 	C:\Windows\SYSTEM32\twinapi.dll
0x00007ffe879f0000 - 0x00007ffe87af0000 	C:\Windows\SYSTEM32\twinapi.appcore.dll
0x0000000075ed0000 - 0x0000000075f01000 	C:\Program Files\Java\jdk1.8.0_91\jre\bin\jpeg.dll
0x0000000075f40000 - 0x0000000075f64000 	C:\Program Files\Java\jdk1.8.0_91\jre\bin\sunec.dll
0x00007ffe733e0000 - 0x00007ffe733f6000 	C:\Windows\system32\napinsp.dll
0x00007ffe73400000 - 0x00007ffe7341a000 	C:\Windows\system32\pnrpnsp.dll
0x00007ffe86dc0000 - 0x00007ffe86dd8000 	C:\Windows\system32\NLAapi.dll
0x00007ffe87940000 - 0x00007ffe879ea000 	C:\Windows\SYSTEM32\DNSAPI.dll
0x00007ffe73420000 - 0x00007ffe7342d000 	C:\Windows\System32\winrnr.dll
0x00007ffe73430000 - 0x00007ffe73445000 	C:\Windows\System32\wshbth.dll
0x00007ffe84ac0000 - 0x00007ffe84aca000 	C:\Windows\System32\rasadhlp.dll
0x00007ffe86230000 - 0x00007ffe86297000 	C:\Windows\System32\fwpuclnt.dll
0x00007ffe79080000 - 0x00007ffe7916f000 	C:\Program Files\Java\jdk1.8.0_91\jre\bin\msvcr120.dll
0x00007ffe78fd0000 - 0x00007ffe79076000 	C:\Program Files\Java\jdk1.8.0_91\jre\bin\msvcp120.dll
0x0000000075dc0000 - 0x0000000075de3000 	C:\Program Files\Java\jdk1.8.0_91\jre\bin\prism_d3d.dll
0x00007ffe6e110000 - 0x00007ffe6e320000 	C:\Windows\system32\d3d9.dll
0x00007ffe5de00000 - 0x00007ffe5fc93000 	C:\Windows\SYSTEM32\igdumdim64.dll
0x00007ffe8a360000 - 0x00007ffe8a789000 	C:\Windows\system32\SETUPAPI.dll
0x0000000075d70000 - 0x0000000075db3000 	C:\Program Files\Java\jdk1.8.0_91\jre\bin\glass.dll
0x00007ffe8c820000 - 0x00007ffe8c92b000 	C:\Windows\system32\COMDLG32.dll
0x00007ffe89250000 - 0x00007ffe892d6000 	C:\Windows\system32\FirewallAPI.dll
0x00007ffe89930000 - 0x00007ffe89947000 	C:\Windows\system32\NETAPI32.dll
0x00007ffe87020000 - 0x00007ffe8702c000 	C:\Windows\SYSTEM32\DAVHLPR.DLL
0x00007ffe87c50000 - 0x00007ffe87c82000 	C:\Windows\SYSTEM32\fwbase.dll
0x00007ffe7cc30000 - 0x00007ffe7daa0000 	C:\Windows\SYSTEM32\igc64.dll
0x00000000737e0000 - 0x0000000075d6e000 	C:\Program Files\Java\jdk1.8.0_91\jre\bin\jfxwebkit.dll
0x0000000076ad0000 - 0x0000000076ae4000 	C:\Program Files\Java\jdk1.8.0_91\jre\bin\javafx_font.dll
0x00007ffe82b80000 - 0x00007ffe82ddf000 	C:\Windows\SYSTEM32\dwrite.dll
0x00007ffe85cc0000 - 0x00007ffe85e71000 	C:\Windows\SYSTEM32\WindowsCodecs.dll
0x00007ffe7cab0000 - 0x00007ffe7cafa000 	C:\Windows\system32\dataexchange.dll
0x00007ffe83d30000 - 0x00007ffe83fd8000 	C:\Windows\system32\d3d11.dll
0x00007ffe86900000 - 0x00007ffe869e3000 	C:\Windows\system32\dcomp.dll
0x00007ffe86850000 - 0x00007ffe868f2000 	C:\Windows\system32\dxgi.dll
0x00000000737c0000 - 0x00000000737d1000 	C:\Program Files\Java\jdk1.8.0_91\jre\bin\prism_common.dll
0x00007ffe85b30000 - 0x00007ffe85cbc000 	C:\Windows\SYSTEM32\dbghelp.dll

VM Arguments:
jvm_args: -Didea.launcher.port=7539 -Didea.launcher.bin.path=C:\Program Files (x86)\JetBrains\IntelliJ IDEA 2016.3.3\INTELAJ\IntelliJ IDEA 2016.3.3\bin -Dfile.encoding=UTF-8 
java_command: com.intellij.rt.execution.application.AppMain com.codename1.impl.javase.Simulator com.hales.os.MyApplication
java_class_path (initial): C:/Users/chales/Desktop/os2\out\production\os2;C:/Users/chales/Desktop/os2\src;C:/Users/chales/Desktop/os2\lib\CodenameOne.jar;C:/Users/chales/Desktop/os2\JavaSE.jar;native/internal_tmp;lib/impl/cls;C:\Program Files (x86)\JetBrains\IntelliJ IDEA 2016.3.3\INTELAJ\IntelliJ IDEA 2016.3.3\lib\idea_rt.jar
Launcher Type: SUN_STANDARD

Environment Variables:
PATH=C:\ProgramData\Oracle\Java\javapath;C:\Windows\system32;C:\Windows;C:\Windows\System32\Wbem;C:\Windows\System32\WindowsPowerShell\v1.0\
USERNAME=chales
OS=Windows_NT
PROCESSOR_IDENTIFIER=Intel64 Family 6 Model 78 Stepping 3, GenuineIntel



---------------  S Y S T E M  ---------------

OS: Windows 10.0 , 64 bit Build 10586 (10.0.10586.589)

CPU:total 4 (2 cores per cpu, 2 threads per core) family 6 model 78 stepping 3, cmov, cx8, fxsr, mmx, sse, sse2, sse3, ssse3, sse4.1, sse4.2, popcnt, avx, avx2, aes, clmul, erms, 3dnowpref, lzcnt, ht, tsc, tscinvbit, bmi1, bmi2, adx

Memory: 4k page, physical 7802196k(1892948k free), swap 18726204k(5189448k free)

vm_info: Java HotSpot(TM) 64-Bit Server VM (25.91-b15) for windows-amd64 JRE (1.8.0_91-b15), built on May 20 2016 17:43:15 by "java_re" with MS VC++ 10.0 (VS2010)

time: Mon Apr 24 18:17:26 2017
elapsed time: 35 seconds (0d 0h 0m 35s)

