#
# A fatal error has been detected by the Java Runtime Environment:
#
#  EXCEPTION_ACCESS_VIOLATION (0xc0000005) at pc=0x00000000740b48c9, pid=33796, tid=30380
#
# JRE version: Java(TM) SE Runtime Environment (8.0_91-b15) (build 1.8.0_91-b15)
# Java VM: Java HotSpot(TM) 64-Bit Server VM (25.91-b15 mixed mode windows-amd64 compressed oops)
# Problematic frame:
# C  [jfxwebkit.dll+0xb948c9]
#
# Failed to write core dump. Minidumps are not enabled by default on client versions of Windows
#
# If you would like to submit a bug report, please visit:
#   http://bugreport.java.com/bugreport/crash.jsp
# The crash happened outside the Java Virtual Machine in native code.
# See problematic frame for where to report the bug.
#

---------------  T H R E A D  ---------------

Current thread (0x0000000017361800):  JavaThread "JavaFX Application Thread" [_thread_in_native, id=30380, stack(0x000000001ce80000,0x000000001cf80000)]

siginfo: ExceptionCode=0xc0000005, writing address 0x00000000bbadbeef

Registers:
RAX=0x0000000000000000, RBX=0x0000000000000000, RCX=0x0d560c074fd00000, RDX=0x0000000000000002
RSP=0x000000001cf7d180, RBP=0x000000001cf7d289, RSI=0x00000002bb608c10, RDI=0x00000001e89d1040
R8 =0x000000001cf7cc80, R9 =0x00007ffe6a500000, R10=0x0000000000000000, R11=0x0000000000000200
R12=0x000000000d2c37bd, R13=0x000000000d2c37bd, R14=0x00000000107745ad, R15=0x00000001e89d1040
RIP=0x00000000740b48c9, EFLAGS=0x0000000000010246

Top of Stack: (sp=0x000000001cf7d180)
0x000000001cf7d180:   0000000000000000 00000001e89c8340
0x000000001cf7d190:   000000004ac84000 0000000000000000
0x000000001cf7d1a0:   0000000000000000 0000000073f7a422
0x000000001cf7d1b0:   000000004b3d387a 000000004aae7800
0x000000001cf7d1c0:   0000000000000000 0000000000000000
0x000000001cf7d1d0:   000000000d2c37be 0000000000000010
0x000000001cf7d1e0:   0000000000000000 0000000000000000
0x000000001cf7d1f0:   0000000000000000 00000000107745ad
0x000000001cf7d200:   0000000000000000 00000001e89d1040
0x000000001cf7d210:   0d2c37bd0d2c37bd 0000000000000000
0x000000001cf7d220:   4aae74004ac84000 4400000044000000
0x000000001cf7d230:   0000000000000000 4b3d387a4b1aa092
0x000000001cf7d240:   0000000000000000 00007ffe8cb60abd
0x000000001cf7d250:   000000001cf7d6c8 000000001d061d20
0x000000001cf7d260:   fffffffffffffffe 0000000000000000
0x000000001cf7d270:   0000000000000000 0000000000000000 

Instructions: (pc=0x00000000740b48c9)
0x00000000740b48a9:   83 c4 20 5b c3 cc cc 48 83 ec 28 48 8b 05 f5 bb
0x00000000740b48b9:   8c 01 48 85 c0 74 02 ff d0 e8 a9 07 00 00 33 c0
0x00000000740b48c9:   a3 ef be ad bb 00 00 00 00 48 83 c4 28 48 ff e0
0x00000000740b48d9:   cc cc cc cc cc cc cc 48 83 ec 28 48 8b 05 c5 bb 


Register to memory mapping:

RAX=0x0000000000000000 is an unknown value
RBX=0x0000000000000000 is an unknown value
RCX=0x0d560c074fd00000 is an unknown value
RDX=0x0000000000000002 is an unknown value
RSP=0x000000001cf7d180 is pointing into the stack for thread: 0x0000000017361800
RBP=0x000000001cf7d289 is pointing into the stack for thread: 0x0000000017361800
RSI=0x00000002bb608c10 is an unknown value
RDI=0x00000001e89d1040 is an unknown value
R8 =0x000000001cf7cc80 is pointing into the stack for thread: 0x0000000017361800
R9 =0x00007ffe6a500000 is an unknown value
R10=0x0000000000000000 is an unknown value
R11=0x0000000000000200 is an unknown value
R12=0x000000000d2c37bd is an unknown value
R13=0x000000000d2c37bd is an unknown value
R14=0x00000000107745ad is an unknown value
R15=0x00000001e89d1040 is an unknown value


Stack: [0x000000001ce80000,0x000000001cf80000],  sp=0x000000001cf7d180,  free space=1012k
Native frames: (J=compiled Java code, j=interpreted, Vv=VM code, C=native code)
C  [jfxwebkit.dll+0xb948c9]
C  [jfxwebkit.dll+0xa5a422]
C  [jfxwebkit.dll+0xa5b326]
C  [jfxwebkit.dll+0xa549a2]
C  [jfxwebkit.dll+0xa53aa6]
C  [jfxwebkit.dll+0xa53b07]
C  [jfxwebkit.dll+0xa53b07]
C  [jfxwebkit.dll+0xa53b07]
C  [jfxwebkit.dll+0xa53b07]
C  [jfxwebkit.dll+0xa53b07]
C  [jfxwebkit.dll+0xa53b07]
C  [jfxwebkit.dll+0x9a3713]
C  [jfxwebkit.dll+0x827a74]
C  [jfxwebkit.dll+0x829fad]
C  [jfxwebkit.dll+0x8c773f]
C  [jfxwebkit.dll+0x8aa6e6]
C  [jfxwebkit.dll+0x86ed96]
C  [jfxwebkit.dll+0xa56ba8]
C  [jfxwebkit.dll+0xa59dd0]
C  [jfxwebkit.dll+0xa5b376]
C  [jfxwebkit.dll+0xa549a2]
C  [jfxwebkit.dll+0x8aa9f0]
C  0x0000000002c87f54

Java frames: (J=compiled Java code, j=interpreted, Vv=VM code)
j  com.sun.webkit.WebPage.twkPrePaint(J)V+0
j  com.sun.webkit.WebPage.updateDirty(Lcom/sun/webkit/graphics/WCRectangle;)V+117
j  com.sun.webkit.WebPage.updateContent(Lcom/sun/webkit/graphics/WCRectangle;)V+48
j  com.sun.javafx.sg.prism.web.NGWebView.update()V+68
j  javafx.scene.web.WebView.handleStagePulse()V+78
j  javafx.scene.web.WebView.lambda$new$29()V+1
j  javafx.scene.web.WebView$$Lambda$106.pulse()V+4
J 3693 C1 com.sun.javafx.tk.Toolkit$$Lambda$152.run()Ljava/lang/Object; (8 bytes) @ 0x000000000363f0cc [0x000000000363ef80+0x14c]
v  ~StubRoutines::call_stub
J 2206  java.security.AccessController.doPrivileged(Ljava/security/PrivilegedAction;Ljava/security/AccessControlContext;)Ljava/lang/Object; (0 bytes) @ 0x0000000002ea95a6 [0x0000000002ea9540+0x66]
J 2594 C1 com.sun.javafx.tk.Toolkit.runPulse(Lcom/sun/javafx/tk/TKPulseListener;Ljava/security/AccessControlContext;)V (26 bytes) @ 0x000000000338a214 [0x0000000003389da0+0x474]
j  com.sun.javafx.tk.Toolkit.firePulse()V+129
j  com.sun.javafx.tk.quantum.QuantumToolkit.pulse(Z)V+97
j  com.sun.javafx.tk.quantum.QuantumToolkit.pulse()V+2
j  com.sun.javafx.tk.quantum.QuantumToolkit.lambda$runToolkit$404()V+1
j  com.sun.javafx.tk.quantum.QuantumToolkit$$Lambda$60.run()V+4
J 3601 C1 com.sun.glass.ui.InvokeLaterDispatcher$Future.run()V (91 bytes) @ 0x00000000035e72cc [0x00000000035e71c0+0x10c]
v  ~StubRoutines::call_stub
j  com.sun.glass.ui.win.WinApplication._runLoop(Ljava/lang/Runnable;)V+0
j  com.sun.glass.ui.win.WinApplication.lambda$null$148(ILjava/lang/Runnable;)V+8
j  com.sun.glass.ui.win.WinApplication$$Lambda$56.run()V+12
j  java.lang.Thread.run()V+11
v  ~StubRoutines::call_stub

---------------  P R O C E S S  ---------------

Java Threads: ( => current thread )
  0x0000000018f0e800 JavaThread "Prism Font Disposer" daemon [_thread_blocked, id=24996, stack(0x0000000026110000,0x0000000026210000)]
  0x0000000018f09800 JavaThread "Watchdog-Timer-1" daemon [_thread_blocked, id=26176, stack(0x0000000023840000,0x0000000023940000)]
  0x0000000018f05000 JavaThread "Timer-0" [_thread_blocked, id=29332, stack(0x0000000022af0000,0x0000000022bf0000)]
  0x0000000017363800 JavaThread "Disposer" daemon [_thread_blocked, id=30668, stack(0x00000000223f0000,0x00000000224f0000)]
  0x0000000017365000 JavaThread "invokeAndBlock1" [_thread_blocked, id=29780, stack(0x0000000021b40000,0x0000000021c40000)]
  0x0000000017367800 JavaThread "Network Thread" [_thread_blocked, id=31776, stack(0x0000000021a40000,0x0000000021b40000)]
  0x0000000017366000 JavaThread "Thread-7" daemon [_thread_in_native, id=29240, stack(0x0000000021940000,0x0000000021a40000)]
=>0x0000000017361800 JavaThread "JavaFX Application Thread" [_thread_in_native, id=30380, stack(0x000000001ce80000,0x000000001cf80000)]
  0x0000000019b1b000 JavaThread "Thread-6" daemon [_thread_blocked, id=26096, stack(0x000000001cd80000,0x000000001ce80000)]
  0x0000000019749800 JavaThread "QuantumRenderer-0" daemon [_thread_blocked, id=18708, stack(0x000000001cc80000,0x000000001cd80000)]
  0x0000000019a54000 JavaThread "EDT" [_thread_blocked, id=31100, stack(0x000000001b690000,0x000000001b790000)]
  0x0000000002b70800 JavaThread "DestroyJavaVM" [_thread_blocked, id=29712, stack(0x0000000002a70000,0x0000000002b70000)]
  0x0000000018f9e000 JavaThread "Thread-1" [_thread_blocked, id=34088, stack(0x000000001a140000,0x000000001a240000)]
  0x0000000018f95000 JavaThread "AWT-EventQueue-0" [_thread_blocked, id=23848, stack(0x000000001a040000,0x000000001a140000)]
  0x0000000018f75000 JavaThread "AWT-Windows" daemon [_thread_in_native, id=28228, stack(0x0000000019e00000,0x0000000019f00000)]
  0x0000000018f74800 JavaThread "AWT-Shutdown" [_thread_blocked, id=23672, stack(0x0000000019d00000,0x0000000019e00000)]
  0x0000000018f71800 JavaThread "Java2D Disposer" daemon [_thread_blocked, id=14620, stack(0x0000000019c00000,0x0000000019d00000)]
  0x0000000018c58000 JavaThread "Monitor Ctrl-Break" daemon [_thread_in_native, id=29740, stack(0x0000000019220000,0x0000000019320000)]
  0x00000000173bd800 JavaThread "Service Thread" daemon [_thread_blocked, id=30932, stack(0x0000000018fb0000,0x00000000190b0000)]
  0x0000000017363000 JavaThread "C1 CompilerThread2" daemon [_thread_blocked, id=32232, stack(0x0000000018ab0000,0x0000000018bb0000)]
  0x0000000017364800 JavaThread "C2 CompilerThread1" daemon [_thread_blocked, id=34596, stack(0x00000000189b0000,0x0000000018ab0000)]
  0x000000001735e000 JavaThread "C2 CompilerThread0" daemon [_thread_blocked, id=19568, stack(0x00000000188b0000,0x00000000189b0000)]
  0x000000001735c000 JavaThread "Attach Listener" daemon [_thread_blocked, id=20232, stack(0x00000000187b0000,0x00000000188b0000)]
  0x0000000017359000 JavaThread "Signal Dispatcher" daemon [_thread_blocked, id=22592, stack(0x00000000186b0000,0x00000000187b0000)]
  0x000000001734a800 JavaThread "Finalizer" daemon [_thread_blocked, id=31176, stack(0x00000000185b0000,0x00000000186b0000)]
  0x0000000002c5f000 JavaThread "Reference Handler" daemon [_thread_blocked, id=32088, stack(0x00000000184b0000,0x00000000185b0000)]

Other Threads:
  0x0000000017328000 VMThread [stack: 0x00000000183b0000,0x00000000184b0000] [id=33984]
  0x0000000018c02000 WatcherThread [stack: 0x00000000190b0000,0x00000000191b0000] [id=27620]

VM state:not at safepoint (normal execution)

VM Mutex/Monitor currently owned by a thread: None

Heap:
 PSYoungGen      total 133632K, used 41807K [0x00000000d8500000, 0x00000000e7b00000, 0x0000000100000000)
  eden space 122880K, 25% used [0x00000000d8500000,0x00000000da356280,0x00000000dfd00000)
  from space 10752K, 99% used [0x00000000dfd00000,0x00000000e077da30,0x00000000e0780000)
  to   space 17408K, 0% used [0x00000000e6a00000,0x00000000e6a00000,0x00000000e7b00000)
 ParOldGen       total 52736K, used 19061K [0x0000000088e00000, 0x000000008c180000, 0x00000000d8500000)
  object space 52736K, 36% used [0x0000000088e00000,0x000000008a09d4d0,0x000000008c180000)
 Metaspace       used 31177K, capacity 32162K, committed 32384K, reserved 1077248K
  class space    used 3935K, capacity 4153K, committed 4224K, reserved 1048576K

Card table byte_map: [0x0000000012030000,0x00000000123f0000] byte_map_base: 0x0000000011be9000

Marking Bits: (ParMarkBitMap*) 0x0000000076972f70
 Begin Bits: [0x0000000012a70000, 0x0000000014838000)
 End Bits:   [0x0000000014838000, 0x0000000016600000)

Polling page: 0x0000000000f80000

CodeCache: size=245760Kb used=12457Kb max_used=12469Kb free=233302Kb
 bounds [0x0000000002c70000, 0x00000000038b0000, 0x0000000011c70000]
 total_blobs=4872 nmethods=3984 adapters=799
 compilation: enabled

Compilation events (10 events):
Event: 23.812 Thread 0x0000000017364800 4449       4       com.codename1.ui.Container::getLeadComponent (35 bytes)
Event: 23.814 Thread 0x0000000017364800 nmethod 4449 0x00000000038a6250 code [0x00000000038a63a0, 0x00000000038a64c8]
Event: 23.864 Thread 0x0000000017363000 4450       3       com.codename1.ui.Component::setFocus (6 bytes)
Event: 23.865 Thread 0x0000000017363000 nmethod 4450 0x00000000038a5f10 code [0x00000000038a6060, 0x00000000038a61b0]
Event: 24.296 Thread 0x0000000017363000 4451       3       com.codename1.ui.Form::loopAnimations (143 bytes)
Event: 24.298 Thread 0x0000000017363000 nmethod 4451 0x00000000038a7650 code [0x00000000038a78e0, 0x00000000038a8b48]
Event: 24.312 Thread 0x0000000017363000 4452       3       com.codename1.ui.plaf.LookAndFeel::getVerticalScrollWidth (39 bytes)
Event: 24.313 Thread 0x0000000017363000 nmethod 4452 0x00000000038a6990 code [0x00000000038a6b80, 0x00000000038a7178]
Event: 24.342 Thread 0x000000001735e000 4453       4       com.codename1.ui.Component::paintComponentBackground (14 bytes)
Event: 24.348 Thread 0x000000001735e000 nmethod 4453 0x00000000038ac3d0 code [0x00000000038ac580, 0x00000000038ac990]

GC Heap History (10 events):
Event: 2.765 GC heap before
{Heap before GC invocations=4 (full 0):
 PSYoungGen      total 35840K, used 35825K [0x00000000d8500000, 0x00000000dcb00000, 0x0000000100000000)
  eden space 30720K, 100% used [0x00000000d8500000,0x00000000da300000,0x00000000da300000)
  from space 5120K, 99% used [0x00000000da300000,0x00000000da7fc480,0x00000000da800000)
  to   space 5120K, 0% used [0x00000000dc600000,0x00000000dc600000,0x00000000dcb00000)
 ParOldGen       total 81920K, used 5058K [0x0000000088e00000, 0x000000008de00000, 0x00000000d8500000)
  object space 81920K, 6% used [0x0000000088e00000,0x00000000892f0be0,0x000000008de00000)
 Metaspace       used 11542K, capacity 11844K, committed 12032K, reserved 1060864K
  class space    used 1371K, capacity 1452K, committed 1536K, reserved 1048576K
Event: 2.768 GC heap after
Heap after GC invocations=4 (full 0):
 PSYoungGen      total 66560K, used 5105K [0x00000000d8500000, 0x00000000dcb00000, 0x0000000100000000)
  eden space 61440K, 0% used [0x00000000d8500000,0x00000000d8500000,0x00000000dc100000)
  from space 5120K, 99% used [0x00000000dc600000,0x00000000dcafc480,0x00000000dcb00000)
  to   space 5120K, 0% used [0x00000000dc100000,0x00000000dc100000,0x00000000dc600000)
 ParOldGen       total 81920K, used 5074K [0x0000000088e00000, 0x000000008de00000, 0x00000000d8500000)
  object space 81920K, 6% used [0x0000000088e00000,0x00000000892f4be0,0x000000008de00000)
 Metaspace       used 11542K, capacity 11844K, committed 12032K, reserved 1060864K
  class space    used 1371K, capacity 1452K, committed 1536K, reserved 1048576K
}
Event: 4.502 GC heap before
{Heap before GC invocations=5 (full 0):
 PSYoungGen      total 66560K, used 66545K [0x00000000d8500000, 0x00000000dcb00000, 0x0000000100000000)
  eden space 61440K, 100% used [0x00000000d8500000,0x00000000dc100000,0x00000000dc100000)
  from space 5120K, 99% used [0x00000000dc600000,0x00000000dcafc480,0x00000000dcb00000)
  to   space 5120K, 0% used [0x00000000dc100000,0x00000000dc100000,0x00000000dc600000)
 ParOldGen       total 81920K, used 5074K [0x0000000088e00000, 0x000000008de00000, 0x00000000d8500000)
  object space 81920K, 6% used [0x0000000088e00000,0x00000000892f4be0,0x000000008de00000)
 Metaspace       used 15386K, capacity 15678K, committed 16128K, reserved 1062912K
  class space    used 1831K, capacity 1937K, committed 2048K, reserved 1048576K
Event: 4.507 GC heap after
Heap after GC invocations=5 (full 0):
 PSYoungGen      total 66560K, used 5099K [0x00000000d8500000, 0x00000000e1200000, 0x0000000100000000)
  eden space 61440K, 0% used [0x00000000d8500000,0x00000000d8500000,0x00000000dc100000)
  from space 5120K, 99% used [0x00000000dc100000,0x00000000dc5faf58,0x00000000dc600000)
  to   space 10752K, 0% used [0x00000000e0780000,0x00000000e0780000,0x00000000e1200000)
 ParOldGen       total 81920K, used 8422K [0x0000000088e00000, 0x000000008de00000, 0x00000000d8500000)
  object space 81920K, 10% used [0x0000000088e00000,0x0000000089639ab0,0x000000008de00000)
 Metaspace       used 15386K, capacity 15678K, committed 16128K, reserved 1062912K
  class space    used 1831K, capacity 1937K, committed 2048K, reserved 1048576K
}
Event: 4.876 GC heap before
{Heap before GC invocations=6 (full 0):
 PSYoungGen      total 66560K, used 20779K [0x00000000d8500000, 0x00000000e1200000, 0x0000000100000000)
  eden space 61440K, 25% used [0x00000000d8500000,0x00000000d944fd68,0x00000000dc100000)
  from space 5120K, 99% used [0x00000000dc100000,0x00000000dc5faf58,0x00000000dc600000)
  to   space 10752K, 0% used [0x00000000e0780000,0x00000000e0780000,0x00000000e1200000)
 ParOldGen       total 81920K, used 8422K [0x0000000088e00000, 0x000000008de00000, 0x00000000d8500000)
  object space 81920K, 10% used [0x0000000088e00000,0x0000000089639ab0,0x000000008de00000)
 Metaspace       used 20664K, capacity 21088K, committed 21248K, reserved 1067008K
  class space    used 2598K, capacity 2724K, committed 2816K, reserved 1048576K
Event: 4.880 GC heap after
Heap after GC invocations=6 (full 0):
 PSYoungGen      total 133632K, used 7596K [0x00000000d8500000, 0x00000000e1200000, 0x0000000100000000)
  eden space 122880K, 0% used [0x00000000d8500000,0x00000000d8500000,0x00000000dfd00000)
  from space 10752K, 70% used [0x00000000e0780000,0x00000000e0eeb280,0x00000000e1200000)
  to   space 10752K, 0% used [0x00000000dfd00000,0x00000000dfd00000,0x00000000e0780000)
 ParOldGen       total 81920K, used 8430K [0x0000000088e00000, 0x000000008de00000, 0x00000000d8500000)
  object space 81920K, 10% used [0x0000000088e00000,0x000000008963bab0,0x000000008de00000)
 Metaspace       used 20664K, capacity 21088K, committed 21248K, reserved 1067008K
  class space    used 2598K, capacity 2724K, committed 2816K, reserved 1048576K
}
Event: 4.880 GC heap before
{Heap before GC invocations=7 (full 1):
 PSYoungGen      total 133632K, used 7596K [0x00000000d8500000, 0x00000000e1200000, 0x0000000100000000)
  eden space 122880K, 0% used [0x00000000d8500000,0x00000000d8500000,0x00000000dfd00000)
  from space 10752K, 70% used [0x00000000e0780000,0x00000000e0eeb280,0x00000000e1200000)
  to   space 10752K, 0% used [0x00000000dfd00000,0x00000000dfd00000,0x00000000e0780000)
 ParOldGen       total 81920K, used 8430K [0x0000000088e00000, 0x000000008de00000, 0x00000000d8500000)
  object space 81920K, 10% used [0x0000000088e00000,0x000000008963bab0,0x000000008de00000)
 Metaspace       used 20664K, capacity 21088K, committed 21248K, reserved 1067008K
  class space    used 2598K, capacity 2724K, committed 2816K, reserved 1048576K
Event: 4.912 GC heap after
Heap after GC invocations=7 (full 1):
 PSYoungGen      total 133632K, used 0K [0x00000000d8500000, 0x00000000e1200000, 0x0000000100000000)
  eden space 122880K, 0% used [0x00000000d8500000,0x00000000d8500000,0x00000000dfd00000)
  from space 10752K, 0% used [0x00000000e0780000,0x00000000e0780000,0x00000000e1200000)
  to   space 10752K, 0% used [0x00000000dfd00000,0x00000000dfd00000,0x00000000e0780000)
 ParOldGen       total 52736K, used 9932K [0x0000000088e00000, 0x000000008c180000, 0x00000000d8500000)
  object space 52736K, 18% used [0x0000000088e00000,0x00000000897b30d8,0x000000008c180000)
 Metaspace       used 20664K, capacity 21088K, committed 21248K, reserved 1067008K
  class space    used 2598K, capacity 2724K, committed 2816K, reserved 1048576K
}
Event: 8.032 GC heap before
{Heap before GC invocations=8 (full 1):
 PSYoungGen      total 133632K, used 122880K [0x00000000d8500000, 0x00000000e1200000, 0x0000000100000000)
  eden space 122880K, 100% used [0x00000000d8500000,0x00000000dfd00000,0x00000000dfd00000)
  from space 10752K, 0% used [0x00000000e0780000,0x00000000e0780000,0x00000000e1200000)
  to   space 10752K, 0% used [0x00000000dfd00000,0x00000000dfd00000,0x00000000e0780000)
 ParOldGen       total 52736K, used 9932K [0x0000000088e00000, 0x000000008c180000, 0x00000000d8500000)
  object space 52736K, 18% used [0x0000000088e00000,0x00000000897b30d8,0x000000008c180000)
 Metaspace       used 30766K, capacity 31682K, committed 31872K, reserved 1077248K
  class space    used 3916K, capacity 4121K, committed 4224K, reserved 1048576K
Event: 8.045 GC heap after
Heap after GC invocations=8 (full 1):
 PSYoungGen      total 133632K, used 10742K [0x00000000d8500000, 0x00000000e7b00000, 0x0000000100000000)
  eden space 122880K, 0% used [0x00000000d8500000,0x00000000d8500000,0x00000000dfd00000)
  from space 10752K, 99% used [0x00000000dfd00000,0x00000000e077da30,0x00000000e0780000)
  to   space 17408K, 0% used [0x00000000e6a00000,0x00000000e6a00000,0x00000000e7b00000)
 ParOldGen       total 52736K, used 19061K [0x0000000088e00000, 0x000000008c180000, 0x00000000d8500000)
  object space 52736K, 36% used [0x0000000088e00000,0x000000008a09d4d0,0x000000008c180000)
 Metaspace       used 30766K, capacity 31682K, committed 31872K, reserved 1077248K
  class space    used 3916K, capacity 4121K, committed 4224K, reserved 1048576K
}

Deoptimization events (10 events):
Event: 7.412 Thread 0x0000000017361800 Uncommon trap: reason=speculate_class_check action=maybe_recompile pc=0x0000000003588990 method=java.nio.charset.CharsetDecoder.decode(Ljava/nio/ByteBuffer;Ljava/nio/CharBuffer;Z)Ljava/nio/charset/CoderResult; @ 57
Event: 10.695 Thread 0x0000000019a54000 Uncommon trap: reason=unstable_if action=reinterpret pc=0x00000000037969f0 method=com.codename1.ui.Button.isPressedStyle()Z @ 44
Event: 10.695 Thread 0x0000000019a54000 Uncommon trap: reason=unstable_if action=reinterpret pc=0x00000000036d2b44 method=com.codename1.ui.Component.getStyle()Lcom/codename1/ui/plaf/Style; @ 111
Event: 10.774 Thread 0x0000000019a54000 Uncommon trap: reason=unstable_if action=reinterpret pc=0x0000000003769968 method=sun.font.CMap.getControlCodeGlyph(IZ)I @ 64
Event: 10.779 Thread 0x0000000019a54000 Uncommon trap: reason=unstable_if action=reinterpret pc=0x000000000378889c method=com.codename1.ui.Container.isEnabled()Z @ 4
Event: 10.830 Thread 0x0000000019a54000 Uncommon trap: reason=unstable_if action=reinterpret pc=0x00000000036abb50 method=com.codename1.ui.EncodedImage.getWidth()I @ 5
Event: 10.834 Thread 0x0000000019a54000 Uncommon trap: reason=unstable_if action=reinterpret pc=0x0000000003739590 method=com.codename1.ui.EncodedImage.getHeight()I @ 5
Event: 14.152 Thread 0x0000000019a54000 Uncommon trap: reason=unstable_if action=reinterpret pc=0x0000000003802f44 method=com.codename1.ui.Component.getStyle()Lcom/codename1/ui/plaf/Style; @ 67
Event: 15.742 Thread 0x0000000018f0a000 Uncommon trap: reason=unstable_if action=reinterpret pc=0x00000000037c98d0 method=com.sun.crypto.provider.GaloisCounterMode.decryptFinal([BII[BI)I @ 5
Event: 22.034 Thread 0x0000000019a54000 Uncommon trap: reason=unstable_if action=reinterpret pc=0x000000000380045c method=com.codename1.ui.Container.getLeadComponent()Lcom/codename1/ui/Component; @ 25

Internal exceptions (10 events):
Event: 5.264 Thread 0x0000000017361800 Exception <a 'sun/nio/fs/WindowsException'> (0x00000000d9e42d18) thrown at [C:\re\workspace\8-2-build-windows-amd64-cygwin\jdk8u91\7017\hotspot\src\share\vm\prims\jni.cpp, line 709]
Event: 6.370 Thread 0x0000000019a54000 Implicit null exception at 0x0000000003309153 to 0x000000000330921d
Event: 6.428 Thread 0x0000000017361800 Exception <a 'java/lang/ClassNotFoundException': sun/net/www/protocol/about/Handler> (0x00000000da2e1a08) thrown at [C:\re\workspace\8-2-build-windows-amd64-cygwin\jdk8u91\7017\hotspot\src\share\vm\classfile\systemDictionary.cpp, line 210]
Event: 7.331 Thread 0x0000000019749800 Implicit null exception at 0x000000000353976d to 0x000000000353b3b3
Event: 7.331 Thread 0x0000000019749800 Exception <a 'java/lang/NullPointerException'> (0x00000000de267790) thrown at [C:\re\workspace\8-2-build-windows-amd64-cygwin\jdk8u91\7017\hotspot\src\share\vm\runtime\sharedRuntime.cpp, line 605]
Event: 7.331 Thread 0x0000000019749800 Implicit null exception at 0x000000000353976d to 0x000000000353b3b3
Event: 7.331 Thread 0x0000000019749800 Exception <a 'java/lang/NullPointerException'> (0x00000000de268be0) thrown at [C:\re\workspace\8-2-build-windows-amd64-cygwin\jdk8u91\7017\hotspot\src\share\vm\runtime\sharedRuntime.cpp, line 605]
Event: 7.430 Thread 0x0000000017361800 Exception <a 'sun/nio/fs/WindowsException'> (0x00000000de44cbc8) thrown at [C:\re\workspace\8-2-build-windows-amd64-cygwin\jdk8u91\7017\hotspot\src\share\vm\prims\jni.cpp, line 709]
Event: 7.431 Thread 0x0000000017361800 Exception <a 'sun/nio/fs/WindowsException'> (0x00000000de44d920) thrown at [C:\re\workspace\8-2-build-windows-amd64-cygwin\jdk8u91\7017\hotspot\src\share\vm\prims\jni.cpp, line 709]
Event: 7.623 Thread 0x0000000017361800 Exception <a 'java/lang/ClassNotFoundException': sun/net/www/protocol/about/Handler> (0x00000000de48bbc0) thrown at [C:\re\workspace\8-2-build-windows-amd64-cygwin\jdk8u91\7017\hotspot\src\share\vm\classfile\systemDictionary.cpp, line 210]

Events (10 events):
Event: 18.239 Thread 0x0000000018f0b000 Thread exited: 0x0000000018f0b000
Event: 18.248 Thread 0x0000000018f10000 Thread exited: 0x0000000018f10000
Event: 18.254 Thread 0x0000000018f0c800 Thread exited: 0x0000000018f0c800
Event: 18.274 Thread 0x0000000018f11800 Thread exited: 0x0000000018f11800
Event: 18.282 Thread 0x0000000018f14000 Thread exited: 0x0000000018f14000
Event: 18.287 Thread 0x0000000018f07000 Thread exited: 0x0000000018f07000
Event: 18.294 Thread 0x000000001bce3800 Thread exited: 0x000000001bce3800
Event: 22.007 Thread 0x0000000019a54000 Uncommon trap: trap_request=0xffffff65 fr.pc=0x000000000380045c
Event: 22.057 Thread 0x0000000019a54000 DEOPT PACKING pc=0x000000000380045c sp=0x000000001b78ee90
Event: 22.057 Thread 0x0000000019a54000 DEOPT UNPACKING pc=0x0000000002cb582a sp=0x000000001b78ee38 mode 2


Dynamic libraries:
0x00007ff6ee2d0000 - 0x00007ff6ee307000 	C:\Program Files\Java\jdk1.8.0_91\bin\java.exe
0x00007ffe8cb40000 - 0x00007ffe8cd01000 	C:\Windows\SYSTEM32\ntdll.dll
0x00007ffe8af30000 - 0x00007ffe8afdd000 	C:\Windows\system32\KERNEL32.DLL
0x00007ffe89bd0000 - 0x00007ffe89db8000 	C:\Windows\system32\KERNELBASE.dll
0x00000000770c0000 - 0x0000000077149000 	C:\Windows\System32\SYSFER.DLL
0x00007ffe8ae80000 - 0x00007ffe8af27000 	C:\Windows\system32\ADVAPI32.dll
0x00007ffe8a2c0000 - 0x00007ffe8a35d000 	C:\Windows\system32\msvcrt.dll
0x00007ffe8a0a0000 - 0x00007ffe8a0fb000 	C:\Windows\system32\sechost.dll
0x00007ffe8ac80000 - 0x00007ffe8ad9c000 	C:\Windows\system32\RPCRT4.dll
0x00007ffe8c930000 - 0x00007ffe8ca86000 	C:\Windows\system32\USER32.dll
0x00007ffe8aae0000 - 0x00007ffe8ac66000 	C:\Windows\system32\GDI32.dll
0x00007ffe78b00000 - 0x00007ffe78d74000 	C:\Windows\WinSxS\amd64_microsoft.windows.common-controls_6595b64144ccf1df_6.0.10586.672_none_a2d6b3cea53ff843\COMCTL32.dll
0x00007ffe8b040000 - 0x00007ffe8b2bd000 	C:\Windows\system32\combase.dll
0x00007ffe89dc0000 - 0x00007ffe89e2a000 	C:\Windows\system32\bcryptPrimitives.dll
0x00007ffe8aa10000 - 0x00007ffe8aa4b000 	C:\Windows\system32\IMM32.DLL
0x0000000075df0000 - 0x0000000075ec2000 	C:\Program Files\Java\jdk1.8.0_91\jre\bin\msvcr100.dll
0x0000000076160000 - 0x00000000769f3000 	C:\Program Files\Java\jdk1.8.0_91\jre\bin\server\jvm.dll
0x00007ffe89f40000 - 0x00007ffe89f48000 	C:\Windows\system32\PSAPI.DLL
0x00007ffe876c0000 - 0x00007ffe876c9000 	C:\Windows\SYSTEM32\WSOCK32.dll
0x00007ffe8aa50000 - 0x00007ffe8aabb000 	C:\Windows\system32\WS2_32.dll
0x00007ffe87680000 - 0x00007ffe876a3000 	C:\Windows\SYSTEM32\WINMM.dll
0x00007ffe88540000 - 0x00007ffe8854a000 	C:\Windows\SYSTEM32\VERSION.dll
0x00007ffe87620000 - 0x00007ffe8764c000 	C:\Windows\SYSTEM32\WINMMBASE.dll
0x00007ffe89ef0000 - 0x00007ffe89f33000 	C:\Windows\system32\cfgmgr32.dll
0x0000000076c30000 - 0x0000000076c3f000 	C:\Program Files\Java\jdk1.8.0_91\jre\bin\verify.dll
0x0000000076c00000 - 0x0000000076c29000 	C:\Program Files\Java\jdk1.8.0_91\jre\bin\java.dll
0x0000000076be0000 - 0x0000000076bf6000 	C:\Program Files\Java\jdk1.8.0_91\jre\bin\zip.dll
0x00007ffe8b2c0000 - 0x00007ffe8c81c000 	C:\Windows\system32\SHELL32.dll
0x00007ffe892e0000 - 0x00007ffe89925000 	C:\Windows\system32\windows.storage.dll
0x00007ffe8a100000 - 0x00007ffe8a152000 	C:\Windows\system32\shlwapi.dll
0x00007ffe891e0000 - 0x00007ffe891ef000 	C:\Windows\system32\kernel.appcore.dll
0x00007ffe89e30000 - 0x00007ffe89ee5000 	C:\Windows\system32\shcore.dll
0x00007ffe89160000 - 0x00007ffe891ab000 	C:\Windows\system32\powrprof.dll
0x00007ffe891b0000 - 0x00007ffe891c4000 	C:\Windows\system32\profapi.dll
0x00007ffe82de0000 - 0x00007ffe82df0000 	C:\Program Files (x86)\JetBrains\IntelliJ IDEA 2016.3.3\INTELAJ\IntelliJ IDEA 2016.3.3\bin\breakgen64.dll
0x0000000076b70000 - 0x0000000076b8a000 	C:\Program Files\Java\jdk1.8.0_91\jre\bin\net.dll
0x00007ffe88a90000 - 0x00007ffe88aec000 	C:\Windows\system32\mswsock.dll
0x0000000075fc0000 - 0x0000000076158000 	C:\Program Files\Java\jdk1.8.0_91\jre\bin\awt.dll
0x00007ffe8a790000 - 0x00007ffe8a856000 	C:\Windows\system32\OLEAUT32.dll
0x00007ffe87550000 - 0x00007ffe875c9000 	C:\Windows\system32\apphelp.dll
0x00007ffe87850000 - 0x00007ffe878e6000 	C:\Windows\system32\uxtheme.dll
0x00007ffe8a160000 - 0x00007ffe8a2ba000 	C:\Windows\system32\MSCTF.dll
0x00007ffe7f690000 - 0x00007ffe7f733000 	C:\Program Files\Common Files\microsoft shared\ink\tiptsf.dll
0x00007ffe873d0000 - 0x00007ffe873f2000 	C:\Windows\system32\dwmapi.dll
0x00007ffe89f50000 - 0x00007ffe8a093000 	C:\Windows\system32\ole32.dll
0x00007ffe88b40000 - 0x00007ffe88b57000 	C:\Windows\SYSTEM32\CRYPTSP.dll
0x00007ffe887d0000 - 0x00007ffe88804000 	C:\Windows\system32\rsaenh.dll
0x00007ffe88d60000 - 0x00007ffe88d89000 	C:\Windows\SYSTEM32\bcrypt.dll
0x00007ffe88920000 - 0x00007ffe8893f000 	C:\Windows\SYSTEM32\USERENV.dll
0x00007ffe88c60000 - 0x00007ffe88c6b000 	C:\Windows\SYSTEM32\CRYPTBASE.dll
0x00007ffe85620000 - 0x00007ffe85658000 	C:\Windows\SYSTEM32\IPHLPAPI.DLL
0x00007ffe8ae00000 - 0x00007ffe8ae08000 	C:\Windows\system32\NSI.dll
0x00007ffe855c0000 - 0x00007ffe855d6000 	C:\Windows\SYSTEM32\dhcpcsvc6.DLL
0x00007ffe85560000 - 0x00007ffe8557a000 	C:\Windows\SYSTEM32\dhcpcsvc.DLL
0x0000000076b50000 - 0x0000000076b61000 	C:\Program Files\Java\jdk1.8.0_91\jre\bin\nio.dll
0x0000000076b90000 - 0x0000000076bd7000 	C:\Program Files\Java\jdk1.8.0_91\jre\bin\fontmanager.dll
0x0000000075f70000 - 0x0000000075fb2000 	C:\Program Files\Java\jdk1.8.0_91\jre\bin\t2k.dll
0x00007ffe8ca90000 - 0x00007ffe8cb37000 	C:\Windows\system32\clbcatq.dll
0x00007ffe82f20000 - 0x00007ffe8307c000 	C:\Windows\System32\uiautomationcore.dll
0x00007ffe89020000 - 0x00007ffe890b9000 	C:\Windows\SYSTEM32\sxs.dll
0x00007ffe7f8d0000 - 0x00007ffe7f93a000 	C:\Windows\System32\OLEACC.dll
0x00007ffe80c30000 - 0x00007ffe80ce1000 	C:\Windows\SYSTEM32\twinapi.dll
0x00007ffe879f0000 - 0x00007ffe87af0000 	C:\Windows\SYSTEM32\twinapi.appcore.dll
0x0000000075ed0000 - 0x0000000075f01000 	C:\Program Files\Java\jdk1.8.0_91\jre\bin\jpeg.dll
0x00007ffe85cc0000 - 0x00007ffe85e71000 	C:\Windows\SYSTEM32\WindowsCodecs.dll
0x00007ffe7cab0000 - 0x00007ffe7cafa000 	C:\Windows\system32\dataexchange.dll
0x00007ffe83d30000 - 0x00007ffe83fd8000 	C:\Windows\system32\d3d11.dll
0x00007ffe86900000 - 0x00007ffe869e3000 	C:\Windows\system32\dcomp.dll
0x00007ffe86850000 - 0x00007ffe868f2000 	C:\Windows\system32\dxgi.dll
0x00007ffe6a500000 - 0x00007ffe6a5ef000 	C:\Program Files\Java\jdk1.8.0_91\jre\bin\msvcr120.dll
0x00007ffe6e110000 - 0x00007ffe6e1b6000 	C:\Program Files\Java\jdk1.8.0_91\jre\bin\msvcp120.dll
0x0000000075b00000 - 0x0000000075b23000 	C:\Program Files\Java\jdk1.8.0_91\jre\bin\prism_d3d.dll
0x00007ffe67dd0000 - 0x00007ffe67fe0000 	C:\Windows\system32\d3d9.dll
0x00007ffe541f0000 - 0x00007ffe56083000 	C:\Windows\SYSTEM32\igdumdim64.dll
0x00007ffe8a360000 - 0x00007ffe8a789000 	C:\Windows\system32\SETUPAPI.dll
0x0000000075ab0000 - 0x0000000075af3000 	C:\Program Files\Java\jdk1.8.0_91\jre\bin\glass.dll
0x00007ffe8c820000 - 0x00007ffe8c92b000 	C:\Windows\system32\COMDLG32.dll
0x00007ffe89250000 - 0x00007ffe892d6000 	C:\Windows\system32\FirewallAPI.dll
0x00007ffe89930000 - 0x00007ffe89947000 	C:\Windows\system32\NETAPI32.dll
0x00007ffe87020000 - 0x00007ffe8702c000 	C:\Windows\SYSTEM32\DAVHLPR.DLL
0x00007ffe87c50000 - 0x00007ffe87c82000 	C:\Windows\SYSTEM32\fwbase.dll
0x00007ffe7cc30000 - 0x00007ffe7daa0000 	C:\Windows\SYSTEM32\igc64.dll
0x0000000073520000 - 0x0000000075aae000 	C:\Program Files\Java\jdk1.8.0_91\jre\bin\jfxwebkit.dll
0x0000000075f40000 - 0x0000000075f64000 	C:\Program Files\Java\jdk1.8.0_91\jre\bin\sunec.dll
0x0000000076ad0000 - 0x0000000076ae4000 	C:\Program Files\Java\jdk1.8.0_91\jre\bin\javafx_font.dll
0x00007ffe82b80000 - 0x00007ffe82ddf000 	C:\Windows\SYSTEM32\dwrite.dll
0x00007ffe733e0000 - 0x00007ffe733f6000 	C:\Windows\system32\napinsp.dll
0x00007ffe73400000 - 0x00007ffe7341a000 	C:\Windows\system32\pnrpnsp.dll
0x00007ffe86dc0000 - 0x00007ffe86dd8000 	C:\Windows\system32\NLAapi.dll
0x00007ffe87940000 - 0x00007ffe879ea000 	C:\Windows\SYSTEM32\DNSAPI.dll
0x00007ffe73420000 - 0x00007ffe7342d000 	C:\Windows\System32\winrnr.dll
0x00007ffe73430000 - 0x00007ffe73445000 	C:\Windows\System32\wshbth.dll
0x00007ffe84ac0000 - 0x00007ffe84aca000 	C:\Windows\System32\rasadhlp.dll
0x00007ffe86230000 - 0x00007ffe86297000 	C:\Windows\System32\fwpuclnt.dll
0x0000000073500000 - 0x0000000073511000 	C:\Program Files\Java\jdk1.8.0_91\jre\bin\prism_common.dll
0x00000000734c0000 - 0x00000000734fc000 	C:\Program Files\Java\jdk1.8.0_91\jre\bin\lcms.dll
0x00007ffe85b30000 - 0x00007ffe85cbc000 	C:\Windows\SYSTEM32\dbghelp.dll

VM Arguments:
jvm_args: -Didea.launcher.port=7541 -Didea.launcher.bin.path=C:\Program Files (x86)\JetBrains\IntelliJ IDEA 2016.3.3\INTELAJ\IntelliJ IDEA 2016.3.3\bin -Dfile.encoding=UTF-8 
java_command: com.intellij.rt.execution.application.AppMain com.codename1.impl.javase.Simulator com.hales.os.MyApplication
java_class_path (initial): C:/Users/chales/Desktop/os2\out\production\os2;C:/Users/chales/Desktop/os2\src;C:/Users/chales/Desktop/os2\lib\CodenameOne.jar;C:/Users/chales/Desktop/os2\JavaSE.jar;native/internal_tmp;lib/impl/cls;C:\Program Files (x86)\JetBrains\IntelliJ IDEA 2016.3.3\INTELAJ\IntelliJ IDEA 2016.3.3\lib\idea_rt.jar
Launcher Type: SUN_STANDARD

Environment Variables:
PATH=C:\ProgramData\Oracle\Java\javapath;C:\Windows\system32;C:\Windows;C:\Windows\System32\Wbem;C:\Windows\System32\WindowsPowerShell\v1.0\
USERNAME=chales
OS=Windows_NT
PROCESSOR_IDENTIFIER=Intel64 Family 6 Model 78 Stepping 3, GenuineIntel



---------------  S Y S T E M  ---------------

OS: Windows 10.0 , 64 bit Build 10586 (10.0.10586.589)

CPU:total 4 (2 cores per cpu, 2 threads per core) family 6 model 78 stepping 3, cmov, cx8, fxsr, mmx, sse, sse2, sse3, ssse3, sse4.1, sse4.2, popcnt, avx, avx2, aes, clmul, erms, 3dnowpref, lzcnt, ht, tsc, tscinvbit, bmi1, bmi2, adx

Memory: 4k page, physical 7802196k(1992736k free), swap 16039056k(5540936k free)

vm_info: Java HotSpot(TM) 64-Bit Server VM (25.91-b15) for windows-amd64 JRE (1.8.0_91-b15), built on May 20 2016 17:43:15 by "java_re" with MS VC++ 10.0 (VS2010)

time: Wed Apr 26 15:14:30 2017
elapsed time: 24 seconds (0d 0h 0m 24s)

