#
# A fatal error has been detected by the Java Runtime Environment:
#
#  EXCEPTION_ACCESS_VIOLATION (0xc0000005) at pc=0x00000000740f48c9, pid=10144, tid=3760
#
# JRE version: Java(TM) SE Runtime Environment (8.0_91-b15) (build 1.8.0_91-b15)
# Java VM: Java HotSpot(TM) 64-Bit Server VM (25.91-b15 mixed mode windows-amd64 compressed oops)
# Problematic frame:
# C  [jfxwebkit.dll+0xb948c9]
#
# Failed to write core dump. Minidumps are not enabled by default on client versions of Windows
#
# If you would like to submit a bug report, please visit:
#   http://bugreport.java.com/bugreport/crash.jsp
# The crash happened outside the Java Virtual Machine in native code.
# See problematic frame for where to report the bug.
#

---------------  T H R E A D  ---------------

Current thread (0x0000000017094800):  JavaThread "JavaFX Application Thread" [_thread_in_native, id=3760, stack(0x000000001a7f0000,0x000000001a8f0000)]

siginfo: ExceptionCode=0xc0000005, writing address 0x00000000bbadbeef

Registers:
RAX=0x0000000000000000, RBX=0x0000000000000000, RCX=0x275cdb246a9d0000, RDX=0x0000000000000002
RSP=0x000000001a8ecf40, RBP=0x000000001a8ed049, RSI=0x00000002bb60ac10, RDI=0x00000001e89d3040
R8 =0x000000001a8eca40, R9 =0x00007ffe72550000, R10=0x0000000000000000, R11=0x0000000000000200
R12=0x000000000d2c37bd, R13=0x000000000d2c37bd, R14=0x00000000107745ad, R15=0x00000001e89d3040
RIP=0x00000000740f48c9, EFLAGS=0x0000000000010246

Top of Stack: (sp=0x000000001a8ecf40)
0x000000001a8ecf40:   0000000000000000 00000001e89cc340
0x000000001a8ecf50:   000000004ac84000 0000000000000000
0x000000001a8ecf60:   0000000000000000 0000000073fba422
0x000000001a8ecf70:   000000004b3d387a 000000004aae7800
0x000000001a8ecf80:   0000000020f52160 0000000000000000
0x000000001a8ecf90:   000000000d2c37be 0000000000000010
0x000000001a8ecfa0:   0000000000000000 0000000000000000
0x000000001a8ecfb0:   0000000000000000 00000000107745ad
0x000000001a8ecfc0:   0000000000000000 00000001e89d3040
0x000000001a8ecfd0:   0d2c37bd0d2c37bd 0000000000000000
0x000000001a8ecfe0:   4aae74004ac84000 4400000044000000
0x000000001a8ecff0:   0000000000000000 4b3d387a4b1aa0ea
0x000000001a8ed000:   0000000000000000 00007ffe8cb60abd
0x000000001a8ed010:   000000001a8ed488 000000001a48f060
0x000000001a8ed020:   fffffffffffffffe 0000000000000000
0x000000001a8ed030:   0000000000000000 0000000000000000 

Instructions: (pc=0x00000000740f48c9)
0x00000000740f48a9:   83 c4 20 5b c3 cc cc 48 83 ec 28 48 8b 05 f5 bb
0x00000000740f48b9:   8c 01 48 85 c0 74 02 ff d0 e8 a9 07 00 00 33 c0
0x00000000740f48c9:   a3 ef be ad bb 00 00 00 00 48 83 c4 28 48 ff e0
0x00000000740f48d9:   cc cc cc cc cc cc cc 48 83 ec 28 48 8b 05 c5 bb 


Register to memory mapping:

RAX=0x0000000000000000 is an unknown value
RBX=0x0000000000000000 is an unknown value
RCX=0x275cdb246a9d0000 is an unknown value
RDX=0x0000000000000002 is an unknown value
RSP=0x000000001a8ecf40 is pointing into the stack for thread: 0x0000000017094800
RBP=0x000000001a8ed049 is pointing into the stack for thread: 0x0000000017094800
RSI=0x00000002bb60ac10 is an unknown value
RDI=0x00000001e89d3040 is an unknown value
R8 =0x000000001a8eca40 is pointing into the stack for thread: 0x0000000017094800
R9 =0x00007ffe72550000 is an unknown value
R10=0x0000000000000000 is an unknown value
R11=0x0000000000000200 is an unknown value
R12=0x000000000d2c37bd is an unknown value
R13=0x000000000d2c37bd is an unknown value
R14=0x00000000107745ad is an unknown value
R15=0x00000001e89d3040 is an unknown value


Stack: [0x000000001a7f0000,0x000000001a8f0000],  sp=0x000000001a8ecf40,  free space=1011k
Native frames: (J=compiled Java code, j=interpreted, Vv=VM code, C=native code)
C  [jfxwebkit.dll+0xb948c9]
C  [jfxwebkit.dll+0xa5a422]
C  [jfxwebkit.dll+0xa5b326]
C  [jfxwebkit.dll+0xa549a2]
C  [jfxwebkit.dll+0xa53aa6]
C  [jfxwebkit.dll+0xa53b07]
C  [jfxwebkit.dll+0xa53b07]
C  [jfxwebkit.dll+0xa53b07]
C  [jfxwebkit.dll+0xa53b07]
C  [jfxwebkit.dll+0xa53b07]
C  [jfxwebkit.dll+0xa53b07]
C  [jfxwebkit.dll+0x9a3713]
C  [jfxwebkit.dll+0x827a74]
C  [jfxwebkit.dll+0x829fad]
C  [jfxwebkit.dll+0x8c773f]
C  [jfxwebkit.dll+0x8aa6e6]
C  [jfxwebkit.dll+0x86ed96]
C  [jfxwebkit.dll+0xa56ba8]
C  [jfxwebkit.dll+0xa59dd0]
C  [jfxwebkit.dll+0xa5b376]
C  [jfxwebkit.dll+0xa549a2]
C  [jfxwebkit.dll+0x8aa9f0]
C  0x0000000002317f54

Java frames: (J=compiled Java code, j=interpreted, Vv=VM code)
j  com.sun.webkit.WebPage.twkPrePaint(J)V+0
j  com.sun.webkit.WebPage.updateDirty(Lcom/sun/webkit/graphics/WCRectangle;)V+117
j  com.sun.webkit.WebPage.updateContent(Lcom/sun/webkit/graphics/WCRectangle;)V+48
j  com.sun.javafx.sg.prism.web.NGWebView.update()V+68
j  javafx.scene.web.WebView.handleStagePulse()V+78
j  javafx.scene.web.WebView.lambda$new$29()V+1
j  javafx.scene.web.WebView$$Lambda$109.pulse()V+4
j  com.sun.javafx.tk.Toolkit.lambda$runPulse$30(Lcom/sun/javafx/tk/TKPulseListener;)Ljava/lang/Void;+1
j  com.sun.javafx.tk.Toolkit$$Lambda$154.run()Ljava/lang/Object;+4
v  ~StubRoutines::call_stub
J 2446  java.security.AccessController.doPrivileged(Ljava/security/PrivilegedAction;Ljava/security/AccessControlContext;)Ljava/lang/Object; (0 bytes) @ 0x00000000029e66e6 [0x00000000029e6680+0x66]
j  com.sun.javafx.tk.Toolkit.runPulse(Lcom/sun/javafx/tk/TKPulseListener;Ljava/security/AccessControlContext;)V+21
j  com.sun.javafx.tk.Toolkit.firePulse()V+129
j  com.sun.javafx.tk.quantum.QuantumToolkit.pulse(Z)V+97
j  com.sun.javafx.tk.quantum.QuantumToolkit.pulse()V+2
j  com.sun.javafx.tk.quantum.QuantumToolkit.lambda$runToolkit$404()V+1
j  com.sun.javafx.tk.quantum.QuantumToolkit$$Lambda$66.run()V+4
J 3285 C1 com.sun.glass.ui.InvokeLaterDispatcher$Future.run()V (91 bytes) @ 0x0000000002bc560c [0x0000000002bc5500+0x10c]
v  ~StubRoutines::call_stub
j  com.sun.glass.ui.win.WinApplication._runLoop(Ljava/lang/Runnable;)V+0
j  com.sun.glass.ui.win.WinApplication.lambda$null$148(ILjava/lang/Runnable;)V+8
j  com.sun.glass.ui.win.WinApplication$$Lambda$62.run()V+12
j  java.lang.Thread.run()V+11
v  ~StubRoutines::call_stub

---------------  P R O C E S S  ---------------

Java Threads: ( => current thread )
  0x0000000019082800 JavaThread "Prism Font Disposer" daemon [_thread_blocked, id=13712, stack(0x0000000023260000,0x0000000023360000)]
  0x000000001907f000 JavaThread "Watchdog-Timer-1" daemon [_thread_blocked, id=12508, stack(0x00000000208f0000,0x00000000209f0000)]
  0x0000000017099000 JavaThread "Timer-0" [_thread_blocked, id=9464, stack(0x00000000206f0000,0x00000000207f0000)]
  0x0000000017097800 JavaThread "Disposer" daemon [_thread_blocked, id=10476, stack(0x000000001f820000,0x000000001f920000)]
  0x0000000017096000 JavaThread "Thread-7" daemon [_thread_in_native, id=8432, stack(0x000000001ef80000,0x000000001f080000)]
=>0x0000000017094800 JavaThread "JavaFX Application Thread" [_thread_in_native, id=3760, stack(0x000000001a7f0000,0x000000001a8f0000)]
  0x0000000017094000 JavaThread "Thread-6" daemon [_thread_blocked, id=10152, stack(0x000000001a6f0000,0x000000001a7f0000)]
  0x0000000017093000 JavaThread "QuantumRenderer-0" daemon [_thread_blocked, id=12716, stack(0x000000001a5f0000,0x000000001a6f0000)]
  0x000000001724a000 JavaThread "invokeAndBlock1" [_thread_blocked, id=14044, stack(0x0000000019ef0000,0x0000000019ff0000)]
  0x0000000017249800 JavaThread "Network Thread" [_thread_blocked, id=6036, stack(0x0000000019df0000,0x0000000019ef0000)]
  0x0000000016e25800 JavaThread "EDT" [_thread_blocked, id=3160, stack(0x0000000018d20000,0x0000000018e20000)]
  0x0000000000800800 JavaThread "DestroyJavaVM" [_thread_blocked, id=12492, stack(0x0000000000a60000,0x0000000000b60000)]
  0x0000000016577800 JavaThread "Thread-1" [_thread_blocked, id=14248, stack(0x00000000177d0000,0x00000000178d0000)]
  0x0000000016b65000 JavaThread "AWT-EventQueue-0" [_thread_blocked, id=5164, stack(0x00000000176d0000,0x00000000177d0000)]
  0x0000000016575000 JavaThread "AWT-Windows" daemon [_thread_in_native, id=11040, stack(0x0000000017510000,0x0000000017610000)]
  0x0000000016574000 JavaThread "AWT-Shutdown" [_thread_blocked, id=6484, stack(0x0000000017410000,0x0000000017510000)]
  0x0000000016573800 JavaThread "Java2D Disposer" daemon [_thread_blocked, id=9680, stack(0x0000000017310000,0x0000000017410000)]
  0x000000001628e000 JavaThread "Monitor Ctrl-Break" daemon [_thread_in_native, id=14160, stack(0x0000000016930000,0x0000000016a30000)]
  0x000000001509e800 JavaThread "Service Thread" daemon [_thread_blocked, id=9184, stack(0x0000000016680000,0x0000000016780000)]
  0x000000001509c800 JavaThread "C1 CompilerThread2" daemon [_thread_blocked, id=12476, stack(0x0000000016580000,0x0000000016680000)]
  0x0000000015099000 JavaThread "C2 CompilerThread1" daemon [_thread_blocked, id=10092, stack(0x0000000016080000,0x0000000016180000)]
  0x0000000015092800 JavaThread "C2 CompilerThread0" daemon [_thread_blocked, id=13772, stack(0x0000000015f80000,0x0000000016080000)]
  0x000000001508f800 JavaThread "Attach Listener" daemon [_thread_blocked, id=13732, stack(0x0000000015e80000,0x0000000015f80000)]
  0x000000001508d800 JavaThread "Signal Dispatcher" daemon [_thread_blocked, id=8588, stack(0x0000000015d80000,0x0000000015e80000)]
  0x000000001508c800 JavaThread "Surrogate Locker Thread (Concurrent GC)" daemon [_thread_blocked, id=13756, stack(0x0000000015c80000,0x0000000015d80000)]
  0x0000000015075000 JavaThread "Finalizer" daemon [_thread_blocked, id=12360, stack(0x0000000015aa0000,0x0000000015ba0000)]
  0x000000001504d000 JavaThread "Reference Handler" daemon [_thread_blocked, id=11764, stack(0x00000000159a0000,0x0000000015aa0000)]

Other Threads:
  0x0000000015042800 VMThread [stack: 0x00000000158a0000,0x00000000159a0000] [id=6060]
  0x0000000016236800 WatcherThread [stack: 0x0000000016780000,0x0000000016880000] [id=11628]

VM state:not at safepoint (normal execution)

VM Mutex/Monitor currently owned by a thread: None

Heap:
 par new generation   total 39296K, used 29453K [0x00000000d1200000, 0x00000000d3ca0000, 0x00000000e0c00000)
  eden space 34944K,  71% used [0x00000000d1200000, 0x00000000d2a835a8, 0x00000000d3420000)
  from space 4352K, 100% used [0x00000000d3420000, 0x00000000d3860000, 0x00000000d3860000)
  to   space 4352K,   0% used [0x00000000d3860000, 0x00000000d3860000, 0x00000000d3ca0000)
 concurrent mark-sweep generation total 87424K, used 22445K [0x00000000e0c00000, 0x00000000e6160000, 0x0000000100000000)
 Metaspace       used 30712K, capacity 31683K, committed 31880K, reserved 1077248K
  class space    used 3895K, capacity 4122K, committed 4240K, reserved 1048576K

Card table byte_map: [0x0000000011ac0000,0x0000000011c40000] byte_map_base: 0x0000000011437000

Marking Bits: (CMSBitMap*) 0x0000000000859918
 Bits: [0x0000000012180000, 0x0000000012950000)

Mod Union Table: (CMSBitMap*) 0x00000000008599d8
 Bits: [0x00000000005c0000, 0x00000000005df400)

Polling page: 0x0000000000590000

CodeCache: size=245760Kb used=11394Kb max_used=11394Kb free=234365Kb
 bounds [0x0000000002300000, 0x0000000002e30000, 0x0000000011300000]
 total_blobs=4589 nmethods=3711 adapters=789
 compilation: enabled

Compilation events (10 events):
Event: 18.333 Thread 0x000000001509c800 4125       3       java.awt.Component::dispatchEvent (6 bytes)
Event: 18.333 Thread 0x000000001509c800 nmethod 4125 0x0000000002e292d0 code [0x0000000002e29440, 0x0000000002e29648]
Event: 18.333 Thread 0x000000001509c800 4126   !   3       java.awt.Container::dispatchEventImpl (129 bytes)
Event: 18.334 Thread 0x000000001509c800 nmethod 4126 0x0000000002e28250 code [0x0000000002e28440, 0x0000000002e28f78]
Event: 18.406 Thread 0x000000001509c800 4127   !   3       java.util.concurrent.ThreadPoolExecutor::tryTerminate (161 bytes)
Event: 18.407 Thread 0x000000001509c800 nmethod 4127 0x0000000002e2a850 code [0x0000000002e2ab60, 0x0000000002e2c438]
Event: 18.619 Thread 0x000000001509c800 4128       3       java.awt.EventQueue::getPriority (78 bytes)
Event: 18.620 Thread 0x000000001509c800 nmethod 4128 0x0000000002e27850 code [0x0000000002e279e0, 0x0000000002e280d0]
Event: 18.620 Thread 0x000000001509c800 4129       3       java.awt.EventQueue::postEvent (172 bytes)
Event: 18.621 Thread 0x000000001509c800 nmethod 4129 0x0000000002e2d150 code [0x0000000002e2d420, 0x0000000002e2e678]

GC Heap History (10 events):
Event: 2.831 GC heap before
{Heap before GC invocations=3 (full 0):
 par new generation   total 39296K, used 36181K [0x00000000d1200000, 0x00000000d3ca0000, 0x00000000e0c00000)
  eden space 34944K, 100% used [0x00000000d1200000, 0x00000000d3420000, 0x00000000d3420000)
  from space 4352K,  28% used [0x00000000d3860000, 0x00000000d3995598, 0x00000000d3ca0000)
  to   space 4352K,   0% used [0x00000000d3420000, 0x00000000d3420000, 0x00000000d3860000)
 concurrent mark-sweep generation total 87424K, used 6661K [0x00000000e0c00000, 0x00000000e6160000, 0x0000000100000000)
 Metaspace       used 11453K, capacity 11652K, committed 11776K, reserved 1058816K
  class space    used 1363K, capacity 1452K, committed 1536K, reserved 1048576K
Event: 2.831 GC heap after
Heap after GC invocations=4 (full 0):
 par new generation   total 39296K, used 1161K [0x00000000d1200000, 0x00000000d3ca0000, 0x00000000e0c00000)
  eden space 34944K,   0% used [0x00000000d1200000, 0x00000000d1200000, 0x00000000d3420000)
  from space 4352K,  26% used [0x00000000d3420000, 0x00000000d35427a0, 0x00000000d3860000)
  to   space 4352K,   0% used [0x00000000d3860000, 0x00000000d3860000, 0x00000000d3ca0000)
 concurrent mark-sweep generation total 87424K, used 6661K [0x00000000e0c00000, 0x00000000e6160000, 0x0000000100000000)
 Metaspace       used 11453K, capacity 11652K, committed 11776K, reserved 1058816K
  class space    used 1363K, capacity 1452K, committed 1536K, reserved 1048576K
}
Event: 4.428 GC heap before
{Heap before GC invocations=4 (full 0):
 par new generation   total 39296K, used 36105K [0x00000000d1200000, 0x00000000d3ca0000, 0x00000000e0c00000)
  eden space 34944K, 100% used [0x00000000d1200000, 0x00000000d3420000, 0x00000000d3420000)
  from space 4352K,  26% used [0x00000000d3420000, 0x00000000d35427a0, 0x00000000d3860000)
  to   space 4352K,   0% used [0x00000000d3860000, 0x00000000d3860000, 0x00000000d3ca0000)
 concurrent mark-sweep generation total 87424K, used 6661K [0x00000000e0c00000, 0x00000000e6160000, 0x0000000100000000)
 Metaspace       used 14763K, capacity 15006K, committed 15232K, reserved 1062912K
  class space    used 1761K, capacity 1841K, committed 1920K, reserved 1048576K
Event: 4.432 GC heap after
Heap after GC invocations=5 (full 0):
 par new generation   total 39296K, used 3843K [0x00000000d1200000, 0x00000000d3ca0000, 0x00000000e0c00000)
  eden space 34944K,   0% used [0x00000000d1200000, 0x00000000d1200000, 0x00000000d3420000)
  from space 4352K,  88% used [0x00000000d3860000, 0x00000000d3c20e20, 0x00000000d3ca0000)
  to   space 4352K,   0% used [0x00000000d3420000, 0x00000000d3420000, 0x00000000d3860000)
 concurrent mark-sweep generation total 87424K, used 6661K [0x00000000e0c00000, 0x00000000e6160000, 0x0000000100000000)
 Metaspace       used 14763K, capacity 15006K, committed 15232K, reserved 1062912K
  class space    used 1761K, capacity 1841K, committed 1920K, reserved 1048576K
}
Event: 6.193 GC heap before
{Heap before GC invocations=5 (full 0):
 par new generation   total 39296K, used 38500K [0x00000000d1200000, 0x00000000d3ca0000, 0x00000000e0c00000)
  eden space 34944K,  99% used [0x00000000d1200000, 0x00000000d33d83a8, 0x00000000d3420000)
  from space 4352K,  88% used [0x00000000d3860000, 0x00000000d3c20e20, 0x00000000d3ca0000)
  to   space 4352K,   0% used [0x00000000d3420000, 0x00000000d3420000, 0x00000000d3860000)
 concurrent mark-sweep generation total 87424K, used 6661K [0x00000000e0c00000, 0x00000000e6160000, 0x0000000100000000)
 Metaspace       used 20229K, capacity 20672K, committed 20992K, reserved 1067008K
  class space    used 2347K, capacity 2460K, committed 2560K, reserved 1048576K
Event: 6.202 GC heap after
Heap after GC invocations=6 (full 0):
 par new generation   total 39296K, used 4352K [0x00000000d1200000, 0x00000000d3ca0000, 0x00000000e0c00000)
  eden space 34944K,   0% used [0x00000000d1200000, 0x00000000d1200000, 0x00000000d3420000)
  from space 4352K, 100% used [0x00000000d3420000, 0x00000000d3860000, 0x00000000d3860000)
  to   space 4352K,   0% used [0x00000000d3860000, 0x00000000d3860000, 0x00000000d3ca0000)
 concurrent mark-sweep generation total 87424K, used 11873K [0x00000000e0c00000, 0x00000000e6160000, 0x0000000100000000)
 Metaspace       used 20229K, capacity 20672K, committed 20992K, reserved 1067008K
  class space    used 2347K, capacity 2460K, committed 2560K, reserved 1048576K
}
Event: 7.319 GC heap before
{Heap before GC invocations=6 (full 0):
 par new generation   total 39296K, used 39296K [0x00000000d1200000, 0x00000000d3ca0000, 0x00000000e0c00000)
  eden space 34944K, 100% used [0x00000000d1200000, 0x00000000d3420000, 0x00000000d3420000)
  from space 4352K, 100% used [0x00000000d3420000, 0x00000000d3860000, 0x00000000d3860000)
  to   space 4352K,   0% used [0x00000000d3860000, 0x00000000d3860000, 0x00000000d3ca0000)
 concurrent mark-sweep generation total 87424K, used 11873K [0x00000000e0c00000, 0x00000000e6160000, 0x0000000100000000)
 Metaspace       used 28810K, capacity 29673K, committed 29852K, reserved 1075200K
  class space    used 3762K, capacity 3975K, committed 3984K, reserved 1048576K
Event: 7.330 GC heap after
Heap after GC invocations=7 (full 0):
 par new generation   total 39296K, used 4352K [0x00000000d1200000, 0x00000000d3ca0000, 0x00000000e0c00000)
  eden space 34944K,   0% used [0x00000000d1200000, 0x00000000d1200000, 0x00000000d3420000)
  from space 4352K, 100% used [0x00000000d3860000, 0x00000000d3ca0000, 0x00000000d3ca0000)
  to   space 4352K,   0% used [0x00000000d3420000, 0x00000000d3420000, 0x00000000d3860000)
 concurrent mark-sweep generation total 87424K, used 16249K [0x00000000e0c00000, 0x00000000e6160000, 0x0000000100000000)
 Metaspace       used 28810K, capacity 29673K, committed 29852K, reserved 1075200K
  class space    used 3762K, capacity 3975K, committed 3984K, reserved 1048576K
}
Event: 8.205 GC heap before
{Heap before GC invocations=7 (full 1):
 par new generation   total 39296K, used 39296K [0x00000000d1200000, 0x00000000d3ca0000, 0x00000000e0c00000)
  eden space 34944K, 100% used [0x00000000d1200000, 0x00000000d3420000, 0x00000000d3420000)
  from space 4352K, 100% used [0x00000000d3860000, 0x00000000d3ca0000, 0x00000000d3ca0000)
  to   space 4352K,   0% used [0x00000000d3420000, 0x00000000d3420000, 0x00000000d3860000)
 concurrent mark-sweep generation total 87424K, used 12651K [0x00000000e0c00000, 0x00000000e6160000, 0x0000000100000000)
 Metaspace       used 30021K, capacity 30941K, committed 30984K, reserved 1077248K
  class space    used 3870K, capacity 4089K, committed 4112K, reserved 1048576K
Event: 8.215 GC heap after
Heap after GC invocations=8 (full 1):
 par new generation   total 39296K, used 4352K [0x00000000d1200000, 0x00000000d3ca0000, 0x00000000e0c00000)
  eden space 34944K,   0% used [0x00000000d1200000, 0x00000000d1200000, 0x00000000d3420000)
  from space 4352K, 100% used [0x00000000d3420000, 0x00000000d3860000, 0x00000000d3860000)
  to   space 4352K,   0% used [0x00000000d3860000, 0x00000000d3860000, 0x00000000d3ca0000)
 concurrent mark-sweep generation total 87424K, used 22445K [0x00000000e0c00000, 0x00000000e6160000, 0x0000000100000000)
 Metaspace       used 30021K, capacity 30941K, committed 30984K, reserved 1077248K
  class space    used 3870K, capacity 4089K, committed 4112K, reserved 1048576K
}

Deoptimization events (10 events):
Event: 7.623 Thread 0x0000000017094800 Uncommon trap: reason=speculate_class_check action=maybe_recompile pc=0x0000000002a03d7c method=java.nio.charset.CharsetDecoder.reset()Ljava/nio/charset/CharsetDecoder; @ 1
Event: 7.623 Thread 0x0000000017094800 Uncommon trap: reason=speculate_class_check action=maybe_recompile pc=0x0000000002a03d7c method=java.nio.charset.CharsetDecoder.reset()Ljava/nio/charset/CharsetDecoder; @ 1
Event: 7.623 Thread 0x0000000017094800 Uncommon trap: reason=speculate_class_check action=maybe_recompile pc=0x00000000029f8858 method=java.nio.charset.CharsetDecoder.reset()Ljava/nio/charset/CharsetDecoder; @ 1
Event: 7.679 Thread 0x0000000017094800 Uncommon trap: reason=speculate_class_check action=maybe_recompile pc=0x0000000002b1d0bc method=java.nio.charset.CharsetDecoder.decode(Ljava/nio/ByteBuffer;Ljava/nio/CharBuffer;Z)Ljava/nio/charset/CoderResult; @ 57
Event: 7.679 Thread 0x0000000017094800 Uncommon trap: reason=speculate_class_check action=maybe_recompile pc=0x0000000002b1d0bc method=java.nio.charset.CharsetDecoder.decode(Ljava/nio/ByteBuffer;Ljava/nio/CharBuffer;Z)Ljava/nio/charset/CoderResult; @ 57
Event: 7.679 Thread 0x0000000017094800 Uncommon trap: reason=speculate_class_check action=maybe_recompile pc=0x0000000002b1d0bc method=java.nio.charset.CharsetDecoder.decode(Ljava/nio/ByteBuffer;Ljava/nio/CharBuffer;Z)Ljava/nio/charset/CoderResult; @ 57
Event: 7.679 Thread 0x0000000017094800 Uncommon trap: reason=speculate_class_check action=maybe_recompile pc=0x0000000002b1d0bc method=java.nio.charset.CharsetDecoder.decode(Ljava/nio/ByteBuffer;Ljava/nio/CharBuffer;Z)Ljava/nio/charset/CoderResult; @ 57
Event: 7.683 Thread 0x0000000017094800 Uncommon trap: reason=speculate_class_check action=maybe_recompile pc=0x0000000002b15080 method=java.nio.charset.CharsetDecoder.decode(Ljava/nio/ByteBuffer;Ljava/nio/CharBuffer;Z)Ljava/nio/charset/CoderResult; @ 57
Event: 7.683 Thread 0x0000000017094800 Uncommon trap: reason=speculate_class_check action=maybe_recompile pc=0x0000000002b15080 method=java.nio.charset.CharsetDecoder.decode(Ljava/nio/ByteBuffer;Ljava/nio/CharBuffer;Z)Ljava/nio/charset/CoderResult; @ 57
Event: 11.128 Thread 0x0000000016e25800 Uncommon trap: reason=unstable_if action=reinterpret pc=0x0000000002d225b4 method=com.codename1.ui.Component.getStyle()Lcom/codename1/ui/plaf/Style; @ 20

Internal exceptions (10 events):
Event: 7.057 Thread 0x0000000017094800 Exception <a 'java/lang/ClassNotFoundException': sun/net/www/protocol/about/Handler> (0x00000000d299eb50) thrown at [C:\re\workspace\8-2-build-windows-amd64-cygwin\jdk8u91\7017\hotspot\src\share\vm\classfile\systemDictionary.cpp, line 210]
Event: 7.561 Thread 0x0000000017094800 Exception <a 'java/lang/ClassNotFoundException': sun/net/www/protocol/about/Handler> (0x00000000d20ccba0) thrown at [C:\re\workspace\8-2-build-windows-amd64-cygwin\jdk8u91\7017\hotspot\src\share\vm\classfile\systemDictionary.cpp, line 210]
Event: 7.949 Thread 0x0000000017093000 Implicit null exception at 0x0000000002b8a72d to 0x0000000002b8c373
Event: 7.950 Thread 0x0000000017093000 Exception <a 'java/lang/NullPointerException'> (0x00000000d2d124c8) thrown at [C:\re\workspace\8-2-build-windows-amd64-cygwin\jdk8u91\7017\hotspot\src\share\vm\runtime\sharedRuntime.cpp, line 605]
Event: 7.963 Thread 0x0000000017093000 Implicit null exception at 0x0000000002b8a72d to 0x0000000002b8c373
Event: 7.963 Thread 0x0000000017093000 Exception <a 'java/lang/NullPointerException'> (0x00000000d2d13328) thrown at [C:\re\workspace\8-2-build-windows-amd64-cygwin\jdk8u91\7017\hotspot\src\share\vm\runtime\sharedRuntime.cpp, line 605]
Event: 8.091 Thread 0x0000000017093000 Implicit null exception at 0x0000000002b8a72d to 0x0000000002b8c373
Event: 8.091 Thread 0x0000000017093000 Exception <a 'java/lang/NullPointerException'> (0x00000000d308bc08) thrown at [C:\re\workspace\8-2-build-windows-amd64-cygwin\jdk8u91\7017\hotspot\src\share\vm\runtime\sharedRuntime.cpp, line 605]
Event: 8.091 Thread 0x0000000017093000 Implicit null exception at 0x0000000002b8a72d to 0x0000000002b8c373
Event: 8.091 Thread 0x0000000017093000 Exception <a 'java/lang/NullPointerException'> (0x00000000d308c3c0) thrown at [C:\re\workspace\8-2-build-windows-amd64-cygwin\jdk8u91\7017\hotspot\src\share\vm\runtime\sharedRuntime.cpp, line 605]

Events (10 events):
Event: 18.383 Thread 0x000000001907c800 Thread exited: 0x000000001907c800
Event: 18.384 Thread 0x0000000019080800 Thread exited: 0x0000000019080800
Event: 18.400 Thread 0x0000000019084000 Thread exited: 0x0000000019084000
Event: 18.406 Thread 0x00000000191b2800 Thread exited: 0x00000000191b2800
Event: 18.406 Thread 0x000000001907c000 Thread exited: 0x000000001907c000
Event: 18.407 Thread 0x000000001509c800 flushing nmethod 0x000000000263a0d0
Event: 18.409 Thread 0x000000001907f800 Thread exited: 0x000000001907f800
Event: 18.427 Thread 0x0000000019088800 Thread exited: 0x0000000019088800
Event: 18.431 Thread 0x000000001907b000 Thread exited: 0x000000001907b000
Event: 18.620 Thread 0x000000001509c800 flushing nmethod 0x00000000026b9290


Dynamic libraries:
0x00007ff782200000 - 0x00007ff782237000 	C:\Program Files\Java\jdk1.8.0_91\bin\java.exe
0x00007ffe8cb40000 - 0x00007ffe8cd01000 	C:\Windows\SYSTEM32\ntdll.dll
0x00007ffe8af30000 - 0x00007ffe8afdd000 	C:\Windows\system32\KERNEL32.DLL
0x00007ffe89bd0000 - 0x00007ffe89db8000 	C:\Windows\system32\KERNELBASE.dll
0x00000000770c0000 - 0x0000000077149000 	C:\Windows\System32\SYSFER.DLL
0x00007ffe8ae80000 - 0x00007ffe8af27000 	C:\Windows\system32\ADVAPI32.dll
0x00007ffe8a2c0000 - 0x00007ffe8a35d000 	C:\Windows\system32\msvcrt.dll
0x00007ffe8a0a0000 - 0x00007ffe8a0fb000 	C:\Windows\system32\sechost.dll
0x00007ffe8ac80000 - 0x00007ffe8ad9c000 	C:\Windows\system32\RPCRT4.dll
0x00007ffe8c930000 - 0x00007ffe8ca86000 	C:\Windows\system32\USER32.dll
0x00007ffe8aae0000 - 0x00007ffe8ac66000 	C:\Windows\system32\GDI32.dll
0x00007ffe78b00000 - 0x00007ffe78d74000 	C:\Windows\WinSxS\amd64_microsoft.windows.common-controls_6595b64144ccf1df_6.0.10586.672_none_a2d6b3cea53ff843\COMCTL32.dll
0x00007ffe8b040000 - 0x00007ffe8b2bd000 	C:\Windows\system32\combase.dll
0x00007ffe89dc0000 - 0x00007ffe89e2a000 	C:\Windows\system32\bcryptPrimitives.dll
0x00007ffe8aa10000 - 0x00007ffe8aa4b000 	C:\Windows\system32\IMM32.DLL
0x0000000075bb0000 - 0x0000000075c82000 	C:\Program Files\Java\jdk1.8.0_91\jre\bin\msvcr100.dll
0x0000000075e60000 - 0x00000000766f3000 	C:\Program Files\Java\jdk1.8.0_91\jre\bin\server\jvm.dll
0x00007ffe89f40000 - 0x00007ffe89f48000 	C:\Windows\system32\PSAPI.DLL
0x00007ffe83050000 - 0x00007ffe83059000 	C:\Windows\SYSTEM32\WSOCK32.dll
0x00007ffe8aa50000 - 0x00007ffe8aabb000 	C:\Windows\system32\WS2_32.dll
0x00007ffe87680000 - 0x00007ffe876a3000 	C:\Windows\SYSTEM32\WINMM.dll
0x00007ffe88540000 - 0x00007ffe8854a000 	C:\Windows\SYSTEM32\VERSION.dll
0x00007ffe87620000 - 0x00007ffe8764c000 	C:\Windows\SYSTEM32\WINMMBASE.dll
0x00007ffe89ef0000 - 0x00007ffe89f33000 	C:\Windows\system32\cfgmgr32.dll
0x0000000076c30000 - 0x0000000076c3f000 	C:\Program Files\Java\jdk1.8.0_91\jre\bin\verify.dll
0x0000000076b50000 - 0x0000000076b79000 	C:\Program Files\Java\jdk1.8.0_91\jre\bin\java.dll
0x0000000076b30000 - 0x0000000076b46000 	C:\Program Files\Java\jdk1.8.0_91\jre\bin\zip.dll
0x00007ffe8b2c0000 - 0x00007ffe8c81c000 	C:\Windows\system32\SHELL32.dll
0x00007ffe892e0000 - 0x00007ffe89925000 	C:\Windows\system32\windows.storage.dll
0x00007ffe8a100000 - 0x00007ffe8a152000 	C:\Windows\system32\shlwapi.dll
0x00007ffe891e0000 - 0x00007ffe891ef000 	C:\Windows\system32\kernel.appcore.dll
0x00007ffe89e30000 - 0x00007ffe89ee5000 	C:\Windows\system32\shcore.dll
0x00007ffe89160000 - 0x00007ffe891ab000 	C:\Windows\system32\powrprof.dll
0x00007ffe891b0000 - 0x00007ffe891c4000 	C:\Windows\system32\profapi.dll
0x00007ffe83060000 - 0x00007ffe83070000 	C:\Program Files (x86)\JetBrains\IntelliJ IDEA 2016.3.3\INTELAJ\IntelliJ IDEA 2016.3.3\bin\breakgen64.dll
0x0000000076900000 - 0x000000007691a000 	C:\Program Files\Java\jdk1.8.0_91\jre\bin\net.dll
0x00007ffe88a90000 - 0x00007ffe88aec000 	C:\Windows\system32\mswsock.dll
0x0000000075cc0000 - 0x0000000075e58000 	C:\Program Files\Java\jdk1.8.0_91\jre\bin\awt.dll
0x00007ffe8a790000 - 0x00007ffe8a856000 	C:\Windows\system32\OLEAUT32.dll
0x00007ffe87550000 - 0x00007ffe875c9000 	C:\Windows\system32\apphelp.dll
0x00007ffe87850000 - 0x00007ffe878e6000 	C:\Windows\system32\uxtheme.dll
0x00007ffe8a160000 - 0x00007ffe8a2ba000 	C:\Windows\system32\MSCTF.dll
0x00007ffe7c010000 - 0x00007ffe7c0b3000 	C:\Program Files\Common Files\microsoft shared\ink\tiptsf.dll
0x00007ffe86b60000 - 0x00007ffe86b82000 	C:\Windows\system32\dwmapi.dll
0x00007ffe89f50000 - 0x00007ffe8a093000 	C:\Windows\system32\ole32.dll
0x00007ffe88b40000 - 0x00007ffe88b57000 	C:\Windows\SYSTEM32\CRYPTSP.dll
0x00007ffe887d0000 - 0x00007ffe88804000 	C:\Windows\system32\rsaenh.dll
0x00007ffe88d60000 - 0x00007ffe88d89000 	C:\Windows\SYSTEM32\bcrypt.dll
0x00007ffe88920000 - 0x00007ffe8893f000 	C:\Windows\SYSTEM32\USERENV.dll
0x00007ffe88c60000 - 0x00007ffe88c6b000 	C:\Windows\SYSTEM32\CRYPTBASE.dll
0x00007ffe85620000 - 0x00007ffe85658000 	C:\Windows\SYSTEM32\IPHLPAPI.DLL
0x00007ffe8ae00000 - 0x00007ffe8ae08000 	C:\Windows\system32\NSI.dll
0x00007ffe855c0000 - 0x00007ffe855d6000 	C:\Windows\SYSTEM32\dhcpcsvc6.DLL
0x00007ffe85560000 - 0x00007ffe8557a000 	C:\Windows\SYSTEM32\dhcpcsvc.DLL
0x00000000768e0000 - 0x00000000768f1000 	C:\Program Files\Java\jdk1.8.0_91\jre\bin\nio.dll
0x0000000076ae0000 - 0x0000000076b27000 	C:\Program Files\Java\jdk1.8.0_91\jre\bin\fontmanager.dll
0x0000000076850000 - 0x0000000076892000 	C:\Program Files\Java\jdk1.8.0_91\jre\bin\t2k.dll
0x00007ffe8ca90000 - 0x00007ffe8cb37000 	C:\Windows\system32\clbcatq.dll
0x00007ffe75a20000 - 0x00007ffe75b7c000 	C:\Windows\System32\uiautomationcore.dll
0x00007ffe89020000 - 0x00007ffe890b9000 	C:\Windows\SYSTEM32\sxs.dll
0x00007ffe7c2b0000 - 0x00007ffe7c31a000 	C:\Windows\System32\OLEACC.dll
0x00007ffe7dcd0000 - 0x00007ffe7dd81000 	C:\Windows\SYSTEM32\twinapi.dll
0x00007ffe879f0000 - 0x00007ffe87af0000 	C:\Windows\SYSTEM32\twinapi.appcore.dll
0x0000000075b70000 - 0x0000000075ba1000 	C:\Program Files\Java\jdk1.8.0_91\jre\bin\jpeg.dll
0x0000000076820000 - 0x0000000076844000 	C:\Program Files\Java\jdk1.8.0_91\jre\bin\sunec.dll
0x00007ffe733e0000 - 0x00007ffe733f6000 	C:\Windows\system32\napinsp.dll
0x00007ffe73400000 - 0x00007ffe7341a000 	C:\Windows\system32\pnrpnsp.dll
0x00007ffe86dc0000 - 0x00007ffe86dd8000 	C:\Windows\system32\NLAapi.dll
0x00007ffe87940000 - 0x00007ffe879ea000 	C:\Windows\SYSTEM32\DNSAPI.dll
0x00007ffe73420000 - 0x00007ffe7342d000 	C:\Windows\System32\winrnr.dll
0x00007ffe73430000 - 0x00007ffe73445000 	C:\Windows\System32\wshbth.dll
0x00007ffe86230000 - 0x00007ffe86297000 	C:\Windows\System32\fwpuclnt.dll
0x00007ffe84ac0000 - 0x00007ffe84aca000 	C:\Windows\System32\rasadhlp.dll
0x00007ffe72550000 - 0x00007ffe7263f000 	C:\Program Files\Java\jdk1.8.0_91\jre\bin\msvcr120.dll
0x00007ffe7cac0000 - 0x00007ffe7cb66000 	C:\Program Files\Java\jdk1.8.0_91\jre\bin\msvcp120.dll
0x0000000075b40000 - 0x0000000075b63000 	C:\Program Files\Java\jdk1.8.0_91\jre\bin\prism_d3d.dll
0x00007ffe69100000 - 0x00007ffe69310000 	C:\Windows\system32\d3d9.dll
0x00007ffe5de00000 - 0x00007ffe5fc93000 	C:\Windows\SYSTEM32\igdumdim64.dll
0x00007ffe8a360000 - 0x00007ffe8a789000 	C:\Windows\system32\SETUPAPI.dll
0x0000000075af0000 - 0x0000000075b33000 	C:\Program Files\Java\jdk1.8.0_91\jre\bin\glass.dll
0x00007ffe8c820000 - 0x00007ffe8c92b000 	C:\Windows\system32\COMDLG32.dll
0x00007ffe89250000 - 0x00007ffe892d6000 	C:\Windows\system32\FirewallAPI.dll
0x00007ffe89930000 - 0x00007ffe89947000 	C:\Windows\system32\NETAPI32.dll
0x00007ffe83140000 - 0x00007ffe8314c000 	C:\Windows\SYSTEM32\DAVHLPR.DLL
0x00007ffe87c50000 - 0x00007ffe87c82000 	C:\Windows\SYSTEM32\fwbase.dll
0x00007ffe7cc30000 - 0x00007ffe7daa0000 	C:\Windows\SYSTEM32\igc64.dll
0x0000000073560000 - 0x0000000075aee000 	C:\Program Files\Java\jdk1.8.0_91\jre\bin\jfxwebkit.dll
0x0000000073540000 - 0x0000000073554000 	C:\Program Files\Java\jdk1.8.0_91\jre\bin\javafx_font.dll
0x00007ffe78f10000 - 0x00007ffe7916f000 	C:\Windows\SYSTEM32\dwrite.dll
0x00007ffe85cc0000 - 0x00007ffe85e71000 	C:\Windows\SYSTEM32\WindowsCodecs.dll
0x00007ffe78e20000 - 0x00007ffe78e6a000 	C:\Windows\system32\dataexchange.dll
0x00007ffe86740000 - 0x00007ffe869e8000 	C:\Windows\system32\d3d11.dll
0x00007ffe87210000 - 0x00007ffe872f3000 	C:\Windows\system32\dcomp.dll
0x00007ffe865a0000 - 0x00007ffe86642000 	C:\Windows\system32\dxgi.dll
0x0000000073520000 - 0x0000000073531000 	C:\Program Files\Java\jdk1.8.0_91\jre\bin\prism_common.dll
0x00000000734e0000 - 0x000000007351c000 	C:\Program Files\Java\jdk1.8.0_91\jre\bin\lcms.dll
0x00007ffe85b30000 - 0x00007ffe85cbc000 	C:\Windows\SYSTEM32\dbghelp.dll

VM Arguments:
jvm_args: -Xms128m -Xmx750m -XX:ReservedCodeCacheSize=240m -XX:+UseConcMarkSweepGC -XX:SoftRefLRUPolicyMSPerMB=50 -ea -Dsun.io.useCanonCaches=false -Djava.net.preferIPv4Stack=true -XX:+HeapDumpOnOutOfMemoryError -XX:-OmitStackTraceInFastThrow -Didea.launcher.port=7543 -Didea.launcher.bin.path=C:\Program Files (x86)\JetBrains\IntelliJ IDEA 2016.3.3\INTELAJ\IntelliJ IDEA 2016.3.3\bin -Dfile.encoding=UTF-8 
java_command: com.intellij.rt.execution.application.AppMain com.codename1.impl.javase.Simulator com.hales.os.MyApplication
java_class_path (initial): C:/Users/chales/Desktop/os2\out\production\os2;C:/Users/chales/Desktop/os2\src;C:/Users/chales/Desktop/os2\lib\CodenameOne.jar;C:/Users/chales/Desktop/os2\JavaSE.jar;native/internal_tmp;lib/impl/cls;C:\Program Files (x86)\JetBrains\IntelliJ IDEA 2016.3.3\INTELAJ\IntelliJ IDEA 2016.3.3\lib\idea_rt.jar
Launcher Type: SUN_STANDARD

Environment Variables:
PATH=C:\ProgramData\Oracle\Java\javapath;C:\Windows\system32;C:\Windows;C:\Windows\System32\Wbem;C:\Windows\System32\WindowsPowerShell\v1.0\
USERNAME=chales
OS=Windows_NT
PROCESSOR_IDENTIFIER=Intel64 Family 6 Model 78 Stepping 3, GenuineIntel



---------------  S Y S T E M  ---------------

OS: Windows 10.0 , 64 bit Build 10586 (10.0.10586.589)

CPU:total 4 (2 cores per cpu, 2 threads per core) family 6 model 78 stepping 3, cmov, cx8, fxsr, mmx, sse, sse2, sse3, ssse3, sse4.1, sse4.2, popcnt, avx, avx2, aes, clmul, erms, 3dnowpref, lzcnt, ht, tsc, tscinvbit, bmi1, bmi2, adx

Memory: 4k page, physical 7802196k(2226016k free), swap 12120740k(4588144k free)

vm_info: Java HotSpot(TM) 64-Bit Server VM (25.91-b15) for windows-amd64 JRE (1.8.0_91-b15), built on May 20 2016 17:43:15 by "java_re" with MS VC++ 10.0 (VS2010)

time: Fri Apr 14 13:13:34 2017
elapsed time: 21 seconds (0d 0h 0m 21s)

