#
# A fatal error has been detected by the Java Runtime Environment:
#
#  EXCEPTION_ACCESS_VIOLATION (0xc0000005) at pc=0x00000000740b48c9, pid=16832, tid=24364
#
# JRE version: Java(TM) SE Runtime Environment (8.0_91-b15) (build 1.8.0_91-b15)
# Java VM: Java HotSpot(TM) 64-Bit Server VM (25.91-b15 mixed mode windows-amd64 compressed oops)
# Problematic frame:
# C  [jfxwebkit.dll+0xb948c9]
#
# Failed to write core dump. Minidumps are not enabled by default on client versions of Windows
#
# If you would like to submit a bug report, please visit:
#   http://bugreport.java.com/bugreport/crash.jsp
# The crash happened outside the Java Virtual Machine in native code.
# See problematic frame for where to report the bug.
#

---------------  T H R E A D  ---------------

Current thread (0x0000000019305000):  JavaThread "JavaFX Application Thread" [_thread_in_native, id=24364, stack(0x000000001c710000,0x000000001c810000)]

siginfo: ExceptionCode=0xc0000005, writing address 0x00000000bbadbeef

Registers:
RAX=0x0000000000000000, RBX=0x0000000000000000, RCX=0x8e8ede0297a50000, RDX=0x0000000000000002
RSP=0x000000001c80cdd0, RBP=0x000000001c80ced9, RSI=0x0000000212c3cc10, RDI=0x0000000140005040
R8 =0x000000001c80c8d0, R9 =0x00007ffe6a500000, R10=0x0000000000000000, R11=0x0000000000000200
R12=0x000000000d2c37bd, R13=0x000000000d2c37bd, R14=0x00000000107745ad, R15=0x0000000140005040
RIP=0x00000000740b48c9, EFLAGS=0x0000000000010246

Top of Stack: (sp=0x000000001c80cdd0)
0x000000001c80cdd0:   0000000000000000 00000002db6aa340
0x000000001c80cde0:   000000004ac84000 0000000000000000
0x000000001c80cdf0:   0000000000000000 0000000073f7a422
0x000000001c80ce00:   000000004b3d387a 000000004aae7800
0x000000001c80ce10:   0000000000000000 0000000000000000
0x000000001c80ce20:   000000000d2c37be 0000000000000010
0x000000001c80ce30:   0000000000000000 0000000000000000
0x000000001c80ce40:   0000000000000000 00000000107745ad
0x000000001c80ce50:   0000000000000000 0000000140005040
0x000000001c80ce60:   0d2c37bd0d2c37bd 0000000000000000
0x000000001c80ce70:   4aae74004ac84000 4400000044000000
0x000000001c80ce80:   0000000000000000 4b3d387a4b1aa092
0x000000001c80ce90:   0000000000000000 00007ffe8cb60abd
0x000000001c80cea0:   000000001c80d318 00000000233b49d0
0x000000001c80ceb0:   fffffffffffffffe 0000000000000000
0x000000001c80cec0:   0000000000000000 0000000000000000 

Instructions: (pc=0x00000000740b48c9)
0x00000000740b48a9:   83 c4 20 5b c3 cc cc 48 83 ec 28 48 8b 05 f5 bb
0x00000000740b48b9:   8c 01 48 85 c0 74 02 ff d0 e8 a9 07 00 00 33 c0
0x00000000740b48c9:   a3 ef be ad bb 00 00 00 00 48 83 c4 28 48 ff e0
0x00000000740b48d9:   cc cc cc cc cc cc cc 48 83 ec 28 48 8b 05 c5 bb 


Register to memory mapping:

RAX=0x0000000000000000 is an unknown value
RBX=0x0000000000000000 is an unknown value
RCX=0x8e8ede0297a50000 is an unknown value
RDX=0x0000000000000002 is an unknown value
RSP=0x000000001c80cdd0 is pointing into the stack for thread: 0x0000000019305000
RBP=0x000000001c80ced9 is pointing into the stack for thread: 0x0000000019305000
RSI=0x0000000212c3cc10 is an unknown value
RDI=0x0000000140005040 is an unknown value
R8 =0x000000001c80c8d0 is pointing into the stack for thread: 0x0000000019305000
R9 =0x00007ffe6a500000 is an unknown value
R10=0x0000000000000000 is an unknown value
R11=0x0000000000000200 is an unknown value
R12=0x000000000d2c37bd is an unknown value
R13=0x000000000d2c37bd is an unknown value
R14=0x00000000107745ad is an unknown value
R15=0x0000000140005040 is an unknown value


Stack: [0x000000001c710000,0x000000001c810000],  sp=0x000000001c80cdd0,  free space=1011k
Native frames: (J=compiled Java code, j=interpreted, Vv=VM code, C=native code)
C  [jfxwebkit.dll+0xb948c9]
C  [jfxwebkit.dll+0xa5a422]
C  [jfxwebkit.dll+0xa5b326]
C  [jfxwebkit.dll+0xa549a2]
C  [jfxwebkit.dll+0xa53aa6]
C  [jfxwebkit.dll+0xa53b07]
C  [jfxwebkit.dll+0xa53b07]
C  [jfxwebkit.dll+0xa53b07]
C  [jfxwebkit.dll+0xa53b07]
C  [jfxwebkit.dll+0xa53b07]
C  [jfxwebkit.dll+0xa53b07]
C  [jfxwebkit.dll+0x9a3713]
C  [jfxwebkit.dll+0x827a74]
C  [jfxwebkit.dll+0x829fad]
C  [jfxwebkit.dll+0x8c773f]
C  [jfxwebkit.dll+0x8aa6e6]
C  [jfxwebkit.dll+0x86ed96]
C  [jfxwebkit.dll+0xa56ba8]
C  [jfxwebkit.dll+0xa59dd0]
C  [jfxwebkit.dll+0xa5b376]
C  [jfxwebkit.dll+0xa549a2]
C  [jfxwebkit.dll+0x8aa9f0]
C  0x0000000002417f54

Java frames: (J=compiled Java code, j=interpreted, Vv=VM code)
j  com.sun.webkit.WebPage.twkPrePaint(J)V+0
j  com.sun.webkit.WebPage.updateDirty(Lcom/sun/webkit/graphics/WCRectangle;)V+117
j  com.sun.webkit.WebPage.updateContent(Lcom/sun/webkit/graphics/WCRectangle;)V+48
j  com.sun.javafx.sg.prism.web.NGWebView.update()V+68
j  javafx.scene.web.WebView.handleStagePulse()V+78
j  javafx.scene.web.WebView.lambda$new$29()V+1
j  javafx.scene.web.WebView$$Lambda$106.pulse()V+4
J 3173 C1 com.sun.javafx.tk.Toolkit$$Lambda$153.run()Ljava/lang/Object; (8 bytes) @ 0x0000000002c8784c [0x0000000002c87700+0x14c]
v  ~StubRoutines::call_stub
J 2135  java.security.AccessController.doPrivileged(Ljava/security/PrivilegedAction;Ljava/security/AccessControlContext;)Ljava/lang/Object; (0 bytes) @ 0x0000000002a35c66 [0x0000000002a35c00+0x66]
J 3172 C1 com.sun.javafx.tk.Toolkit.runPulse(Lcom/sun/javafx/tk/TKPulseListener;Ljava/security/AccessControlContext;)V (26 bytes) @ 0x0000000002c87014 [0x0000000002c86ba0+0x474]
j  com.sun.javafx.tk.Toolkit.firePulse()V+129
j  com.sun.javafx.tk.quantum.QuantumToolkit.pulse(Z)V+97
j  com.sun.javafx.tk.quantum.QuantumToolkit.pulse()V+2
j  com.sun.javafx.tk.quantum.QuantumToolkit.lambda$runToolkit$404()V+1
j  com.sun.javafx.tk.quantum.QuantumToolkit$$Lambda$60.run()V+4
J 3194 C1 com.sun.glass.ui.InvokeLaterDispatcher$Future.run()V (91 bytes) @ 0x0000000002c8e30c [0x0000000002c8e200+0x10c]
v  ~StubRoutines::call_stub
j  com.sun.glass.ui.win.WinApplication._runLoop(Ljava/lang/Runnable;)V+0
j  com.sun.glass.ui.win.WinApplication.lambda$null$148(ILjava/lang/Runnable;)V+8
j  com.sun.glass.ui.win.WinApplication$$Lambda$56.run()V+12
j  java.lang.Thread.run()V+11
v  ~StubRoutines::call_stub

---------------  P R O C E S S  ---------------

Java Threads: ( => current thread )
  0x000000001b3c6000 JavaThread "invokeAndBlock2" [_thread_blocked, id=28512, stack(0x000000002e890000,0x000000002e990000)]
  0x000000001b22c800 JavaThread "Prism Font Disposer" daemon [_thread_blocked, id=29796, stack(0x0000000024e70000,0x0000000024f70000)]
  0x000000001b22b000 JavaThread "Watchdog-Timer-1" daemon [_thread_blocked, id=31008, stack(0x0000000022ec0000,0x0000000022fc0000)]
  0x00000000192ff800 JavaThread "Timer-0" [_thread_blocked, id=26124, stack(0x0000000022180000,0x0000000022280000)]
  0x0000000019305800 JavaThread "Disposer" daemon [_thread_blocked, id=28200, stack(0x0000000021b80000,0x0000000021c80000)]
  0x0000000019301000 JavaThread "invokeAndBlock1" [_thread_blocked, id=31852, stack(0x00000000212d0000,0x00000000213d0000)]
  0x0000000019302000 JavaThread "Network Thread" [_thread_blocked, id=20756, stack(0x00000000211d0000,0x00000000212d0000)]
  0x0000000019300800 JavaThread "Thread-7" daemon [_thread_in_native, id=32848, stack(0x00000000210d0000,0x00000000211d0000)]
=>0x0000000019305000 JavaThread "JavaFX Application Thread" [_thread_in_native, id=24364, stack(0x000000001c710000,0x000000001c810000)]
  0x00000000192f1800 JavaThread "Thread-6" daemon [_thread_blocked, id=32796, stack(0x000000001c610000,0x000000001c710000)]
  0x00000000191e3800 JavaThread "QuantumRenderer-0" daemon [_thread_blocked, id=32868, stack(0x000000001c410000,0x000000001c510000)]
  0x000000001905b800 JavaThread "EDT" [_thread_blocked, id=29336, stack(0x000000001adc0000,0x000000001aec0000)]
  0x0000000000830800 JavaThread "DestroyJavaVM" [_thread_blocked, id=24372, stack(0x0000000002300000,0x0000000002400000)]
  0x0000000018705800 JavaThread "Thread-1" [_thread_blocked, id=19272, stack(0x0000000019830000,0x0000000019930000)]
  0x0000000018704800 JavaThread "AWT-EventQueue-0" [_thread_blocked, id=8932, stack(0x0000000019730000,0x0000000019830000)]
  0x0000000018700800 JavaThread "AWT-Windows" daemon [_thread_in_native, id=20972, stack(0x0000000019550000,0x0000000019650000)]
  0x00000000186ff800 JavaThread "AWT-Shutdown" [_thread_blocked, id=20444, stack(0x0000000019450000,0x0000000019550000)]
  0x00000000186fd000 JavaThread "Java2D Disposer" daemon [_thread_blocked, id=28492, stack(0x0000000019350000,0x0000000019450000)]
  0x00000000183dd000 JavaThread "Monitor Ctrl-Break" daemon [_thread_in_native, id=31492, stack(0x0000000018940000,0x0000000018a40000)]
  0x0000000018368800 JavaThread "Service Thread" daemon [_thread_blocked, id=29612, stack(0x0000000018740000,0x0000000018840000)]
  0x0000000016afa000 JavaThread "C1 CompilerThread2" daemon [_thread_blocked, id=34804, stack(0x0000000018240000,0x0000000018340000)]
  0x0000000016af1800 JavaThread "C2 CompilerThread1" daemon [_thread_blocked, id=32488, stack(0x0000000018140000,0x0000000018240000)]
  0x0000000016aee800 JavaThread "C2 CompilerThread0" daemon [_thread_blocked, id=33324, stack(0x0000000018040000,0x0000000018140000)]
  0x0000000016aed000 JavaThread "Attach Listener" daemon [_thread_blocked, id=33000, stack(0x0000000017f40000,0x0000000018040000)]
  0x0000000016aea000 JavaThread "Signal Dispatcher" daemon [_thread_blocked, id=10592, stack(0x0000000017e40000,0x0000000017f40000)]
  0x000000000092b800 JavaThread "Finalizer" daemon [_thread_blocked, id=33396, stack(0x0000000017d40000,0x0000000017e40000)]
  0x0000000016ab9000 JavaThread "Reference Handler" daemon [_thread_blocked, id=29016, stack(0x0000000017c40000,0x0000000017d40000)]

Other Threads:
  0x0000000016ab7800 VMThread [stack: 0x0000000017b40000,0x0000000017c40000] [id=29128]
  0x0000000018378800 WatcherThread [stack: 0x0000000018840000,0x0000000018940000] [id=31932]

VM state:not at safepoint (normal execution)

VM Mutex/Monitor currently owned by a thread: None

Heap:
 PSYoungGen      total 133120K, used 40408K [0x00000000d8500000, 0x00000000e7800000, 0x0000000100000000)
  eden space 122880K, 24% used [0x00000000d8500000,0x00000000da277cb0,0x00000000dfd00000)
  from space 10240K, 99% used [0x00000000dfd00000,0x00000000e06fe6c8,0x00000000e0700000)
  to   space 16896K, 0% used [0x00000000e6780000,0x00000000e6780000,0x00000000e7800000)
 ParOldGen       total 53248K, used 20326K [0x0000000088e00000, 0x000000008c200000, 0x00000000d8500000)
  object space 53248K, 38% used [0x0000000088e00000,0x000000008a1d9ba8,0x000000008c200000)
 Metaspace       used 31229K, capacity 32200K, committed 32384K, reserved 1077248K
  class space    used 3941K, capacity 4186K, committed 4224K, reserved 1048576K

Card table byte_map: [0x00000000117c0000,0x0000000011b80000] byte_map_base: 0x0000000011379000

Marking Bits: (ParMarkBitMap*) 0x0000000076972f70
 Begin Bits: [0x0000000012200000, 0x0000000013fc8000)
 End Bits:   [0x0000000013fc8000, 0x0000000015d90000)

Polling page: 0x00000000007c0000

CodeCache: size=245760Kb used=12446Kb max_used=12446Kb free=233313Kb
 bounds [0x0000000002400000, 0x0000000003040000, 0x0000000011400000]
 total_blobs=4867 nmethods=3982 adapters=796
 compilation: enabled

Compilation events (10 events):
Event: 22.610 Thread 0x0000000016afa000 4465       3       com.codename1.impl.javase.JavaSEPort::getNativeGraphics (10 bytes)
Event: 22.611 Thread 0x0000000016afa000 nmethod 4465 0x0000000003025250 code [0x00000000030253e0, 0x0000000003025910]
Event: 22.611 Thread 0x0000000016afa000 4466       3       com.codename1.impl.javase.JavaSEPort$NativeScreenGraphics::<init> (6 bytes)
Event: 22.612 Thread 0x0000000016afa000 nmethod 4466 0x0000000003024990 code [0x0000000003024b20, 0x0000000003024f90]
Event: 22.625 Thread 0x0000000016afa000 4468   !   3       com.codename1.impl.CodenameOneImplementation::paintDirty (342 bytes)
Event: 22.629 Thread 0x0000000016afa000 nmethod 4468 0x0000000003034690 code [0x00000000030349a0, 0x00000000030369c8]
Event: 22.629 Thread 0x0000000016afa000 4467       3       com.codename1.impl.javase.JavaSEPort::paintDirty (5 bytes)
Event: 22.629 Thread 0x0000000016afa000 nmethod 4467 0x0000000003029150 code [0x00000000030292c0, 0x0000000003029448]
Event: 22.629 Thread 0x0000000016afa000 4469       3       com.codename1.ui.AnimationManager::updateAnimations (91 bytes)
Event: 22.630 Thread 0x0000000016afa000 nmethod 4469 0x0000000003027990 code [0x0000000003027c20, 0x00000000030289d8]

GC Heap History (10 events):
Event: 2.770 GC heap before
{Heap before GC invocations=4 (full 0):
 PSYoungGen      total 35840K, used 35809K [0x00000000d8500000, 0x00000000dcb00000, 0x0000000100000000)
  eden space 30720K, 100% used [0x00000000d8500000,0x00000000da300000,0x00000000da300000)
  from space 5120K, 99% used [0x00000000da300000,0x00000000da7f8490,0x00000000da800000)
  to   space 5120K, 0% used [0x00000000dc600000,0x00000000dc600000,0x00000000dcb00000)
 ParOldGen       total 81920K, used 5050K [0x0000000088e00000, 0x000000008de00000, 0x00000000d8500000)
  object space 81920K, 6% used [0x0000000088e00000,0x00000000892eebe0,0x000000008de00000)
 Metaspace       used 11527K, capacity 11780K, committed 12032K, reserved 1060864K
  class space    used 1369K, capacity 1452K, committed 1536K, reserved 1048576K
Event: 2.772 GC heap after
Heap after GC invocations=4 (full 0):
 PSYoungGen      total 66560K, used 5089K [0x00000000d8500000, 0x00000000dcb00000, 0x0000000100000000)
  eden space 61440K, 0% used [0x00000000d8500000,0x00000000d8500000,0x00000000dc100000)
  from space 5120K, 99% used [0x00000000dc600000,0x00000000dcaf8490,0x00000000dcb00000)
  to   space 5120K, 0% used [0x00000000dc100000,0x00000000dc100000,0x00000000dc600000)
 ParOldGen       total 81920K, used 5082K [0x0000000088e00000, 0x000000008de00000, 0x00000000d8500000)
  object space 81920K, 6% used [0x0000000088e00000,0x00000000892f6be0,0x000000008de00000)
 Metaspace       used 11527K, capacity 11780K, committed 12032K, reserved 1060864K
  class space    used 1369K, capacity 1452K, committed 1536K, reserved 1048576K
}
Event: 4.571 GC heap before
{Heap before GC invocations=5 (full 0):
 PSYoungGen      total 66560K, used 66529K [0x00000000d8500000, 0x00000000dcb00000, 0x0000000100000000)
  eden space 61440K, 100% used [0x00000000d8500000,0x00000000dc100000,0x00000000dc100000)
  from space 5120K, 99% used [0x00000000dc600000,0x00000000dcaf8490,0x00000000dcb00000)
  to   space 5120K, 0% used [0x00000000dc100000,0x00000000dc100000,0x00000000dc600000)
 ParOldGen       total 81920K, used 5082K [0x0000000088e00000, 0x000000008de00000, 0x00000000d8500000)
  object space 81920K, 6% used [0x0000000088e00000,0x00000000892f6be0,0x000000008de00000)
 Metaspace       used 15365K, capacity 15646K, committed 16000K, reserved 1062912K
  class space    used 1825K, capacity 1905K, committed 1920K, reserved 1048576K
Event: 4.576 GC heap after
Heap after GC invocations=5 (full 0):
 PSYoungGen      total 66560K, used 5100K [0x00000000d8500000, 0x00000000e1200000, 0x0000000100000000)
  eden space 61440K, 0% used [0x00000000d8500000,0x00000000d8500000,0x00000000dc100000)
  from space 5120K, 99% used [0x00000000dc100000,0x00000000dc5fb178,0x00000000dc600000)
  to   space 10752K, 0% used [0x00000000e0780000,0x00000000e0780000,0x00000000e1200000)
 ParOldGen       total 81920K, used 8723K [0x0000000088e00000, 0x000000008de00000, 0x00000000d8500000)
  object space 81920K, 10% used [0x0000000088e00000,0x0000000089684f30,0x000000008de00000)
 Metaspace       used 15365K, capacity 15646K, committed 16000K, reserved 1062912K
  class space    used 1825K, capacity 1905K, committed 1920K, reserved 1048576K
}
Event: 4.951 GC heap before
{Heap before GC invocations=6 (full 0):
 PSYoungGen      total 66560K, used 22407K [0x00000000d8500000, 0x00000000e1200000, 0x0000000100000000)
  eden space 61440K, 28% used [0x00000000d8500000,0x00000000d95e6c40,0x00000000dc100000)
  from space 5120K, 99% used [0x00000000dc100000,0x00000000dc5fb178,0x00000000dc600000)
  to   space 10752K, 0% used [0x00000000e0780000,0x00000000e0780000,0x00000000e1200000)
 ParOldGen       total 81920K, used 8723K [0x0000000088e00000, 0x000000008de00000, 0x00000000d8500000)
  object space 81920K, 10% used [0x0000000088e00000,0x0000000089684f30,0x000000008de00000)
 Metaspace       used 20667K, capacity 21088K, committed 21248K, reserved 1067008K
  class space    used 2596K, capacity 2724K, committed 2816K, reserved 1048576K
Event: 4.956 GC heap after
Heap after GC invocations=6 (full 0):
 PSYoungGen      total 132608K, used 5981K [0x00000000d8500000, 0x00000000e1100000, 0x0000000100000000)
  eden space 122880K, 0% used [0x00000000d8500000,0x00000000d8500000,0x00000000dfd00000)
  from space 9728K, 61% used [0x00000000e0780000,0x00000000e0d57630,0x00000000e1100000)
  to   space 10240K, 0% used [0x00000000dfd00000,0x00000000dfd00000,0x00000000e0700000)
 ParOldGen       total 81920K, used 8731K [0x0000000088e00000, 0x000000008de00000, 0x00000000d8500000)
  object space 81920K, 10% used [0x0000000088e00000,0x0000000089686f30,0x000000008de00000)
 Metaspace       used 20667K, capacity 21088K, committed 21248K, reserved 1067008K
  class space    used 2596K, capacity 2724K, committed 2816K, reserved 1048576K
}
Event: 4.956 GC heap before
{Heap before GC invocations=7 (full 1):
 PSYoungGen      total 132608K, used 5981K [0x00000000d8500000, 0x00000000e1100000, 0x0000000100000000)
  eden space 122880K, 0% used [0x00000000d8500000,0x00000000d8500000,0x00000000dfd00000)
  from space 9728K, 61% used [0x00000000e0780000,0x00000000e0d57630,0x00000000e1100000)
  to   space 10240K, 0% used [0x00000000dfd00000,0x00000000dfd00000,0x00000000e0700000)
 ParOldGen       total 81920K, used 8731K [0x0000000088e00000, 0x000000008de00000, 0x00000000d8500000)
  object space 81920K, 10% used [0x0000000088e00000,0x0000000089686f30,0x000000008de00000)
 Metaspace       used 20667K, capacity 21088K, committed 21248K, reserved 1067008K
  class space    used 2596K, capacity 2724K, committed 2816K, reserved 1048576K
Event: 4.989 GC heap after
Heap after GC invocations=7 (full 1):
 PSYoungGen      total 132608K, used 0K [0x00000000d8500000, 0x00000000e1100000, 0x0000000100000000)
  eden space 122880K, 0% used [0x00000000d8500000,0x00000000d8500000,0x00000000dfd00000)
  from space 9728K, 0% used [0x00000000e0780000,0x00000000e0780000,0x00000000e1100000)
  to   space 10240K, 0% used [0x00000000dfd00000,0x00000000dfd00000,0x00000000e0700000)
 ParOldGen       total 53248K, used 9913K [0x0000000088e00000, 0x000000008c200000, 0x00000000d8500000)
  object space 53248K, 18% used [0x0000000088e00000,0x00000000897ae400,0x000000008c200000)
 Metaspace       used 20667K, capacity 21088K, committed 21248K, reserved 1067008K
  class space    used 2596K, capacity 2724K, committed 2816K, reserved 1048576K
}
Event: 7.970 GC heap before
{Heap before GC invocations=8 (full 1):
 PSYoungGen      total 132608K, used 122880K [0x00000000d8500000, 0x00000000e1100000, 0x0000000100000000)
  eden space 122880K, 100% used [0x00000000d8500000,0x00000000dfd00000,0x00000000dfd00000)
  from space 9728K, 0% used [0x00000000e0780000,0x00000000e0780000,0x00000000e1100000)
  to   space 10240K, 0% used [0x00000000dfd00000,0x00000000dfd00000,0x00000000e0700000)
 ParOldGen       total 53248K, used 9913K [0x0000000088e00000, 0x000000008c200000, 0x00000000d8500000)
  object space 53248K, 18% used [0x0000000088e00000,0x00000000897ae400,0x000000008c200000)
 Metaspace       used 30694K, capacity 31618K, committed 31872K, reserved 1077248K
  class space    used 3920K, capacity 4121K, committed 4224K, reserved 1048576K
Event: 7.983 GC heap after
Heap after GC invocations=8 (full 1):
 PSYoungGen      total 133120K, used 10233K [0x00000000d8500000, 0x00000000e7800000, 0x0000000100000000)
  eden space 122880K, 0% used [0x00000000d8500000,0x00000000d8500000,0x00000000dfd00000)
  from space 10240K, 99% used [0x00000000dfd00000,0x00000000e06fe6c8,0x00000000e0700000)
  to   space 16896K, 0% used [0x00000000e6780000,0x00000000e6780000,0x00000000e7800000)
 ParOldGen       total 53248K, used 20326K [0x0000000088e00000, 0x000000008c200000, 0x00000000d8500000)
  object space 53248K, 38% used [0x0000000088e00000,0x000000008a1d9ba8,0x000000008c200000)
 Metaspace       used 30694K, capacity 31618K, committed 31872K, reserved 1077248K
  class space    used 3920K, capacity 4121K, committed 4224K, reserved 1048576K
}

Deoptimization events (10 events):
Event: 7.176 Thread 0x000000001905b800 Uncommon trap: reason=unstable_if action=reinterpret pc=0x0000000002ccf858 method=com.codename1.ui.Container.setShouldCalcPreferredSize(Z)V @ 15
Event: 7.399 Thread 0x0000000019305000 Uncommon trap: reason=predicate action=maybe_recompile pc=0x0000000002bb9784 method=java.util.AbstractCollection.addAll(Ljava/util/Collection;)Z @ 18
Event: 9.347 Thread 0x000000001905b800 Uncommon trap: reason=unstable_if action=reinterpret pc=0x0000000002e9b504 method=com.codename1.ui.Component.getStyle()Lcom/codename1/ui/plaf/Style; @ 111
Event: 9.447 Thread 0x000000001905b800 Uncommon trap: reason=unstable_if action=reinterpret pc=0x0000000002f07de8 method=sun.font.CMap.getControlCodeGlyph(IZ)I @ 64
Event: 9.451 Thread 0x000000001905b800 Uncommon trap: reason=unstable_if action=reinterpret pc=0x0000000002f7cf1c method=com.codename1.ui.Container.isEnabled()Z @ 4
Event: 9.504 Thread 0x000000001905b800 Uncommon trap: reason=unstable_if action=reinterpret pc=0x0000000002e22650 method=com.codename1.ui.EncodedImage.getWidth()I @ 5
Event: 9.507 Thread 0x000000001905b800 Uncommon trap: reason=unstable_if action=reinterpret pc=0x0000000002e3ee10 method=com.codename1.ui.EncodedImage.getHeight()I @ 5
Event: 15.738 Thread 0x0000000019304000 Uncommon trap: reason=unstable_if action=reinterpret pc=0x0000000002f6bb08 method=com.sun.crypto.provider.GaloisCounterMode.decryptFinal([BII[BI)I @ 5
Event: 16.201 Thread 0x000000001905b800 Uncommon trap: reason=unstable_if action=reinterpret pc=0x0000000002f955c4 method=com.codename1.ui.Component.getStyle()Lcom/codename1/ui/plaf/Style; @ 67
Event: 18.075 Thread 0x000000001905b800 Uncommon trap: reason=unstable_if action=reinterpret pc=0x0000000002f9f65c method=com.codename1.ui.Container.getLeadComponent()Lcom/codename1/ui/Component; @ 25

Internal exceptions (10 events):
Event: 4.901 Thread 0x0000000019305000 Exception <a 'java/lang/NullPointerException'> (0x00000000d9294c18) thrown at [C:\re\workspace\8-2-build-windows-amd64-cygwin\jdk8u91\7017\hotspot\src\share\vm\interpreter\linkResolver.cpp, line 1178]
Event: 4.901 Thread 0x0000000019305000 Exception <a 'java/lang/NullPointerException'> (0x00000000d9294c18) thrown at [C:\re\workspace\8-2-build-windows-amd64-cygwin\jdk8u91\7017\hotspot\src\share\vm\prims\jvm.cpp, line 1390]
Event: 5.030 Thread 0x000000001905b800 Implicit null exception at 0x00000000027e2f19 to 0x00000000027e2fed
Event: 5.349 Thread 0x0000000019305000 Exception <a 'sun/nio/fs/WindowsException'> (0x00000000d9d12360) thrown at [C:\re\workspace\8-2-build-windows-amd64-cygwin\jdk8u91\7017\hotspot\src\share\vm\prims\jni.cpp, line 709]
Event: 5.351 Thread 0x0000000019305000 Exception <a 'sun/nio/fs/WindowsException'> (0x00000000d9d13cd8) thrown at [C:\re\workspace\8-2-build-windows-amd64-cygwin\jdk8u91\7017\hotspot\src\share\vm\prims\jni.cpp, line 709]
Event: 6.358 Thread 0x0000000019305000 Exception <a 'java/lang/ClassNotFoundException': sun/net/www/protocol/about/Handler> (0x00000000d9fb4b38) thrown at [C:\re\workspace\8-2-build-windows-amd64-cygwin\jdk8u91\7017\hotspot\src\share\vm\classfile\systemDictionary.cpp, line 210]
Event: 6.565 Thread 0x000000001905b800 Implicit null exception at 0x0000000002a89893 to 0x0000000002a8995d
Event: 7.504 Thread 0x0000000019305000 Exception <a 'sun/nio/fs/WindowsException'> (0x00000000de562c48) thrown at [C:\re\workspace\8-2-build-windows-amd64-cygwin\jdk8u91\7017\hotspot\src\share\vm\prims\jni.cpp, line 709]
Event: 7.505 Thread 0x0000000019305000 Exception <a 'sun/nio/fs/WindowsException'> (0x00000000de5639a0) thrown at [C:\re\workspace\8-2-build-windows-amd64-cygwin\jdk8u91\7017\hotspot\src\share\vm\prims\jni.cpp, line 709]
Event: 7.648 Thread 0x0000000019305000 Exception <a 'java/lang/ClassNotFoundException': sun/net/www/protocol/about/Handler> (0x00000000de722b30) thrown at [C:\re\workspace\8-2-build-windows-amd64-cygwin\jdk8u91\7017\hotspot\src\share\vm\classfile\systemDictionary.cpp, line 210]

Events (10 events):
Event: 18.149 Thread 0x000000001b236800 Thread exited: 0x000000001b236800
Event: 18.167 Thread 0x000000001b232800 Thread exited: 0x000000001b232800
Event: 18.169 Thread 0x000000001b232000 Thread exited: 0x000000001b232000
Event: 18.176 Thread 0x000000001b234000 Thread exited: 0x000000001b234000
Event: 18.183 Thread 0x0000000019303800 Thread exited: 0x0000000019303800
Event: 18.197 Thread 0x000000001b22d800 Thread exited: 0x000000001b22d800
Event: 18.198 Thread 0x000000001b22f800 Thread exited: 0x000000001b22f800
Event: 18.218 Thread 0x000000001b230800 Thread exited: 0x000000001b230800
Event: 18.220 Thread 0x000000001b22f000 Thread exited: 0x000000001b22f000
Event: 18.236 Thread 0x000000001b229000 Thread exited: 0x000000001b229000


Dynamic libraries:
0x00007ff66b650000 - 0x00007ff66b687000 	C:\Program Files\Java\jdk1.8.0_91\bin\java.exe
0x00007ffe8cb40000 - 0x00007ffe8cd01000 	C:\Windows\SYSTEM32\ntdll.dll
0x00007ffe8af30000 - 0x00007ffe8afdd000 	C:\Windows\system32\KERNEL32.DLL
0x00007ffe89bd0000 - 0x00007ffe89db8000 	C:\Windows\system32\KERNELBASE.dll
0x00000000770c0000 - 0x0000000077149000 	C:\Windows\System32\SYSFER.DLL
0x00007ffe8ae80000 - 0x00007ffe8af27000 	C:\Windows\system32\ADVAPI32.dll
0x00007ffe8a2c0000 - 0x00007ffe8a35d000 	C:\Windows\system32\msvcrt.dll
0x00007ffe8a0a0000 - 0x00007ffe8a0fb000 	C:\Windows\system32\sechost.dll
0x00007ffe8ac80000 - 0x00007ffe8ad9c000 	C:\Windows\system32\RPCRT4.dll
0x00007ffe8c930000 - 0x00007ffe8ca86000 	C:\Windows\system32\USER32.dll
0x00007ffe8aae0000 - 0x00007ffe8ac66000 	C:\Windows\system32\GDI32.dll
0x00007ffe78b00000 - 0x00007ffe78d74000 	C:\Windows\WinSxS\amd64_microsoft.windows.common-controls_6595b64144ccf1df_6.0.10586.672_none_a2d6b3cea53ff843\COMCTL32.dll
0x00007ffe8b040000 - 0x00007ffe8b2bd000 	C:\Windows\system32\combase.dll
0x00007ffe89dc0000 - 0x00007ffe89e2a000 	C:\Windows\system32\bcryptPrimitives.dll
0x00007ffe8aa10000 - 0x00007ffe8aa4b000 	C:\Windows\system32\IMM32.DLL
0x0000000075df0000 - 0x0000000075ec2000 	C:\Program Files\Java\jdk1.8.0_91\jre\bin\msvcr100.dll
0x0000000076160000 - 0x00000000769f3000 	C:\Program Files\Java\jdk1.8.0_91\jre\bin\server\jvm.dll
0x00007ffe89f40000 - 0x00007ffe89f48000 	C:\Windows\system32\PSAPI.DLL
0x00007ffe876c0000 - 0x00007ffe876c9000 	C:\Windows\SYSTEM32\WSOCK32.dll
0x00007ffe8aa50000 - 0x00007ffe8aabb000 	C:\Windows\system32\WS2_32.dll
0x00007ffe87680000 - 0x00007ffe876a3000 	C:\Windows\SYSTEM32\WINMM.dll
0x00007ffe88540000 - 0x00007ffe8854a000 	C:\Windows\SYSTEM32\VERSION.dll
0x00007ffe87620000 - 0x00007ffe8764c000 	C:\Windows\SYSTEM32\WINMMBASE.dll
0x00007ffe89ef0000 - 0x00007ffe89f33000 	C:\Windows\system32\cfgmgr32.dll
0x0000000076c30000 - 0x0000000076c3f000 	C:\Program Files\Java\jdk1.8.0_91\jre\bin\verify.dll
0x0000000076c00000 - 0x0000000076c29000 	C:\Program Files\Java\jdk1.8.0_91\jre\bin\java.dll
0x0000000076be0000 - 0x0000000076bf6000 	C:\Program Files\Java\jdk1.8.0_91\jre\bin\zip.dll
0x00007ffe8b2c0000 - 0x00007ffe8c81c000 	C:\Windows\system32\SHELL32.dll
0x00007ffe892e0000 - 0x00007ffe89925000 	C:\Windows\system32\windows.storage.dll
0x00007ffe8a100000 - 0x00007ffe8a152000 	C:\Windows\system32\shlwapi.dll
0x00007ffe891e0000 - 0x00007ffe891ef000 	C:\Windows\system32\kernel.appcore.dll
0x00007ffe89e30000 - 0x00007ffe89ee5000 	C:\Windows\system32\shcore.dll
0x00007ffe89160000 - 0x00007ffe891ab000 	C:\Windows\system32\powrprof.dll
0x00007ffe891b0000 - 0x00007ffe891c4000 	C:\Windows\system32\profapi.dll
0x00007ffe873c0000 - 0x00007ffe873d0000 	C:\Program Files (x86)\JetBrains\IntelliJ IDEA 2016.3.3\INTELAJ\IntelliJ IDEA 2016.3.3\bin\breakgen64.dll
0x0000000076b70000 - 0x0000000076b8a000 	C:\Program Files\Java\jdk1.8.0_91\jre\bin\net.dll
0x00007ffe88a90000 - 0x00007ffe88aec000 	C:\Windows\system32\mswsock.dll
0x0000000075fc0000 - 0x0000000076158000 	C:\Program Files\Java\jdk1.8.0_91\jre\bin\awt.dll
0x00007ffe8a790000 - 0x00007ffe8a856000 	C:\Windows\system32\OLEAUT32.dll
0x00007ffe87550000 - 0x00007ffe875c9000 	C:\Windows\system32\apphelp.dll
0x00007ffe87850000 - 0x00007ffe878e6000 	C:\Windows\system32\uxtheme.dll
0x00007ffe8a160000 - 0x00007ffe8a2ba000 	C:\Windows\system32\MSCTF.dll
0x00007ffe7f690000 - 0x00007ffe7f733000 	C:\Program Files\Common Files\microsoft shared\ink\tiptsf.dll
0x00007ffe873d0000 - 0x00007ffe873f2000 	C:\Windows\system32\dwmapi.dll
0x00007ffe89f50000 - 0x00007ffe8a093000 	C:\Windows\system32\ole32.dll
0x00007ffe88b40000 - 0x00007ffe88b57000 	C:\Windows\SYSTEM32\CRYPTSP.dll
0x00007ffe887d0000 - 0x00007ffe88804000 	C:\Windows\system32\rsaenh.dll
0x00007ffe88d60000 - 0x00007ffe88d89000 	C:\Windows\SYSTEM32\bcrypt.dll
0x00007ffe88920000 - 0x00007ffe8893f000 	C:\Windows\SYSTEM32\USERENV.dll
0x00007ffe88c60000 - 0x00007ffe88c6b000 	C:\Windows\SYSTEM32\CRYPTBASE.dll
0x00007ffe85620000 - 0x00007ffe85658000 	C:\Windows\SYSTEM32\IPHLPAPI.DLL
0x00007ffe8ae00000 - 0x00007ffe8ae08000 	C:\Windows\system32\NSI.dll
0x00007ffe855c0000 - 0x00007ffe855d6000 	C:\Windows\SYSTEM32\dhcpcsvc6.DLL
0x00007ffe85560000 - 0x00007ffe8557a000 	C:\Windows\SYSTEM32\dhcpcsvc.DLL
0x0000000076b50000 - 0x0000000076b61000 	C:\Program Files\Java\jdk1.8.0_91\jre\bin\nio.dll
0x0000000076b90000 - 0x0000000076bd7000 	C:\Program Files\Java\jdk1.8.0_91\jre\bin\fontmanager.dll
0x0000000075f70000 - 0x0000000075fb2000 	C:\Program Files\Java\jdk1.8.0_91\jre\bin\t2k.dll
0x00007ffe8ca90000 - 0x00007ffe8cb37000 	C:\Windows\system32\clbcatq.dll
0x00007ffe82f20000 - 0x00007ffe8307c000 	C:\Windows\System32\uiautomationcore.dll
0x00007ffe89020000 - 0x00007ffe890b9000 	C:\Windows\SYSTEM32\sxs.dll
0x00007ffe7f8d0000 - 0x00007ffe7f93a000 	C:\Windows\System32\OLEACC.dll
0x00007ffe80c30000 - 0x00007ffe80ce1000 	C:\Windows\SYSTEM32\twinapi.dll
0x00007ffe879f0000 - 0x00007ffe87af0000 	C:\Windows\SYSTEM32\twinapi.appcore.dll
0x0000000075ed0000 - 0x0000000075f01000 	C:\Program Files\Java\jdk1.8.0_91\jre\bin\jpeg.dll
0x00007ffe85cc0000 - 0x00007ffe85e71000 	C:\Windows\SYSTEM32\WindowsCodecs.dll
0x00007ffe7cab0000 - 0x00007ffe7cafa000 	C:\Windows\system32\dataexchange.dll
0x00007ffe83d30000 - 0x00007ffe83fd8000 	C:\Windows\system32\d3d11.dll
0x00007ffe86900000 - 0x00007ffe869e3000 	C:\Windows\system32\dcomp.dll
0x00007ffe86850000 - 0x00007ffe868f2000 	C:\Windows\system32\dxgi.dll
0x00007ffe6a500000 - 0x00007ffe6a5ef000 	C:\Program Files\Java\jdk1.8.0_91\jre\bin\msvcr120.dll
0x00007ffe6e110000 - 0x00007ffe6e1b6000 	C:\Program Files\Java\jdk1.8.0_91\jre\bin\msvcp120.dll
0x0000000075b00000 - 0x0000000075b23000 	C:\Program Files\Java\jdk1.8.0_91\jre\bin\prism_d3d.dll
0x00007ffe67dd0000 - 0x00007ffe67fe0000 	C:\Windows\system32\d3d9.dll
0x00007ffe541f0000 - 0x00007ffe56083000 	C:\Windows\SYSTEM32\igdumdim64.dll
0x00007ffe8a360000 - 0x00007ffe8a789000 	C:\Windows\system32\SETUPAPI.dll
0x0000000075ab0000 - 0x0000000075af3000 	C:\Program Files\Java\jdk1.8.0_91\jre\bin\glass.dll
0x00007ffe8c820000 - 0x00007ffe8c92b000 	C:\Windows\system32\COMDLG32.dll
0x00007ffe89250000 - 0x00007ffe892d6000 	C:\Windows\system32\FirewallAPI.dll
0x00007ffe89930000 - 0x00007ffe89947000 	C:\Windows\system32\NETAPI32.dll
0x00007ffe87020000 - 0x00007ffe8702c000 	C:\Windows\SYSTEM32\DAVHLPR.DLL
0x00007ffe87c50000 - 0x00007ffe87c82000 	C:\Windows\SYSTEM32\fwbase.dll
0x00007ffe7cc30000 - 0x00007ffe7daa0000 	C:\Windows\SYSTEM32\igc64.dll
0x0000000073520000 - 0x0000000075aae000 	C:\Program Files\Java\jdk1.8.0_91\jre\bin\jfxwebkit.dll
0x0000000075f40000 - 0x0000000075f64000 	C:\Program Files\Java\jdk1.8.0_91\jre\bin\sunec.dll
0x0000000076ad0000 - 0x0000000076ae4000 	C:\Program Files\Java\jdk1.8.0_91\jre\bin\javafx_font.dll
0x00007ffe82b80000 - 0x00007ffe82ddf000 	C:\Windows\SYSTEM32\dwrite.dll
0x00007ffe733e0000 - 0x00007ffe733f6000 	C:\Windows\system32\napinsp.dll
0x00007ffe73400000 - 0x00007ffe7341a000 	C:\Windows\system32\pnrpnsp.dll
0x00007ffe86dc0000 - 0x00007ffe86dd8000 	C:\Windows\system32\NLAapi.dll
0x00007ffe87940000 - 0x00007ffe879ea000 	C:\Windows\SYSTEM32\DNSAPI.dll
0x00007ffe73420000 - 0x00007ffe7342d000 	C:\Windows\System32\winrnr.dll
0x00007ffe73430000 - 0x00007ffe73445000 	C:\Windows\System32\wshbth.dll
0x00007ffe84ac0000 - 0x00007ffe84aca000 	C:\Windows\System32\rasadhlp.dll
0x00007ffe86230000 - 0x00007ffe86297000 	C:\Windows\System32\fwpuclnt.dll
0x0000000073500000 - 0x0000000073511000 	C:\Program Files\Java\jdk1.8.0_91\jre\bin\prism_common.dll
0x00000000734c0000 - 0x00000000734fc000 	C:\Program Files\Java\jdk1.8.0_91\jre\bin\lcms.dll
0x00007ffe85b30000 - 0x00007ffe85cbc000 	C:\Windows\SYSTEM32\dbghelp.dll

VM Arguments:
jvm_args: -Didea.launcher.port=7532 -Didea.launcher.bin.path=C:\Program Files (x86)\JetBrains\IntelliJ IDEA 2016.3.3\INTELAJ\IntelliJ IDEA 2016.3.3\bin -Dfile.encoding=UTF-8 
java_command: com.intellij.rt.execution.application.AppMain com.codename1.impl.javase.Simulator com.hales.os.MyApplication
java_class_path (initial): C:/Users/chales/Desktop/os2\out\production\os2;C:/Users/chales/Desktop/os2\src;C:/Users/chales/Desktop/os2\lib\CodenameOne.jar;C:/Users/chales/Desktop/os2\JavaSE.jar;native/internal_tmp;lib/impl/cls;C:\Program Files (x86)\JetBrains\IntelliJ IDEA 2016.3.3\INTELAJ\IntelliJ IDEA 2016.3.3\lib\idea_rt.jar
Launcher Type: SUN_STANDARD

Environment Variables:
PATH=C:\ProgramData\Oracle\Java\javapath;C:\Windows\system32;C:\Windows;C:\Windows\System32\Wbem;C:\Windows\System32\WindowsPowerShell\v1.0\
USERNAME=chales
OS=Windows_NT
PROCESSOR_IDENTIFIER=Intel64 Family 6 Model 78 Stepping 3, GenuineIntel



---------------  S Y S T E M  ---------------

OS: Windows 10.0 , 64 bit Build 10586 (10.0.10586.589)

CPU:total 4 (2 cores per cpu, 2 threads per core) family 6 model 78 stepping 3, cmov, cx8, fxsr, mmx, sse, sse2, sse3, ssse3, sse4.1, sse4.2, popcnt, avx, avx2, aes, clmul, erms, 3dnowpref, lzcnt, ht, tsc, tscinvbit, bmi1, bmi2, adx

Memory: 4k page, physical 7802196k(2068840k free), swap 13925380k(3901876k free)

vm_info: Java HotSpot(TM) 64-Bit Server VM (25.91-b15) for windows-amd64 JRE (1.8.0_91-b15), built on May 20 2016 17:43:15 by "java_re" with MS VC++ 10.0 (VS2010)

time: Wed Apr 26 14:33:16 2017
elapsed time: 22 seconds (0d 0h 0m 22s)

