#
# A fatal error has been detected by the Java Runtime Environment:
#
#  EXCEPTION_ACCESS_VIOLATION (0xc0000005) at pc=0x00000000740748c9, pid=28520, tid=33840
#
# JRE version: Java(TM) SE Runtime Environment (8.0_91-b15) (build 1.8.0_91-b15)
# Java VM: Java HotSpot(TM) 64-Bit Server VM (25.91-b15 mixed mode windows-amd64 compressed oops)
# Problematic frame:
# C  [jfxwebkit.dll+0xb948c9]
#
# Failed to write core dump. Minidumps are not enabled by default on client versions of Windows
#
# If you would like to submit a bug report, please visit:
#   http://bugreport.java.com/bugreport/crash.jsp
# The crash happened outside the Java Virtual Machine in native code.
# See problematic frame for where to report the bug.
#

---------------  T H R E A D  ---------------

Current thread (0x0000000017d51800):  JavaThread "JavaFX Application Thread" [_thread_in_native, id=33840, stack(0x000000001aff0000,0x000000001b0f0000)]

siginfo: ExceptionCode=0xc0000005, writing address 0x00000000bbadbeef

Registers:
RAX=0x0000000000000000, RBX=0x0000000000000000, RCX=0xec9c3c2cc0b90000, RDX=0x0000000000000002
RSP=0x000000001b0ecc70, RBP=0x000000001b0ecd79, RSI=0x00000002bb615c10, RDI=0x00000001e89de040
R8 =0x000000001b0ec770, R9 =0x00007ffe6a500000, R10=0x0000000000000000, R11=0x0000000000000200
R12=0x000000000d2c37bd, R13=0x000000000d2c37bd, R14=0x00000000107745ad, R15=0x00000001e89de040
RIP=0x00000000740748c9, EFLAGS=0x0000000000010246

Top of Stack: (sp=0x000000001b0ecc70)
0x000000001b0ecc70:   0000000000000000 00000001e89cc340
0x000000001b0ecc80:   000000004ac84000 0000000000000000
0x000000001b0ecc90:   0000000000000000 0000000073f3a422
0x000000001b0ecca0:   000000004b3d3877 000000004aae7800
0x000000001b0eccb0:   0000000000bc0d50 0000000073d62cc2
0x000000001b0eccc0:   000000000d2c37be 0000000000000010
0x000000001b0eccd0:   0000000000000000 0000000000000000
0x000000001b0ecce0:   0000000000000000 00000000107745ad
0x000000001b0eccf0:   0000000000000000 00000001e89de040
0x000000001b0ecd00:   0d2c37bd0d2c37bd 0000000000000000
0x000000001b0ecd10:   4aae74004ac84000 4400000044000000
0x000000001b0ecd20:   0000000000000000 4b3d38774b1aa092
0x000000001b0ecd30:   000000002676ef00 0000000000000000
0x000000001b0ecd40:   0000000000000000 0000010300000100
0x000000001b0ecd50:   fffffffffffffffe 0000000000000000
0x000000001b0ecd60:   0000000000000000 0000000000000000 

Instructions: (pc=0x00000000740748c9)
0x00000000740748a9:   83 c4 20 5b c3 cc cc 48 83 ec 28 48 8b 05 f5 bb
0x00000000740748b9:   8c 01 48 85 c0 74 02 ff d0 e8 a9 07 00 00 33 c0
0x00000000740748c9:   a3 ef be ad bb 00 00 00 00 48 83 c4 28 48 ff e0
0x00000000740748d9:   cc cc cc cc cc cc cc 48 83 ec 28 48 8b 05 c5 bb 


Register to memory mapping:

RAX=0x0000000000000000 is an unknown value
RBX=0x0000000000000000 is an unknown value
RCX=0xec9c3c2cc0b90000 is an unknown value
RDX=0x0000000000000002 is an unknown value
RSP=0x000000001b0ecc70 is pointing into the stack for thread: 0x0000000017d51800
RBP=0x000000001b0ecd79 is pointing into the stack for thread: 0x0000000017d51800
RSI=0x00000002bb615c10 is an unknown value
RDI=0x00000001e89de040 is an unknown value
R8 =0x000000001b0ec770 is pointing into the stack for thread: 0x0000000017d51800
R9 =0x00007ffe6a500000 is an unknown value
R10=0x0000000000000000 is an unknown value
R11=0x0000000000000200 is an unknown value
R12=0x000000000d2c37bd is an unknown value
R13=0x000000000d2c37bd is an unknown value
R14=0x00000000107745ad is an unknown value
R15=0x00000001e89de040 is an unknown value


Stack: [0x000000001aff0000,0x000000001b0f0000],  sp=0x000000001b0ecc70,  free space=1011k
Native frames: (J=compiled Java code, j=interpreted, Vv=VM code, C=native code)
C  [jfxwebkit.dll+0xb948c9]
C  [jfxwebkit.dll+0xa5a422]
C  [jfxwebkit.dll+0xa5b326]
C  [jfxwebkit.dll+0xa549a2]
C  [jfxwebkit.dll+0xa53aa6]
C  [jfxwebkit.dll+0xa53b07]
C  [jfxwebkit.dll+0xa53b07]
C  [jfxwebkit.dll+0xa53b07]
C  [jfxwebkit.dll+0xa53b07]
C  [jfxwebkit.dll+0xa53b07]
C  [jfxwebkit.dll+0xa53b07]
C  [jfxwebkit.dll+0xa53b07]
C  [jfxwebkit.dll+0x9a3713]
C  [jfxwebkit.dll+0x827a74]
C  [jfxwebkit.dll+0x829fad]
C  [jfxwebkit.dll+0x8c773f]
C  [jfxwebkit.dll+0x8aa6e6]
C  [jfxwebkit.dll+0x86ed96]
C  [jfxwebkit.dll+0xa56ba8]
C  [jfxwebkit.dll+0xa59dd0]
C  [jfxwebkit.dll+0xa5b376]
C  [jfxwebkit.dll+0xa549a2]
C  [jfxwebkit.dll+0x8aa9f0]
C  0x0000000002e27f54

Java frames: (J=compiled Java code, j=interpreted, Vv=VM code)
j  com.sun.webkit.WebPage.twkPrePaint(J)V+0
j  com.sun.webkit.WebPage.updateDirty(Lcom/sun/webkit/graphics/WCRectangle;)V+117
j  com.sun.webkit.WebPage.updateContent(Lcom/sun/webkit/graphics/WCRectangle;)V+48
j  com.sun.javafx.sg.prism.web.NGWebView.update()V+68
j  javafx.scene.web.WebView.handleStagePulse()V+78
j  javafx.scene.web.WebView.lambda$new$29()V+1
j  javafx.scene.web.WebView$$Lambda$106.pulse()V+4
J 4048 C1 com.sun.javafx.tk.Toolkit$$Lambda$152.run()Ljava/lang/Object; (8 bytes) @ 0x00000000038aa28c [0x00000000038aa140+0x14c]
v  ~StubRoutines::call_stub
J 1468  java.security.AccessController.doPrivileged(Ljava/security/PrivilegedAction;Ljava/security/AccessControlContext;)Ljava/lang/Object; (0 bytes) @ 0x00000000032fb8a6 [0x00000000032fb840+0x66]
J 3600 C1 com.sun.javafx.tk.Toolkit.runPulse(Lcom/sun/javafx/tk/TKPulseListener;Ljava/security/AccessControlContext;)V (26 bytes) @ 0x00000000037899d4 [0x0000000003789560+0x474]
j  com.sun.javafx.tk.Toolkit.firePulse()V+129
j  com.sun.javafx.tk.quantum.QuantumToolkit.pulse(Z)V+97
j  com.sun.javafx.tk.quantum.QuantumToolkit.pulse()V+2
j  com.sun.javafx.tk.quantum.QuantumToolkit.lambda$runToolkit$404()V+1
j  com.sun.javafx.tk.quantum.QuantumToolkit$$Lambda$60.run()V+4
J 3406 C1 com.sun.glass.ui.InvokeLaterDispatcher$Future.run()V (91 bytes) @ 0x0000000002f68f8c [0x0000000002f68e80+0x10c]
v  ~StubRoutines::call_stub
j  com.sun.glass.ui.win.WinApplication._runLoop(Ljava/lang/Runnable;)V+0
j  com.sun.glass.ui.win.WinApplication.lambda$null$148(ILjava/lang/Runnable;)V+8
j  com.sun.glass.ui.win.WinApplication$$Lambda$56.run()V+12
j  java.lang.Thread.run()V+11
v  ~StubRoutines::call_stub

---------------  P R O C E S S  ---------------

Java Threads: ( => current thread )
  0x0000000019acf800 JavaThread "Prism Font Disposer" daemon [_thread_blocked, id=24948, stack(0x0000000024030000,0x0000000024130000)]
  0x0000000019acc000 JavaThread "Watchdog-Timer-1" daemon [_thread_blocked, id=27856, stack(0x00000000217a0000,0x00000000218a0000)]
  0x0000000017d55800 JavaThread "Timer-0" [_thread_blocked, id=16028, stack(0x0000000020960000,0x0000000020a60000)]
  0x0000000017d53000 JavaThread "Disposer" daemon [_thread_blocked, id=30484, stack(0x0000000020460000,0x0000000020560000)]
  0x0000000017d50800 JavaThread "invokeAndBlock1" [_thread_blocked, id=32036, stack(0x000000001fbb0000,0x000000001fcb0000)]
  0x0000000017d52000 JavaThread "Network Thread" [_thread_blocked, id=20444, stack(0x000000001fab0000,0x000000001fbb0000)]
  0x0000000017d54800 JavaThread "Thread-7" daemon [_thread_in_native, id=26176, stack(0x000000001f9b0000,0x000000001fab0000)]
=>0x0000000017d51800 JavaThread "JavaFX Application Thread" [_thread_in_native, id=33840, stack(0x000000001aff0000,0x000000001b0f0000)]
  0x0000000017d32800 JavaThread "Thread-6" daemon [_thread_blocked, id=30656, stack(0x000000001aef0000,0x000000001aff0000)]
  0x00000000179a2000 JavaThread "QuantumRenderer-0" daemon [_thread_blocked, id=7664, stack(0x000000001acf0000,0x000000001adf0000)]
  0x0000000017943000 JavaThread "EDT" [_thread_blocked, id=24852, stack(0x00000000197b0000,0x00000000198b0000)]
  0x00000000011b0800 JavaThread "DestroyJavaVM" [_thread_blocked, id=32916, stack(0x0000000002c40000,0x0000000002d40000)]
  0x00000000176de800 JavaThread "Thread-1" [_thread_blocked, id=34544, stack(0x0000000018260000,0x0000000018360000)]
  0x00000000176db800 JavaThread "AWT-EventQueue-0" [_thread_blocked, id=24780, stack(0x0000000018150000,0x0000000018250000)]
  0x000000001768d800 JavaThread "AWT-Windows" daemon [_thread_in_native, id=30304, stack(0x0000000018050000,0x0000000018150000)]
  0x000000001768a800 JavaThread "AWT-Shutdown" [_thread_blocked, id=33652, stack(0x0000000017f50000,0x0000000018050000)]
  0x0000000017689000 JavaThread "Java2D Disposer" daemon [_thread_blocked, id=20636, stack(0x0000000017e50000,0x0000000017f50000)]
  0x0000000016eba800 JavaThread "Monitor Ctrl-Break" daemon [_thread_in_native, id=33660, stack(0x0000000017390000,0x0000000017490000)]
  0x0000000016e0b000 JavaThread "Service Thread" daemon [_thread_blocked, id=34592, stack(0x0000000017190000,0x0000000017290000)]
  0x0000000015b9b800 JavaThread "C1 CompilerThread2" daemon [_thread_blocked, id=34284, stack(0x0000000016c90000,0x0000000016d90000)]
  0x0000000015b9a800 JavaThread "C2 CompilerThread1" daemon [_thread_blocked, id=32028, stack(0x0000000016b90000,0x0000000016c90000)]
  0x0000000015bae000 JavaThread "C2 CompilerThread0" daemon [_thread_blocked, id=31676, stack(0x0000000016a90000,0x0000000016b90000)]
  0x0000000015bab000 JavaThread "Attach Listener" daemon [_thread_blocked, id=23008, stack(0x0000000016990000,0x0000000016a90000)]
  0x0000000015baa000 JavaThread "Signal Dispatcher" daemon [_thread_blocked, id=6840, stack(0x0000000016890000,0x0000000016990000)]
  0x0000000015ba8800 JavaThread "Surrogate Locker Thread (Concurrent GC)" daemon [_thread_blocked, id=28228, stack(0x0000000016790000,0x0000000016890000)]
  0x0000000015b86800 JavaThread "Finalizer" daemon [_thread_blocked, id=13444, stack(0x00000000165b0000,0x00000000166b0000)]
  0x0000000015b5f000 JavaThread "Reference Handler" daemon [_thread_blocked, id=28372, stack(0x00000000164b0000,0x00000000165b0000)]

Other Threads:
  0x0000000015b54000 VMThread [stack: 0x00000000163b0000,0x00000000164b0000] [id=31444]
  0x0000000016e18000 WatcherThread [stack: 0x0000000017290000,0x0000000017390000] [id=33952]

VM state:not at safepoint (normal execution)

VM Mutex/Monitor currently owned by a thread: None

Heap:
 par new generation   total 39296K, used 15352K [0x00000000d1200000, 0x00000000d3ca0000, 0x00000000e0c00000)
  eden space 34944K,  31% used [0x00000000d1200000, 0x00000000d1cbe008, 0x00000000d3420000)
  from space 4352K, 100% used [0x00000000d3860000, 0x00000000d3ca0000, 0x00000000d3ca0000)
  to   space 4352K,   0% used [0x00000000d3420000, 0x00000000d3420000, 0x00000000d3860000)
 concurrent mark-sweep generation total 87424K, used 30957K [0x00000000e0c00000, 0x00000000e6160000, 0x0000000100000000)
 Metaspace       used 31321K, capacity 32333K, committed 32596K, reserved 1077248K
  class space    used 3944K, capacity 4186K, committed 4216K, reserved 1048576K

Card table byte_map: [0x00000000125d0000,0x0000000012750000] byte_map_base: 0x0000000011f47000

Marking Bits: (CMSBitMap*) 0x00000000012092d8
 Bits: [0x0000000012c90000, 0x0000000013460000)

Mod Union Table: (CMSBitMap*) 0x0000000001209398
 Bits: [0x00000000012b0000, 0x00000000012cf400)

Polling page: 0x0000000001180000

CodeCache: size=245760Kb used=12857Kb max_used=12864Kb free=232902Kb
 bounds [0x0000000002e10000, 0x0000000003ab0000, 0x0000000011e10000]
 total_blobs=4964 nmethods=4076 adapters=797
 compilation: enabled

Compilation events (10 events):
Event: 14.428 Thread 0x0000000015b9b800 4572       3       com.codename1.impl.javase.JavaSEPort$C::mouseMoved (179 bytes)
Event: 14.430 Thread 0x0000000015b9b800 nmethod 4572 0x0000000003aa6890 code [0x0000000003aa6b40, 0x0000000003aa81a8]
Event: 14.430 Thread 0x0000000015b9b800 4573       3       com.codename1.impl.javase.JavaSEPort::access$2300 (4 bytes)
Event: 14.430 Thread 0x0000000015b9b800 nmethod 4573 0x0000000003a9b450 code [0x0000000003a9b5a0, 0x0000000003a9b6f0]
Event: 14.444 Thread 0x0000000015b9a800 4574       4       java.awt.Container::findComponentAtImpl (161 bytes)
Event: 14.464 Thread 0x0000000015b9a800 nmethod 4574 0x0000000003aac510 code [0x0000000003aac6c0, 0x0000000003aad468]
Event: 15.959 Thread 0x0000000015b9b800 4575       3       java.lang.Throwable::<init> (34 bytes)
Event: 15.962 Thread 0x0000000015b9b800 nmethod 4575 0x0000000003aabc90 code [0x0000000003aabe20, 0x0000000003aac3a8]
Event: 16.744 Thread 0x0000000015b9b800 4576       3       com.codename1.ui.AnimationManager::updateAnimations (91 bytes)
Event: 16.745 Thread 0x0000000015b9b800 nmethod 4576 0x0000000003aaa510 code [0x0000000003aaa780, 0x0000000003aab518]

GC Heap History (10 events):
Event: 4.430 GC heap before
{Heap before GC invocations=4 (full 0):
 par new generation   total 39296K, used 36105K [0x00000000d1200000, 0x00000000d3ca0000, 0x00000000e0c00000)
  eden space 34944K, 100% used [0x00000000d1200000, 0x00000000d3420000, 0x00000000d3420000)
  from space 4352K,  26% used [0x00000000d3420000, 0x00000000d3542780, 0x00000000d3860000)
  to   space 4352K,   0% used [0x00000000d3860000, 0x00000000d3860000, 0x00000000d3ca0000)
 concurrent mark-sweep generation total 87424K, used 6666K [0x00000000e0c00000, 0x00000000e6160000, 0x0000000100000000)
 Metaspace       used 14819K, capacity 15102K, committed 15488K, reserved 1062912K
  class space    used 1776K, capacity 1873K, committed 1920K, reserved 1048576K
Event: 4.434 GC heap after
Heap after GC invocations=5 (full 0):
 par new generation   total 39296K, used 3844K [0x00000000d1200000, 0x00000000d3ca0000, 0x00000000e0c00000)
  eden space 34944K,   0% used [0x00000000d1200000, 0x00000000d1200000, 0x00000000d3420000)
  from space 4352K,  88% used [0x00000000d3860000, 0x00000000d3c21078, 0x00000000d3ca0000)
  to   space 4352K,   0% used [0x00000000d3420000, 0x00000000d3420000, 0x00000000d3860000)
 concurrent mark-sweep generation total 87424K, used 6666K [0x00000000e0c00000, 0x00000000e6160000, 0x0000000100000000)
 Metaspace       used 14819K, capacity 15102K, committed 15488K, reserved 1062912K
  class space    used 1776K, capacity 1873K, committed 1920K, reserved 1048576K
}
Event: 5.363 GC heap before
{Heap before GC invocations=5 (full 0):
 par new generation   total 39296K, used 38788K [0x00000000d1200000, 0x00000000d3ca0000, 0x00000000e0c00000)
  eden space 34944K, 100% used [0x00000000d1200000, 0x00000000d3420000, 0x00000000d3420000)
  from space 4352K,  88% used [0x00000000d3860000, 0x00000000d3c21078, 0x00000000d3ca0000)
  to   space 4352K,   0% used [0x00000000d3420000, 0x00000000d3420000, 0x00000000d3860000)
 concurrent mark-sweep generation total 87424K, used 6666K [0x00000000e0c00000, 0x00000000e6160000, 0x0000000100000000)
 Metaspace       used 24646K, capacity 25253K, committed 25536K, reserved 1071104K
  class space    used 3157K, capacity 3342K, committed 3376K, reserved 1048576K
Event: 5.372 GC heap after
Heap after GC invocations=6 (full 0):
 par new generation   total 39296K, used 4352K [0x00000000d1200000, 0x00000000d3ca0000, 0x00000000e0c00000)
  eden space 34944K,   0% used [0x00000000d1200000, 0x00000000d1200000, 0x00000000d3420000)
  from space 4352K, 100% used [0x00000000d3420000, 0x00000000d3860000, 0x00000000d3860000)
  to   space 4352K,   0% used [0x00000000d3860000, 0x00000000d3860000, 0x00000000d3ca0000)
 concurrent mark-sweep generation total 87424K, used 10798K [0x00000000e0c00000, 0x00000000e6160000, 0x0000000100000000)
 Metaspace       used 24646K, capacity 25253K, committed 25536K, reserved 1071104K
  class space    used 3157K, capacity 3342K, committed 3376K, reserved 1048576K
}
Event: 7.122 GC heap before
{Heap before GC invocations=6 (full 1):
 par new generation   total 39296K, used 39296K [0x00000000d1200000, 0x00000000d3ca0000, 0x00000000e0c00000)
  eden space 34944K, 100% used [0x00000000d1200000, 0x00000000d3420000, 0x00000000d3420000)
  from space 4352K, 100% used [0x00000000d3420000, 0x00000000d3860000, 0x00000000d3860000)
  to   space 4352K,   0% used [0x00000000d3860000, 0x00000000d3860000, 0x00000000d3ca0000)
 concurrent mark-sweep generation total 87424K, used 8497K [0x00000000e0c00000, 0x00000000e6160000, 0x0000000100000000)
 Metaspace       used 28735K, capacity 29579K, committed 29780K, reserved 1075200K
  class space    used 3717K, capacity 3913K, committed 3960K, reserved 1048576K
Event: 7.134 GC heap after
Heap after GC invocations=7 (full 1):
 par new generation   total 39296K, used 4352K [0x00000000d1200000, 0x00000000d3ca0000, 0x00000000e0c00000)
  eden space 34944K,   0% used [0x00000000d1200000, 0x00000000d1200000, 0x00000000d3420000)
  from space 4352K, 100% used [0x00000000d3860000, 0x00000000d3ca0000, 0x00000000d3ca0000)
  to   space 4352K,   0% used [0x00000000d3420000, 0x00000000d3420000, 0x00000000d3860000)
 concurrent mark-sweep generation total 87424K, used 13530K [0x00000000e0c00000, 0x00000000e6160000, 0x0000000100000000)
 Metaspace       used 28735K, capacity 29579K, committed 29780K, reserved 1075200K
  class space    used 3717K, capacity 3913K, committed 3960K, reserved 1048576K
}
Event: 7.859 GC heap before
{Heap before GC invocations=7 (full 1):
 par new generation   total 39296K, used 39296K [0x00000000d1200000, 0x00000000d3ca0000, 0x00000000e0c00000)
  eden space 34944K, 100% used [0x00000000d1200000, 0x00000000d3420000, 0x00000000d3420000)
  from space 4352K, 100% used [0x00000000d3860000, 0x00000000d3ca0000, 0x00000000d3ca0000)
  to   space 4352K,   0% used [0x00000000d3420000, 0x00000000d3420000, 0x00000000d3860000)
 concurrent mark-sweep generation total 87424K, used 13530K [0x00000000e0c00000, 0x00000000e6160000, 0x0000000100000000)
 Metaspace       used 30337K, capacity 31255K, committed 31572K, reserved 1077248K
  class space    used 3904K, capacity 4113K, committed 4216K, reserved 1048576K
Event: 7.867 GC heap after
Heap after GC invocations=8 (full 1):
 par new generation   total 39296K, used 4352K [0x00000000d1200000, 0x00000000d3ca0000, 0x00000000e0c00000)
  eden space 34944K,   0% used [0x00000000d1200000, 0x00000000d1200000, 0x00000000d3420000)
  from space 4352K, 100% used [0x00000000d3420000, 0x00000000d3860000, 0x00000000d3860000)
  to   space 4352K,   0% used [0x00000000d3860000, 0x00000000d3860000, 0x00000000d3ca0000)
 concurrent mark-sweep generation total 87424K, used 20422K [0x00000000e0c00000, 0x00000000e6160000, 0x0000000100000000)
 Metaspace       used 30337K, capacity 31255K, committed 31572K, reserved 1077248K
  class space    used 3904K, capacity 4113K, committed 4216K, reserved 1048576K
}
Event: 8.703 GC heap before
{Heap before GC invocations=8 (full 1):
 par new generation   total 39296K, used 39124K [0x00000000d1200000, 0x00000000d3ca0000, 0x00000000e0c00000)
  eden space 34944K,  99% used [0x00000000d1200000, 0x00000000d33f5120, 0x00000000d3420000)
  from space 4352K, 100% used [0x00000000d3420000, 0x00000000d3860000, 0x00000000d3860000)
  to   space 4352K,   0% used [0x00000000d3860000, 0x00000000d3860000, 0x00000000d3ca0000)
 concurrent mark-sweep generation total 87424K, used 20422K [0x00000000e0c00000, 0x00000000e6160000, 0x0000000100000000)
 Metaspace       used 30920K, capacity 31853K, committed 32084K, reserved 1077248K
  class space    used 3928K, capacity 4154K, committed 4216K, reserved 1048576K
Event: 8.711 GC heap after
Heap after GC invocations=9 (full 1):
 par new generation   total 39296K, used 4352K [0x00000000d1200000, 0x00000000d3ca0000, 0x00000000e0c00000)
  eden space 34944K,   0% used [0x00000000d1200000, 0x00000000d1200000, 0x00000000d3420000)
  from space 4352K, 100% used [0x00000000d3860000, 0x00000000d3ca0000, 0x00000000d3ca0000)
  to   space 4352K,   0% used [0x00000000d3420000, 0x00000000d3420000, 0x00000000d3860000)
 concurrent mark-sweep generation total 87424K, used 30957K [0x00000000e0c00000, 0x00000000e6160000, 0x0000000100000000)
 Metaspace       used 30920K, capacity 31853K, committed 32084K, reserved 1077248K
  class space    used 3928K, capacity 4154K, committed 4216K, reserved 1048576K
}

Deoptimization events (10 events):
Event: 9.214 Thread 0x00000000176db800 Uncommon trap: reason=class_check action=maybe_recompile pc=0x000000000399decc method=sun.java2d.SurfaceData.getSourceSurfaceData(Ljava/awt/Image;ILsun/java2d/loops/CompositeType;Ljava/awt/Color;)Lsun/java2d/SurfaceData; @ 8
Event: 9.222 Thread 0x00000000176db800 Uncommon trap: reason=class_check action=maybe_recompile pc=0x000000000399decc method=sun.java2d.SurfaceData.getSourceSurfaceData(Ljava/awt/Image;ILsun/java2d/loops/CompositeType;Ljava/awt/Color;)Lsun/java2d/SurfaceData; @ 8
Event: 9.230 Thread 0x00000000176db800 Uncommon trap: reason=class_check action=maybe_recompile pc=0x00000000039831cc method=sun.java2d.SurfaceData.getSourceSurfaceData(Ljava/awt/Image;ILsun/java2d/loops/CompositeType;Ljava/awt/Color;)Lsun/java2d/SurfaceData; @ 8
Event: 13.300 Thread 0x0000000017943000 Uncommon trap: reason=unstable_if action=reinterpret pc=0x0000000003107230 method=com.codename1.ui.Button.isPressedStyle()Z @ 44
Event: 13.300 Thread 0x0000000017943000 Uncommon trap: reason=unstable_if action=reinterpret pc=0x00000000038f3e04 method=com.codename1.ui.Component.getStyle()Lcom/codename1/ui/plaf/Style; @ 111
Event: 13.388 Thread 0x0000000017943000 Uncommon trap: reason=unstable_if action=reinterpret pc=0x0000000003990ba8 method=sun.font.CMap.getControlCodeGlyph(IZ)I @ 64
Event: 13.392 Thread 0x0000000017943000 Uncommon trap: reason=unstable_if action=reinterpret pc=0x000000000393d59c method=com.codename1.ui.Container.isEnabled()Z @ 4
Event: 13.434 Thread 0x0000000017943000 Uncommon trap: reason=unstable_if action=reinterpret pc=0x0000000003a07098 method=com.codename1.ui.EncodedImage.getInternalImpl()Lcom/codename1/ui/Image; @ 70
Event: 13.434 Thread 0x0000000017943000 Uncommon trap: reason=unstable_if action=reinterpret pc=0x000000000387a6d0 method=com.codename1.ui.EncodedImage.getWidth()I @ 5
Event: 13.436 Thread 0x0000000017943000 Uncommon trap: reason=unstable_if action=reinterpret pc=0x00000000038addd0 method=com.codename1.ui.EncodedImage.getHeight()I @ 5

Internal exceptions (10 events):
Event: 7.953 Thread 0x00000000179a2000 Exception <a 'java/lang/NullPointerException'> (0x00000000d1788200) thrown at [C:\re\workspace\8-2-build-windows-amd64-cygwin\jdk8u91\7017\hotspot\src\share\vm\runtime\sharedRuntime.cpp, line 605]
Event: 7.953 Thread 0x00000000179a2000 Implicit null exception at 0x000000000343c46d to 0x000000000343e0b3
Event: 7.953 Thread 0x00000000179a2000 Exception <a 'java/lang/NullPointerException'> (0x00000000d1788df0) thrown at [C:\re\workspace\8-2-build-windows-amd64-cygwin\jdk8u91\7017\hotspot\src\share\vm\runtime\sharedRuntime.cpp, line 605]
Event: 7.953 Thread 0x00000000179a2000 Implicit null exception at 0x000000000343c46d to 0x000000000343e0b3
Event: 7.953 Thread 0x00000000179a2000 Exception <a 'java/lang/NullPointerException'> (0x00000000d17899e0) thrown at [C:\re\workspace\8-2-build-windows-amd64-cygwin\jdk8u91\7017\hotspot\src\share\vm\runtime\sharedRuntime.cpp, line 605]
Event: 7.953 Thread 0x00000000179a2000 Implicit null exception at 0x000000000343c46d to 0x000000000343e0b3
Event: 7.953 Thread 0x00000000179a2000 Exception <a 'java/lang/NullPointerException'> (0x00000000d178a5d0) thrown at [C:\re\workspace\8-2-build-windows-amd64-cygwin\jdk8u91\7017\hotspot\src\share\vm\runtime\sharedRuntime.cpp, line 605]
Event: 7.955 Thread 0x0000000017d51800 Exception <a 'sun/nio/fs/WindowsException'> (0x00000000d1738718) thrown at [C:\re\workspace\8-2-build-windows-amd64-cygwin\jdk8u91\7017\hotspot\src\share\vm\prims\jni.cpp, line 709]
Event: 7.958 Thread 0x0000000017d51800 Exception <a 'sun/nio/fs/WindowsException'> (0x00000000d1739470) thrown at [C:\re\workspace\8-2-build-windows-amd64-cygwin\jdk8u91\7017\hotspot\src\share\vm\prims\jni.cpp, line 709]
Event: 8.179 Thread 0x0000000017d51800 Exception <a 'java/lang/ClassNotFoundException': sun/net/www/protocol/about/Handler> (0x00000000d1ccf650) thrown at [C:\re\workspace\8-2-build-windows-amd64-cygwin\jdk8u91\7017\hotspot\src\share\vm\classfile\systemDictionary.cpp, line 210]

Events (10 events):
Event: 18.695 Thread 0x0000000019ace000 Thread exited: 0x0000000019ace000
Event: 18.699 Thread 0x0000000019ad6800 Thread exited: 0x0000000019ad6800
Event: 18.703 Thread 0x0000000019ad8000 Thread exited: 0x0000000019ad8000
Event: 18.715 Thread 0x0000000019ad3800 Thread exited: 0x0000000019ad3800
Event: 18.715 Thread 0x0000000019ad5000 Thread exited: 0x0000000019ad5000
Event: 18.726 Thread 0x0000000019ad0800 Thread exited: 0x0000000019ad0800
Event: 18.734 Thread 0x0000000019ad9800 Thread exited: 0x0000000019ad9800
Event: 18.738 Thread 0x0000000019acf000 Thread exited: 0x0000000019acf000
Event: 18.740 Thread 0x0000000019aca800 Thread exited: 0x0000000019aca800
Event: 18.999 Thread 0x0000000019ad8800 Thread exited: 0x0000000019ad8800


Dynamic libraries:
0x00007ff69a5e0000 - 0x00007ff69a617000 	C:\Program Files\Java\jdk1.8.0_91\bin\java.exe
0x00007ffe8cb40000 - 0x00007ffe8cd01000 	C:\Windows\SYSTEM32\ntdll.dll
0x00007ffe8af30000 - 0x00007ffe8afdd000 	C:\Windows\system32\KERNEL32.DLL
0x00007ffe89bd0000 - 0x00007ffe89db8000 	C:\Windows\system32\KERNELBASE.dll
0x00000000770c0000 - 0x0000000077149000 	C:\Windows\System32\SYSFER.DLL
0x00007ffe8ae80000 - 0x00007ffe8af27000 	C:\Windows\system32\ADVAPI32.dll
0x00007ffe8a2c0000 - 0x00007ffe8a35d000 	C:\Windows\system32\msvcrt.dll
0x00007ffe8a0a0000 - 0x00007ffe8a0fb000 	C:\Windows\system32\sechost.dll
0x00007ffe8ac80000 - 0x00007ffe8ad9c000 	C:\Windows\system32\RPCRT4.dll
0x00007ffe8c930000 - 0x00007ffe8ca86000 	C:\Windows\system32\USER32.dll
0x00007ffe8aae0000 - 0x00007ffe8ac66000 	C:\Windows\system32\GDI32.dll
0x00007ffe78b00000 - 0x00007ffe78d74000 	C:\Windows\WinSxS\amd64_microsoft.windows.common-controls_6595b64144ccf1df_6.0.10586.672_none_a2d6b3cea53ff843\COMCTL32.dll
0x00007ffe8b040000 - 0x00007ffe8b2bd000 	C:\Windows\system32\combase.dll
0x00007ffe89dc0000 - 0x00007ffe89e2a000 	C:\Windows\system32\bcryptPrimitives.dll
0x00007ffe8aa10000 - 0x00007ffe8aa4b000 	C:\Windows\system32\IMM32.DLL
0x0000000075df0000 - 0x0000000075ec2000 	C:\Program Files\Java\jdk1.8.0_91\jre\bin\msvcr100.dll
0x0000000076160000 - 0x00000000769f3000 	C:\Program Files\Java\jdk1.8.0_91\jre\bin\server\jvm.dll
0x00007ffe89f40000 - 0x00007ffe89f48000 	C:\Windows\system32\PSAPI.DLL
0x00007ffe876c0000 - 0x00007ffe876c9000 	C:\Windows\SYSTEM32\WSOCK32.dll
0x00007ffe8aa50000 - 0x00007ffe8aabb000 	C:\Windows\system32\WS2_32.dll
0x00007ffe87680000 - 0x00007ffe876a3000 	C:\Windows\SYSTEM32\WINMM.dll
0x00007ffe88540000 - 0x00007ffe8854a000 	C:\Windows\SYSTEM32\VERSION.dll
0x00007ffe87620000 - 0x00007ffe8764c000 	C:\Windows\SYSTEM32\WINMMBASE.dll
0x00007ffe89ef0000 - 0x00007ffe89f33000 	C:\Windows\system32\cfgmgr32.dll
0x0000000076c30000 - 0x0000000076c3f000 	C:\Program Files\Java\jdk1.8.0_91\jre\bin\verify.dll
0x0000000076c00000 - 0x0000000076c29000 	C:\Program Files\Java\jdk1.8.0_91\jre\bin\java.dll
0x0000000076be0000 - 0x0000000076bf6000 	C:\Program Files\Java\jdk1.8.0_91\jre\bin\zip.dll
0x00007ffe8b2c0000 - 0x00007ffe8c81c000 	C:\Windows\system32\SHELL32.dll
0x00007ffe892e0000 - 0x00007ffe89925000 	C:\Windows\system32\windows.storage.dll
0x00007ffe8a100000 - 0x00007ffe8a152000 	C:\Windows\system32\shlwapi.dll
0x00007ffe891e0000 - 0x00007ffe891ef000 	C:\Windows\system32\kernel.appcore.dll
0x00007ffe89e30000 - 0x00007ffe89ee5000 	C:\Windows\system32\shcore.dll
0x00007ffe89160000 - 0x00007ffe891ab000 	C:\Windows\system32\powrprof.dll
0x00007ffe891b0000 - 0x00007ffe891c4000 	C:\Windows\system32\profapi.dll
0x00007ffe873c0000 - 0x00007ffe873d0000 	C:\Program Files (x86)\JetBrains\IntelliJ IDEA 2016.3.3\INTELAJ\IntelliJ IDEA 2016.3.3\bin\breakgen64.dll
0x0000000076b70000 - 0x0000000076b8a000 	C:\Program Files\Java\jdk1.8.0_91\jre\bin\net.dll
0x00007ffe88a90000 - 0x00007ffe88aec000 	C:\Windows\system32\mswsock.dll
0x0000000075fc0000 - 0x0000000076158000 	C:\Program Files\Java\jdk1.8.0_91\jre\bin\awt.dll
0x00007ffe8a790000 - 0x00007ffe8a856000 	C:\Windows\system32\OLEAUT32.dll
0x00007ffe87550000 - 0x00007ffe875c9000 	C:\Windows\system32\apphelp.dll
0x00007ffe87850000 - 0x00007ffe878e6000 	C:\Windows\system32\uxtheme.dll
0x00007ffe8a160000 - 0x00007ffe8a2ba000 	C:\Windows\system32\MSCTF.dll
0x00007ffe7f690000 - 0x00007ffe7f733000 	C:\Program Files\Common Files\microsoft shared\ink\tiptsf.dll
0x00007ffe873d0000 - 0x00007ffe873f2000 	C:\Windows\system32\dwmapi.dll
0x00007ffe89f50000 - 0x00007ffe8a093000 	C:\Windows\system32\ole32.dll
0x00007ffe88b40000 - 0x00007ffe88b57000 	C:\Windows\SYSTEM32\CRYPTSP.dll
0x00007ffe887d0000 - 0x00007ffe88804000 	C:\Windows\system32\rsaenh.dll
0x00007ffe88d60000 - 0x00007ffe88d89000 	C:\Windows\SYSTEM32\bcrypt.dll
0x00007ffe88920000 - 0x00007ffe8893f000 	C:\Windows\SYSTEM32\USERENV.dll
0x00007ffe88c60000 - 0x00007ffe88c6b000 	C:\Windows\SYSTEM32\CRYPTBASE.dll
0x00007ffe85620000 - 0x00007ffe85658000 	C:\Windows\SYSTEM32\IPHLPAPI.DLL
0x00007ffe8ae00000 - 0x00007ffe8ae08000 	C:\Windows\system32\NSI.dll
0x00007ffe855c0000 - 0x00007ffe855d6000 	C:\Windows\SYSTEM32\dhcpcsvc6.DLL
0x00007ffe85560000 - 0x00007ffe8557a000 	C:\Windows\SYSTEM32\dhcpcsvc.DLL
0x0000000076b50000 - 0x0000000076b61000 	C:\Program Files\Java\jdk1.8.0_91\jre\bin\nio.dll
0x0000000076b90000 - 0x0000000076bd7000 	C:\Program Files\Java\jdk1.8.0_91\jre\bin\fontmanager.dll
0x0000000075f70000 - 0x0000000075fb2000 	C:\Program Files\Java\jdk1.8.0_91\jre\bin\t2k.dll
0x00007ffe8ca90000 - 0x00007ffe8cb37000 	C:\Windows\system32\clbcatq.dll
0x00007ffe82f20000 - 0x00007ffe8307c000 	C:\Windows\System32\uiautomationcore.dll
0x00007ffe89020000 - 0x00007ffe890b9000 	C:\Windows\SYSTEM32\sxs.dll
0x00007ffe7f8d0000 - 0x00007ffe7f93a000 	C:\Windows\System32\OLEACC.dll
0x00007ffe80c30000 - 0x00007ffe80ce1000 	C:\Windows\SYSTEM32\twinapi.dll
0x00007ffe879f0000 - 0x00007ffe87af0000 	C:\Windows\SYSTEM32\twinapi.appcore.dll
0x0000000075ed0000 - 0x0000000075f01000 	C:\Program Files\Java\jdk1.8.0_91\jre\bin\jpeg.dll
0x00007ffe85cc0000 - 0x00007ffe85e71000 	C:\Windows\SYSTEM32\WindowsCodecs.dll
0x00007ffe7cab0000 - 0x00007ffe7cafa000 	C:\Windows\system32\dataexchange.dll
0x00007ffe83d30000 - 0x00007ffe83fd8000 	C:\Windows\system32\d3d11.dll
0x00007ffe86900000 - 0x00007ffe869e3000 	C:\Windows\system32\dcomp.dll
0x00007ffe86850000 - 0x00007ffe868f2000 	C:\Windows\system32\dxgi.dll
0x00007ffe6a500000 - 0x00007ffe6a5ef000 	C:\Program Files\Java\jdk1.8.0_91\jre\bin\msvcr120.dll
0x00007ffe6e110000 - 0x00007ffe6e1b6000 	C:\Program Files\Java\jdk1.8.0_91\jre\bin\msvcp120.dll
0x0000000075ac0000 - 0x0000000075ae3000 	C:\Program Files\Java\jdk1.8.0_91\jre\bin\prism_d3d.dll
0x00007ffe67dd0000 - 0x00007ffe67fe0000 	C:\Windows\system32\d3d9.dll
0x00007ffe541f0000 - 0x00007ffe56083000 	C:\Windows\SYSTEM32\igdumdim64.dll
0x00007ffe8a360000 - 0x00007ffe8a789000 	C:\Windows\system32\SETUPAPI.dll
0x0000000075a70000 - 0x0000000075ab3000 	C:\Program Files\Java\jdk1.8.0_91\jre\bin\glass.dll
0x00007ffe8c820000 - 0x00007ffe8c92b000 	C:\Windows\system32\COMDLG32.dll
0x00007ffe89250000 - 0x00007ffe892d6000 	C:\Windows\system32\FirewallAPI.dll
0x00007ffe89930000 - 0x00007ffe89947000 	C:\Windows\system32\NETAPI32.dll
0x00007ffe87020000 - 0x00007ffe8702c000 	C:\Windows\SYSTEM32\DAVHLPR.DLL
0x00007ffe87c50000 - 0x00007ffe87c82000 	C:\Windows\SYSTEM32\fwbase.dll
0x00007ffe7cc30000 - 0x00007ffe7daa0000 	C:\Windows\SYSTEM32\igc64.dll
0x00000000734e0000 - 0x0000000075a6e000 	C:\Program Files\Java\jdk1.8.0_91\jre\bin\jfxwebkit.dll
0x0000000075f40000 - 0x0000000075f64000 	C:\Program Files\Java\jdk1.8.0_91\jre\bin\sunec.dll
0x0000000076ad0000 - 0x0000000076ae4000 	C:\Program Files\Java\jdk1.8.0_91\jre\bin\javafx_font.dll
0x00007ffe82b80000 - 0x00007ffe82ddf000 	C:\Windows\SYSTEM32\dwrite.dll
0x00007ffe733e0000 - 0x00007ffe733f6000 	C:\Windows\system32\napinsp.dll
0x00007ffe73400000 - 0x00007ffe7341a000 	C:\Windows\system32\pnrpnsp.dll
0x00007ffe86dc0000 - 0x00007ffe86dd8000 	C:\Windows\system32\NLAapi.dll
0x00007ffe87940000 - 0x00007ffe879ea000 	C:\Windows\SYSTEM32\DNSAPI.dll
0x00007ffe73420000 - 0x00007ffe7342d000 	C:\Windows\System32\winrnr.dll
0x00007ffe73430000 - 0x00007ffe73445000 	C:\Windows\System32\wshbth.dll
0x00007ffe86230000 - 0x00007ffe86297000 	C:\Windows\System32\fwpuclnt.dll
0x00007ffe84ac0000 - 0x00007ffe84aca000 	C:\Windows\System32\rasadhlp.dll
0x00000000734c0000 - 0x00000000734d1000 	C:\Program Files\Java\jdk1.8.0_91\jre\bin\prism_common.dll
0x0000000075af0000 - 0x0000000075b2c000 	C:\Program Files\Java\jdk1.8.0_91\jre\bin\lcms.dll
0x00007ffe85b30000 - 0x00007ffe85cbc000 	C:\Windows\SYSTEM32\dbghelp.dll

VM Arguments:
jvm_args: -Xms128m -Xmx750m -XX:ReservedCodeCacheSize=240m -XX:+UseConcMarkSweepGC -XX:SoftRefLRUPolicyMSPerMB=50 -ea -Dsun.io.useCanonCaches=false -Djava.net.preferIPv4Stack=true -XX:+HeapDumpOnOutOfMemoryError -XX:-OmitStackTraceInFastThrow -Didea.launcher.port=7533 -Didea.launcher.bin.path=C:\Program Files (x86)\JetBrains\IntelliJ IDEA 2016.3.3\INTELAJ\IntelliJ IDEA 2016.3.3\bin -Dfile.encoding=UTF-8 
java_command: com.intellij.rt.execution.application.AppMain com.codename1.impl.javase.Simulator com.hales.os.MyApplication
java_class_path (initial): C:/Users/chales/Desktop/os2\out\production\os2;C:/Users/chales/Desktop/os2\src;C:/Users/chales/Desktop/os2\lib\CodenameOne.jar;C:/Users/chales/Desktop/os2\JavaSE.jar;native/internal_tmp;lib/impl/cls;C:\Program Files (x86)\JetBrains\IntelliJ IDEA 2016.3.3\INTELAJ\IntelliJ IDEA 2016.3.3\lib\idea_rt.jar
Launcher Type: SUN_STANDARD

Environment Variables:
PATH=C:\ProgramData\Oracle\Java\javapath;C:\Windows\system32;C:\Windows;C:\Windows\System32\Wbem;C:\Windows\System32\WindowsPowerShell\v1.0\
USERNAME=chales
OS=Windows_NT
PROCESSOR_IDENTIFIER=Intel64 Family 6 Model 78 Stepping 3, GenuineIntel



---------------  S Y S T E M  ---------------

OS: Windows 10.0 , 64 bit Build 10586 (10.0.10586.589)

CPU:total 4 (2 cores per cpu, 2 threads per core) family 6 model 78 stepping 3, cmov, cx8, fxsr, mmx, sse, sse2, sse3, ssse3, sse4.1, sse4.2, popcnt, avx, avx2, aes, clmul, erms, 3dnowpref, lzcnt, ht, tsc, tscinvbit, bmi1, bmi2, adx

Memory: 4k page, physical 7802196k(2105116k free), swap 14995308k(4326628k free)

vm_info: Java HotSpot(TM) 64-Bit Server VM (25.91-b15) for windows-amd64 JRE (1.8.0_91-b15), built on May 20 2016 17:43:15 by "java_re" with MS VC++ 10.0 (VS2010)

time: Wed Apr 26 15:37:14 2017
elapsed time: 23 seconds (0d 0h 0m 23s)

