#
# A fatal error has been detected by the Java Runtime Environment:
#
#  EXCEPTION_ACCESS_VIOLATION (0xc0000005) at pc=0x00000000735f48c9, pid=25376, tid=41260
#
# JRE version: Java(TM) SE Runtime Environment (8.0_91-b15) (build 1.8.0_91-b15)
# Java VM: Java HotSpot(TM) 64-Bit Server VM (25.91-b15 mixed mode windows-amd64 compressed oops)
# Problematic frame:
# C  [jfxwebkit.dll+0xb948c9]
#
# Failed to write core dump. Minidumps are not enabled by default on client versions of Windows
#
# If you would like to submit a bug report, please visit:
#   http://bugreport.java.com/bugreport/crash.jsp
# The crash happened outside the Java Virtual Machine in native code.
# See problematic frame for where to report the bug.
#

---------------  T H R E A D  ---------------

Current thread (0x0000000019721000):  JavaThread "JavaFX Application Thread" [_thread_in_native, id=41260, stack(0x000000001ad00000,0x000000001ae00000)]

siginfo: ExceptionCode=0xc0000005, writing address 0x00000000bbadbeef

Registers:
RAX=0x0000000000000000, RBX=0x0000000000000000, RCX=0x7fdf857fc7f40000, RDX=0x0000000000000002
RSP=0x000000001adfd310, RBP=0x000000001adfd419, RSI=0x00000002bb621c10, RDI=0x00000001e89ea040
R8 =0x000000001adfce10, R9 =0x00007ffe6f9c0000, R10=0x0000000000000000, R11=0x0000000000000200
R12=0x000000000d2c37bd, R13=0x000000000d2c37bd, R14=0x00000000107745ad, R15=0x00000001e89ea040
RIP=0x00000000735f48c9, EFLAGS=0x0000000000010246

Top of Stack: (sp=0x000000001adfd310)
0x000000001adfd310:   0000000000000000 00000001e89d1340
0x000000001adfd320:   000000004ac84000 0000000000000000
0x000000001adfd330:   0000000000000000 00000000734ba422
0x000000001adfd340:   000000004b3d387a 000000004aae7800
0x000000001adfd350:   0000000026b745f0 0000000000000000
0x000000001adfd360:   000000000d2c37be 0000000000000010
0x000000001adfd370:   0000000000000000 0000000000000000
0x000000001adfd380:   0000000000000000 00000000107745ad
0x000000001adfd390:   0000000000000000 00000001e89ea040
0x000000001adfd3a0:   0d2c37bd0d2c37bd 0000000000000000
0x000000001adfd3b0:   4aae74004ac84000 4400000044000000
0x000000001adfd3c0:   0000000000000000 4b3d387a4b1aa03b
0x000000001adfd3d0:   0000000000000000 00007ffe8cb60abd
0x000000001adfd3e0:   000000001adfd858 00000000249e8c40
0x000000001adfd3f0:   fffffffffffffffe 0000000000000000
0x000000001adfd400:   0000000000000000 0000000000000000 

Instructions: (pc=0x00000000735f48c9)
0x00000000735f48a9:   83 c4 20 5b c3 cc cc 48 83 ec 28 48 8b 05 f5 bb
0x00000000735f48b9:   8c 01 48 85 c0 74 02 ff d0 e8 a9 07 00 00 33 c0
0x00000000735f48c9:   a3 ef be ad bb 00 00 00 00 48 83 c4 28 48 ff e0
0x00000000735f48d9:   cc cc cc cc cc cc cc 48 83 ec 28 48 8b 05 c5 bb 


Register to memory mapping:

RAX=0x0000000000000000 is an unknown value
RBX=0x0000000000000000 is an unknown value
RCX=0x7fdf857fc7f40000 is an unknown value
RDX=0x0000000000000002 is an unknown value
RSP=0x000000001adfd310 is pointing into the stack for thread: 0x0000000019721000
RBP=0x000000001adfd419 is pointing into the stack for thread: 0x0000000019721000
RSI=0x00000002bb621c10 is an unknown value
RDI=0x00000001e89ea040 is an unknown value
R8 =0x000000001adfce10 is pointing into the stack for thread: 0x0000000019721000
R9 =0x00007ffe6f9c0000 is an unknown value
R10=0x0000000000000000 is an unknown value
R11=0x0000000000000200 is an unknown value
R12=0x000000000d2c37bd is an unknown value
R13=0x000000000d2c37bd is an unknown value
R14=0x00000000107745ad is an unknown value
R15=0x00000001e89ea040 is an unknown value


Stack: [0x000000001ad00000,0x000000001ae00000],  sp=0x000000001adfd310,  free space=1012k
Native frames: (J=compiled Java code, j=interpreted, Vv=VM code, C=native code)
C  [jfxwebkit.dll+0xb948c9]
C  [jfxwebkit.dll+0xa5a422]
C  [jfxwebkit.dll+0xa5b326]
C  [jfxwebkit.dll+0xa549a2]
C  [jfxwebkit.dll+0xa53aa6]
C  [jfxwebkit.dll+0xa53b07]
C  [jfxwebkit.dll+0xa53b07]
C  [jfxwebkit.dll+0xa53b07]
C  [jfxwebkit.dll+0xa53b07]
C  [jfxwebkit.dll+0xa53b07]
C  [jfxwebkit.dll+0xa53b07]
C  [jfxwebkit.dll+0x9a3713]
C  [jfxwebkit.dll+0x827a74]
C  [jfxwebkit.dll+0x829fad]
C  [jfxwebkit.dll+0x8c773f]
C  [jfxwebkit.dll+0x8aa6e6]
C  [jfxwebkit.dll+0x86ed96]
C  [jfxwebkit.dll+0xa56ba8]
C  [jfxwebkit.dll+0xa59dd0]
C  [jfxwebkit.dll+0xa5b376]
C  [jfxwebkit.dll+0xa549a2]
C  [jfxwebkit.dll+0x8aa9f0]
C  0x0000000002c27f54

Java frames: (J=compiled Java code, j=interpreted, Vv=VM code)
j  com.sun.webkit.WebPage.twkPrePaint(J)V+0
j  com.sun.webkit.WebPage.updateDirty(Lcom/sun/webkit/graphics/WCRectangle;)V+117
j  com.sun.webkit.WebPage.updateContent(Lcom/sun/webkit/graphics/WCRectangle;)V+48
j  com.sun.javafx.sg.prism.web.NGWebView.update()V+68
j  javafx.scene.web.WebView.handleStagePulse()V+78
j  javafx.scene.web.WebView.lambda$new$29()V+1
j  javafx.scene.web.WebView$$Lambda$106.pulse()V+4
J 3748 C1 com.sun.javafx.tk.Toolkit$$Lambda$152.run()Ljava/lang/Object; (8 bytes) @ 0x000000000363104c [0x0000000003630f00+0x14c]
v  ~StubRoutines::call_stub
J 2186  java.security.AccessController.doPrivileged(Ljava/security/PrivilegedAction;Ljava/security/AccessControlContext;)Ljava/lang/Object; (0 bytes) @ 0x000000000315f9e6 [0x000000000315f980+0x66]
J 3506 C1 com.sun.javafx.tk.Toolkit.runPulse(Lcom/sun/javafx/tk/TKPulseListener;Ljava/security/AccessControlContext;)V (26 bytes) @ 0x000000000359b714 [0x000000000359b2a0+0x474]
j  com.sun.javafx.tk.Toolkit.firePulse()V+129
j  com.sun.javafx.tk.quantum.QuantumToolkit.pulse(Z)V+97
j  com.sun.javafx.tk.quantum.QuantumToolkit.pulse()V+2
j  com.sun.javafx.tk.quantum.QuantumToolkit.lambda$runToolkit$404()V+1
j  com.sun.javafx.tk.quantum.QuantumToolkit$$Lambda$60.run()V+4
J 3163 C1 com.sun.glass.ui.InvokeLaterDispatcher$Future.run()V (91 bytes) @ 0x00000000034c194c [0x00000000034c1840+0x10c]
v  ~StubRoutines::call_stub
j  com.sun.glass.ui.win.WinApplication._runLoop(Ljava/lang/Runnable;)V+0
j  com.sun.glass.ui.win.WinApplication.lambda$null$148(ILjava/lang/Runnable;)V+8
j  com.sun.glass.ui.win.WinApplication$$Lambda$56.run()V+12
j  java.lang.Thread.run()V+11
v  ~StubRoutines::call_stub

---------------  P R O C E S S  ---------------

Java Threads: ( => current thread )
  0x0000000019b84800 JavaThread "invokeAndBlock2" [_thread_blocked, id=41776, stack(0x00000000666a0000,0x00000000667a0000)]
  0x0000000019924000 JavaThread "Prism Font Disposer" daemon [_thread_blocked, id=41084, stack(0x0000000023670000,0x0000000023770000)]
  0x0000000019922800 JavaThread "Watchdog-Timer-1" daemon [_thread_blocked, id=39388, stack(0x00000000216c0000,0x00000000217c0000)]
  0x0000000019724000 JavaThread "Timer-0" [_thread_blocked, id=40872, stack(0x0000000020980000,0x0000000020a80000)]
  0x0000000019726800 JavaThread "Disposer" daemon [_thread_blocked, id=39440, stack(0x0000000020280000,0x0000000020380000)]
  0x0000000019722000 JavaThread "invokeAndBlock1" [_thread_blocked, id=26388, stack(0x000000001f9d0000,0x000000001fad0000)]
  0x0000000019722800 JavaThread "Network Thread" [_thread_blocked, id=40836, stack(0x000000001f8d0000,0x000000001f9d0000)]
  0x0000000019725800 JavaThread "Thread-7" daemon [_thread_in_native, id=20216, stack(0x000000001f7d0000,0x000000001f8d0000)]
=>0x0000000019721000 JavaThread "JavaFX Application Thread" [_thread_in_native, id=41260, stack(0x000000001ad00000,0x000000001ae00000)]
  0x0000000019702800 JavaThread "Thread-6" daemon [_thread_blocked, id=35076, stack(0x000000001ac00000,0x000000001ad00000)]
  0x0000000017a78000 JavaThread "QuantumRenderer-0" daemon [_thread_blocked, id=40408, stack(0x000000001ab00000,0x000000001ac00000)]
  0x00000000176e6800 JavaThread "EDT" [_thread_blocked, id=38976, stack(0x00000000195e0000,0x00000000196e0000)]
  0x0000000002b10800 JavaThread "DestroyJavaVM" [_thread_blocked, id=17348, stack(0x0000000002950000,0x0000000002a50000)]
  0x0000000017404000 JavaThread "Thread-1" [_thread_blocked, id=41032, stack(0x0000000018090000,0x0000000018190000)]
  0x0000000016e8e800 JavaThread "AWT-EventQueue-0" [_thread_blocked, id=41332, stack(0x0000000017f90000,0x0000000018090000)]
  0x0000000016e8d000 JavaThread "AWT-Windows" daemon [_thread_in_native, id=40000, stack(0x0000000017dd0000,0x0000000017ed0000)]
  0x0000000016e8c800 JavaThread "AWT-Shutdown" [_thread_blocked, id=35940, stack(0x0000000017cd0000,0x0000000017dd0000)]
  0x0000000016e8a800 JavaThread "Java2D Disposer" daemon [_thread_blocked, id=35024, stack(0x0000000017bd0000,0x0000000017cd0000)]
  0x0000000016cb5000 JavaThread "Monitor Ctrl-Break" daemon [_thread_in_native, id=36352, stack(0x0000000017190000,0x0000000017290000)]
  0x0000000016c1a000 JavaThread "Service Thread" daemon [_thread_blocked, id=39676, stack(0x0000000016f90000,0x0000000017090000)]
  0x00000000159aa000 JavaThread "C1 CompilerThread2" daemon [_thread_blocked, id=41100, stack(0x0000000016a90000,0x0000000016b90000)]
  0x00000000159a8000 JavaThread "C2 CompilerThread1" daemon [_thread_blocked, id=14416, stack(0x0000000016990000,0x0000000016a90000)]
  0x00000000159a5000 JavaThread "C2 CompilerThread0" daemon [_thread_blocked, id=12520, stack(0x0000000016890000,0x0000000016990000)]
  0x000000001599e800 JavaThread "Attach Listener" daemon [_thread_blocked, id=36832, stack(0x0000000016790000,0x0000000016890000)]
  0x000000001599d000 JavaThread "Signal Dispatcher" daemon [_thread_blocked, id=38352, stack(0x0000000016690000,0x0000000016790000)]
  0x000000001599b800 JavaThread "Surrogate Locker Thread (Concurrent GC)" daemon [_thread_blocked, id=39880, stack(0x0000000016590000,0x0000000016690000)]
  0x0000000015985000 JavaThread "Finalizer" daemon [_thread_blocked, id=32344, stack(0x00000000163b0000,0x00000000164b0000)]
  0x000000001595d000 JavaThread "Reference Handler" daemon [_thread_blocked, id=38208, stack(0x00000000162b0000,0x00000000163b0000)]

Other Threads:
  0x0000000015952800 VMThread [stack: 0x00000000161b0000,0x00000000162b0000] [id=35248]
  0x0000000016c2d000 WatcherThread [stack: 0x0000000017090000,0x0000000017190000] [id=41684]

VM state:not at safepoint (normal execution)

VM Mutex/Monitor currently owned by a thread: None

Heap:
 par new generation   total 39296K, used 17711K [0x00000000d1200000, 0x00000000d3ca0000, 0x00000000e0c00000)
  eden space 34944K,  38% used [0x00000000d1200000, 0x00000000d1f0bef0, 0x00000000d3420000)
  from space 4352K, 100% used [0x00000000d3860000, 0x00000000d3ca0000, 0x00000000d3ca0000)
  to   space 4352K,   0% used [0x00000000d3420000, 0x00000000d3420000, 0x00000000d3860000)
 concurrent mark-sweep generation total 87424K, used 29610K [0x00000000e0c00000, 0x00000000e6160000, 0x0000000100000000)
 Metaspace       used 31345K, capacity 32303K, committed 32316K, reserved 1077248K
  class space    used 3932K, capacity 4154K, committed 4160K, reserved 1048576K

Card table byte_map: [0x00000000123d0000,0x0000000012550000] byte_map_base: 0x0000000011d47000

Marking Bits: (CMSBitMap*) 0x0000000002b68dd8
 Bits: [0x0000000012a90000, 0x0000000013260000)

Mod Union Table: (CMSBitMap*) 0x0000000002b68e98
 Bits: [0x0000000000ea0000, 0x0000000000ebf400)

Polling page: 0x0000000000e70000

CodeCache: size=245760Kb used=13212Kb max_used=13225Kb free=232547Kb
 bounds [0x0000000002c10000, 0x0000000003910000, 0x0000000011c10000]
 total_blobs=4956 nmethods=4069 adapters=798
 compilation: enabled

Compilation events (10 events):
Event: 26.716 Thread 0x00000000159a5000 nmethod 4541 0x00000000038d0310 code [0x00000000038d0460, 0x00000000038d0508]
Event: 26.718 Thread 0x00000000159aa000 4543       3       com.codename1.ui.Container::getScrollableParent (28 bytes)
Event: 26.718 Thread 0x00000000159aa000 nmethod 4543 0x00000000038e7050 code [0x00000000038e71e0, 0x00000000038e7628]
Event: 26.719 Thread 0x00000000159a5000 4544       4       com.codename1.ui.EncodedImage::getImage (8 bytes)
Event: 26.722 Thread 0x00000000159a5000 nmethod 4544 0x00000000038e6c90 code [0x00000000038e6de0, 0x00000000038e6f08]
Event: 26.860 Thread 0x00000000159a8000 nmethod 4540 0x00000000039053d0 code [0x0000000003905800, 0x0000000003908708]
Event: 27.315 Thread 0x00000000159aa000 4545       3       java.awt.Point::getX (6 bytes)
Event: 27.315 Thread 0x00000000159aa000 nmethod 4545 0x00000000038e6950 code [0x00000000038e6aa0, 0x00000000038e6bf0]
Event: 27.315 Thread 0x00000000159aa000 4546       3       java.awt.Point::getY (6 bytes)
Event: 27.315 Thread 0x00000000159aa000 nmethod 4546 0x00000000038ecc50 code [0x00000000038ecda0, 0x00000000038ecef0]

GC Heap History (10 events):
Event: 4.500 GC heap before
{Heap before GC invocations=4 (full 0):
 par new generation   total 39296K, used 36105K [0x00000000d1200000, 0x00000000d3ca0000, 0x00000000e0c00000)
  eden space 34944K, 100% used [0x00000000d1200000, 0x00000000d3420000, 0x00000000d3420000)
  from space 4352K,  26% used [0x00000000d3420000, 0x00000000d3542748, 0x00000000d3860000)
  to   space 4352K,   0% used [0x00000000d3860000, 0x00000000d3860000, 0x00000000d3ca0000)
 concurrent mark-sweep generation total 87424K, used 6667K [0x00000000e0c00000, 0x00000000e6160000, 0x0000000100000000)
 Metaspace       used 14825K, capacity 15102K, committed 15488K, reserved 1062912K
  class space    used 1771K, capacity 1873K, committed 1920K, reserved 1048576K
Event: 4.503 GC heap after
Heap after GC invocations=5 (full 0):
 par new generation   total 39296K, used 3852K [0x00000000d1200000, 0x00000000d3ca0000, 0x00000000e0c00000)
  eden space 34944K,   0% used [0x00000000d1200000, 0x00000000d1200000, 0x00000000d3420000)
  from space 4352K,  88% used [0x00000000d3860000, 0x00000000d3c231b0, 0x00000000d3ca0000)
  to   space 4352K,   0% used [0x00000000d3420000, 0x00000000d3420000, 0x00000000d3860000)
 concurrent mark-sweep generation total 87424K, used 6667K [0x00000000e0c00000, 0x00000000e6160000, 0x0000000100000000)
 Metaspace       used 14825K, capacity 15102K, committed 15488K, reserved 1062912K
  class space    used 1771K, capacity 1873K, committed 1920K, reserved 1048576K
}
Event: 5.412 GC heap before
{Heap before GC invocations=5 (full 0):
 par new generation   total 39296K, used 38796K [0x00000000d1200000, 0x00000000d3ca0000, 0x00000000e0c00000)
  eden space 34944K, 100% used [0x00000000d1200000, 0x00000000d3420000, 0x00000000d3420000)
  from space 4352K,  88% used [0x00000000d3860000, 0x00000000d3c231b0, 0x00000000d3ca0000)
  to   space 4352K,   0% used [0x00000000d3420000, 0x00000000d3420000, 0x00000000d3860000)
 concurrent mark-sweep generation total 87424K, used 6667K [0x00000000e0c00000, 0x00000000e6160000, 0x0000000100000000)
 Metaspace       used 24474K, capacity 25051K, committed 25280K, reserved 1071104K
  class space    used 3126K, capacity 3278K, committed 3344K, reserved 1048576K
Event: 5.425 GC heap after
Heap after GC invocations=6 (full 0):
 par new generation   total 39296K, used 4352K [0x00000000d1200000, 0x00000000d3ca0000, 0x00000000e0c00000)
  eden space 34944K,   0% used [0x00000000d1200000, 0x00000000d1200000, 0x00000000d3420000)
  from space 4352K, 100% used [0x00000000d3420000, 0x00000000d3860000, 0x00000000d3860000)
  to   space 4352K,   0% used [0x00000000d3860000, 0x00000000d3860000, 0x00000000d3ca0000)
 concurrent mark-sweep generation total 87424K, used 10786K [0x00000000e0c00000, 0x00000000e6160000, 0x0000000100000000)
 Metaspace       used 24474K, capacity 25051K, committed 25280K, reserved 1071104K
  class space    used 3126K, capacity 3278K, committed 3344K, reserved 1048576K
}
Event: 6.717 GC heap before
{Heap before GC invocations=6 (full 1):
 par new generation   total 39296K, used 39296K [0x00000000d1200000, 0x00000000d3ca0000, 0x00000000e0c00000)
  eden space 34944K, 100% used [0x00000000d1200000, 0x00000000d3420000, 0x00000000d3420000)
  from space 4352K, 100% used [0x00000000d3420000, 0x00000000d3860000, 0x00000000d3860000)
  to   space 4352K,   0% used [0x00000000d3860000, 0x00000000d3860000, 0x00000000d3ca0000)
 concurrent mark-sweep generation total 87424K, used 8484K [0x00000000e0c00000, 0x00000000e6160000, 0x0000000100000000)
 Metaspace       used 28725K, capacity 29503K, committed 29628K, reserved 1075200K
  class space    used 3720K, capacity 3912K, committed 4032K, reserved 1048576K
Event: 6.728 GC heap after
Heap after GC invocations=7 (full 1):
 par new generation   total 39296K, used 4352K [0x00000000d1200000, 0x00000000d3ca0000, 0x00000000e0c00000)
  eden space 34944K,   0% used [0x00000000d1200000, 0x00000000d1200000, 0x00000000d3420000)
  from space 4352K, 100% used [0x00000000d3860000, 0x00000000d3ca0000, 0x00000000d3ca0000)
  to   space 4352K,   0% used [0x00000000d3420000, 0x00000000d3420000, 0x00000000d3860000)
 concurrent mark-sweep generation total 87424K, used 12995K [0x00000000e0c00000, 0x00000000e6160000, 0x0000000100000000)
 Metaspace       used 28725K, capacity 29503K, committed 29628K, reserved 1075200K
  class space    used 3720K, capacity 3912K, committed 4032K, reserved 1048576K
}
Event: 7.364 GC heap before
{Heap before GC invocations=7 (full 1):
 par new generation   total 39296K, used 39296K [0x00000000d1200000, 0x00000000d3ca0000, 0x00000000e0c00000)
  eden space 34944K, 100% used [0x00000000d1200000, 0x00000000d3420000, 0x00000000d3420000)
  from space 4352K, 100% used [0x00000000d3860000, 0x00000000d3ca0000, 0x00000000d3ca0000)
  to   space 4352K,   0% used [0x00000000d3420000, 0x00000000d3420000, 0x00000000d3860000)
 concurrent mark-sweep generation total 87424K, used 12995K [0x00000000e0c00000, 0x00000000e6160000, 0x0000000100000000)
 Metaspace       used 29985K, capacity 30887K, committed 31036K, reserved 1077248K
  class space    used 3862K, capacity 4080K, committed 4160K, reserved 1048576K
Event: 7.372 GC heap after
Heap after GC invocations=8 (full 1):
 par new generation   total 39296K, used 4352K [0x00000000d1200000, 0x00000000d3ca0000, 0x00000000e0c00000)
  eden space 34944K,   0% used [0x00000000d1200000, 0x00000000d1200000, 0x00000000d3420000)
  from space 4352K, 100% used [0x00000000d3420000, 0x00000000d3860000, 0x00000000d3860000)
  to   space 4352K,   0% used [0x00000000d3860000, 0x00000000d3860000, 0x00000000d3ca0000)
 concurrent mark-sweep generation total 87424K, used 20996K [0x00000000e0c00000, 0x00000000e6160000, 0x0000000100000000)
 Metaspace       used 29985K, capacity 30887K, committed 31036K, reserved 1077248K
  class space    used 3862K, capacity 4080K, committed 4160K, reserved 1048576K
}
Event: 8.421 GC heap before
{Heap before GC invocations=8 (full 1):
 par new generation   total 39296K, used 39296K [0x00000000d1200000, 0x00000000d3ca0000, 0x00000000e0c00000)
  eden space 34944K, 100% used [0x00000000d1200000, 0x00000000d3420000, 0x00000000d3420000)
  from space 4352K, 100% used [0x00000000d3420000, 0x00000000d3860000, 0x00000000d3860000)
  to   space 4352K,   0% used [0x00000000d3860000, 0x00000000d3860000, 0x00000000d3ca0000)
 concurrent mark-sweep generation total 87424K, used 20996K [0x00000000e0c00000, 0x00000000e6160000, 0x0000000100000000)
 Metaspace       used 30834K, capacity 31745K, committed 31804K, reserved 1077248K
  class space    used 3915K, capacity 4121K, committed 4160K, reserved 1048576K
Event: 8.429 GC heap after
Heap after GC invocations=9 (full 1):
 par new generation   total 39296K, used 4352K [0x00000000d1200000, 0x00000000d3ca0000, 0x00000000e0c00000)
  eden space 34944K,   0% used [0x00000000d1200000, 0x00000000d1200000, 0x00000000d3420000)
  from space 4352K, 100% used [0x00000000d3860000, 0x00000000d3ca0000, 0x00000000d3ca0000)
  to   space 4352K,   0% used [0x00000000d3420000, 0x00000000d3420000, 0x00000000d3860000)
 concurrent mark-sweep generation total 87424K, used 29610K [0x00000000e0c00000, 0x00000000e6160000, 0x0000000100000000)
 Metaspace       used 30834K, capacity 31745K, committed 31804K, reserved 1077248K
  class space    used 3915K, capacity 4121K, committed 4160K, reserved 1048576K
}

Deoptimization events (10 events):
Event: 6.955 Thread 0x0000000017a78000 Uncommon trap: reason=unstable_if action=reinterpret pc=0x00000000033a13e0 method=java.util.WeakHashMap.expungeStaleEntries()V @ 9
Event: 7.195 Thread 0x00000000176e6800 Uncommon trap: reason=unstable_if action=reinterpret pc=0x00000000033ae37c method=sun.nio.cs.UTF_8$Encoder.encodeArrayLoop(Ljava/nio/CharBuffer;Ljava/nio/ByteBuffer;)Ljava/nio/charset/CoderResult; @ 134
Event: 7.333 Thread 0x00000000176e6800 Uncommon trap: reason=unstable_if action=reinterpret pc=0x00000000034b8610 method=sun.misc.FloatingDecimal$BinaryToASCIIBuffer.dtoa(IJIZ)V @ 859
Event: 7.552 Thread 0x0000000019721000 Uncommon trap: reason=predicate action=maybe_recompile pc=0x00000000033e2934 method=java.util.AbstractCollection.addAll(Ljava/util/Collection;)Z @ 18
Event: 10.220 Thread 0x00000000176e6800 Uncommon trap: reason=unstable_if action=reinterpret pc=0x00000000036b9004 method=com.codename1.ui.Component.getStyle()Lcom/codename1/ui/plaf/Style; @ 111
Event: 10.311 Thread 0x00000000176e6800 Uncommon trap: reason=unstable_if action=reinterpret pc=0x00000000035fe49c method=com.codename1.ui.Container.isEnabled()Z @ 4
Event: 10.386 Thread 0x00000000176e6800 Uncommon trap: reason=unstable_if action=reinterpret pc=0x0000000003600090 method=com.codename1.ui.EncodedImage.getWidth()I @ 5
Event: 10.389 Thread 0x00000000176e6800 Uncommon trap: reason=unstable_if action=reinterpret pc=0x0000000003660f10 method=com.codename1.ui.EncodedImage.getHeight()I @ 5
Event: 11.347 Thread 0x00000000176e6800 Uncommon trap: reason=unstable_if action=reinterpret pc=0x0000000003786cf8 method=com.codename1.ui.Component.getStyle()Lcom/codename1/ui/plaf/Style; @ 55
Event: 26.494 Thread 0x00000000176e6800 Uncommon trap: reason=unstable_if action=reinterpret pc=0x00000000038aaa6c method=com.codename1.ui.geom.Rectangle.intersects(IIIIIIII)Z @ 92

Internal exceptions (10 events):
Event: 5.652 Thread 0x0000000019721000 Exception <a 'sun/nio/fs/WindowsException'> (0x00000000d210df58) thrown at [C:\re\workspace\8-2-build-windows-amd64-cygwin\jdk8u91\7017\hotspot\src\share\vm\prims\jni.cpp, line 709]
Event: 6.552 Thread 0x0000000019721000 Exception <a 'java/lang/ClassNotFoundException': sun/net/www/protocol/about/Handler> (0x00000000d2d6fcf8) thrown at [C:\re\workspace\8-2-build-windows-amd64-cygwin\jdk8u91\7017\hotspot\src\share\vm\classfile\systemDictionary.cpp, line 210]
Event: 6.662 Thread 0x00000000176e6800 Implicit null exception at 0x0000000003280dd3 to 0x0000000003280e9d
Event: 7.508 Thread 0x0000000017a78000 Implicit null exception at 0x000000000349a4ed to 0x000000000349c133
Event: 7.508 Thread 0x0000000017a78000 Exception <a 'java/lang/NullPointerException'> (0x00000000d1469618) thrown at [C:\re\workspace\8-2-build-windows-amd64-cygwin\jdk8u91\7017\hotspot\src\share\vm\runtime\sharedRuntime.cpp, line 605]
Event: 7.508 Thread 0x0000000017a78000 Implicit null exception at 0x000000000349a4ed to 0x000000000349c133
Event: 7.509 Thread 0x0000000017a78000 Exception <a 'java/lang/NullPointerException'> (0x00000000d146aa68) thrown at [C:\re\workspace\8-2-build-windows-amd64-cygwin\jdk8u91\7017\hotspot\src\share\vm\runtime\sharedRuntime.cpp, line 605]
Event: 7.658 Thread 0x0000000019721000 Exception <a 'sun/nio/fs/WindowsException'> (0x00000000d1896728) thrown at [C:\re\workspace\8-2-build-windows-amd64-cygwin\jdk8u91\7017\hotspot\src\share\vm\prims\jni.cpp, line 709]
Event: 7.659 Thread 0x0000000019721000 Exception <a 'sun/nio/fs/WindowsException'> (0x00000000d1897480) thrown at [C:\re\workspace\8-2-build-windows-amd64-cygwin\jdk8u91\7017\hotspot\src\share\vm\prims\jni.cpp, line 709]
Event: 7.878 Thread 0x0000000019721000 Exception <a 'java/lang/ClassNotFoundException': sun/net/www/protocol/about/Handler> (0x00000000d1ac8d18) thrown at [C:\re\workspace\8-2-build-windows-amd64-cygwin\jdk8u91\7017\hotspot\src\share\vm\classfile\systemDictionary.cpp, line 210]

Events (10 events):
Event: 18.432 Thread 0x0000000019b86000 Thread exited: 0x0000000019b86000
Event: 18.441 Thread 0x000000001996b800 Thread exited: 0x000000001996b800
Event: 18.457 Thread 0x0000000019923800 Thread exited: 0x0000000019923800
Event: 18.496 Thread 0x0000000019921000 Thread exited: 0x0000000019921000
Event: 20.953 Executing VM operation: BulkRevokeBias
Event: 20.956 Executing VM operation: BulkRevokeBias done
Event: 20.957 Thread 0x000000001991e000 Thread exited: 0x000000001991e000
Event: 26.489 Thread 0x00000000176e6800 Uncommon trap: trap_request=0xffffff65 fr.pc=0x00000000038aaa6c
Event: 26.494 Thread 0x00000000176e6800 DEOPT PACKING pc=0x00000000038aaa6c sp=0x00000000196dd5c0
Event: 26.494 Thread 0x00000000176e6800 DEOPT UNPACKING pc=0x0000000002c5582a sp=0x00000000196dd510 mode 2


Dynamic libraries:
0x00007ff7cb250000 - 0x00007ff7cb287000 	C:\Program Files\Java\jdk1.8.0_91\bin\java.exe
0x00007ffe8cb40000 - 0x00007ffe8cd01000 	C:\Windows\SYSTEM32\ntdll.dll
0x00007ffe8af30000 - 0x00007ffe8afdd000 	C:\Windows\system32\KERNEL32.DLL
0x00007ffe89bd0000 - 0x00007ffe89db8000 	C:\Windows\system32\KERNELBASE.dll
0x00000000770c0000 - 0x0000000077149000 	C:\Windows\System32\SYSFER.DLL
0x00007ffe8ae80000 - 0x00007ffe8af27000 	C:\Windows\system32\ADVAPI32.dll
0x00007ffe8a2c0000 - 0x00007ffe8a35d000 	C:\Windows\system32\msvcrt.dll
0x00007ffe8a0a0000 - 0x00007ffe8a0fb000 	C:\Windows\system32\sechost.dll
0x00007ffe8ac80000 - 0x00007ffe8ad9c000 	C:\Windows\system32\RPCRT4.dll
0x00007ffe8c930000 - 0x00007ffe8ca86000 	C:\Windows\system32\USER32.dll
0x00007ffe8aae0000 - 0x00007ffe8ac66000 	C:\Windows\system32\GDI32.dll
0x00007ffe78b00000 - 0x00007ffe78d74000 	C:\Windows\WinSxS\amd64_microsoft.windows.common-controls_6595b64144ccf1df_6.0.10586.672_none_a2d6b3cea53ff843\COMCTL32.dll
0x00007ffe8b040000 - 0x00007ffe8b2bd000 	C:\Windows\system32\combase.dll
0x00007ffe89dc0000 - 0x00007ffe89e2a000 	C:\Windows\system32\bcryptPrimitives.dll
0x00007ffe8aa10000 - 0x00007ffe8aa4b000 	C:\Windows\system32\IMM32.DLL
0x0000000075af0000 - 0x0000000075bc2000 	C:\Program Files\Java\jdk1.8.0_91\jre\bin\msvcr100.dll
0x0000000075f70000 - 0x0000000076803000 	C:\Program Files\Java\jdk1.8.0_91\jre\bin\server\jvm.dll
0x00007ffe89f40000 - 0x00007ffe89f48000 	C:\Windows\system32\PSAPI.DLL
0x00007ffe87020000 - 0x00007ffe87029000 	C:\Windows\SYSTEM32\WSOCK32.dll
0x00007ffe8aa50000 - 0x00007ffe8aabb000 	C:\Windows\system32\WS2_32.dll
0x00007ffe87680000 - 0x00007ffe876a3000 	C:\Windows\SYSTEM32\WINMM.dll
0x00007ffe88540000 - 0x00007ffe8854a000 	C:\Windows\SYSTEM32\VERSION.dll
0x00007ffe87620000 - 0x00007ffe8764c000 	C:\Windows\SYSTEM32\WINMMBASE.dll
0x00007ffe89ef0000 - 0x00007ffe89f33000 	C:\Windows\system32\cfgmgr32.dll
0x0000000076c40000 - 0x0000000076c4f000 	C:\Program Files\Java\jdk1.8.0_91\jre\bin\verify.dll
0x0000000076b50000 - 0x0000000076b79000 	C:\Program Files\Java\jdk1.8.0_91\jre\bin\java.dll
0x0000000076c20000 - 0x0000000076c36000 	C:\Program Files\Java\jdk1.8.0_91\jre\bin\zip.dll
0x00007ffe8b2c0000 - 0x00007ffe8c81c000 	C:\Windows\system32\SHELL32.dll
0x00007ffe892e0000 - 0x00007ffe89925000 	C:\Windows\system32\windows.storage.dll
0x00007ffe8a100000 - 0x00007ffe8a152000 	C:\Windows\system32\shlwapi.dll
0x00007ffe891e0000 - 0x00007ffe891ef000 	C:\Windows\system32\kernel.appcore.dll
0x00007ffe89e30000 - 0x00007ffe89ee5000 	C:\Windows\system32\shcore.dll
0x00007ffe89160000 - 0x00007ffe891ab000 	C:\Windows\system32\powrprof.dll
0x00007ffe891b0000 - 0x00007ffe891c4000 	C:\Windows\system32\profapi.dll
0x00007ffe857d0000 - 0x00007ffe857e0000 	C:\Program Files (x86)\JetBrains\IntelliJ IDEA 2016.3.3\INTELAJ\IntelliJ IDEA 2016.3.3\bin\breakgen64.dll
0x0000000076ae0000 - 0x0000000076afa000 	C:\Program Files\Java\jdk1.8.0_91\jre\bin\net.dll
0x00007ffe88a90000 - 0x00007ffe88aec000 	C:\Windows\system32\mswsock.dll
0x0000000075cf0000 - 0x0000000075e88000 	C:\Program Files\Java\jdk1.8.0_91\jre\bin\awt.dll
0x00007ffe8a790000 - 0x00007ffe8a856000 	C:\Windows\system32\OLEAUT32.dll
0x00007ffe87550000 - 0x00007ffe875c9000 	C:\Windows\system32\apphelp.dll
0x00007ffe87850000 - 0x00007ffe878e6000 	C:\Windows\system32\uxtheme.dll
0x00007ffe8a160000 - 0x00007ffe8a2ba000 	C:\Windows\system32\MSCTF.dll
0x00007ffe7f570000 - 0x00007ffe7f613000 	C:\Program Files\Common Files\microsoft shared\ink\tiptsf.dll
0x00007ffe873d0000 - 0x00007ffe873f2000 	C:\Windows\system32\dwmapi.dll
0x00007ffe89f50000 - 0x00007ffe8a093000 	C:\Windows\system32\ole32.dll
0x00007ffe88b40000 - 0x00007ffe88b57000 	C:\Windows\SYSTEM32\CRYPTSP.dll
0x00007ffe887d0000 - 0x00007ffe88804000 	C:\Windows\system32\rsaenh.dll
0x00007ffe88d60000 - 0x00007ffe88d89000 	C:\Windows\SYSTEM32\bcrypt.dll
0x00007ffe88920000 - 0x00007ffe8893f000 	C:\Windows\SYSTEM32\USERENV.dll
0x00007ffe88c60000 - 0x00007ffe88c6b000 	C:\Windows\SYSTEM32\CRYPTBASE.dll
0x00007ffe85620000 - 0x00007ffe85658000 	C:\Windows\SYSTEM32\IPHLPAPI.DLL
0x00007ffe8ae00000 - 0x00007ffe8ae08000 	C:\Windows\system32\NSI.dll
0x00007ffe855c0000 - 0x00007ffe855d6000 	C:\Windows\SYSTEM32\dhcpcsvc6.DLL
0x00007ffe85560000 - 0x00007ffe8557a000 	C:\Windows\SYSTEM32\dhcpcsvc.DLL
0x0000000075cd0000 - 0x0000000075ce1000 	C:\Program Files\Java\jdk1.8.0_91\jre\bin\nio.dll
0x0000000076b00000 - 0x0000000076b47000 	C:\Program Files\Java\jdk1.8.0_91\jre\bin\fontmanager.dll
0x0000000075c40000 - 0x0000000075c82000 	C:\Program Files\Java\jdk1.8.0_91\jre\bin\t2k.dll
0x00007ffe8ca90000 - 0x00007ffe8cb37000 	C:\Windows\system32\clbcatq.dll
0x00007ffe82e50000 - 0x00007ffe82fac000 	C:\Windows\System32\uiautomationcore.dll
0x00007ffe89020000 - 0x00007ffe890b9000 	C:\Windows\SYSTEM32\sxs.dll
0x00007ffe7f8d0000 - 0x00007ffe7f93a000 	C:\Windows\System32\OLEACC.dll
0x00007ffe80c90000 - 0x00007ffe80d41000 	C:\Windows\SYSTEM32\twinapi.dll
0x00007ffe879f0000 - 0x00007ffe87af0000 	C:\Windows\SYSTEM32\twinapi.appcore.dll
0x0000000075ab0000 - 0x0000000075ae1000 	C:\Program Files\Java\jdk1.8.0_91\jre\bin\jpeg.dll
0x00007ffe85cc0000 - 0x00007ffe85e71000 	C:\Windows\SYSTEM32\WindowsCodecs.dll
0x00007ffe833e0000 - 0x00007ffe8342a000 	C:\Windows\system32\dataexchange.dll
0x00007ffe83d30000 - 0x00007ffe83fd8000 	C:\Windows\system32\d3d11.dll
0x00007ffe86900000 - 0x00007ffe869e3000 	C:\Windows\system32\dcomp.dll
0x00007ffe86850000 - 0x00007ffe868f2000 	C:\Windows\system32\dxgi.dll
0x00007ffe6f9c0000 - 0x00007ffe6faaf000 	C:\Program Files\Java\jdk1.8.0_91\jre\bin\msvcr120.dll
0x00007ffe712d0000 - 0x00007ffe71376000 	C:\Program Files\Java\jdk1.8.0_91\jre\bin\msvcp120.dll
0x0000000075a80000 - 0x0000000075aa3000 	C:\Program Files\Java\jdk1.8.0_91\jre\bin\prism_d3d.dll
0x00007ffe688a0000 - 0x00007ffe68ab0000 	C:\Windows\system32\d3d9.dll
0x00007ffe52c50000 - 0x00007ffe54ae3000 	C:\Windows\SYSTEM32\igdumdim64.dll
0x00007ffe8a360000 - 0x00007ffe8a789000 	C:\Windows\system32\SETUPAPI.dll
0x0000000075a30000 - 0x0000000075a73000 	C:\Program Files\Java\jdk1.8.0_91\jre\bin\glass.dll
0x00007ffe8c820000 - 0x00007ffe8c92b000 	C:\Windows\system32\COMDLG32.dll
0x00007ffe89250000 - 0x00007ffe892d6000 	C:\Windows\system32\FirewallAPI.dll
0x00007ffe89930000 - 0x00007ffe89947000 	C:\Windows\system32\NETAPI32.dll
0x00007ffe86360000 - 0x00007ffe8636c000 	C:\Windows\SYSTEM32\DAVHLPR.DLL
0x00007ffe87c50000 - 0x00007ffe87c82000 	C:\Windows\SYSTEM32\fwbase.dll
0x00007ffe7cc30000 - 0x00007ffe7daa0000 	C:\Windows\SYSTEM32\igc64.dll
0x0000000072a60000 - 0x0000000074fee000 	C:\Program Files\Java\jdk1.8.0_91\jre\bin\jfxwebkit.dll
0x0000000075c00000 - 0x0000000075c24000 	C:\Program Files\Java\jdk1.8.0_91\jre\bin\sunec.dll
0x0000000075a10000 - 0x0000000075a24000 	C:\Program Files\Java\jdk1.8.0_91\jre\bin\javafx_font.dll
0x00007ffe81410000 - 0x00007ffe8166f000 	C:\Windows\SYSTEM32\dwrite.dll
0x00007ffe733e0000 - 0x00007ffe733f6000 	C:\Windows\system32\napinsp.dll
0x00007ffe73400000 - 0x00007ffe7341a000 	C:\Windows\system32\pnrpnsp.dll
0x00007ffe86dc0000 - 0x00007ffe86dd8000 	C:\Windows\system32\NLAapi.dll
0x00007ffe87940000 - 0x00007ffe879ea000 	C:\Windows\SYSTEM32\DNSAPI.dll
0x00007ffe73420000 - 0x00007ffe7342d000 	C:\Windows\System32\winrnr.dll
0x00007ffe73430000 - 0x00007ffe73445000 	C:\Windows\System32\wshbth.dll
0x00007ffe86230000 - 0x00007ffe86297000 	C:\Windows\System32\fwpuclnt.dll
0x00007ffe84ac0000 - 0x00007ffe84aca000 	C:\Windows\System32\rasadhlp.dll
0x00000000759f0000 - 0x0000000075a01000 	C:\Program Files\Java\jdk1.8.0_91\jre\bin\prism_common.dll
0x00000000759b0000 - 0x00000000759ec000 	C:\Program Files\Java\jdk1.8.0_91\jre\bin\lcms.dll
0x00007ffe85b30000 - 0x00007ffe85cbc000 	C:\Windows\SYSTEM32\dbghelp.dll

VM Arguments:
jvm_args: -Xms128m -Xmx750m -XX:ReservedCodeCacheSize=240m -XX:+UseConcMarkSweepGC -XX:SoftRefLRUPolicyMSPerMB=50 -ea -Dsun.io.useCanonCaches=false -Djava.net.preferIPv4Stack=true -XX:+HeapDumpOnOutOfMemoryError -XX:-OmitStackTraceInFastThrow -Didea.launcher.port=7535 -Didea.launcher.bin.path=C:\Program Files (x86)\JetBrains\IntelliJ IDEA 2016.3.3\INTELAJ\IntelliJ IDEA 2016.3.3\bin -Dfile.encoding=UTF-8 
java_command: com.intellij.rt.execution.application.AppMain com.codename1.impl.javase.Simulator com.hales.os.MyApplication
java_class_path (initial): C:/Users/chales/Desktop/os2\out\production\os2;C:/Users/chales/Desktop/os2\src;C:/Users/chales/Desktop/os2\lib\CodenameOne.jar;C:/Users/chales/Desktop/os2\JavaSE.jar;native/internal_tmp;lib/impl/cls;C:\Program Files (x86)\JetBrains\IntelliJ IDEA 2016.3.3\INTELAJ\IntelliJ IDEA 2016.3.3\lib\idea_rt.jar
Launcher Type: SUN_STANDARD

Environment Variables:
PATH=C:\ProgramData\Oracle\Java\javapath;C:\Windows\system32;C:\Windows;C:\Windows\System32\Wbem;C:\Windows\System32\WindowsPowerShell\v1.0\
USERNAME=chales
OS=Windows_NT
PROCESSOR_IDENTIFIER=Intel64 Family 6 Model 78 Stepping 3, GenuineIntel



---------------  S Y S T E M  ---------------

OS: Windows 10.0 , 64 bit Build 10586 (10.0.10586.589)

CPU:total 4 (2 cores per cpu, 2 threads per core) family 6 model 78 stepping 3, cmov, cx8, fxsr, mmx, sse, sse2, sse3, ssse3, sse4.1, sse4.2, popcnt, avx, avx2, aes, clmul, erms, 3dnowpref, lzcnt, ht, tsc, tscinvbit, bmi1, bmi2, adx

Memory: 4k page, physical 7802196k(1877424k free), swap 16050228k(5290504k free)

vm_info: Java HotSpot(TM) 64-Bit Server VM (25.91-b15) for windows-amd64 JRE (1.8.0_91-b15), built on May 20 2016 17:43:15 by "java_re" with MS VC++ 10.0 (VS2010)

time: Sat Apr 29 19:10:32 2017
elapsed time: 27 seconds (0d 0h 0m 27s)

