#
# A fatal error has been detected by the Java Runtime Environment:
#
#  EXCEPTION_ACCESS_VIOLATION (0xc0000005) at pc=0x00000000735f48c9, pid=43668, tid=42600
#
# JRE version: Java(TM) SE Runtime Environment (8.0_91-b15) (build 1.8.0_91-b15)
# Java VM: Java HotSpot(TM) 64-Bit Server VM (25.91-b15 mixed mode windows-amd64 compressed oops)
# Problematic frame:
# C  [jfxwebkit.dll+0xb948c9]
#
# Failed to write core dump. Minidumps are not enabled by default on client versions of Windows
#
# If you would like to submit a bug report, please visit:
#   http://bugreport.java.com/bugreport/crash.jsp
# The crash happened outside the Java Virtual Machine in native code.
# See problematic frame for where to report the bug.
#

---------------  T H R E A D  ---------------

Current thread (0x000000001a590000):  JavaThread "JavaFX Application Thread" [_thread_in_native, id=42600, stack(0x000000001c700000,0x000000001c800000)]

siginfo: ExceptionCode=0xc0000005, writing address 0x00000000bbadbeef

Registers:
RAX=0x0000000000000000, RBX=0x0000000000000000, RCX=0x4d860ea53a240000, RDX=0x0000000000000002
RSP=0x000000001c7fd0d0, RBP=0x000000001c7fd1d9, RSI=0x0000000212c37c10, RDI=0x0000000140000040
R8 =0x000000001c7fcbd0, R9 =0x00007ffe6f9c0000, R10=0x0000000000000000, R11=0x0000000000000200
R12=0x000000000d2c37bd, R13=0x000000000d2c37bd, R14=0x00000000107745ad, R15=0x0000000140000040
RIP=0x00000000735f48c9, EFLAGS=0x0000000000010246

Top of Stack: (sp=0x000000001c7fd0d0)
0x000000001c7fd0d0:   0000000000000000 00000002db6ae340
0x000000001c7fd0e0:   000000004ac84000 0000000000000000
0x000000001c7fd0f0:   0000000000000000 00000000734ba422
0x000000001c7fd100:   000000004b3d387a 000000004aae7800
0x000000001c7fd110:   0000000027699610 0000000000000000
0x000000001c7fd120:   000000000d2c37be 0000000000000010
0x000000001c7fd130:   0000000000000000 0000000000000000
0x000000001c7fd140:   0000000000000000 00000000107745ad
0x000000001c7fd150:   0000000000000000 0000000140000040
0x000000001c7fd160:   0d2c37bd0d2c37bd 0000000000000000
0x000000001c7fd170:   4aae74004ac84000 4400000044000000
0x000000001c7fd180:   0000000000000000 4b3d387a4b1aa03b
0x000000001c7fd190:   0000000000000000 00007ffe8cb60abd
0x000000001c7fd1a0:   000000001c7fd618 00000000272c8df0
0x000000001c7fd1b0:   fffffffffffffffe 0000000000000000
0x000000001c7fd1c0:   0000000000000000 0000000000000000 

Instructions: (pc=0x00000000735f48c9)
0x00000000735f48a9:   83 c4 20 5b c3 cc cc 48 83 ec 28 48 8b 05 f5 bb
0x00000000735f48b9:   8c 01 48 85 c0 74 02 ff d0 e8 a9 07 00 00 33 c0
0x00000000735f48c9:   a3 ef be ad bb 00 00 00 00 48 83 c4 28 48 ff e0
0x00000000735f48d9:   cc cc cc cc cc cc cc 48 83 ec 28 48 8b 05 c5 bb 


Register to memory mapping:

RAX=0x0000000000000000 is an unknown value
RBX=0x0000000000000000 is an unknown value
RCX=0x4d860ea53a240000 is an unknown value
RDX=0x0000000000000002 is an unknown value
RSP=0x000000001c7fd0d0 is pointing into the stack for thread: 0x000000001a590000
RBP=0x000000001c7fd1d9 is pointing into the stack for thread: 0x000000001a590000
RSI=0x0000000212c37c10 is an unknown value
RDI=0x0000000140000040 is an unknown value
R8 =0x000000001c7fcbd0 is pointing into the stack for thread: 0x000000001a590000
R9 =0x00007ffe6f9c0000 is an unknown value
R10=0x0000000000000000 is an unknown value
R11=0x0000000000000200 is an unknown value
R12=0x000000000d2c37bd is an unknown value
R13=0x000000000d2c37bd is an unknown value
R14=0x00000000107745ad is an unknown value
R15=0x0000000140000040 is an unknown value


Stack: [0x000000001c700000,0x000000001c800000],  sp=0x000000001c7fd0d0,  free space=1012k
Native frames: (J=compiled Java code, j=interpreted, Vv=VM code, C=native code)
C  [jfxwebkit.dll+0xb948c9]
C  [jfxwebkit.dll+0xa5a422]
C  [jfxwebkit.dll+0xa5b326]
C  [jfxwebkit.dll+0xa549a2]
C  [jfxwebkit.dll+0xa53aa6]
C  [jfxwebkit.dll+0xa53b07]
C  [jfxwebkit.dll+0xa53b07]
C  [jfxwebkit.dll+0xa53b07]
C  [jfxwebkit.dll+0xa53b07]
C  [jfxwebkit.dll+0xa53b07]
C  [jfxwebkit.dll+0xa53b07]
C  [jfxwebkit.dll+0x9a3713]
C  [jfxwebkit.dll+0x827a74]
C  [jfxwebkit.dll+0x829fad]
C  [jfxwebkit.dll+0x8c773f]
C  [jfxwebkit.dll+0x8aa6e6]
C  [jfxwebkit.dll+0x86ed96]
C  [jfxwebkit.dll+0xa56ba8]
C  [jfxwebkit.dll+0xa59dd0]
C  [jfxwebkit.dll+0xa5b376]
C  [jfxwebkit.dll+0xa549a2]
C  [jfxwebkit.dll+0x8aa9f0]
C  0x0000000002407f54

Java frames: (J=compiled Java code, j=interpreted, Vv=VM code)
j  com.sun.webkit.WebPage.twkPrePaint(J)V+0
j  com.sun.webkit.WebPage.updateDirty(Lcom/sun/webkit/graphics/WCRectangle;)V+117
j  com.sun.webkit.WebPage.updateContent(Lcom/sun/webkit/graphics/WCRectangle;)V+48
j  com.sun.javafx.sg.prism.web.NGWebView.update()V+68
j  javafx.scene.web.WebView.handleStagePulse()V+78
j  javafx.scene.web.WebView.lambda$new$29()V+1
j  javafx.scene.web.WebView$$Lambda$106.pulse()V+4
J 3734 C1 com.sun.javafx.tk.Toolkit$$Lambda$152.run()Ljava/lang/Object; (8 bytes) @ 0x0000000002dfbf4c [0x0000000002dfbe00+0x14c]
v  ~StubRoutines::call_stub
J 2198  java.security.AccessController.doPrivileged(Ljava/security/PrivilegedAction;Ljava/security/AccessControlContext;)Ljava/lang/Object; (0 bytes) @ 0x00000000028a7926 [0x00000000028a78c0+0x66]
J 3327 C1 com.sun.javafx.tk.Toolkit.runPulse(Lcom/sun/javafx/tk/TKPulseListener;Ljava/security/AccessControlContext;)V (26 bytes) @ 0x0000000002542194 [0x0000000002541d20+0x474]
j  com.sun.javafx.tk.Toolkit.firePulse()V+129
j  com.sun.javafx.tk.quantum.QuantumToolkit.pulse(Z)V+97
j  com.sun.javafx.tk.quantum.QuantumToolkit.pulse()V+2
j  com.sun.javafx.tk.quantum.QuantumToolkit.lambda$runToolkit$404()V+1
j  com.sun.javafx.tk.quantum.QuantumToolkit$$Lambda$60.run()V+4
J 3429 C1 com.sun.glass.ui.InvokeLaterDispatcher$Future.run()V (91 bytes) @ 0x0000000002d15c4c [0x0000000002d15b40+0x10c]
v  ~StubRoutines::call_stub
j  com.sun.glass.ui.win.WinApplication._runLoop(Ljava/lang/Runnable;)V+0
j  com.sun.glass.ui.win.WinApplication.lambda$null$148(ILjava/lang/Runnable;)V+8
j  com.sun.glass.ui.win.WinApplication$$Lambda$56.run()V+12
j  java.lang.Thread.run()V+11
v  ~StubRoutines::call_stub

---------------  P R O C E S S  ---------------

Java Threads: ( => current thread )
  0x0000000018e80000 JavaThread "Prism Font Disposer" daemon [_thread_blocked, id=19760, stack(0x0000000025860000,0x0000000025960000)]
  0x0000000018e75800 JavaThread "Watchdog-Timer-1" daemon [_thread_blocked, id=43476, stack(0x0000000022fd0000,0x00000000230d0000)]
  0x0000000018e7b000 JavaThread "Timer-0" [_thread_blocked, id=42392, stack(0x0000000022270000,0x0000000022370000)]
  0x000000001a593000 JavaThread "Disposer" daemon [_thread_blocked, id=42296, stack(0x0000000021c70000,0x0000000021d70000)]
  0x000000001a592800 JavaThread "invokeAndBlock1" [_thread_blocked, id=34828, stack(0x00000000213c0000,0x00000000214c0000)]
  0x000000001a591800 JavaThread "Network Thread" [_thread_blocked, id=38872, stack(0x00000000212c0000,0x00000000213c0000)]
  0x000000001a591000 JavaThread "Thread-7" daemon [_thread_in_native, id=28732, stack(0x00000000211c0000,0x00000000212c0000)]
=>0x000000001a590000 JavaThread "JavaFX Application Thread" [_thread_in_native, id=42600, stack(0x000000001c700000,0x000000001c800000)]
  0x0000000018e45000 JavaThread "Thread-6" daemon [_thread_blocked, id=42472, stack(0x000000001c600000,0x000000001c700000)]
  0x0000000019319000 JavaThread "QuantumRenderer-0" daemon [_thread_blocked, id=40076, stack(0x000000001c500000,0x000000001c600000)]
  0x0000000019370800 JavaThread "EDT" [_thread_blocked, id=43804, stack(0x000000001be80000,0x000000001bf80000)]
  0x00000000022f0800 JavaThread "DestroyJavaVM" [_thread_blocked, id=38852, stack(0x00000000021f0000,0x00000000022f0000)]
  0x00000000187ec000 JavaThread "Thread-1" [_thread_blocked, id=43752, stack(0x0000000019920000,0x0000000019a20000)]
  0x00000000187e3800 JavaThread "AWT-EventQueue-0" [_thread_blocked, id=36044, stack(0x0000000019820000,0x0000000019920000)]
  0x00000000187d5000 JavaThread "AWT-Windows" daemon [_thread_in_native, id=42124, stack(0x0000000019610000,0x0000000019710000)]
  0x00000000187d4800 JavaThread "AWT-Shutdown" [_thread_blocked, id=42676, stack(0x0000000019510000,0x0000000019610000)]
  0x00000000187d2000 JavaThread "Java2D Disposer" daemon [_thread_blocked, id=37444, stack(0x0000000019410000,0x0000000019510000)]
  0x00000000184df000 JavaThread "Monitor Ctrl-Break" daemon [_thread_in_native, id=41804, stack(0x0000000018a10000,0x0000000018b10000)]
  0x0000000016b3c800 JavaThread "Service Thread" daemon [_thread_blocked, id=38964, stack(0x0000000018810000,0x0000000018910000)]
  0x0000000016ae9000 JavaThread "C1 CompilerThread2" daemon [_thread_blocked, id=39468, stack(0x0000000018310000,0x0000000018410000)]
  0x0000000016ae2800 JavaThread "C2 CompilerThread1" daemon [_thread_blocked, id=43400, stack(0x0000000018210000,0x0000000018310000)]
  0x0000000016adf800 JavaThread "C2 CompilerThread0" daemon [_thread_blocked, id=37392, stack(0x0000000018110000,0x0000000018210000)]
  0x0000000016ade000 JavaThread "Attach Listener" daemon [_thread_blocked, id=42248, stack(0x0000000018010000,0x0000000018110000)]
  0x0000000016ad8800 JavaThread "Signal Dispatcher" daemon [_thread_blocked, id=43736, stack(0x0000000017f10000,0x0000000018010000)]
  0x0000000016aca800 JavaThread "Finalizer" daemon [_thread_blocked, id=42728, stack(0x0000000017d30000,0x0000000017e30000)]
  0x00000000023df000 JavaThread "Reference Handler" daemon [_thread_blocked, id=29860, stack(0x0000000017c30000,0x0000000017d30000)]

Other Threads:
  0x0000000016aa8000 VMThread [stack: 0x0000000017b30000,0x0000000017c30000] [id=43224]
  0x0000000018454000 WatcherThread [stack: 0x0000000018910000,0x0000000018a10000] [id=20716]

VM state:not at safepoint (normal execution)

VM Mutex/Monitor currently owned by a thread: None

Heap:
 PSYoungGen      total 134144K, used 51112K [0x00000000d8500000, 0x00000000e7780000, 0x0000000100000000)
  eden space 122880K, 32% used [0x00000000d8500000,0x00000000dabecc20,0x00000000dfd00000)
  from space 11264K, 99% used [0x00000000dfd00000,0x00000000e07fd600,0x00000000e0800000)
  to   space 15360K, 0% used [0x00000000e6880000,0x00000000e6880000,0x00000000e7780000)
 ParOldGen       total 53760K, used 14222K [0x0000000088e00000, 0x000000008c280000, 0x00000000d8500000)
  object space 53760K, 26% used [0x0000000088e00000,0x0000000089be3888,0x000000008c280000)
 Metaspace       used 31219K, capacity 32130K, committed 32384K, reserved 1077248K
  class space    used 3921K, capacity 4121K, committed 4224K, reserved 1048576K

Card table byte_map: [0x00000000117b0000,0x0000000011b70000] byte_map_base: 0x0000000011369000

Marking Bits: (ParMarkBitMap*) 0x0000000076782f70
 Begin Bits: [0x00000000121f0000, 0x0000000013fb8000)
 End Bits:   [0x0000000013fb8000, 0x0000000015d80000)

Polling page: 0x0000000000a90000

CodeCache: size=245760Kb used=12770Kb max_used=12781Kb free=232989Kb
 bounds [0x00000000023f0000, 0x0000000003080000, 0x00000000113f0000]
 total_blobs=4911 nmethods=4022 adapters=800
 compilation: enabled

Compilation events (10 events):
Event: 26.060 Thread 0x0000000016ae2800 nmethod 4497 0x000000000305f950 code [0x000000000305faa0, 0x000000000305fbc8]
Event: 26.062 Thread 0x0000000016adf800 nmethod 4498 0x0000000003074a50 code [0x0000000003074bc0, 0x0000000003074e38]
Event: 26.073 Thread 0x0000000016ae9000 4500       1       com.codename1.impl.javase.JavaSEPort::access$100 (5 bytes)
Event: 26.074 Thread 0x0000000016ae9000 nmethod 4500 0x000000000305f650 code [0x000000000305f7a0, 0x000000000305f890]
Event: 26.074 Thread 0x0000000016ae9000 4501       1       com.codename1.impl.javase.JavaSEPort$C::access$200 (5 bytes)
Event: 26.074 Thread 0x0000000016ae9000 nmethod 4501 0x0000000003074790 code [0x00000000030748e0, 0x00000000030749d0]
Event: 26.077 Thread 0x0000000016ae9000 4502       3       java.awt.geom.AffineTransform::concatenate (1082 bytes)
Event: 26.079 Thread 0x0000000016ae9000 nmethod 4502 0x000000000306e410 code [0x000000000306e5e0, 0x000000000306ef58]
Event: 26.228 Thread 0x0000000016ae2800 4503       4       com.codename1.ui.Component::getAbsoluteY (28 bytes)
Event: 26.229 Thread 0x0000000016ae2800 nmethod 4503 0x0000000003075350 code [0x00000000030754a0, 0x0000000003075588]

GC Heap History (10 events):
Event: 3.115 GC heap before
{Heap before GC invocations=4 (full 0):
 PSYoungGen      total 35840K, used 35825K [0x00000000d8500000, 0x00000000dcb00000, 0x0000000100000000)
  eden space 30720K, 100% used [0x00000000d8500000,0x00000000da300000,0x00000000da300000)
  from space 5120K, 99% used [0x00000000da300000,0x00000000da7fc480,0x00000000da800000)
  to   space 5120K, 0% used [0x00000000dc600000,0x00000000dc600000,0x00000000dcb00000)
 ParOldGen       total 81920K, used 6219K [0x0000000088e00000, 0x000000008de00000, 0x00000000d8500000)
  object space 81920K, 7% used [0x0000000088e00000,0x0000000089412ed8,0x000000008de00000)
 Metaspace       used 11532K, capacity 11780K, committed 12032K, reserved 1060864K
  class space    used 1372K, capacity 1452K, committed 1536K, reserved 1048576K
Event: 3.119 GC heap after
Heap after GC invocations=4 (full 0):
 PSYoungGen      total 66560K, used 4722K [0x00000000d8500000, 0x00000000dcb00000, 0x0000000100000000)
  eden space 61440K, 0% used [0x00000000d8500000,0x00000000d8500000,0x00000000dc100000)
  from space 5120K, 92% used [0x00000000dc600000,0x00000000dca9c8e8,0x00000000dcb00000)
  to   space 5120K, 0% used [0x00000000dc100000,0x00000000dc100000,0x00000000dc600000)
 ParOldGen       total 81920K, used 8908K [0x0000000088e00000, 0x000000008de00000, 0x00000000d8500000)
  object space 81920K, 10% used [0x0000000088e00000,0x00000000896b3060,0x000000008de00000)
 Metaspace       used 11532K, capacity 11780K, committed 12032K, reserved 1060864K
  class space    used 1372K, capacity 1452K, committed 1536K, reserved 1048576K
}
Event: 4.930 GC heap before
{Heap before GC invocations=5 (full 0):
 PSYoungGen      total 66560K, used 66162K [0x00000000d8500000, 0x00000000dcb00000, 0x0000000100000000)
  eden space 61440K, 100% used [0x00000000d8500000,0x00000000dc100000,0x00000000dc100000)
  from space 5120K, 92% used [0x00000000dc600000,0x00000000dca9c8e8,0x00000000dcb00000)
  to   space 5120K, 0% used [0x00000000dc100000,0x00000000dc100000,0x00000000dc600000)
 ParOldGen       total 81920K, used 8908K [0x0000000088e00000, 0x000000008de00000, 0x00000000d8500000)
  object space 81920K, 10% used [0x0000000088e00000,0x00000000896b3060,0x000000008de00000)
 Metaspace       used 15372K, capacity 15678K, committed 16128K, reserved 1062912K
  class space    used 1833K, capacity 1937K, committed 2048K, reserved 1048576K
Event: 4.935 GC heap after
Heap after GC invocations=5 (full 0):
 PSYoungGen      total 66560K, used 5116K [0x00000000d8500000, 0x00000000e1500000, 0x0000000100000000)
  eden space 61440K, 0% used [0x00000000d8500000,0x00000000d8500000,0x00000000dc100000)
  from space 5120K, 99% used [0x00000000dc100000,0x00000000dc5ff258,0x00000000dc600000)
  to   space 12288K, 0% used [0x00000000e0900000,0x00000000e0900000,0x00000000e1500000)
 ParOldGen       total 81920K, used 12885K [0x0000000088e00000, 0x000000008de00000, 0x00000000d8500000)
  object space 81920K, 15% used [0x0000000088e00000,0x0000000089a95548,0x000000008de00000)
 Metaspace       used 15372K, capacity 15678K, committed 16128K, reserved 1062912K
  class space    used 1833K, capacity 1937K, committed 2048K, reserved 1048576K
}
Event: 5.338 GC heap before
{Heap before GC invocations=6 (full 0):
 PSYoungGen      total 66560K, used 22547K [0x00000000d8500000, 0x00000000e1500000, 0x0000000100000000)
  eden space 61440K, 28% used [0x00000000d8500000,0x00000000d9605d88,0x00000000dc100000)
  from space 5120K, 99% used [0x00000000dc100000,0x00000000dc5ff258,0x00000000dc600000)
  to   space 12288K, 0% used [0x00000000e0900000,0x00000000e0900000,0x00000000e1500000)
 ParOldGen       total 81920K, used 12885K [0x0000000088e00000, 0x000000008de00000, 0x00000000d8500000)
  object space 81920K, 15% used [0x0000000088e00000,0x0000000089a95548,0x000000008de00000)
 Metaspace       used 20627K, capacity 21056K, committed 21248K, reserved 1067008K
  class space    used 2586K, capacity 2692K, committed 2816K, reserved 1048576K
Event: 5.344 GC heap after
Heap after GC invocations=6 (full 0):
 PSYoungGen      total 133120K, used 6470K [0x00000000d8500000, 0x00000000e1300000, 0x0000000100000000)
  eden space 122880K, 0% used [0x00000000d8500000,0x00000000d8500000,0x00000000dfd00000)
  from space 10240K, 63% used [0x00000000e0900000,0x00000000e0f51a98,0x00000000e1300000)
  to   space 11264K, 0% used [0x00000000dfd00000,0x00000000dfd00000,0x00000000e0800000)
 ParOldGen       total 81920K, used 12893K [0x0000000088e00000, 0x000000008de00000, 0x00000000d8500000)
  object space 81920K, 15% used [0x0000000088e00000,0x0000000089a97548,0x000000008de00000)
 Metaspace       used 20627K, capacity 21056K, committed 21248K, reserved 1067008K
  class space    used 2586K, capacity 2692K, committed 2816K, reserved 1048576K
}
Event: 5.344 GC heap before
{Heap before GC invocations=7 (full 1):
 PSYoungGen      total 133120K, used 6470K [0x00000000d8500000, 0x00000000e1300000, 0x0000000100000000)
  eden space 122880K, 0% used [0x00000000d8500000,0x00000000d8500000,0x00000000dfd00000)
  from space 10240K, 63% used [0x00000000e0900000,0x00000000e0f51a98,0x00000000e1300000)
  to   space 11264K, 0% used [0x00000000dfd00000,0x00000000dfd00000,0x00000000e0800000)
 ParOldGen       total 81920K, used 12893K [0x0000000088e00000, 0x000000008de00000, 0x00000000d8500000)
  object space 81920K, 15% used [0x0000000088e00000,0x0000000089a97548,0x000000008de00000)
 Metaspace       used 20627K, capacity 21056K, committed 21248K, reserved 1067008K
  class space    used 2586K, capacity 2692K, committed 2816K, reserved 1048576K
Event: 5.373 GC heap after
Heap after GC invocations=7 (full 1):
 PSYoungGen      total 133120K, used 0K [0x00000000d8500000, 0x00000000e1300000, 0x0000000100000000)
  eden space 122880K, 0% used [0x00000000d8500000,0x00000000d8500000,0x00000000dfd00000)
  from space 10240K, 0% used [0x00000000e0900000,0x00000000e0900000,0x00000000e1300000)
  to   space 11264K, 0% used [0x00000000dfd00000,0x00000000dfd00000,0x00000000e0800000)
 ParOldGen       total 53760K, used 9759K [0x0000000088e00000, 0x000000008c280000, 0x00000000d8500000)
  object space 53760K, 18% used [0x0000000088e00000,0x0000000089787d08,0x000000008c280000)
 Metaspace       used 20627K, capacity 21056K, committed 21248K, reserved 1067008K
  class space    used 2586K, capacity 2692K, committed 2816K, reserved 1048576K
}
Event: 8.560 GC heap before
{Heap before GC invocations=8 (full 1):
 PSYoungGen      total 133120K, used 122880K [0x00000000d8500000, 0x00000000e1300000, 0x0000000100000000)
  eden space 122880K, 100% used [0x00000000d8500000,0x00000000dfd00000,0x00000000dfd00000)
  from space 10240K, 0% used [0x00000000e0900000,0x00000000e0900000,0x00000000e1300000)
  to   space 11264K, 0% used [0x00000000dfd00000,0x00000000dfd00000,0x00000000e0800000)
 ParOldGen       total 53760K, used 9759K [0x0000000088e00000, 0x000000008c280000, 0x00000000d8500000)
  object space 53760K, 18% used [0x0000000088e00000,0x0000000089787d08,0x000000008c280000)
 Metaspace       used 30656K, capacity 31548K, committed 31872K, reserved 1077248K
  class space    used 3914K, capacity 4120K, committed 4224K, reserved 1048576K
Event: 8.571 GC heap after
Heap after GC invocations=8 (full 1):
 PSYoungGen      total 134144K, used 11253K [0x00000000d8500000, 0x00000000e7780000, 0x0000000100000000)
  eden space 122880K, 0% used [0x00000000d8500000,0x00000000d8500000,0x00000000dfd00000)
  from space 11264K, 99% used [0x00000000dfd00000,0x00000000e07fd600,0x00000000e0800000)
  to   space 15360K, 0% used [0x00000000e6880000,0x00000000e6880000,0x00000000e7780000)
 ParOldGen       total 53760K, used 14222K [0x0000000088e00000, 0x000000008c280000, 0x00000000d8500000)
  object space 53760K, 26% used [0x0000000088e00000,0x0000000089be3888,0x000000008c280000)
 Metaspace       used 30656K, capacity 31548K, committed 31872K, reserved 1077248K
  class space    used 3914K, capacity 4120K, committed 4224K, reserved 1048576K
}

Deoptimization events (10 events):
Event: 8.062 Thread 0x0000000019370800 Uncommon trap: reason=unstable_if action=reinterpret pc=0x0000000002d6c8c4 method=com.codename1.impl.javase.JavaSEPort.getGraphics(Ljava/lang/Object;)Ljava/awt/Graphics2D; @ 4
Event: 8.062 Thread 0x0000000019370800 Uncommon trap: reason=unstable_if action=reinterpret pc=0x0000000002d6f8ec method=sun.java2d.SunGraphics2D.setRenderingHint(Ljava/awt/RenderingHints$Key;Ljava/lang/Object;)V @ 286
Event: 8.186 Thread 0x000000001a590000 Uncommon trap: reason=predicate action=maybe_recompile pc=0x0000000002bc9c04 method=java.util.AbstractCollection.addAll(Ljava/util/Collection;)Z @ 18
Event: 9.653 Thread 0x00000000187e3800 Uncommon trap: reason=unstable_if action=reinterpret pc=0x0000000002ee1488 method=java.awt.Rectangle.translate(II)V @ 11
Event: 9.654 Thread 0x00000000187e3800 Uncommon trap: reason=unstable_if action=reinterpret pc=0x0000000002f7995c method=java.awt.Rectangle.translate(II)V @ 109
Event: 9.654 Thread 0x00000000187e3800 Uncommon trap: reason=unstable_if action=reinterpret pc=0x0000000002f4f4c4 method=java.awt.Rectangle.translate(II)V @ 109
Event: 9.654 Thread 0x00000000187e3800 Uncommon trap: reason=unstable_if action=reinterpret pc=0x0000000002eb4ae0 method=java.awt.Rectangle.translate(II)V @ 109
Event: 9.656 Thread 0x00000000187e3800 Uncommon trap: reason=unstable_if action=reinterpret pc=0x0000000002ee1a14 method=java.awt.Rectangle.translate(II)V @ 11
Event: 11.837 Thread 0x0000000019370800 Uncommon trap: reason=unstable_if action=reinterpret pc=0x0000000002facc70 method=com.codename1.ui.Button.isPressedStyle()Z @ 44
Event: 11.837 Thread 0x0000000019370800 Uncommon trap: reason=unstable_if action=reinterpret pc=0x0000000002ec6204 method=com.codename1.ui.Component.getStyle()Lcom/codename1/ui/plaf/Style; @ 111

Internal exceptions (10 events):
Event: 5.409 Thread 0x0000000019370800 Implicit null exception at 0x00000000027e3d99 to 0x00000000027e3e6d
Event: 5.726 Thread 0x000000001a590000 Exception <a 'sun/nio/fs/WindowsException'> (0x00000000d9c46ab0) thrown at [C:\re\workspace\8-2-build-windows-amd64-cygwin\jdk8u91\7017\hotspot\src\share\vm\prims\jni.cpp, line 709]
Event: 5.728 Thread 0x000000001a590000 Exception <a 'sun/nio/fs/WindowsException'> (0x00000000d9c48428) thrown at [C:\re\workspace\8-2-build-windows-amd64-cygwin\jdk8u91\7017\hotspot\src\share\vm\prims\jni.cpp, line 709]
Event: 6.679 Thread 0x000000001a590000 Exception <a 'java/lang/ClassNotFoundException': sun/net/www/protocol/about/Handler> (0x00000000d9fb51f8) thrown at [C:\re\workspace\8-2-build-windows-amd64-cygwin\jdk8u91\7017\hotspot\src\share\vm\classfile\systemDictionary.cpp, line 210]
Event: 7.099 Thread 0x0000000019370800 Implicit null exception at 0x0000000002922313 to 0x00000000029223dd
Event: 7.505 Thread 0x0000000019319000 Implicit null exception at 0x0000000002ba5dde to 0x0000000002ba5e19
Event: 7.505 Thread 0x0000000019319000 Exception <a 'java/lang/NullPointerException'> (0x00000000de538a58) thrown at [C:\re\workspace\8-2-build-windows-amd64-cygwin\jdk8u91\7017\hotspot\src\share\vm\runtime\sharedRuntime.cpp, line 605]
Event: 8.273 Thread 0x000000001a590000 Exception <a 'sun/nio/fs/WindowsException'> (0x00000000df3208b0) thrown at [C:\re\workspace\8-2-build-windows-amd64-cygwin\jdk8u91\7017\hotspot\src\share\vm\prims\jni.cpp, line 709]
Event: 8.275 Thread 0x000000001a590000 Exception <a 'sun/nio/fs/WindowsException'> (0x00000000df321608) thrown at [C:\re\workspace\8-2-build-windows-amd64-cygwin\jdk8u91\7017\hotspot\src\share\vm\prims\jni.cpp, line 709]
Event: 8.377 Thread 0x000000001a590000 Exception <a 'java/lang/ClassNotFoundException': sun/net/www/protocol/about/Handler> (0x00000000df34e310) thrown at [C:\re\workspace\8-2-build-windows-amd64-cygwin\jdk8u91\7017\hotspot\src\share\vm\classfile\systemDictionary.cpp, line 210]

Events (10 events):
Event: 18.869 Thread 0x0000000018e79800 Thread exited: 0x0000000018e79800
Event: 18.869 Thread 0x0000000018e7f800 Thread exited: 0x0000000018e7f800
Event: 18.872 Thread 0x0000000018e83000 Thread exited: 0x0000000018e83000
Event: 18.876 Thread 0x000000001a9ee000 Thread exited: 0x000000001a9ee000
Event: 18.882 Thread 0x0000000018e82800 Thread exited: 0x0000000018e82800
Event: 18.900 Thread 0x0000000018e7b800 Thread exited: 0x0000000018e7b800
Event: 18.901 Thread 0x0000000018e78800 Thread exited: 0x0000000018e78800
Event: 18.901 Thread 0x0000000018e7e000 Thread exited: 0x0000000018e7e000
Event: 18.918 Thread 0x0000000018e7d000 Thread exited: 0x0000000018e7d000
Event: 18.979 Thread 0x000000001a9f1000 Thread exited: 0x000000001a9f1000


Dynamic libraries:
0x00007ff713630000 - 0x00007ff713667000 	C:\Program Files\Java\jdk1.8.0_91\bin\java.exe
0x00007ffe8cb40000 - 0x00007ffe8cd01000 	C:\Windows\SYSTEM32\ntdll.dll
0x00007ffe8af30000 - 0x00007ffe8afdd000 	C:\Windows\system32\KERNEL32.DLL
0x00007ffe89bd0000 - 0x00007ffe89db8000 	C:\Windows\system32\KERNELBASE.dll
0x00000000770c0000 - 0x0000000077149000 	C:\Windows\System32\SYSFER.DLL
0x00007ffe8ae80000 - 0x00007ffe8af27000 	C:\Windows\system32\ADVAPI32.dll
0x00007ffe8a2c0000 - 0x00007ffe8a35d000 	C:\Windows\system32\msvcrt.dll
0x00007ffe8a0a0000 - 0x00007ffe8a0fb000 	C:\Windows\system32\sechost.dll
0x00007ffe8ac80000 - 0x00007ffe8ad9c000 	C:\Windows\system32\RPCRT4.dll
0x00007ffe8c930000 - 0x00007ffe8ca86000 	C:\Windows\system32\USER32.dll
0x00007ffe8aae0000 - 0x00007ffe8ac66000 	C:\Windows\system32\GDI32.dll
0x00007ffe78b00000 - 0x00007ffe78d74000 	C:\Windows\WinSxS\amd64_microsoft.windows.common-controls_6595b64144ccf1df_6.0.10586.672_none_a2d6b3cea53ff843\COMCTL32.dll
0x00007ffe8b040000 - 0x00007ffe8b2bd000 	C:\Windows\system32\combase.dll
0x00007ffe89dc0000 - 0x00007ffe89e2a000 	C:\Windows\system32\bcryptPrimitives.dll
0x00007ffe8aa10000 - 0x00007ffe8aa4b000 	C:\Windows\system32\IMM32.DLL
0x0000000075af0000 - 0x0000000075bc2000 	C:\Program Files\Java\jdk1.8.0_91\jre\bin\msvcr100.dll
0x0000000075f70000 - 0x0000000076803000 	C:\Program Files\Java\jdk1.8.0_91\jre\bin\server\jvm.dll
0x00007ffe89f40000 - 0x00007ffe89f48000 	C:\Windows\system32\PSAPI.DLL
0x00007ffe87020000 - 0x00007ffe87029000 	C:\Windows\SYSTEM32\WSOCK32.dll
0x00007ffe8aa50000 - 0x00007ffe8aabb000 	C:\Windows\system32\WS2_32.dll
0x00007ffe87680000 - 0x00007ffe876a3000 	C:\Windows\SYSTEM32\WINMM.dll
0x00007ffe88540000 - 0x00007ffe8854a000 	C:\Windows\SYSTEM32\VERSION.dll
0x00007ffe87620000 - 0x00007ffe8764c000 	C:\Windows\SYSTEM32\WINMMBASE.dll
0x00007ffe89ef0000 - 0x00007ffe89f33000 	C:\Windows\system32\cfgmgr32.dll
0x0000000076c40000 - 0x0000000076c4f000 	C:\Program Files\Java\jdk1.8.0_91\jre\bin\verify.dll
0x0000000076b50000 - 0x0000000076b79000 	C:\Program Files\Java\jdk1.8.0_91\jre\bin\java.dll
0x0000000076c20000 - 0x0000000076c36000 	C:\Program Files\Java\jdk1.8.0_91\jre\bin\zip.dll
0x00007ffe8b2c0000 - 0x00007ffe8c81c000 	C:\Windows\system32\SHELL32.dll
0x00007ffe892e0000 - 0x00007ffe89925000 	C:\Windows\system32\windows.storage.dll
0x00007ffe8a100000 - 0x00007ffe8a152000 	C:\Windows\system32\shlwapi.dll
0x00007ffe891e0000 - 0x00007ffe891ef000 	C:\Windows\system32\kernel.appcore.dll
0x00007ffe89e30000 - 0x00007ffe89ee5000 	C:\Windows\system32\shcore.dll
0x00007ffe89160000 - 0x00007ffe891ab000 	C:\Windows\system32\powrprof.dll
0x00007ffe891b0000 - 0x00007ffe891c4000 	C:\Windows\system32\profapi.dll
0x00007ffe857d0000 - 0x00007ffe857e0000 	C:\Program Files (x86)\JetBrains\IntelliJ IDEA 2016.3.3\INTELAJ\IntelliJ IDEA 2016.3.3\bin\breakgen64.dll
0x0000000076ae0000 - 0x0000000076afa000 	C:\Program Files\Java\jdk1.8.0_91\jre\bin\net.dll
0x00007ffe88a90000 - 0x00007ffe88aec000 	C:\Windows\system32\mswsock.dll
0x0000000075cf0000 - 0x0000000075e88000 	C:\Program Files\Java\jdk1.8.0_91\jre\bin\awt.dll
0x00007ffe8a790000 - 0x00007ffe8a856000 	C:\Windows\system32\OLEAUT32.dll
0x00007ffe87550000 - 0x00007ffe875c9000 	C:\Windows\system32\apphelp.dll
0x00007ffe87850000 - 0x00007ffe878e6000 	C:\Windows\system32\uxtheme.dll
0x00007ffe8a160000 - 0x00007ffe8a2ba000 	C:\Windows\system32\MSCTF.dll
0x00007ffe7f570000 - 0x00007ffe7f613000 	C:\Program Files\Common Files\microsoft shared\ink\tiptsf.dll
0x00007ffe873d0000 - 0x00007ffe873f2000 	C:\Windows\system32\dwmapi.dll
0x00007ffe89f50000 - 0x00007ffe8a093000 	C:\Windows\system32\ole32.dll
0x00007ffe88b40000 - 0x00007ffe88b57000 	C:\Windows\SYSTEM32\CRYPTSP.dll
0x00007ffe887d0000 - 0x00007ffe88804000 	C:\Windows\system32\rsaenh.dll
0x00007ffe88d60000 - 0x00007ffe88d89000 	C:\Windows\SYSTEM32\bcrypt.dll
0x00007ffe88920000 - 0x00007ffe8893f000 	C:\Windows\SYSTEM32\USERENV.dll
0x00007ffe88c60000 - 0x00007ffe88c6b000 	C:\Windows\SYSTEM32\CRYPTBASE.dll
0x00007ffe85620000 - 0x00007ffe85658000 	C:\Windows\SYSTEM32\IPHLPAPI.DLL
0x00007ffe8ae00000 - 0x00007ffe8ae08000 	C:\Windows\system32\NSI.dll
0x00007ffe855c0000 - 0x00007ffe855d6000 	C:\Windows\SYSTEM32\dhcpcsvc6.DLL
0x00007ffe85560000 - 0x00007ffe8557a000 	C:\Windows\SYSTEM32\dhcpcsvc.DLL
0x0000000075cd0000 - 0x0000000075ce1000 	C:\Program Files\Java\jdk1.8.0_91\jre\bin\nio.dll
0x0000000076b00000 - 0x0000000076b47000 	C:\Program Files\Java\jdk1.8.0_91\jre\bin\fontmanager.dll
0x0000000075c40000 - 0x0000000075c82000 	C:\Program Files\Java\jdk1.8.0_91\jre\bin\t2k.dll
0x00007ffe8ca90000 - 0x00007ffe8cb37000 	C:\Windows\system32\clbcatq.dll
0x00007ffe82e50000 - 0x00007ffe82fac000 	C:\Windows\System32\uiautomationcore.dll
0x00007ffe89020000 - 0x00007ffe890b9000 	C:\Windows\SYSTEM32\sxs.dll
0x00007ffe7f8d0000 - 0x00007ffe7f93a000 	C:\Windows\System32\OLEACC.dll
0x00007ffe80c90000 - 0x00007ffe80d41000 	C:\Windows\SYSTEM32\twinapi.dll
0x00007ffe879f0000 - 0x00007ffe87af0000 	C:\Windows\SYSTEM32\twinapi.appcore.dll
0x0000000075ab0000 - 0x0000000075ae1000 	C:\Program Files\Java\jdk1.8.0_91\jre\bin\jpeg.dll
0x00007ffe85cc0000 - 0x00007ffe85e71000 	C:\Windows\SYSTEM32\WindowsCodecs.dll
0x00007ffe833e0000 - 0x00007ffe8342a000 	C:\Windows\system32\dataexchange.dll
0x00007ffe83d30000 - 0x00007ffe83fd8000 	C:\Windows\system32\d3d11.dll
0x00007ffe86900000 - 0x00007ffe869e3000 	C:\Windows\system32\dcomp.dll
0x00007ffe86850000 - 0x00007ffe868f2000 	C:\Windows\system32\dxgi.dll
0x00007ffe6f9c0000 - 0x00007ffe6faaf000 	C:\Program Files\Java\jdk1.8.0_91\jre\bin\msvcr120.dll
0x00007ffe712d0000 - 0x00007ffe71376000 	C:\Program Files\Java\jdk1.8.0_91\jre\bin\msvcp120.dll
0x0000000075a80000 - 0x0000000075aa3000 	C:\Program Files\Java\jdk1.8.0_91\jre\bin\prism_d3d.dll
0x00007ffe688a0000 - 0x00007ffe68ab0000 	C:\Windows\system32\d3d9.dll
0x00007ffe52c50000 - 0x00007ffe54ae3000 	C:\Windows\SYSTEM32\igdumdim64.dll
0x00007ffe8a360000 - 0x00007ffe8a789000 	C:\Windows\system32\SETUPAPI.dll
0x0000000075a30000 - 0x0000000075a73000 	C:\Program Files\Java\jdk1.8.0_91\jre\bin\glass.dll
0x00007ffe8c820000 - 0x00007ffe8c92b000 	C:\Windows\system32\COMDLG32.dll
0x00007ffe89250000 - 0x00007ffe892d6000 	C:\Windows\system32\FirewallAPI.dll
0x00007ffe89930000 - 0x00007ffe89947000 	C:\Windows\system32\NETAPI32.dll
0x00007ffe86360000 - 0x00007ffe8636c000 	C:\Windows\SYSTEM32\DAVHLPR.DLL
0x00007ffe87c50000 - 0x00007ffe87c82000 	C:\Windows\SYSTEM32\fwbase.dll
0x00007ffe7cc30000 - 0x00007ffe7daa0000 	C:\Windows\SYSTEM32\igc64.dll
0x0000000072a60000 - 0x0000000074fee000 	C:\Program Files\Java\jdk1.8.0_91\jre\bin\jfxwebkit.dll
0x0000000075c00000 - 0x0000000075c24000 	C:\Program Files\Java\jdk1.8.0_91\jre\bin\sunec.dll
0x0000000075a10000 - 0x0000000075a24000 	C:\Program Files\Java\jdk1.8.0_91\jre\bin\javafx_font.dll
0x00007ffe81410000 - 0x00007ffe8166f000 	C:\Windows\SYSTEM32\dwrite.dll
0x00007ffe733e0000 - 0x00007ffe733f6000 	C:\Windows\system32\napinsp.dll
0x00007ffe73400000 - 0x00007ffe7341a000 	C:\Windows\system32\pnrpnsp.dll
0x00007ffe86dc0000 - 0x00007ffe86dd8000 	C:\Windows\system32\NLAapi.dll
0x00007ffe87940000 - 0x00007ffe879ea000 	C:\Windows\SYSTEM32\DNSAPI.dll
0x00007ffe73420000 - 0x00007ffe7342d000 	C:\Windows\System32\winrnr.dll
0x00007ffe73430000 - 0x00007ffe73445000 	C:\Windows\System32\wshbth.dll
0x00007ffe84ac0000 - 0x00007ffe84aca000 	C:\Windows\System32\rasadhlp.dll
0x00007ffe86230000 - 0x00007ffe86297000 	C:\Windows\System32\fwpuclnt.dll
0x00000000759f0000 - 0x0000000075a01000 	C:\Program Files\Java\jdk1.8.0_91\jre\bin\prism_common.dll
0x00007ffe85b30000 - 0x00007ffe85cbc000 	C:\Windows\SYSTEM32\dbghelp.dll

VM Arguments:
jvm_args: -Didea.launcher.port=7538 -Didea.launcher.bin.path=C:\Program Files (x86)\JetBrains\IntelliJ IDEA 2016.3.3\INTELAJ\IntelliJ IDEA 2016.3.3\bin -Dfile.encoding=UTF-8 
java_command: com.intellij.rt.execution.application.AppMain com.codename1.impl.javase.Simulator com.hales.os.MyApplication
java_class_path (initial): C:/Users/chales/Desktop/os2\out\production\os2;C:/Users/chales/Desktop/os2\src;C:/Users/chales/Desktop/os2\lib\CodenameOne.jar;C:/Users/chales/Desktop/os2\JavaSE.jar;native/internal_tmp;lib/impl/cls;C:\Program Files (x86)\JetBrains\IntelliJ IDEA 2016.3.3\INTELAJ\IntelliJ IDEA 2016.3.3\lib\idea_rt.jar
Launcher Type: SUN_STANDARD

Environment Variables:
PATH=C:\ProgramData\Oracle\Java\javapath;C:\Windows\system32;C:\Windows;C:\Windows\System32\Wbem;C:\Windows\System32\WindowsPowerShell\v1.0\
USERNAME=chales
OS=Windows_NT
PROCESSOR_IDENTIFIER=Intel64 Family 6 Model 78 Stepping 3, GenuineIntel



---------------  S Y S T E M  ---------------

OS: Windows 10.0 , 64 bit Build 10586 (10.0.10586.589)

CPU:total 4 (2 cores per cpu, 2 threads per core) family 6 model 78 stepping 3, cmov, cx8, fxsr, mmx, sse, sse2, sse3, ssse3, sse4.1, sse4.2, popcnt, avx, avx2, aes, clmul, erms, 3dnowpref, lzcnt, ht, tsc, tscinvbit, bmi1, bmi2, adx

Memory: 4k page, physical 7802196k(1908988k free), swap 13923932k(3362728k free)

vm_info: Java HotSpot(TM) 64-Bit Server VM (25.91-b15) for windows-amd64 JRE (1.8.0_91-b15), built on May 20 2016 17:43:15 by "java_re" with MS VC++ 10.0 (VS2010)

time: Sun Apr 30 09:35:56 2017
elapsed time: 26 seconds (0d 0h 0m 26s)

