#
# A fatal error has been detected by the Java Runtime Environment:
#
#  EXCEPTION_ACCESS_VIOLATION (0xc0000005) at pc=0x00000000740b48c9, pid=34656, tid=20232
#
# JRE version: Java(TM) SE Runtime Environment (8.0_91-b15) (build 1.8.0_91-b15)
# Java VM: Java HotSpot(TM) 64-Bit Server VM (25.91-b15 mixed mode windows-amd64 compressed oops)
# Problematic frame:
# C  [jfxwebkit.dll+0xb948c9]
#
# Failed to write core dump. Minidumps are not enabled by default on client versions of Windows
#
# If you would like to submit a bug report, please visit:
#   http://bugreport.java.com/bugreport/crash.jsp
# The crash happened outside the Java Virtual Machine in native code.
# See problematic frame for where to report the bug.
#

---------------  T H R E A D  ---------------

Current thread (0x00000000194c3800):  JavaThread "JavaFX Application Thread" [_thread_in_native, id=20232, stack(0x000000001c740000,0x000000001c840000)]

siginfo: ExceptionCode=0xc0000005, writing address 0x00000000bbadbeef

Registers:
RAX=0x0000000000000000, RBX=0x0000000000000000, RCX=0x55fa8145aa470000, RDX=0x0000000000000002
RSP=0x000000001c83d330, RBP=0x000000001c83d439, RSI=0x000000034245ac10, RDI=0x000000026f823040
R8 =0x000000001c83ce30, R9 =0x00007ffe6a500000, R10=0x0000000000000000, R11=0x0000000000000200
R12=0x000000000d2c37bd, R13=0x000000000d2c37bd, R14=0x00000000107745ad, R15=0x000000026f823040
RIP=0x00000000740b48c9, EFLAGS=0x0000000000010246

Top of Stack: (sp=0x000000001c83d330)
0x000000001c83d330:   0000000000000000 000000026f815340
0x000000001c83d340:   000000004ac84000 0000000000000000
0x000000001c83d350:   0000000000000000 0000000073f7a422
0x000000001c83d360:   000000004b3d3877 000000004aae7800
0x000000001c83d370:   00000000006d0d20 0000000073da2cc2
0x000000001c83d380:   000000000d2c37be 0000000000000010
0x000000001c83d390:   0000000000000000 0000000000000000
0x000000001c83d3a0:   0000000000000000 00000000107745ad
0x000000001c83d3b0:   0000000000000000 000000026f823040
0x000000001c83d3c0:   0d2c37bd0d2c37bd 0000000000000000
0x000000001c83d3d0:   4aae74004ac84000 4400000044000000
0x000000001c83d3e0:   0000000000000000 4b3d38774b1aa092
0x000000001c83d3f0:   0000000028510130 0000000000000000
0x000000001c83d400:   0000000000000000 0000010300000100
0x000000001c83d410:   fffffffffffffffe 0000000000000000
0x000000001c83d420:   0000000000000000 0000000000000000 

Instructions: (pc=0x00000000740b48c9)
0x00000000740b48a9:   83 c4 20 5b c3 cc cc 48 83 ec 28 48 8b 05 f5 bb
0x00000000740b48b9:   8c 01 48 85 c0 74 02 ff d0 e8 a9 07 00 00 33 c0
0x00000000740b48c9:   a3 ef be ad bb 00 00 00 00 48 83 c4 28 48 ff e0
0x00000000740b48d9:   cc cc cc cc cc cc cc 48 83 ec 28 48 8b 05 c5 bb 


Register to memory mapping:

RAX=0x0000000000000000 is an unknown value
RBX=0x0000000000000000 is an unknown value
RCX=0x55fa8145aa470000 is an unknown value
RDX=0x0000000000000002 is an unknown value
RSP=0x000000001c83d330 is pointing into the stack for thread: 0x00000000194c3800
RBP=0x000000001c83d439 is pointing into the stack for thread: 0x00000000194c3800
RSI=0x000000034245ac10 is an unknown value
RDI=0x000000026f823040 is an unknown value
R8 =0x000000001c83ce30 is pointing into the stack for thread: 0x00000000194c3800
R9 =0x00007ffe6a500000 is an unknown value
R10=0x0000000000000000 is an unknown value
R11=0x0000000000000200 is an unknown value
R12=0x000000000d2c37bd is an unknown value
R13=0x000000000d2c37bd is an unknown value
R14=0x00000000107745ad is an unknown value
R15=0x000000026f823040 is an unknown value


Stack: [0x000000001c740000,0x000000001c840000],  sp=0x000000001c83d330,  free space=1012k
Native frames: (J=compiled Java code, j=interpreted, Vv=VM code, C=native code)
C  [jfxwebkit.dll+0xb948c9]
C  [jfxwebkit.dll+0xa5a422]
C  [jfxwebkit.dll+0xa5b326]
C  [jfxwebkit.dll+0xa549a2]
C  [jfxwebkit.dll+0xa53aa6]
C  [jfxwebkit.dll+0xa53b07]
C  [jfxwebkit.dll+0xa53b07]
C  [jfxwebkit.dll+0xa53b07]
C  [jfxwebkit.dll+0xa53b07]
C  [jfxwebkit.dll+0xa53b07]
C  [jfxwebkit.dll+0xa53b07]
C  [jfxwebkit.dll+0xa53b07]
C  [jfxwebkit.dll+0x9a3713]
C  [jfxwebkit.dll+0x827a74]
C  [jfxwebkit.dll+0x829fad]
C  [jfxwebkit.dll+0x8c773f]
C  [jfxwebkit.dll+0x8aa6e6]
C  [jfxwebkit.dll+0x86ed96]
C  [jfxwebkit.dll+0xa56ba8]
C  [jfxwebkit.dll+0xa59dd0]
C  [jfxwebkit.dll+0xa5b376]
C  [jfxwebkit.dll+0xa549a2]
C  [jfxwebkit.dll+0x8aa9f0]
C  0x00000000025a7f54

Java frames: (J=compiled Java code, j=interpreted, Vv=VM code)
j  com.sun.webkit.WebPage.twkPrePaint(J)V+0
j  com.sun.webkit.WebPage.updateDirty(Lcom/sun/webkit/graphics/WCRectangle;)V+117
j  com.sun.webkit.WebPage.updateContent(Lcom/sun/webkit/graphics/WCRectangle;)V+48
j  com.sun.javafx.sg.prism.web.NGWebView.update()V+68
j  javafx.scene.web.WebView.handleStagePulse()V+78
j  javafx.scene.web.WebView.lambda$new$29()V+1
j  javafx.scene.web.WebView$$Lambda$106.pulse()V+4
J 3806 C1 com.sun.javafx.tk.Toolkit$$Lambda$152.run()Ljava/lang/Object; (8 bytes) @ 0x0000000002fc5c8c [0x0000000002fc5b40+0x14c]
v  ~StubRoutines::call_stub
J 2250  java.security.AccessController.doPrivileged(Ljava/security/PrivilegedAction;Ljava/security/AccessControlContext;)Ljava/lang/Object; (0 bytes) @ 0x0000000002770966 [0x0000000002770900+0x66]
J 2648 C1 com.sun.javafx.tk.Toolkit.runPulse(Lcom/sun/javafx/tk/TKPulseListener;Ljava/security/AccessControlContext;)V (26 bytes) @ 0x0000000002cd2814 [0x0000000002cd23a0+0x474]
j  com.sun.javafx.tk.Toolkit.firePulse()V+129
j  com.sun.javafx.tk.quantum.QuantumToolkit.pulse(Z)V+97
j  com.sun.javafx.tk.quantum.QuantumToolkit.pulse()V+2
j  com.sun.javafx.tk.quantum.QuantumToolkit.lambda$runToolkit$404()V+1
j  com.sun.javafx.tk.quantum.QuantumToolkit$$Lambda$60.run()V+4
J 3295 C1 com.sun.glass.ui.InvokeLaterDispatcher$Future.run()V (91 bytes) @ 0x0000000002e7cb4c [0x0000000002e7ca40+0x10c]
v  ~StubRoutines::call_stub
j  com.sun.glass.ui.win.WinApplication._runLoop(Ljava/lang/Runnable;)V+0
j  com.sun.glass.ui.win.WinApplication.lambda$null$148(ILjava/lang/Runnable;)V+8
j  com.sun.glass.ui.win.WinApplication$$Lambda$56.run()V+12
j  java.lang.Thread.run()V+11
v  ~StubRoutines::call_stub

---------------  P R O C E S S  ---------------

Java Threads: ( => current thread )
  0x000000001b475800 JavaThread "Prism Font Disposer" daemon [_thread_blocked, id=11632, stack(0x0000000025850000,0x0000000025950000)]
  0x000000001b472800 JavaThread "Watchdog-Timer-1" daemon [_thread_blocked, id=32452, stack(0x0000000022fc0000,0x00000000230c0000)]
  0x00000000194c2800 JavaThread "Timer-0" [_thread_blocked, id=20748, stack(0x0000000022280000,0x0000000022380000)]
  0x00000000194c0800 JavaThread "Disposer" daemon [_thread_blocked, id=19300, stack(0x0000000021c80000,0x0000000021d80000)]
  0x00000000194bf800 JavaThread "invokeAndBlock1" [_thread_blocked, id=21416, stack(0x00000000213e0000,0x00000000214e0000)]
  0x00000000194bf000 JavaThread "Network Thread" [_thread_blocked, id=29240, stack(0x00000000212e0000,0x00000000213e0000)]
  0x00000000194c5800 JavaThread "Thread-7" daemon [_thread_in_native, id=22636, stack(0x00000000211e0000,0x00000000212e0000)]
=>0x00000000194c3800 JavaThread "JavaFX Application Thread" [_thread_in_native, id=20232, stack(0x000000001c740000,0x000000001c840000)]
  0x0000000019498800 JavaThread "Thread-6" daemon [_thread_blocked, id=24776, stack(0x000000001c640000,0x000000001c740000)]
  0x000000001908d800 JavaThread "QuantumRenderer-0" daemon [_thread_blocked, id=31144, stack(0x000000001c540000,0x000000001c640000)]
  0x0000000019234000 JavaThread "EDT" [_thread_blocked, id=25652, stack(0x000000001b060000,0x000000001b160000)]
  0x0000000002400800 JavaThread "DestroyJavaVM" [_thread_blocked, id=23276, stack(0x0000000000cf0000,0x0000000000df0000)]
  0x0000000018de8000 JavaThread "Thread-1" [_thread_blocked, id=29712, stack(0x0000000019b10000,0x0000000019c10000)]
  0x0000000018de7000 JavaThread "AWT-EventQueue-0" [_thread_blocked, id=24392, stack(0x0000000019a10000,0x0000000019b10000)]
  0x00000000188f3000 JavaThread "AWT-Windows" daemon [_thread_in_native, id=16188, stack(0x00000000197a0000,0x00000000198a0000)]
  0x00000000188f2800 JavaThread "AWT-Shutdown" [_thread_blocked, id=19720, stack(0x00000000196a0000,0x00000000197a0000)]
  0x00000000188ef800 JavaThread "Java2D Disposer" daemon [_thread_blocked, id=11224, stack(0x00000000195a0000,0x00000000196a0000)]
  0x000000001865e800 JavaThread "Monitor Ctrl-Break" daemon [_thread_in_native, id=27228, stack(0x0000000018bc0000,0x0000000018cc0000)]
  0x00000000185e8800 JavaThread "Service Thread" daemon [_thread_blocked, id=34100, stack(0x00000000189c0000,0x0000000018ac0000)]
  0x0000000016c89000 JavaThread "C1 CompilerThread2" daemon [_thread_blocked, id=34596, stack(0x00000000184c0000,0x00000000185c0000)]
  0x0000000016c82000 JavaThread "C2 CompilerThread1" daemon [_thread_blocked, id=23688, stack(0x00000000183c0000,0x00000000184c0000)]
  0x0000000016c7f000 JavaThread "C2 CompilerThread0" daemon [_thread_blocked, id=23008, stack(0x00000000182c0000,0x00000000183c0000)]
  0x0000000016c7d000 JavaThread "Attach Listener" daemon [_thread_blocked, id=33816, stack(0x00000000181c0000,0x00000000182c0000)]
  0x0000000016c79800 JavaThread "Signal Dispatcher" daemon [_thread_blocked, id=24344, stack(0x00000000180c0000,0x00000000181c0000)]
  0x00000000024fb000 JavaThread "Finalizer" daemon [_thread_blocked, id=32172, stack(0x0000000017ee0000,0x0000000017fe0000)]
  0x00000000024ef000 JavaThread "Reference Handler" daemon [_thread_blocked, id=31036, stack(0x0000000017de0000,0x0000000017ee0000)]

Other Threads:
  0x0000000016c48000 VMThread [stack: 0x0000000017ce0000,0x0000000017de0000] [id=31896]
  0x0000000018605000 WatcherThread [stack: 0x0000000018ac0000,0x0000000018bc0000] [id=34264]

VM state:not at safepoint (normal execution)

VM Mutex/Monitor currently owned by a thread: None

Heap:
 PSYoungGen      total 135680K, used 56250K [0x00000000d8500000, 0x00000000e7b00000, 0x0000000100000000)
  eden space 122880K, 35% used [0x00000000d8500000,0x00000000daf721f8,0x00000000dfd00000)
  from space 12800K, 99% used [0x00000000dfd00000,0x00000000e097c810,0x00000000e0980000)
  to   space 16896K, 0% used [0x00000000e6a80000,0x00000000e6a80000,0x00000000e7b00000)
 ParOldGen       total 55296K, used 13847K [0x0000000088e00000, 0x000000008c400000, 0x00000000d8500000)
  object space 55296K, 25% used [0x0000000088e00000,0x0000000089b85f28,0x000000008c400000)
 Metaspace       used 31466K, capacity 32456K, committed 32640K, reserved 1077248K
  class space    used 3947K, capacity 4186K, committed 4224K, reserved 1048576K

Card table byte_map: [0x0000000011950000,0x0000000011d10000] byte_map_base: 0x0000000011509000

Marking Bits: (ParMarkBitMap*) 0x0000000076972f70
 Begin Bits: [0x0000000012390000, 0x0000000014158000)
 End Bits:   [0x0000000014158000, 0x0000000015f20000)

Polling page: 0x0000000000a50000

CodeCache: size=245760Kb used=13209Kb max_used=13209Kb free=232550Kb
 bounds [0x0000000002590000, 0x0000000003290000, 0x0000000011590000]
 total_blobs=5021 nmethods=4132 adapters=799
 compilation: enabled

Compilation events (10 events):
Event: 21.232 Thread 0x0000000016c89000 4664       3       sun.java2d.windows.GDIWindowSurfaceData::validatePipe (282 bytes)
Event: 21.233 Thread 0x0000000016c89000 nmethod 4664 0x000000000326ed50 code [0x000000000326ef40, 0x000000000326f938]
Event: 21.261 Thread 0x0000000016c89000 4665   !   3       com.codename1.impl.javase.JavaSEPort$C::blit (46 bytes)
Event: 21.262 Thread 0x0000000016c89000 nmethod 4665 0x0000000003284410 code [0x0000000003284760, 0x0000000003286058]
Event: 21.262 Thread 0x0000000016c89000 4667       3       com.codename1.impl.javase.JavaSEPort$C$1::run (206 bytes)
Event: 21.264 Thread 0x0000000016c89000 nmethod 4667 0x0000000003287290 code [0x0000000003287660, 0x00000000032894f8]
Event: 21.264 Thread 0x0000000016c89000 4666       3       com.codename1.impl.javase.JavaSEPort$C$1::<init> (10 bytes)
Event: 21.264 Thread 0x0000000016c89000 nmethod 4666 0x000000000326a590 code [0x000000000326a6e0, 0x000000000326a8b0]
Event: 21.264 Thread 0x0000000016c89000 4668       3       sun.java2d.SunGraphics2D::setTransform (73 bytes)
Event: 21.265 Thread 0x0000000016c89000 nmethod 4668 0x000000000328a2d0 code [0x000000000328a480, 0x000000000328a858]

GC Heap History (10 events):
Event: 2.774 GC heap before
{Heap before GC invocations=4 (full 0):
 PSYoungGen      total 35840K, used 35825K [0x00000000d8500000, 0x00000000dcb00000, 0x0000000100000000)
  eden space 30720K, 100% used [0x00000000d8500000,0x00000000da300000,0x00000000da300000)
  from space 5120K, 99% used [0x00000000da300000,0x00000000da7fc4a0,0x00000000da800000)
  to   space 5120K, 0% used [0x00000000dc600000,0x00000000dc600000,0x00000000dcb00000)
 ParOldGen       total 81920K, used 6203K [0x0000000088e00000, 0x000000008de00000, 0x00000000d8500000)
  object space 81920K, 7% used [0x0000000088e00000,0x000000008940eed8,0x000000008de00000)
 Metaspace       used 11532K, capacity 11780K, committed 12032K, reserved 1060864K
  class space    used 1371K, capacity 1452K, committed 1536K, reserved 1048576K
Event: 2.777 GC heap after
Heap after GC invocations=4 (full 0):
 PSYoungGen      total 66560K, used 5105K [0x00000000d8500000, 0x00000000dcb00000, 0x0000000100000000)
  eden space 61440K, 0% used [0x00000000d8500000,0x00000000d8500000,0x00000000dc100000)
  from space 5120K, 99% used [0x00000000dc600000,0x00000000dcafc4a0,0x00000000dcb00000)
  to   space 5120K, 0% used [0x00000000dc100000,0x00000000dc100000,0x00000000dc600000)
 ParOldGen       total 81920K, used 6211K [0x0000000088e00000, 0x000000008de00000, 0x00000000d8500000)
  object space 81920K, 7% used [0x0000000088e00000,0x0000000089410ed8,0x000000008de00000)
 Metaspace       used 11532K, capacity 11780K, committed 12032K, reserved 1060864K
  class space    used 1371K, capacity 1452K, committed 1536K, reserved 1048576K
}
Event: 4.572 GC heap before
{Heap before GC invocations=5 (full 0):
 PSYoungGen      total 66560K, used 66545K [0x00000000d8500000, 0x00000000dcb00000, 0x0000000100000000)
  eden space 61440K, 100% used [0x00000000d8500000,0x00000000dc100000,0x00000000dc100000)
  from space 5120K, 99% used [0x00000000dc600000,0x00000000dcafc4a0,0x00000000dcb00000)
  to   space 5120K, 0% used [0x00000000dc100000,0x00000000dc100000,0x00000000dc600000)
 ParOldGen       total 81920K, used 6211K [0x0000000088e00000, 0x000000008de00000, 0x00000000d8500000)
  object space 81920K, 7% used [0x0000000088e00000,0x0000000089410ed8,0x000000008de00000)
 Metaspace       used 15387K, capacity 15678K, committed 16128K, reserved 1062912K
  class space    used 1834K, capacity 1937K, committed 2048K, reserved 1048576K
Event: 4.577 GC heap after
Heap after GC invocations=5 (full 0):
 PSYoungGen      total 66560K, used 5101K [0x00000000d8500000, 0x00000000e1800000, 0x0000000100000000)
  eden space 61440K, 0% used [0x00000000d8500000,0x00000000d8500000,0x00000000dc100000)
  from space 5120K, 99% used [0x00000000dc100000,0x00000000dc5fb480,0x00000000dc600000)
  to   space 13824K, 0% used [0x00000000e0a80000,0x00000000e0a80000,0x00000000e1800000)
 ParOldGen       total 81920K, used 12361K [0x0000000088e00000, 0x000000008de00000, 0x00000000d8500000)
  object space 81920K, 15% used [0x0000000088e00000,0x0000000089a12688,0x000000008de00000)
 Metaspace       used 15387K, capacity 15678K, committed 16128K, reserved 1062912K
  class space    used 1834K, capacity 1937K, committed 2048K, reserved 1048576K
}
Event: 4.952 GC heap before
{Heap before GC invocations=6 (full 0):
 PSYoungGen      total 66560K, used 21996K [0x00000000d8500000, 0x00000000e1800000, 0x0000000100000000)
  eden space 61440K, 27% used [0x00000000d8500000,0x00000000d957fdd0,0x00000000dc100000)
  from space 5120K, 99% used [0x00000000dc100000,0x00000000dc5fb480,0x00000000dc600000)
  to   space 13824K, 0% used [0x00000000e0a80000,0x00000000e0a80000,0x00000000e1800000)
 ParOldGen       total 81920K, used 12361K [0x0000000088e00000, 0x000000008de00000, 0x00000000d8500000)
  object space 81920K, 15% used [0x0000000088e00000,0x0000000089a12688,0x000000008de00000)
 Metaspace       used 20667K, capacity 21088K, committed 21248K, reserved 1067008K
  class space    used 2598K, capacity 2724K, committed 2816K, reserved 1048576K
Event: 4.956 GC heap after
Heap after GC invocations=6 (full 0):
 PSYoungGen      total 134656K, used 6014K [0x00000000d8500000, 0x00000000e1600000, 0x0000000100000000)
  eden space 122880K, 0% used [0x00000000d8500000,0x00000000d8500000,0x00000000dfd00000)
  from space 11776K, 51% used [0x00000000e0a80000,0x00000000e105f8f8,0x00000000e1600000)
  to   space 12800K, 0% used [0x00000000dfd00000,0x00000000dfd00000,0x00000000e0980000)
 ParOldGen       total 81920K, used 12369K [0x0000000088e00000, 0x000000008de00000, 0x00000000d8500000)
  object space 81920K, 15% used [0x0000000088e00000,0x0000000089a14688,0x000000008de00000)
 Metaspace       used 20667K, capacity 21088K, committed 21248K, reserved 1067008K
  class space    used 2598K, capacity 2724K, committed 2816K, reserved 1048576K
}
Event: 4.956 GC heap before
{Heap before GC invocations=7 (full 1):
 PSYoungGen      total 134656K, used 6014K [0x00000000d8500000, 0x00000000e1600000, 0x0000000100000000)
  eden space 122880K, 0% used [0x00000000d8500000,0x00000000d8500000,0x00000000dfd00000)
  from space 11776K, 51% used [0x00000000e0a80000,0x00000000e105f8f8,0x00000000e1600000)
  to   space 12800K, 0% used [0x00000000dfd00000,0x00000000dfd00000,0x00000000e0980000)
 ParOldGen       total 81920K, used 12369K [0x0000000088e00000, 0x000000008de00000, 0x00000000d8500000)
  object space 81920K, 15% used [0x0000000088e00000,0x0000000089a14688,0x000000008de00000)
 Metaspace       used 20667K, capacity 21088K, committed 21248K, reserved 1067008K
  class space    used 2598K, capacity 2724K, committed 2816K, reserved 1048576K
Event: 4.987 GC heap after
Heap after GC invocations=7 (full 1):
 PSYoungGen      total 134656K, used 0K [0x00000000d8500000, 0x00000000e1600000, 0x0000000100000000)
  eden space 122880K, 0% used [0x00000000d8500000,0x00000000d8500000,0x00000000dfd00000)
  from space 11776K, 0% used [0x00000000e0a80000,0x00000000e0a80000,0x00000000e1600000)
  to   space 12800K, 0% used [0x00000000dfd00000,0x00000000dfd00000,0x00000000e0980000)
 ParOldGen       total 55296K, used 9917K [0x0000000088e00000, 0x000000008c400000, 0x00000000d8500000)
  object space 55296K, 17% used [0x0000000088e00000,0x00000000897af770,0x000000008c400000)
 Metaspace       used 20667K, capacity 21088K, committed 21248K, reserved 1067008K
  class space    used 2598K, capacity 2724K, committed 2816K, reserved 1048576K
}
Event: 7.946 GC heap before
{Heap before GC invocations=8 (full 1):
 PSYoungGen      total 134656K, used 122880K [0x00000000d8500000, 0x00000000e1600000, 0x0000000100000000)
  eden space 122880K, 100% used [0x00000000d8500000,0x00000000dfd00000,0x00000000dfd00000)
  from space 11776K, 0% used [0x00000000e0a80000,0x00000000e0a80000,0x00000000e1600000)
  to   space 12800K, 0% used [0x00000000dfd00000,0x00000000dfd00000,0x00000000e0980000)
 ParOldGen       total 55296K, used 9917K [0x0000000088e00000, 0x000000008c400000, 0x00000000d8500000)
  object space 55296K, 17% used [0x0000000088e00000,0x00000000897af7c0,0x000000008c400000)
 Metaspace       used 30743K, capacity 31650K, committed 31872K, reserved 1077248K
  class space    used 3925K, capacity 4153K, committed 4224K, reserved 1048576K
Event: 7.958 GC heap after
Heap after GC invocations=8 (full 1):
 PSYoungGen      total 135680K, used 12786K [0x00000000d8500000, 0x00000000e7b00000, 0x0000000100000000)
  eden space 122880K, 0% used [0x00000000d8500000,0x00000000d8500000,0x00000000dfd00000)
  from space 12800K, 99% used [0x00000000dfd00000,0x00000000e097c810,0x00000000e0980000)
  to   space 16896K, 0% used [0x00000000e6a80000,0x00000000e6a80000,0x00000000e7b00000)
 ParOldGen       total 55296K, used 13847K [0x0000000088e00000, 0x000000008c400000, 0x00000000d8500000)
  object space 55296K, 25% used [0x0000000088e00000,0x0000000089b85f28,0x000000008c400000)
 Metaspace       used 30743K, capacity 31650K, committed 31872K, reserved 1077248K
  class space    used 3925K, capacity 4153K, committed 4224K, reserved 1048576K
}

Deoptimization events (10 events):
Event: 7.201 Thread 0x00000000194c3800 Uncommon trap: reason=speculate_class_check action=maybe_recompile pc=0x0000000002e6d498 method=java.nio.charset.CharsetDecoder.decode(Ljava/nio/ByteBuffer;Ljava/nio/CharBuffer;Z)Ljava/nio/charset/CoderResult; @ 57
Event: 7.361 Thread 0x00000000194c3800 Uncommon trap: reason=predicate action=maybe_recompile pc=0x0000000002d728c4 method=java.util.AbstractCollection.addAll(Ljava/util/Collection;)Z @ 18
Event: 8.092 Thread 0x000000001908d800 Uncommon trap: reason=unstable_if action=reinterpret pc=0x0000000002d0a1c0 method=java.util.WeakHashMap.expungeStaleEntries()V @ 9
Event: 8.423 Thread 0x0000000019234000 Uncommon trap: reason=unstable_if action=reinterpret pc=0x0000000002e3a024 method=com.codename1.ui.Container.setShouldCalcPreferredSize(Z)V @ 22
Event: 9.617 Thread 0x0000000019234000 Uncommon trap: reason=unstable_if action=reinterpret pc=0x0000000003092084 method=com.codename1.ui.Component.getStyle()Lcom/codename1/ui/plaf/Style; @ 111
Event: 9.682 Thread 0x0000000019234000 Uncommon trap: reason=unstable_if action=reinterpret pc=0x000000000311c5e8 method=sun.font.CMap.getControlCodeGlyph(IZ)I @ 64
Event: 9.732 Thread 0x0000000019234000 Uncommon trap: reason=unstable_if action=reinterpret pc=0x0000000002caa910 method=com.codename1.ui.EncodedImage.getWidth()I @ 5
Event: 9.735 Thread 0x0000000019234000 Uncommon trap: reason=unstable_if action=reinterpret pc=0x0000000002887110 method=com.codename1.ui.EncodedImage.getHeight()I @ 5
Event: 13.747 Thread 0x0000000019234000 Uncommon trap: reason=unstable_if action=reinterpret pc=0x00000000031784c4 method=com.codename1.ui.Component.getStyle()Lcom/codename1/ui/plaf/Style; @ 67
Event: 15.779 Thread 0x00000000194c2000 Uncommon trap: reason=unstable_if action=reinterpret pc=0x0000000003154514 method=com.sun.crypto.provider.GaloisCounterMode.decryptFinal([BII[BI)I @ 5

Internal exceptions (10 events):
Event: 8.094 Thread 0x000000001908d800 Implicit null exception at 0x0000000002ef2d29 to 0x0000000002ef31bc
Event: 8.094 Thread 0x000000001908d800 Exception <a 'java/lang/NullPointerException'> (0x00000000d9184118) thrown at [C:\re\workspace\8-2-build-windows-amd64-cygwin\jdk8u91\7017\hotspot\src\share\vm\runtime\sharedRuntime.cpp, line 605]
Event: 8.094 Thread 0x000000001908d800 Implicit null exception at 0x0000000002ef2d29 to 0x0000000002ef31bc
Event: 8.094 Thread 0x000000001908d800 Exception <a 'java/lang/NullPointerException'> (0x00000000d9184920) thrown at [C:\re\workspace\8-2-build-windows-amd64-cygwin\jdk8u91\7017\hotspot\src\share\vm\runtime\sharedRuntime.cpp, line 605]
Event: 8.095 Thread 0x000000001908d800 Implicit null exception at 0x0000000002ef2d29 to 0x0000000002ef31bc
Event: 8.095 Thread 0x000000001908d800 Exception <a 'java/lang/NullPointerException'> (0x00000000d9185128) thrown at [C:\re\workspace\8-2-build-windows-amd64-cygwin\jdk8u91\7017\hotspot\src\share\vm\runtime\sharedRuntime.cpp, line 605]
Event: 8.095 Thread 0x000000001908d800 Implicit null exception at 0x0000000002ef2d29 to 0x0000000002ef31bc
Event: 8.095 Thread 0x000000001908d800 Exception <a 'java/lang/NullPointerException'> (0x00000000d9185930) thrown at [C:\re\workspace\8-2-build-windows-amd64-cygwin\jdk8u91\7017\hotspot\src\share\vm\runtime\sharedRuntime.cpp, line 605]
Event: 8.126 Thread 0x000000001908d800 Implicit null exception at 0x0000000002ef2d29 to 0x0000000002ef31bc
Event: 8.126 Thread 0x000000001908d800 Exception <a 'java/lang/NullPointerException'> (0x00000000d91af6d8) thrown at [C:\re\workspace\8-2-build-windows-amd64-cygwin\jdk8u91\7017\hotspot\src\share\vm\runtime\sharedRuntime.cpp, line 605]

Events (10 events):
Event: 18.308 Thread 0x000000001b473800 Thread exited: 0x000000001b473800
Event: 18.308 Thread 0x000000001b471000 Thread exited: 0x000000001b471000
Event: 18.309 Thread 0x000000001b47f800 Thread exited: 0x000000001b47f800
Event: 18.311 Thread 0x000000001b47f000 Thread exited: 0x000000001b47f000
Event: 18.331 Thread 0x000000001b480800 Thread exited: 0x000000001b480800
Event: 18.336 Thread 0x000000001b479000 Thread exited: 0x000000001b479000
Event: 18.337 Thread 0x000000001b479800 Thread exited: 0x000000001b479800
Event: 18.341 Thread 0x000000001b478000 Thread exited: 0x000000001b478000
Event: 18.343 Thread 0x000000001b47c800 Thread exited: 0x000000001b47c800
Event: 18.485 Thread 0x00000000194c5000 Thread exited: 0x00000000194c5000


Dynamic libraries:
0x00007ff6ee2d0000 - 0x00007ff6ee307000 	C:\Program Files\Java\jdk1.8.0_91\bin\java.exe
0x00007ffe8cb40000 - 0x00007ffe8cd01000 	C:\Windows\SYSTEM32\ntdll.dll
0x00007ffe8af30000 - 0x00007ffe8afdd000 	C:\Windows\system32\KERNEL32.DLL
0x00007ffe89bd0000 - 0x00007ffe89db8000 	C:\Windows\system32\KERNELBASE.dll
0x00000000770c0000 - 0x0000000077149000 	C:\Windows\System32\SYSFER.DLL
0x00007ffe8ae80000 - 0x00007ffe8af27000 	C:\Windows\system32\ADVAPI32.dll
0x00007ffe8a2c0000 - 0x00007ffe8a35d000 	C:\Windows\system32\msvcrt.dll
0x00007ffe8a0a0000 - 0x00007ffe8a0fb000 	C:\Windows\system32\sechost.dll
0x00007ffe8ac80000 - 0x00007ffe8ad9c000 	C:\Windows\system32\RPCRT4.dll
0x00007ffe8c930000 - 0x00007ffe8ca86000 	C:\Windows\system32\USER32.dll
0x00007ffe8aae0000 - 0x00007ffe8ac66000 	C:\Windows\system32\GDI32.dll
0x00007ffe78b00000 - 0x00007ffe78d74000 	C:\Windows\WinSxS\amd64_microsoft.windows.common-controls_6595b64144ccf1df_6.0.10586.672_none_a2d6b3cea53ff843\COMCTL32.dll
0x00007ffe8b040000 - 0x00007ffe8b2bd000 	C:\Windows\system32\combase.dll
0x00007ffe89dc0000 - 0x00007ffe89e2a000 	C:\Windows\system32\bcryptPrimitives.dll
0x00007ffe8aa10000 - 0x00007ffe8aa4b000 	C:\Windows\system32\IMM32.DLL
0x0000000075df0000 - 0x0000000075ec2000 	C:\Program Files\Java\jdk1.8.0_91\jre\bin\msvcr100.dll
0x0000000076160000 - 0x00000000769f3000 	C:\Program Files\Java\jdk1.8.0_91\jre\bin\server\jvm.dll
0x00007ffe89f40000 - 0x00007ffe89f48000 	C:\Windows\system32\PSAPI.DLL
0x00007ffe876c0000 - 0x00007ffe876c9000 	C:\Windows\SYSTEM32\WSOCK32.dll
0x00007ffe8aa50000 - 0x00007ffe8aabb000 	C:\Windows\system32\WS2_32.dll
0x00007ffe87680000 - 0x00007ffe876a3000 	C:\Windows\SYSTEM32\WINMM.dll
0x00007ffe88540000 - 0x00007ffe8854a000 	C:\Windows\SYSTEM32\VERSION.dll
0x00007ffe87620000 - 0x00007ffe8764c000 	C:\Windows\SYSTEM32\WINMMBASE.dll
0x00007ffe89ef0000 - 0x00007ffe89f33000 	C:\Windows\system32\cfgmgr32.dll
0x0000000076c30000 - 0x0000000076c3f000 	C:\Program Files\Java\jdk1.8.0_91\jre\bin\verify.dll
0x0000000076c00000 - 0x0000000076c29000 	C:\Program Files\Java\jdk1.8.0_91\jre\bin\java.dll
0x0000000076be0000 - 0x0000000076bf6000 	C:\Program Files\Java\jdk1.8.0_91\jre\bin\zip.dll
0x00007ffe8b2c0000 - 0x00007ffe8c81c000 	C:\Windows\system32\SHELL32.dll
0x00007ffe892e0000 - 0x00007ffe89925000 	C:\Windows\system32\windows.storage.dll
0x00007ffe8a100000 - 0x00007ffe8a152000 	C:\Windows\system32\shlwapi.dll
0x00007ffe891e0000 - 0x00007ffe891ef000 	C:\Windows\system32\kernel.appcore.dll
0x00007ffe89e30000 - 0x00007ffe89ee5000 	C:\Windows\system32\shcore.dll
0x00007ffe89160000 - 0x00007ffe891ab000 	C:\Windows\system32\powrprof.dll
0x00007ffe891b0000 - 0x00007ffe891c4000 	C:\Windows\system32\profapi.dll
0x00007ffe873c0000 - 0x00007ffe873d0000 	C:\Program Files (x86)\JetBrains\IntelliJ IDEA 2016.3.3\INTELAJ\IntelliJ IDEA 2016.3.3\bin\breakgen64.dll
0x0000000076b70000 - 0x0000000076b8a000 	C:\Program Files\Java\jdk1.8.0_91\jre\bin\net.dll
0x00007ffe88a90000 - 0x00007ffe88aec000 	C:\Windows\system32\mswsock.dll
0x0000000075fc0000 - 0x0000000076158000 	C:\Program Files\Java\jdk1.8.0_91\jre\bin\awt.dll
0x00007ffe8a790000 - 0x00007ffe8a856000 	C:\Windows\system32\OLEAUT32.dll
0x00007ffe87550000 - 0x00007ffe875c9000 	C:\Windows\system32\apphelp.dll
0x00007ffe87850000 - 0x00007ffe878e6000 	C:\Windows\system32\uxtheme.dll
0x00007ffe8a160000 - 0x00007ffe8a2ba000 	C:\Windows\system32\MSCTF.dll
0x00007ffe7f690000 - 0x00007ffe7f733000 	C:\Program Files\Common Files\microsoft shared\ink\tiptsf.dll
0x00007ffe873d0000 - 0x00007ffe873f2000 	C:\Windows\system32\dwmapi.dll
0x00007ffe89f50000 - 0x00007ffe8a093000 	C:\Windows\system32\ole32.dll
0x00007ffe88b40000 - 0x00007ffe88b57000 	C:\Windows\SYSTEM32\CRYPTSP.dll
0x00007ffe887d0000 - 0x00007ffe88804000 	C:\Windows\system32\rsaenh.dll
0x00007ffe88d60000 - 0x00007ffe88d89000 	C:\Windows\SYSTEM32\bcrypt.dll
0x00007ffe88920000 - 0x00007ffe8893f000 	C:\Windows\SYSTEM32\USERENV.dll
0x00007ffe88c60000 - 0x00007ffe88c6b000 	C:\Windows\SYSTEM32\CRYPTBASE.dll
0x00007ffe85620000 - 0x00007ffe85658000 	C:\Windows\SYSTEM32\IPHLPAPI.DLL
0x00007ffe8ae00000 - 0x00007ffe8ae08000 	C:\Windows\system32\NSI.dll
0x00007ffe855c0000 - 0x00007ffe855d6000 	C:\Windows\SYSTEM32\dhcpcsvc6.DLL
0x00007ffe85560000 - 0x00007ffe8557a000 	C:\Windows\SYSTEM32\dhcpcsvc.DLL
0x0000000076b50000 - 0x0000000076b61000 	C:\Program Files\Java\jdk1.8.0_91\jre\bin\nio.dll
0x0000000076b90000 - 0x0000000076bd7000 	C:\Program Files\Java\jdk1.8.0_91\jre\bin\fontmanager.dll
0x0000000075f70000 - 0x0000000075fb2000 	C:\Program Files\Java\jdk1.8.0_91\jre\bin\t2k.dll
0x00007ffe8ca90000 - 0x00007ffe8cb37000 	C:\Windows\system32\clbcatq.dll
0x00007ffe82f20000 - 0x00007ffe8307c000 	C:\Windows\System32\uiautomationcore.dll
0x00007ffe89020000 - 0x00007ffe890b9000 	C:\Windows\SYSTEM32\sxs.dll
0x00007ffe7f8d0000 - 0x00007ffe7f93a000 	C:\Windows\System32\OLEACC.dll
0x00007ffe80c30000 - 0x00007ffe80ce1000 	C:\Windows\SYSTEM32\twinapi.dll
0x00007ffe879f0000 - 0x00007ffe87af0000 	C:\Windows\SYSTEM32\twinapi.appcore.dll
0x0000000075ed0000 - 0x0000000075f01000 	C:\Program Files\Java\jdk1.8.0_91\jre\bin\jpeg.dll
0x00007ffe85cc0000 - 0x00007ffe85e71000 	C:\Windows\SYSTEM32\WindowsCodecs.dll
0x00007ffe7cab0000 - 0x00007ffe7cafa000 	C:\Windows\system32\dataexchange.dll
0x00007ffe83d30000 - 0x00007ffe83fd8000 	C:\Windows\system32\d3d11.dll
0x00007ffe86900000 - 0x00007ffe869e3000 	C:\Windows\system32\dcomp.dll
0x00007ffe86850000 - 0x00007ffe868f2000 	C:\Windows\system32\dxgi.dll
0x00007ffe6a500000 - 0x00007ffe6a5ef000 	C:\Program Files\Java\jdk1.8.0_91\jre\bin\msvcr120.dll
0x00007ffe6e110000 - 0x00007ffe6e1b6000 	C:\Program Files\Java\jdk1.8.0_91\jre\bin\msvcp120.dll
0x0000000075b00000 - 0x0000000075b23000 	C:\Program Files\Java\jdk1.8.0_91\jre\bin\prism_d3d.dll
0x00007ffe67dd0000 - 0x00007ffe67fe0000 	C:\Windows\system32\d3d9.dll
0x00007ffe541f0000 - 0x00007ffe56083000 	C:\Windows\SYSTEM32\igdumdim64.dll
0x00007ffe8a360000 - 0x00007ffe8a789000 	C:\Windows\system32\SETUPAPI.dll
0x0000000075ab0000 - 0x0000000075af3000 	C:\Program Files\Java\jdk1.8.0_91\jre\bin\glass.dll
0x00007ffe8c820000 - 0x00007ffe8c92b000 	C:\Windows\system32\COMDLG32.dll
0x00007ffe89250000 - 0x00007ffe892d6000 	C:\Windows\system32\FirewallAPI.dll
0x00007ffe89930000 - 0x00007ffe89947000 	C:\Windows\system32\NETAPI32.dll
0x00007ffe87020000 - 0x00007ffe8702c000 	C:\Windows\SYSTEM32\DAVHLPR.DLL
0x00007ffe87c50000 - 0x00007ffe87c82000 	C:\Windows\SYSTEM32\fwbase.dll
0x00007ffe7cc30000 - 0x00007ffe7daa0000 	C:\Windows\SYSTEM32\igc64.dll
0x0000000073520000 - 0x0000000075aae000 	C:\Program Files\Java\jdk1.8.0_91\jre\bin\jfxwebkit.dll
0x0000000075f40000 - 0x0000000075f64000 	C:\Program Files\Java\jdk1.8.0_91\jre\bin\sunec.dll
0x0000000076ad0000 - 0x0000000076ae4000 	C:\Program Files\Java\jdk1.8.0_91\jre\bin\javafx_font.dll
0x00007ffe82b80000 - 0x00007ffe82ddf000 	C:\Windows\SYSTEM32\dwrite.dll
0x00007ffe733e0000 - 0x00007ffe733f6000 	C:\Windows\system32\napinsp.dll
0x00007ffe73400000 - 0x00007ffe7341a000 	C:\Windows\system32\pnrpnsp.dll
0x00007ffe86dc0000 - 0x00007ffe86dd8000 	C:\Windows\system32\NLAapi.dll
0x00007ffe87940000 - 0x00007ffe879ea000 	C:\Windows\SYSTEM32\DNSAPI.dll
0x00007ffe73420000 - 0x00007ffe7342d000 	C:\Windows\System32\winrnr.dll
0x00007ffe73430000 - 0x00007ffe73445000 	C:\Windows\System32\wshbth.dll
0x00007ffe84ac0000 - 0x00007ffe84aca000 	C:\Windows\System32\rasadhlp.dll
0x00007ffe86230000 - 0x00007ffe86297000 	C:\Windows\System32\fwpuclnt.dll
0x0000000073500000 - 0x0000000073511000 	C:\Program Files\Java\jdk1.8.0_91\jre\bin\prism_common.dll
0x00000000734c0000 - 0x00000000734fc000 	C:\Program Files\Java\jdk1.8.0_91\jre\bin\lcms.dll
0x00007ffe85b30000 - 0x00007ffe85cbc000 	C:\Windows\SYSTEM32\dbghelp.dll

VM Arguments:
jvm_args: -Didea.launcher.port=7538 -Didea.launcher.bin.path=C:\Program Files (x86)\JetBrains\IntelliJ IDEA 2016.3.3\INTELAJ\IntelliJ IDEA 2016.3.3\bin -Dfile.encoding=UTF-8 
java_command: com.intellij.rt.execution.application.AppMain com.codename1.impl.javase.Simulator com.hales.os.MyApplication
java_class_path (initial): C:/Users/chales/Desktop/os2\out\production\os2;C:/Users/chales/Desktop/os2\src;C:/Users/chales/Desktop/os2\lib\CodenameOne.jar;C:/Users/chales/Desktop/os2\JavaSE.jar;native/internal_tmp;lib/impl/cls;C:\Program Files (x86)\JetBrains\IntelliJ IDEA 2016.3.3\INTELAJ\IntelliJ IDEA 2016.3.3\lib\idea_rt.jar
Launcher Type: SUN_STANDARD

Environment Variables:
PATH=C:\ProgramData\Oracle\Java\javapath;C:\Windows\system32;C:\Windows;C:\Windows\System32\Wbem;C:\Windows\System32\WindowsPowerShell\v1.0\
USERNAME=chales
OS=Windows_NT
PROCESSOR_IDENTIFIER=Intel64 Family 6 Model 78 Stepping 3, GenuineIntel



---------------  S Y S T E M  ---------------

OS: Windows 10.0 , 64 bit Build 10586 (10.0.10586.589)

CPU:total 4 (2 cores per cpu, 2 threads per core) family 6 model 78 stepping 3, cmov, cx8, fxsr, mmx, sse, sse2, sse3, ssse3, sse4.1, sse4.2, popcnt, avx, avx2, aes, clmul, erms, 3dnowpref, lzcnt, ht, tsc, tscinvbit, bmi1, bmi2, adx

Memory: 4k page, physical 7802196k(2173120k free), swap 14996128k(5053156k free)

vm_info: Java HotSpot(TM) 64-Bit Server VM (25.91-b15) for windows-amd64 JRE (1.8.0_91-b15), built on May 20 2016 17:43:15 by "java_re" with MS VC++ 10.0 (VS2010)

time: Wed Apr 26 14:42:53 2017
elapsed time: 21 seconds (0d 0h 0m 21s)

